#
# A fatal error has been detected by the Java Runtime Environment:
#
#  SIGILL (0x4) at pc=0x00007fb499a0d190, pid=86905, tid=86934
#
# JRE version: Java(TM) SE Runtime Environment (17.0.3.1+2) (build 17.0.3.1+2-LTS-6)
# Java VM: Java HotSpot(TM) 64-Bit Server VM (17.0.3.1+2-LTS-6, mixed mode, sharing, tiered, compressed oops, compressed class ptrs, g1 gc, linux-amd64)
# Problematic frame:
# C  [libnetty_transport_native_epoll14867625673467004013.so+0xd190]
#
# Core dump will be written. Default location: Core dumps may be processed with "/usr/share/apport/apport -p%p -s%s -c%c -d%d -P%P -u%u -g%g -- %E" (or dumping to /home/sheriff/dev/projects.android/home/app/core.86905)
#
# If you would like to submit a bug report, please visit:
#   https://bugreport.java.com/bugreport/crash.jsp
# The crash happened outside the Java Virtual Machine in native code.
# See problematic frame for where to report the bug.
#

---------------  S U M M A R Y ------------

Command Line: -Djava.awt.headless=true -Djava.util.logging.config.file=/home/sheriff/.android/utp/logging2760130878435550802properties -Dfile.encoding=UTF-8 -Duser.country=US -Duser.language=en -Duser.variant com.google.testing.platform.launcher.Launcher /home/sheriff/.gradle/caches/modules-2/files-2.1/com.google.testing.platform/core/0.0.8-alpha07/185ff5f0c2380a7a283320bc5ec9130dbcbbb030/core-0.0.8-alpha07.jar --proto_config=/home/sheriff/.android/utp/runnerConfig2803085915766941026.pb --proto_server_config=/home/sheriff/.android/utp/serverConfig6768594260100847655.pb

Host: AMD Phenom(tm) II N970 Quad-Core Processor, 4 cores, 7G, Ubuntu 22.04.1 LTS
Time: Wed Mar  1 16:57:25 2023 MSK elapsed time: 3.314423 seconds (0d 0h 0m 3s)

---------------  T H R E A D  ---------------

Current thread (0x00007fb45017c7b0):  JavaThread "grpc-default-worker-ELG-4-2" daemon [_thread_in_native, id=86934, stack(0x00007fb49873c000,0x00007fb49883c000)]

Stack: [0x00007fb49873c000,0x00007fb49883c000],  sp=0x00007fb498839e50,  free space=1015k
Native frames: (J=compiled Java code, j=interpreted, Vv=VM code, C=native code)
C  [libnetty_transport_native_epoll14867625673467004013.so+0xd190]
j  io.netty.channel.unix.Socket.connect(IZ[BII)I+0
j  io.netty.channel.unix.Socket.connect(Ljava/net/SocketAddress;)Z+49
j  io.netty.channel.epoll.AbstractEpollChannel.doConnect0(Ljava/net/SocketAddress;)Z+7
j  io.netty.channel.epoll.AbstractEpollChannel.doConnect(Ljava/net/SocketAddress;Ljava/net/SocketAddress;)Z+67
j  io.netty.channel.epoll.AbstractEpollChannel$AbstractEpollUnsafe.connect(Ljava/net/SocketAddress;Ljava/net/SocketAddress;Lio/netty/channel/ChannelPromise;)V+51
j  io.netty.channel.DefaultChannelPipeline$HeadContext.connect(Lio/netty/channel/ChannelHandlerContext;Ljava/net/SocketAddress;Ljava/net/SocketAddress;Lio/netty/channel/ChannelPromise;)V+8
j  io.netty.channel.AbstractChannelHandlerContext.invokeConnect(Ljava/net/SocketAddress;Ljava/net/SocketAddress;Lio/netty/channel/ChannelPromise;)V+18
j  io.netty.channel.AbstractChannelHandlerContext.connect(Ljava/net/SocketAddress;Ljava/net/SocketAddress;Lio/netty/channel/ChannelPromise;)Lio/netty/channel/ChannelFuture;+49
j  io.netty.channel.ChannelDuplexHandler.connect(Lio/netty/channel/ChannelHandlerContext;Ljava/net/SocketAddress;Ljava/net/SocketAddress;Lio/netty/channel/ChannelPromise;)V+5
j  io.grpc.netty.WriteBufferingAndExceptionHandler.connect(Lio/netty/channel/ChannelHandlerContext;Ljava/net/SocketAddress;Ljava/net/SocketAddress;Lio/netty/channel/ChannelPromise;)V+6
j  io.netty.channel.AbstractChannelHandlerContext.invokeConnect(Ljava/net/SocketAddress;Ljava/net/SocketAddress;Lio/netty/channel/ChannelPromise;)V+18
j  io.netty.channel.AbstractChannelHandlerContext.access$1000(Lio/netty/channel/AbstractChannelHandlerContext;Ljava/net/SocketAddress;Ljava/net/SocketAddress;Lio/netty/channel/ChannelPromise;)V+4
j  io.netty.channel.AbstractChannelHandlerContext$9.run()V+16
j  io.netty.util.concurrent.AbstractEventExecutor.safeExecute(Ljava/lang/Runnable;)V+1
j  io.netty.util.concurrent.SingleThreadEventExecutor.runAllTasks(J)Z+41
j  io.netty.channel.epoll.EpollEventLoop.run()V+345
j  io.netty.util.concurrent.SingleThreadEventExecutor$4.run()V+44
j  io.netty.util.internal.ThreadExecutorMap$2.run()V+11
j  io.netty.util.concurrent.FastThreadLocalRunnable.run()V+4
j  java.lang.Thread.run()V+11 java.base@17.0.3.1
v  ~StubRoutines::call_stub
V  [libjvm.so+0x7f4f65]  JavaCalls::call_helper(JavaValue*, methodHandle const&, JavaCallArguments*, JavaThread*)+0x315
V  [libjvm.so+0x7f675b]  JavaCalls::call_virtual(JavaValue*, Handle, Klass*, Symbol*, Symbol*, JavaThread*)+0x1cb
V  [libjvm.so+0x8be843]  thread_entry(JavaThread*, JavaThread*)+0xa3
V  [libjvm.so+0xd93570]  JavaThread::thread_main_inner()+0xd0
V  [libjvm.so+0xd96bfe]  Thread::call_run()+0xde
V  [libjvm.so+0xbebcb1]  thread_native_entry(Thread*)+0xe1

Java frames: (J=compiled Java code, j=interpreted, Vv=VM code)
j  io.netty.channel.unix.Socket.connect(IZ[BII)I+0
j  io.netty.channel.unix.Socket.connect(Ljava/net/SocketAddress;)Z+49
j  io.netty.channel.epoll.AbstractEpollChannel.doConnect0(Ljava/net/SocketAddress;)Z+7
j  io.netty.channel.epoll.AbstractEpollChannel.doConnect(Ljava/net/SocketAddress;Ljava/net/SocketAddress;)Z+67
j  io.netty.channel.epoll.AbstractEpollChannel$AbstractEpollUnsafe.connect(Ljava/net/SocketAddress;Ljava/net/SocketAddress;Lio/netty/channel/ChannelPromise;)V+51
j  io.netty.channel.DefaultChannelPipeline$HeadContext.connect(Lio/netty/channel/ChannelHandlerContext;Ljava/net/SocketAddress;Ljava/net/SocketAddress;Lio/netty/channel/ChannelPromise;)V+8
j  io.netty.channel.AbstractChannelHandlerContext.invokeConnect(Ljava/net/SocketAddress;Ljava/net/SocketAddress;Lio/netty/channel/ChannelPromise;)V+18
j  io.netty.channel.AbstractChannelHandlerContext.connect(Ljava/net/SocketAddress;Ljava/net/SocketAddress;Lio/netty/channel/ChannelPromise;)Lio/netty/channel/ChannelFuture;+49
j  io.netty.channel.ChannelDuplexHandler.connect(Lio/netty/channel/ChannelHandlerContext;Ljava/net/SocketAddress;Ljava/net/SocketAddress;Lio/netty/channel/ChannelPromise;)V+5
j  io.grpc.netty.WriteBufferingAndExceptionHandler.connect(Lio/netty/channel/ChannelHandlerContext;Ljava/net/SocketAddress;Ljava/net/SocketAddress;Lio/netty/channel/ChannelPromise;)V+6
j  io.netty.channel.AbstractChannelHandlerContext.invokeConnect(Ljava/net/SocketAddress;Ljava/net/SocketAddress;Lio/netty/channel/ChannelPromise;)V+18
j  io.netty.channel.AbstractChannelHandlerContext.access$1000(Lio/netty/channel/AbstractChannelHandlerContext;Ljava/net/SocketAddress;Ljava/net/SocketAddress;Lio/netty/channel/ChannelPromise;)V+4
j  io.netty.channel.AbstractChannelHandlerContext$9.run()V+16
j  io.netty.util.concurrent.AbstractEventExecutor.safeExecute(Ljava/lang/Runnable;)V+1
j  io.netty.util.concurrent.SingleThreadEventExecutor.runAllTasks(J)Z+41
j  io.netty.channel.epoll.EpollEventLoop.run()V+345
j  io.netty.util.concurrent.SingleThreadEventExecutor$4.run()V+44
j  io.netty.util.internal.ThreadExecutorMap$2.run()V+11
j  io.netty.util.concurrent.FastThreadLocalRunnable.run()V+4
j  java.lang.Thread.run()V+11 java.base@17.0.3.1
v  ~StubRoutines::call_stub

siginfo: si_signo: 4 (SIGILL), si_code: 2 (ILL_ILLOPN), si_addr: 0x00007fb499a0d190

Register to memory mapping:

RAX=0x0100007fffff0000 is an unknown value
RBX=0x00007fb45017ca58 points into unknown readable memory: 0x00007fb4cafe82e0 | e0 82 fe ca b4 7f 00 00
RCX=0x00007fb45017c7b0 is a thread
RDX=0x00007fb450171518 points into unknown readable memory: 0x0000000000000035 | 35 00 00 00 00 00 00 00
RSP=0x00007fb498839e50 is pointing into the stack for thread: 0x00007fb45017c7b0
RBP=0x00007fb498839f10 is pointing into the stack for thread: 0x00007fb45017c7b0
RSI=0x00007fb45017c7b0 is a thread
RDI=0x00007fb45017ca38 points into unknown readable memory: 0x00007fb498839f20 | 20 9f 83 98 b4 7f 00 00
R8 =0x000000008de9a680 is pointing into object: [B 
{0x000000008de9a670} - klass: {type array byte}
 - length: 16
R9 =0x00007fb45017c7b0 is a thread
R10=0x0 is NULL
R11=0x00000000000003d8 is an unknown value
R12=0x0000000000000001 is an unknown value
R13=0x00007fb498839fc8 is pointing into the stack for thread: 0x00007fb45017c7b0
R14=0x000000000000005e is an unknown value
R15=0x0000000000009825 is an unknown value


Registers:
RAX=0x0100007fffff0000, RBX=0x00007fb45017ca58, RCX=0x00007fb45017c7b0, RDX=0x00007fb450171518
RSP=0x00007fb498839e50, RBP=0x00007fb498839f10, RSI=0x00007fb45017c7b0, RDI=0x00007fb45017ca38
R8 =0x000000008de9a680, R9 =0x00007fb45017c7b0, R10=0x0000000000000000, R11=0x00000000000003d8
R12=0x0000000000000001, R13=0x00007fb498839fc8, R14=0x000000000000005e, R15=0x0000000000009825
RIP=0x00007fb499a0d190, EFLAGS=0x0000000000010206, CSGSFS=0x002b000000000033, ERR=0x0000000000000000
  TRAPNO=0x0000000000000006

Top of Stack: (sp=0x00007fb498839e50)
0x00007fb498839e50:   000000009825000a 00007fb498839ec0
0x00007fb498839e60:   0000000000000000 0000000000000000
0x00007fb498839e70:   00007fb45017c700 0000000000000000
0x00007fb498839e80:   0000000000000000 0000000000000000 

Instructions: (pc=0x00007fb499a0d190)
0x00007fb499a0d090:   16 66 2e 0f 1f 84 00 00 00 00 00 0f 1f 44 00 00
0x00007fb499a0d0a0:   55 48 89 e5 89 d7 89 ce e8 03 2c 00 00 89 c1 31
0x00007fb499a0d0b0:   c0 83 f9 ff 74 02 5d c3 e8 23 28 00 00 48 85 c0
0x00007fb499a0d0c0:   74 09 48 89 c1 31 c0 2b 01 5d c3 67 0f b9 40 16
0x00007fb499a0d0d0:   55 48 89 e5 41 57 41 56 41 55 41 54 53 48 81 ec
0x00007fb499a0d0e0:   98 00 00 00 48 85 ff 0f 84 4b 01 00 00 48 89 fb
0x00007fb499a0d0f0:   48 8b 07 48 85 c0 0f 84 3c 01 00 00 45 89 cf 4d
0x00007fb499a0d100:   89 c5 41 89 cc 41 89 d6 48 89 df 4c 89 c6 ff 90
0x00007fb499a0d110:   58 05 00 00 83 f8 10 7e 07 b0 01 e9 b8 00 00 00
0x00007fb499a0d120:   4c 8b 0b 4d 85 c9 0f 84 0c 01 00 00 44 89 7d d4
0x00007fb499a0d130:   44 0f b7 7d 10 66 41 c1 c7 08 4c 8d 45 c0 48 89
0x00007fb499a0d140:   df 4c 89 ee 31 d2 89 c1 41 ff 91 40 06 00 00 41
0x00007fb499a0d150:   80 fc 01 75 48 66 c7 85 40 ff ff ff 0a 00 66 44
0x00007fb499a0d160:   89 bd 42 ff ff ff c7 85 44 ff ff ff 00 00 00 00
0x00007fb499a0d170:   8b 45 d4 89 85 58 ff ff ff 48 8b 45 c0 48 0b 45
0x00007fb499a0d180:   c8 74 3c 66 0f 6f 45 c0 66 0f ef 05 50 87 ff ff
0x00007fb499a0d190:   66 0f 38 17 c0 74 28 0f 28 45 c0 eb 2c 66 c7 85
0x00007fb499a0d1a0:   40 ff ff ff 02 00 66 44 89 bd 42 ff ff ff 8b 45
0x00007fb499a0d1b0:   cc 89 85 44 ff ff ff 41 bf 10 00 00 00 eb 17 48
0x00007fb499a0d1c0:   8b 05 9a 3a 20 00 0f 10 00 0f 11 85 48 ff ff ff
0x00007fb499a0d1d0:   41 bf 1c 00 00 00 31 c0 bb ff ff ff ff 84 c0 75
0x00007fb499a0d1e0:   43 4c 8d a5 40 ff ff ff 0f 1f 84 00 00 00 00 00
0x00007fb499a0d1f0:   44 89 f7 4c 89 e6 44 89 fa e8 c2 2a 00 00 89 c3
0x00007fb499a0d200:   83 f8 ff 75 13 e8 d6 26 00 00 48 85 c0 74 29 8b
0x00007fb499a0d210:   00 83 f8 04 74 da eb 05 b8 04 00 00 00 f7 d8 c1
0x00007fb499a0d220:   fb 1f 21 c3 89 d8 48 81 c4 98 00 00 00 5b 41 5c
0x00007fb499a0d230:   41 5d 41 5e 41 5f 5d c3 67 0f b9 40 16 0f 1f 00
0x00007fb499a0d240:   55 48 89 e5 41 56 53 48 83 ec 10 49 89 fe c7 45
0x00007fb499a0d250:   e8 04 00 00 00 48 8d 4d ec 4c 8d 45 e8 89 d7 be
0x00007fb499a0d260:   01 00 00 00 ba 04 00 00 00 e8 02 2a 00 00 89 c3
0x00007fb499a0d270:   85 c0 79 2a e8 67 26 00 00 48 85 c0 74 39 8b 10
0x00007fb499a0d280:   83 fa 09 75 0a 4c 89 f7 e8 d3 29 00 00 eb 0f 48 


Stack slot to memory mapping:
stack at sp + 0 slots: 0x000000009825000a is an unallocated location in the heap
stack at sp + 1 slots: 0x00007fb498839ec0 is pointing into the stack for thread: 0x00007fb45017c7b0
stack at sp + 2 slots: 0x0 is NULL
stack at sp + 3 slots: 0x0 is NULL
stack at sp + 4 slots: 0x00007fb45017c700 points into unknown readable memory: 0x632f797474656e2f | 2f 6e 65 74 74 79 2f 63
stack at sp + 5 slots: 0x0 is NULL
stack at sp + 6 slots: 0x0 is NULL
stack at sp + 7 slots: 0x0 is NULL


---------------  P R O C E S S  ---------------

Threads class SMR info:
_java_thread_list=0x00007fb45017d2f0, length=17, elements={
0x00007fb4c4024360, 0x00007fb4c4122d30, 0x00007fb4c4124110, 0x00007fb4c412a380,
0x00007fb4c412b730, 0x00007fb4c412cb40, 0x00007fb4c412e4f0, 0x00007fb4c412fa20,
0x00007fb4c4130e90, 0x00007fb4c4138640, 0x00007fb4c413bf50, 0x00007fb4c4dd9880,
0x00007fb4c4de2e90, 0x00007fb450004f40, 0x00007fb44400d320, 0x00007fb4c5054850,
0x00007fb45017c7b0
}

Java Threads: ( => current thread )
  0x00007fb4c4024360 JavaThread "main" [_thread_in_Java, id=86908, stack(0x00007fb4cb100000,0x00007fb4cb200000)]
  0x00007fb4c4122d30 JavaThread "Reference Handler" daemon [_thread_blocked, id=86915, stack(0x00007fb4c8021000,0x00007fb4c8121000)]
  0x00007fb4c4124110 JavaThread "Finalizer" daemon [_thread_blocked, id=86916, stack(0x00007fb4a98d0000,0x00007fb4a99d0000)]
  0x00007fb4c412a380 JavaThread "Signal Dispatcher" daemon [_thread_blocked, id=86917, stack(0x00007fb4a8900000,0x00007fb4a8a00000)]
  0x00007fb4c412b730 JavaThread "Service Thread" daemon [_thread_blocked, id=86918, stack(0x00007fb4a8800000,0x00007fb4a8900000)]
  0x00007fb4c412cb40 JavaThread "Monitor Deflation Thread" daemon [_thread_blocked, id=86919, stack(0x00007fb4a8700000,0x00007fb4a8800000)]
  0x00007fb4c412e4f0 JavaThread "C2 CompilerThread0" daemon [_thread_in_native, id=86920, stack(0x00007fb4a8600000,0x00007fb4a8700000)]
  0x00007fb4c412fa20 JavaThread "C1 CompilerThread0" daemon [_thread_in_vm, id=86921, stack(0x00007fb4a8500000,0x00007fb4a8600000)]
  0x00007fb4c4130e90 JavaThread "Sweeper thread" daemon [_thread_blocked, id=86922, stack(0x00007fb4a8400000,0x00007fb4a8500000)]
  0x00007fb4c4138640 JavaThread "Notification Thread" daemon [_thread_blocked, id=86923, stack(0x00007fb4a8300000,0x00007fb4a8400000)]
  0x00007fb4c413bf50 JavaThread "Common-Cleaner" daemon [_thread_blocked, id=86925, stack(0x00007fb4a80fe000,0x00007fb4a81fe000)]
  0x00007fb4c4dd9880 JavaThread "grpc-default-worker-ELG-4-1" daemon [_thread_in_native, id=86929, stack(0x00007fb498a3c000,0x00007fb498b3c000)]
  0x00007fb4c4de2e90 JavaThread "grpc-default-executor-0" daemon [_thread_blocked, id=86930, stack(0x00007fb49893c000,0x00007fb498a3c000)]
  0x00007fb450004f40 JavaThread "grpc-default-executor-1" daemon [_thread_blocked, id=86931, stack(0x00007fb498c0e000,0x00007fb498d0e000)]
  0x00007fb44400d320 JavaThread "grpc-default-executor-2" daemon [_thread_blocked, id=86932, stack(0x00007fb49883c000,0x00007fb49893c000)]
  0x00007fb4c5054850 JavaThread "Monitor" [_thread_in_vm, id=86933, stack(0x00007fb498dfe000,0x00007fb498efe000)]
=>0x00007fb45017c7b0 JavaThread "grpc-default-worker-ELG-4-2" daemon [_thread_in_native, id=86934, stack(0x00007fb49873c000,0x00007fb49883c000)]

Other Threads:
  0x00007fb4c411ee90 VMThread "VM Thread" [stack: 0x00007fb4c8123000,0x00007fb4c8223000] [id=86914]
  0x00007fb4c413a0c0 WatcherThread [stack: 0x00007fb4a8200000,0x00007fb4a8300000] [id=86924]
  0x00007fb4c407cd90 GCTaskThread "GC Thread#0" [stack: 0x00007fb4c8bdd000,0x00007fb4c8cdd000] [id=86909]
  0x00007fb490005190 GCTaskThread "GC Thread#1" [stack: 0x00007fb499f00000,0x00007fb49a000000] [id=86926]
  0x00007fb49000b400 GCTaskThread "GC Thread#2" [stack: 0x00007fb499900000,0x00007fb499a00000] [id=86927]
  0x00007fb49000ad80 GCTaskThread "GC Thread#3" [stack: 0x00007fb498f00000,0x00007fb499000000] [id=86928]
  0x00007fb4c408d430 ConcurrentGCThread "G1 Main Marker" [stack: 0x00007fb4c8adb000,0x00007fb4c8bdb000] [id=86910]
  0x00007fb4c408e390 ConcurrentGCThread "G1 Conc#0" [stack: 0x00007fb4c89d9000,0x00007fb4c8ad9000] [id=86911]
  0x00007fb4c40f1540 ConcurrentGCThread "G1 Refine#0" [stack: 0x00007fb4c84d3000,0x00007fb4c85d3000] [id=86912]
  0x00007fb4c40f2430 ConcurrentGCThread "G1 Service" [stack: 0x00007fb4c83d1000,0x00007fb4c84d1000] [id=86913]

Threads with active compile tasks:
C2 CompilerThread0     3352 1396       4       java.util.jar.JarFile::getEntry (35 bytes)
C1 CompilerThread0     3352 1459       3       sun.util.locale.BaseLocale::getInstance (149 bytes)

VM state: not at safepoint (normal execution)

VM Mutex/Monitor currently owned by a thread:  ([mutex/lock_event])
[0x00007fb4c40224e0] MethodData_lock - owner thread: 0x00007fb4c412fa20

Heap address: 0x0000000087a00000, size: 1926 MB, Compressed Oops mode: 32-bit

CDS archive(s) mapped at: [0x0000000800000000-0x0000000800be0000-0x0000000800be0000), size 12451840, SharedBaseAddress: 0x0000000800000000, ArchiveRelocationMode: 0.
Compressed class space mapped at: 0x0000000800c00000-0x0000000840c00000, reserved size: 1073741824
Narrow klass base: 0x0000000800000000, Narrow klass shift: 0, Narrow klass range: 0x100000000

GC Precious Log:
 CPUs: 4 total, 4 available
 Memory: 7696M
 Large Page Support: Disabled
 NUMA Support: Disabled
 Compressed Oops: Enabled (32-bit)
 Heap Region Size: 1M
 Heap Min Capacity: 8M
 Heap Initial Capacity: 122M
 Heap Max Capacity: 1926M
 Pre-touch: Disabled
 Parallel Workers: 4
 Concurrent Workers: 1
 Concurrent Refinement Workers: 4
 Periodic GC: Disabled

Heap:
 garbage-first heap   total 126976K, used 31976K [0x0000000087a00000, 0x0000000100000000)
  region size 1024K, 26 young (26624K), 3 survivors (3072K)
 Metaspace       used 20236K, committed 20544K, reserved 1073152K
  class space    used 2418K, committed 2560K, reserved 1048576K

Heap Regions: E=young(eden), S=young(survivor), O=old, HS=humongous(starts), HC=humongous(continues), CS=collection set, F=free, OA=open archive, CA=closed archive, TAMS=top-at-mark-start (previous, next)
|   0|0x0000000087a00000, 0x0000000087b00000, 0x0000000087b00000|100%|HS|  |TAMS 0x0000000087a00000, 0x0000000087a00000| Complete 
|   1|0x0000000087b00000, 0x0000000087c00000, 0x0000000087c00000|100%|HS|  |TAMS 0x0000000087b00000, 0x0000000087b00000| Complete 
|   2|0x0000000087c00000, 0x0000000087d00000, 0x0000000087d00000|100%|HC|  |TAMS 0x0000000087c00000, 0x0000000087c00000| Complete 
|   3|0x0000000087d00000, 0x0000000087d00000, 0x0000000087e00000|  0%| F|  |TAMS 0x0000000087d00000, 0x0000000087d00000| Untracked 
|   4|0x0000000087e00000, 0x0000000087f00000, 0x0000000087f00000|100%| O|  |TAMS 0x0000000087e00000, 0x0000000087e00000| Untracked 
|   5|0x0000000087f00000, 0x0000000088000000, 0x0000000088000000|100%| O|  |TAMS 0x0000000087f00000, 0x0000000087f00000| Untracked 
|   6|0x0000000088000000, 0x0000000088041000, 0x0000000088100000| 25%| O|  |TAMS 0x0000000088000000, 0x0000000088000000| Untracked 
|   7|0x0000000088100000, 0x0000000088100000, 0x0000000088200000|  0%| F|  |TAMS 0x0000000088100000, 0x0000000088100000| Untracked 
|   8|0x0000000088200000, 0x0000000088200000, 0x0000000088300000|  0%| F|  |TAMS 0x0000000088200000, 0x0000000088200000| Untracked 
|   9|0x0000000088300000, 0x0000000088300000, 0x0000000088400000|  0%| F|  |TAMS 0x0000000088300000, 0x0000000088300000| Untracked 
|  10|0x0000000088400000, 0x0000000088400000, 0x0000000088500000|  0%| F|  |TAMS 0x0000000088400000, 0x0000000088400000| Untracked 
|  11|0x0000000088500000, 0x0000000088500000, 0x0000000088600000|  0%| F|  |TAMS 0x0000000088500000, 0x0000000088500000| Untracked 
|  12|0x0000000088600000, 0x0000000088600000, 0x0000000088700000|  0%| F|  |TAMS 0x0000000088600000, 0x0000000088600000| Untracked 
|  13|0x0000000088700000, 0x0000000088700000, 0x0000000088800000|  0%| F|  |TAMS 0x0000000088700000, 0x0000000088700000| Untracked 
|  14|0x0000000088800000, 0x0000000088800000, 0x0000000088900000|  0%| F|  |TAMS 0x0000000088800000, 0x0000000088800000| Untracked 
|  15|0x0000000088900000, 0x0000000088900000, 0x0000000088a00000|  0%| F|  |TAMS 0x0000000088900000, 0x0000000088900000| Untracked 
|  16|0x0000000088a00000, 0x0000000088a00000, 0x0000000088b00000|  0%| F|  |TAMS 0x0000000088a00000, 0x0000000088a00000| Untracked 
|  17|0x0000000088b00000, 0x0000000088b00000, 0x0000000088c00000|  0%| F|  |TAMS 0x0000000088b00000, 0x0000000088b00000| Untracked 
|  18|0x0000000088c00000, 0x0000000088c00000, 0x0000000088d00000|  0%| F|  |TAMS 0x0000000088c00000, 0x0000000088c00000| Untracked 
|  19|0x0000000088d00000, 0x0000000088d00000, 0x0000000088e00000|  0%| F|  |TAMS 0x0000000088d00000, 0x0000000088d00000| Untracked 
|  20|0x0000000088e00000, 0x0000000088e00000, 0x0000000088f00000|  0%| F|  |TAMS 0x0000000088e00000, 0x0000000088e00000| Untracked 
|  21|0x0000000088f00000, 0x0000000088f00000, 0x0000000089000000|  0%| F|  |TAMS 0x0000000088f00000, 0x0000000088f00000| Untracked 
|  22|0x0000000089000000, 0x0000000089000000, 0x0000000089100000|  0%| F|  |TAMS 0x0000000089000000, 0x0000000089000000| Untracked 
|  23|0x0000000089100000, 0x0000000089100000, 0x0000000089200000|  0%| F|  |TAMS 0x0000000089100000, 0x0000000089100000| Untracked 
|  24|0x0000000089200000, 0x0000000089200000, 0x0000000089300000|  0%| F|  |TAMS 0x0000000089200000, 0x0000000089200000| Untracked 
|  25|0x0000000089300000, 0x0000000089300000, 0x0000000089400000|  0%| F|  |TAMS 0x0000000089300000, 0x0000000089300000| Untracked 
|  26|0x0000000089400000, 0x0000000089400000, 0x0000000089500000|  0%| F|  |TAMS 0x0000000089400000, 0x0000000089400000| Untracked 
|  27|0x0000000089500000, 0x0000000089500000, 0x0000000089600000|  0%| F|  |TAMS 0x0000000089500000, 0x0000000089500000| Untracked 
|  28|0x0000000089600000, 0x0000000089600000, 0x0000000089700000|  0%| F|  |TAMS 0x0000000089600000, 0x0000000089600000| Untracked 
|  29|0x0000000089700000, 0x0000000089700000, 0x0000000089800000|  0%| F|  |TAMS 0x0000000089700000, 0x0000000089700000| Untracked 
|  30|0x0000000089800000, 0x0000000089800000, 0x0000000089900000|  0%| F|  |TAMS 0x0000000089800000, 0x0000000089800000| Untracked 
|  31|0x0000000089900000, 0x0000000089900000, 0x0000000089a00000|  0%| F|  |TAMS 0x0000000089900000, 0x0000000089900000| Untracked 
|  32|0x0000000089a00000, 0x0000000089a00000, 0x0000000089b00000|  0%| F|  |TAMS 0x0000000089a00000, 0x0000000089a00000| Untracked 
|  33|0x0000000089b00000, 0x0000000089b00000, 0x0000000089c00000|  0%| F|  |TAMS 0x0000000089b00000, 0x0000000089b00000| Untracked 
|  34|0x0000000089c00000, 0x0000000089c00000, 0x0000000089d00000|  0%| F|  |TAMS 0x0000000089c00000, 0x0000000089c00000| Untracked 
|  35|0x0000000089d00000, 0x0000000089d00000, 0x0000000089e00000|  0%| F|  |TAMS 0x0000000089d00000, 0x0000000089d00000| Untracked 
|  36|0x0000000089e00000, 0x0000000089e00000, 0x0000000089f00000|  0%| F|  |TAMS 0x0000000089e00000, 0x0000000089e00000| Untracked 
|  37|0x0000000089f00000, 0x0000000089f00000, 0x000000008a000000|  0%| F|  |TAMS 0x0000000089f00000, 0x0000000089f00000| Untracked 
|  38|0x000000008a000000, 0x000000008a000000, 0x000000008a100000|  0%| F|  |TAMS 0x000000008a000000, 0x000000008a000000| Untracked 
|  39|0x000000008a100000, 0x000000008a100000, 0x000000008a200000|  0%| F|  |TAMS 0x000000008a100000, 0x000000008a100000| Untracked 
|  40|0x000000008a200000, 0x000000008a200000, 0x000000008a300000|  0%| F|  |TAMS 0x000000008a200000, 0x000000008a200000| Untracked 
|  41|0x000000008a300000, 0x000000008a300000, 0x000000008a400000|  0%| F|  |TAMS 0x000000008a300000, 0x000000008a300000| Untracked 
|  42|0x000000008a400000, 0x000000008a400000, 0x000000008a500000|  0%| F|  |TAMS 0x000000008a400000, 0x000000008a400000| Untracked 
|  43|0x000000008a500000, 0x000000008a500000, 0x000000008a600000|  0%| F|  |TAMS 0x000000008a500000, 0x000000008a500000| Untracked 
|  44|0x000000008a600000, 0x000000008a600000, 0x000000008a700000|  0%| F|  |TAMS 0x000000008a600000, 0x000000008a600000| Untracked 
|  45|0x000000008a700000, 0x000000008a700000, 0x000000008a800000|  0%| F|  |TAMS 0x000000008a700000, 0x000000008a700000| Untracked 
|  46|0x000000008a800000, 0x000000008a800000, 0x000000008a900000|  0%| F|  |TAMS 0x000000008a800000, 0x000000008a800000| Untracked 
|  47|0x000000008a900000, 0x000000008a900000, 0x000000008aa00000|  0%| F|  |TAMS 0x000000008a900000, 0x000000008a900000| Untracked 
|  48|0x000000008aa00000, 0x000000008aa00000, 0x000000008ab00000|  0%| F|  |TAMS 0x000000008aa00000, 0x000000008aa00000| Untracked 
|  49|0x000000008ab00000, 0x000000008ab00000, 0x000000008ac00000|  0%| F|  |TAMS 0x000000008ab00000, 0x000000008ab00000| Untracked 
|  50|0x000000008ac00000, 0x000000008ac00000, 0x000000008ad00000|  0%| F|  |TAMS 0x000000008ac00000, 0x000000008ac00000| Untracked 
|  51|0x000000008ad00000, 0x000000008ad00000, 0x000000008ae00000|  0%| F|  |TAMS 0x000000008ad00000, 0x000000008ad00000| Untracked 
|  52|0x000000008ae00000, 0x000000008ae00000, 0x000000008af00000|  0%| F|  |TAMS 0x000000008ae00000, 0x000000008ae00000| Untracked 
|  53|0x000000008af00000, 0x000000008af00000, 0x000000008b000000|  0%| F|  |TAMS 0x000000008af00000, 0x000000008af00000| Untracked 
|  54|0x000000008b000000, 0x000000008b000000, 0x000000008b100000|  0%| F|  |TAMS 0x000000008b000000, 0x000000008b000000| Untracked 
|  55|0x000000008b100000, 0x000000008b100000, 0x000000008b200000|  0%| F|  |TAMS 0x000000008b100000, 0x000000008b100000| Untracked 
|  56|0x000000008b200000, 0x000000008b200000, 0x000000008b300000|  0%| F|  |TAMS 0x000000008b200000, 0x000000008b200000| Untracked 
|  57|0x000000008b300000, 0x000000008b300000, 0x000000008b400000|  0%| F|  |TAMS 0x000000008b300000, 0x000000008b300000| Untracked 
|  58|0x000000008b400000, 0x000000008b400000, 0x000000008b500000|  0%| F|  |TAMS 0x000000008b400000, 0x000000008b400000| Untracked 
|  59|0x000000008b500000, 0x000000008b500000, 0x000000008b600000|  0%| F|  |TAMS 0x000000008b500000, 0x000000008b500000| Untracked 
|  60|0x000000008b600000, 0x000000008b600000, 0x000000008b700000|  0%| F|  |TAMS 0x000000008b600000, 0x000000008b600000| Untracked 
|  61|0x000000008b700000, 0x000000008b700000, 0x000000008b800000|  0%| F|  |TAMS 0x000000008b700000, 0x000000008b700000| Untracked 
|  62|0x000000008b800000, 0x000000008b800000, 0x000000008b900000|  0%| F|  |TAMS 0x000000008b800000, 0x000000008b800000| Untracked 
|  63|0x000000008b900000, 0x000000008b900000, 0x000000008ba00000|  0%| F|  |TAMS 0x000000008b900000, 0x000000008b900000| Untracked 
|  64|0x000000008ba00000, 0x000000008ba00000, 0x000000008bb00000|  0%| F|  |TAMS 0x000000008ba00000, 0x000000008ba00000| Untracked 
|  65|0x000000008bb00000, 0x000000008bb00000, 0x000000008bc00000|  0%| F|  |TAMS 0x000000008bb00000, 0x000000008bb00000| Untracked 
|  66|0x000000008bc00000, 0x000000008bc00000, 0x000000008bd00000|  0%| F|  |TAMS 0x000000008bc00000, 0x000000008bc00000| Untracked 
|  67|0x000000008bd00000, 0x000000008bd00000, 0x000000008be00000|  0%| F|  |TAMS 0x000000008bd00000, 0x000000008bd00000| Untracked 
|  68|0x000000008be00000, 0x000000008be00000, 0x000000008bf00000|  0%| F|  |TAMS 0x000000008be00000, 0x000000008be00000| Untracked 
|  69|0x000000008bf00000, 0x000000008bf00000, 0x000000008c000000|  0%| F|  |TAMS 0x000000008bf00000, 0x000000008bf00000| Untracked 
|  70|0x000000008c000000, 0x000000008c000000, 0x000000008c100000|  0%| F|  |TAMS 0x000000008c000000, 0x000000008c000000| Untracked 
|  71|0x000000008c100000, 0x000000008c100000, 0x000000008c200000|  0%| F|  |TAMS 0x000000008c100000, 0x000000008c100000| Untracked 
|  72|0x000000008c200000, 0x000000008c200000, 0x000000008c300000|  0%| F|  |TAMS 0x000000008c200000, 0x000000008c200000| Untracked 
|  73|0x000000008c300000, 0x000000008c300000, 0x000000008c400000|  0%| F|  |TAMS 0x000000008c300000, 0x000000008c300000| Untracked 
|  74|0x000000008c400000, 0x000000008c400000, 0x000000008c500000|  0%| F|  |TAMS 0x000000008c400000, 0x000000008c400000| Untracked 
|  75|0x000000008c500000, 0x000000008c500000, 0x000000008c600000|  0%| F|  |TAMS 0x000000008c500000, 0x000000008c500000| Untracked 
|  76|0x000000008c600000, 0x000000008c600000, 0x000000008c700000|  0%| F|  |TAMS 0x000000008c600000, 0x000000008c600000| Untracked 
|  77|0x000000008c700000, 0x000000008c700000, 0x000000008c800000|  0%| F|  |TAMS 0x000000008c700000, 0x000000008c700000| Untracked 
|  78|0x000000008c800000, 0x000000008c800000, 0x000000008c900000|  0%| F|  |TAMS 0x000000008c800000, 0x000000008c800000| Untracked 
|  79|0x000000008c900000, 0x000000008c900000, 0x000000008ca00000|  0%| F|  |TAMS 0x000000008c900000, 0x000000008c900000| Untracked 
|  80|0x000000008ca00000, 0x000000008ca00000, 0x000000008cb00000|  0%| F|  |TAMS 0x000000008ca00000, 0x000000008ca00000| Untracked 
|  81|0x000000008cb00000, 0x000000008cb00000, 0x000000008cc00000|  0%| F|  |TAMS 0x000000008cb00000, 0x000000008cb00000| Untracked 
|  82|0x000000008cc00000, 0x000000008cc00000, 0x000000008cd00000|  0%| F|  |TAMS 0x000000008cc00000, 0x000000008cc00000| Untracked 
|  83|0x000000008cd00000, 0x000000008cd00000, 0x000000008ce00000|  0%| F|  |TAMS 0x000000008cd00000, 0x000000008cd00000| Untracked 
|  84|0x000000008ce00000, 0x000000008ce00000, 0x000000008cf00000|  0%| F|  |TAMS 0x000000008ce00000, 0x000000008ce00000| Untracked 
|  85|0x000000008cf00000, 0x000000008cf00000, 0x000000008d000000|  0%| F|  |TAMS 0x000000008cf00000, 0x000000008cf00000| Untracked 
|  86|0x000000008d000000, 0x000000008d000000, 0x000000008d100000|  0%| F|  |TAMS 0x000000008d000000, 0x000000008d000000| Untracked 
|  87|0x000000008d100000, 0x000000008d100000, 0x000000008d200000|  0%| F|  |TAMS 0x000000008d100000, 0x000000008d100000| Untracked 
|  88|0x000000008d200000, 0x000000008d200000, 0x000000008d300000|  0%| F|  |TAMS 0x000000008d200000, 0x000000008d200000| Untracked 
|  89|0x000000008d300000, 0x000000008d300000, 0x000000008d400000|  0%| F|  |TAMS 0x000000008d300000, 0x000000008d300000| Untracked 
|  90|0x000000008d400000, 0x000000008d400000, 0x000000008d500000|  0%| F|  |TAMS 0x000000008d400000, 0x000000008d400000| Untracked 
|  91|0x000000008d500000, 0x000000008d500000, 0x000000008d600000|  0%| F|  |TAMS 0x000000008d500000, 0x000000008d500000| Untracked 
|  92|0x000000008d600000, 0x000000008d600000, 0x000000008d700000|  0%| F|  |TAMS 0x000000008d600000, 0x000000008d600000| Untracked 
|  93|0x000000008d700000, 0x000000008d700000, 0x000000008d800000|  0%| F|  |TAMS 0x000000008d700000, 0x000000008d700000| Untracked 
|  94|0x000000008d800000, 0x000000008d800000, 0x000000008d900000|  0%| F|  |TAMS 0x000000008d800000, 0x000000008d800000| Untracked 
|  95|0x000000008d900000, 0x000000008d900000, 0x000000008da00000|  0%| F|  |TAMS 0x000000008d900000, 0x000000008d900000| Untracked 
|  96|0x000000008da00000, 0x000000008db00000, 0x000000008db00000|100%| S|CS|TAMS 0x000000008da00000, 0x000000008da00000| Complete 
|  97|0x000000008db00000, 0x000000008dc00000, 0x000000008dc00000|100%| S|CS|TAMS 0x000000008db00000, 0x000000008db00000| Complete 
|  98|0x000000008dc00000, 0x000000008dd00000, 0x000000008dd00000|100%| S|CS|TAMS 0x000000008dc00000, 0x000000008dc00000| Complete 
|  99|0x000000008dd00000, 0x000000008de00000, 0x000000008de00000|100%| E|  |TAMS 0x000000008dd00000, 0x000000008dd00000| Complete 
| 100|0x000000008de00000, 0x000000008df00000, 0x000000008df00000|100%| E|CS|TAMS 0x000000008de00000, 0x000000008de00000| Complete 
| 101|0x000000008df00000, 0x000000008e000000, 0x000000008e000000|100%| E|CS|TAMS 0x000000008df00000, 0x000000008df00000| Complete 
| 102|0x000000008e000000, 0x000000008e100000, 0x000000008e100000|100%| E|CS|TAMS 0x000000008e000000, 0x000000008e000000| Complete 
| 103|0x000000008e100000, 0x000000008e200000, 0x000000008e200000|100%| E|CS|TAMS 0x000000008e100000, 0x000000008e100000| Complete 
| 104|0x000000008e200000, 0x000000008e300000, 0x000000008e300000|100%| E|CS|TAMS 0x000000008e200000, 0x000000008e200000| Complete 
| 105|0x000000008e300000, 0x000000008e400000, 0x000000008e400000|100%| E|CS|TAMS 0x000000008e300000, 0x000000008e300000| Complete 
| 106|0x000000008e400000, 0x000000008e500000, 0x000000008e500000|100%| E|CS|TAMS 0x000000008e400000, 0x000000008e400000| Complete 
| 107|0x000000008e500000, 0x000000008e600000, 0x000000008e600000|100%| E|CS|TAMS 0x000000008e500000, 0x000000008e500000| Complete 
| 108|0x000000008e600000, 0x000000008e700000, 0x000000008e700000|100%| E|CS|TAMS 0x000000008e600000, 0x000000008e600000| Complete 
| 109|0x000000008e700000, 0x000000008e800000, 0x000000008e800000|100%| E|CS|TAMS 0x000000008e700000, 0x000000008e700000| Complete 
| 110|0x000000008e800000, 0x000000008e900000, 0x000000008e900000|100%| E|CS|TAMS 0x000000008e800000, 0x000000008e800000| Complete 
| 111|0x000000008e900000, 0x000000008ea00000, 0x000000008ea00000|100%| E|CS|TAMS 0x000000008e900000, 0x000000008e900000| Complete 
| 112|0x000000008ea00000, 0x000000008eb00000, 0x000000008eb00000|100%| E|CS|TAMS 0x000000008ea00000, 0x000000008ea00000| Complete 
| 113|0x000000008eb00000, 0x000000008ec00000, 0x000000008ec00000|100%| E|CS|TAMS 0x000000008eb00000, 0x000000008eb00000| Complete 
| 114|0x000000008ec00000, 0x000000008ed00000, 0x000000008ed00000|100%| E|CS|TAMS 0x000000008ec00000, 0x000000008ec00000| Complete 
| 115|0x000000008ed00000, 0x000000008ee00000, 0x000000008ee00000|100%| E|CS|TAMS 0x000000008ed00000, 0x000000008ed00000| Complete 
| 116|0x000000008ee00000, 0x000000008ef00000, 0x000000008ef00000|100%| E|CS|TAMS 0x000000008ee00000, 0x000000008ee00000| Complete 
| 117|0x000000008ef00000, 0x000000008f000000, 0x000000008f000000|100%| E|CS|TAMS 0x000000008ef00000, 0x000000008ef00000| Complete 
| 118|0x000000008f000000, 0x000000008f100000, 0x000000008f100000|100%| E|CS|TAMS 0x000000008f000000, 0x000000008f000000| Complete 
| 119|0x000000008f100000, 0x000000008f200000, 0x000000008f200000|100%| E|CS|TAMS 0x000000008f100000, 0x000000008f100000| Complete 
| 120|0x000000008f200000, 0x000000008f300000, 0x000000008f300000|100%| E|CS|TAMS 0x000000008f200000, 0x000000008f200000| Complete 
| 121|0x000000008f300000, 0x000000008f400000, 0x000000008f400000|100%| E|CS|TAMS 0x000000008f300000, 0x000000008f300000| Complete 
|1924|0x00000000ffe00000, 0x00000000ffe76000, 0x00000000fff00000| 46%|OA|  |TAMS 0x00000000ffe00000, 0x00000000ffe00000| Untracked 
|1925|0x00000000fff00000, 0x00000000fff83000, 0x0000000100000000| 51%|CA|  |TAMS 0x00000000fff00000, 0x00000000fff00000| Untracked 

Card table byte_map: [0x00007fb4c90a0000,0x00007fb4c9463000] _byte_map_base: 0x00007fb4c8c63000

Marking Bits (Prev, Next): (CMBitMap*) 0x00007fb4c407d810, (CMBitMap*) 0x00007fb4c407d850
 Prev Bits: [0x00007fb4ab7e8000, 0x00007fb4ad600000)
 Next Bits: [0x00007fb4a99d0000, 0x00007fb4ab7e8000)

Polling page: 0x00007fb4cb62d000

Metaspace:

Usage:
  Non-class:     17,41 MB used.
      Class:      2,36 MB used.
       Both:     19,77 MB used.

Virtual space:
  Non-class space:       24,00 MB reserved,      17,56 MB ( 73%) committed,  3 nodes.
      Class space:        1,00 GB reserved,       2,50 MB ( <1%) committed,  1 nodes.
             Both:        1,02 GB reserved,      20,06 MB (  2%) committed. 

Chunk freelists:
   Non-Class:  2,42 MB
       Class:  1,42 MB
        Both:  3,84 MB

MaxMetaspaceSize: unlimited
CompressedClassSpaceSize: 1,00 GB
Initial GC threshold: 21,00 MB
Current GC threshold: 21,00 MB
CDS: on
MetaspaceReclaimPolicy: balanced
 - commit_granule_bytes: 65536.
 - commit_granule_words: 8192.
 - virtual_space_node_default_size: 1048576.
 - enlarge_chunks_in_place: 1.
 - new_chunks_are_fully_committed: 0.
 - uncommit_free_chunks: 1.
 - use_allocation_guard: 0.
 - handle_deallocations: 1.


Internal statistics:

num_allocs_failed_limit: 0.
num_arena_births: 90.
num_arena_deaths: 0.
num_vsnodes_births: 4.
num_vsnodes_deaths: 0.
num_space_committed: 321.
num_space_uncommitted: 0.
num_chunks_returned_to_freelist: 0.
num_chunks_taken_from_freelist: 703.
num_chunk_merges: 0.
num_chunk_splits: 502.
num_chunks_enlarged: 353.
num_purges: 0.
num_inconsistent_stats: 0.

CodeHeap 'non-profiled nmethods': size=120032Kb used=456Kb max_used=456Kb free=119575Kb
 bounds [0x00007fb4b50c8000, 0x00007fb4b5338000, 0x00007fb4bc600000]
CodeHeap 'profiled nmethods': size=120028Kb used=2505Kb max_used=2505Kb free=117522Kb
 bounds [0x00007fb4adb91000, 0x00007fb4ade11000, 0x00007fb4b50c8000]
CodeHeap 'non-nmethods': size=5700Kb used=1241Kb max_used=1275Kb free=4458Kb
 bounds [0x00007fb4ad600000, 0x00007fb4ad870000, 0x00007fb4adb91000]
 total_blobs=1991 nmethods=1431 adapters=475
 compilation: enabled
              stopped_count=0, restarted_count=0
 full_count=0

Compilation events (20 events):
Event: 3,295 Thread 0x00007fb4c412e4f0 1396       4       java.util.jar.JarFile::getEntry (35 bytes)
Event: 3,298 Thread 0x00007fb4c412fa20 1402       1       java.lang.reflect.Method::getModifiers (5 bytes)
Event: 3,298 Thread 0x00007fb4c412fa20 nmethod 1402 0x00007fb4b5137a90 code [0x00007fb4b5137c20, 0x00007fb4b5137cf0]
Event: 3,299 Thread 0x00007fb4c412fa20 1404       3       sun.reflect.generics.parser.SignatureParser::advance (53 bytes)
Event: 3,300 Thread 0x00007fb4c412fa20 nmethod 1404 0x00007fb4adde9290 code [0x00007fb4adde9440, 0x00007fb4adde9690]
Event: 3,300 Thread 0x00007fb4c412fa20 1405       3       jdk.internal.reflect.ByteVectorImpl::getLength (7 bytes)
Event: 3,300 Thread 0x00007fb4c412fa20 nmethod 1405 0x00007fb4adde9790 code [0x00007fb4adde9920, 0x00007fb4adde9a30]
Event: 3,302 Thread 0x00007fb4c412fa20 1407       3       java.lang.System::checkKey (34 bytes)
Event: 3,303 Thread 0x00007fb4c412fa20 nmethod 1407 0x00007fb4adde9a90 code [0x00007fb4adde9c60, 0x00007fb4addea010]
Event: 3,304 Thread 0x00007fb4c412fa20 1408  s    3       java.io.BufferedInputStream::read (113 bytes)
Event: 3,305 Thread 0x00007fb4c412fa20 nmethod 1408 0x00007fb4addea190 code [0x00007fb4addea3c0, 0x00007fb4addeac90]
Event: 3,306 Thread 0x00007fb4c412fa20 1409       3       java.io.DataInputStream::readUTF (501 bytes)
Event: 3,309 Thread 0x00007fb4c412fa20 nmethod 1409 0x00007fb4addeaf10 code [0x00007fb4addeb360, 0x00007fb4added380]
Event: 3,310 Thread 0x00007fb4c412fa20 1412       3       java.io.DataInputStream::readFully (59 bytes)
Event: 3,311 Thread 0x00007fb4c412fa20 nmethod 1412 0x00007fb4addedf10 code [0x00007fb4addee100, 0x00007fb4addee680]
Event: 3,311 Thread 0x00007fb4c412fa20 1410       3       java.io.DataInputStream::readUTF (5 bytes)
Event: 3,311 Thread 0x00007fb4c412fa20 nmethod 1410 0x00007fb4addee910 code [0x00007fb4addeeac0, 0x00007fb4addeebe0]
Event: 3,311 Thread 0x00007fb4c412fa20 1413       3       java.io.BufferedInputStream::read1 (108 bytes)
Event: 3,312 Thread 0x00007fb4c412fa20 nmethod 1413 0x00007fb4addeec90 code [0x00007fb4addeeee0, 0x00007fb4addef7d0]
Event: 3,312 Thread 0x00007fb4c412fa20 1415       3       java.io.DataInputStream::readShort (40 bytes)

GC Heap History (4 events):
Event: 1,017 GC heap before
{Heap before GC invocations=0 (full 0):
 garbage-first heap   total 126976K, used 16356K [0x0000000087a00000, 0x0000000100000000)
  region size 1024K, 13 young (13312K), 0 survivors (0K)
 Metaspace       used 5976K, committed 6208K, reserved 1056768K
  class space    used 660K, committed 768K, reserved 1048576K
}
Event: 1,028 GC heap after
{Heap after GC invocations=1 (full 0):
 garbage-first heap   total 126976K, used 5604K [0x0000000087a00000, 0x0000000100000000)
  region size 1024K, 2 young (2048K), 2 survivors (2048K)
 Metaspace       used 5976K, committed 6208K, reserved 1056768K
  class space    used 660K, committed 768K, reserved 1048576K
}
Event: 2,268 GC heap before
{Heap before GC invocations=1 (full 0):
 garbage-first heap   total 126976K, used 27108K [0x0000000087a00000, 0x0000000100000000)
  region size 1024K, 23 young (23552K), 2 survivors (2048K)
 Metaspace       used 13552K, committed 13696K, reserved 1064960K
  class space    used 1557K, committed 1600K, reserved 1048576K
}
Event: 2,287 GC heap after
{Heap after GC invocations=2 (full 0):
 garbage-first heap   total 126976K, used 9448K [0x0000000087a00000, 0x0000000100000000)
  region size 1024K, 3 young (3072K), 3 survivors (3072K)
 Metaspace       used 13552K, committed 13696K, reserved 1064960K
  class space    used 1557K, committed 1600K, reserved 1048576K
}

Deoptimization events (20 events):
Event: 2,720 Thread 0x00007fb4c4024360 Uncommon trap: trap_request=0xffffffc6 fr.pc=0x00007fb4b510f284 relative=0x00000000000002c4
Event: 2,720 Thread 0x00007fb4c4024360 Uncommon trap: reason=bimorphic_or_optimized_type_check action=maybe_recompile pc=0x00007fb4b510f284 method=java.util.HashMap.getNode(Ljava/lang/Object;)Ljava/util/HashMap$Node; @ 128 c2
Event: 2,720 Thread 0x00007fb4c4024360 DEOPT PACKING pc=0x00007fb4b510f284 sp=0x00007fb4cb1f6c60
Event: 2,720 Thread 0x00007fb4c4024360 DEOPT UNPACKING pc=0x00007fb4ad652093 sp=0x00007fb4cb1f6be8 mode 2
Event: 2,832 Thread 0x00007fb4c4024360 Uncommon trap: trap_request=0xffffff45 fr.pc=0x00007fb4b50f41fc relative=0x000000000000005c
Event: 2,832 Thread 0x00007fb4c4024360 Uncommon trap: reason=unstable_if action=reinterpret pc=0x00007fb4b50f41fc method=java.lang.String.isLatin1()Z @ 10 c2
Event: 2,832 Thread 0x00007fb4c4024360 DEOPT PACKING pc=0x00007fb4b50f41fc sp=0x00007fb4cb1fc580
Event: 2,832 Thread 0x00007fb4c4024360 DEOPT UNPACKING pc=0x00007fb4ad652093 sp=0x00007fb4cb1fc530 mode 2
Event: 2,833 Thread 0x00007fb4c4024360 Uncommon trap: trap_request=0xffffff45 fr.pc=0x00007fb4b50ef8e8 relative=0x0000000000000048
Event: 2,833 Thread 0x00007fb4c4024360 Uncommon trap: reason=unstable_if action=reinterpret pc=0x00007fb4b50ef8e8 method=java.lang.CharacterData.of(I)Ljava/lang/CharacterData; @ 4 c2
Event: 2,833 Thread 0x00007fb4c4024360 DEOPT PACKING pc=0x00007fb4b50ef8e8 sp=0x00007fb4cb1fc0a0
Event: 2,833 Thread 0x00007fb4c4024360 DEOPT UNPACKING pc=0x00007fb4ad652093 sp=0x00007fb4cb1fc060 mode 2
Event: 2,968 Thread 0x00007fb4c4de2e90 Uncommon trap: trap_request=0xffffff45 fr.pc=0x00007fb4b50fbbc0 relative=0x00000000000000a0
Event: 2,968 Thread 0x00007fb4c4de2e90 Uncommon trap: reason=unstable_if action=reinterpret pc=0x00007fb4b50fbbc0 method=java.lang.CharacterDataLatin1.digit(II)I @ 12 c2
Event: 2,968 Thread 0x00007fb4c4de2e90 DEOPT PACKING pc=0x00007fb4b50fbbc0 sp=0x00007fb498a3a4b0
Event: 2,968 Thread 0x00007fb4c4de2e90 DEOPT UNPACKING pc=0x00007fb4ad652093 sp=0x00007fb498a3a448 mode 2
Event: 2,971 Thread 0x00007fb4c4de2e90 Uncommon trap: trap_request=0xffffff45 fr.pc=0x00007fb4b50f2b34 relative=0x0000000000000f74
Event: 2,971 Thread 0x00007fb4c4de2e90 Uncommon trap: reason=unstable_if action=reinterpret pc=0x00007fb4b50f2b34 method=java.util.concurrent.ConcurrentHashMap.putVal(Ljava/lang/Object;Ljava/lang/Object;Z)Ljava/lang/Object; @ 148 c2
Event: 2,971 Thread 0x00007fb4c4de2e90 DEOPT PACKING pc=0x00007fb4b50f2b34 sp=0x00007fb498a3a380
Event: 2,971 Thread 0x00007fb4c4de2e90 DEOPT UNPACKING pc=0x00007fb4ad652093 sp=0x00007fb498a3a2f0 mode 2

Classes unloaded (0 events):
No events

Classes redefined (0 events):
No events

Internal exceptions (20 events):
Event: 1,768 Thread 0x00007fb4c4024360 Exception <a 'java/lang/NoSuchMethodError'{0x000000008e424860}: 'int java.lang.invoke.DirectMethodHandle$Holder.invokeStaticInit(java.lang.Object, java.lang.Object, java.lang.Object, java.lang.Object)'> (0x000000008e424860) 
thrown [open/src/hotspot/share/interpreter/linkResolver.cpp, line 765]
Event: 1,771 Thread 0x00007fb4c4024360 Exception <a 'java/lang/NoSuchMethodError'{0x000000008e42e3b0}: 'java.lang.Object java.lang.invoke.DirectMethodHandle$Holder.invokeInterface(java.lang.Object, java.lang.Object)'> (0x000000008e42e3b0) 
thrown [open/src/hotspot/share/interpreter/linkResolver.cpp, line 765]
Event: 1,772 Thread 0x00007fb4c4024360 Exception <a 'java/lang/IncompatibleClassChangeError'{0x000000008e431e50}: Found class java.lang.Object, but interface was expected> (0x000000008e431e50) 
thrown [open/src/hotspot/share/interpreter/linkResolver.cpp, line 833]
Event: 1,774 Thread 0x00007fb4c4024360 Exception <a 'java/lang/NoSuchMethodError'{0x000000008e435120}: 'void java.lang.invoke.DirectMethodHandle$Holder.invokeStatic(java.lang.Object, java.lang.Object)'> (0x000000008e435120) 
thrown [open/src/hotspot/share/interpreter/linkResolver.cpp, line 765]
Event: 1,774 Thread 0x00007fb4c4024360 Exception <a 'java/lang/NoSuchMethodError'{0x000000008e438bc8}: 'void java.lang.invoke.DirectMethodHandle$Holder.invokeStaticInit(java.lang.Object, java.lang.Object)'> (0x000000008e438bc8) 
thrown [open/src/hotspot/share/interpreter/linkResolver.cpp, line 765]
Event: 1,777 Thread 0x00007fb4c4024360 Exception <a 'java/lang/NoSuchMethodError'{0x000000008e43ef70}: 'int java.lang.invoke.DirectMethodHandle$Holder.invokeStaticInit(java.lang.Object, java.lang.Object)'> (0x000000008e43ef70) 
thrown [open/src/hotspot/share/interpreter/linkResolver.cpp, line 765]
Event: 2,088 Thread 0x00007fb4c4024360 Exception <a 'java/lang/ClassNotFoundException'{0x000000008df1cee0}: org/eclipse/jetty/alpn/ALPN> (0x000000008df1cee0) 
thrown [open/src/hotspot/share/classfile/systemDictionary.cpp, line 256]
Event: 2,088 Thread 0x00007fb4c4024360 Exception <a 'java/lang/ClassNotFoundException'{0x000000008df1d4a8}: org/eclipse/jetty/npn/NextProtoNego> (0x000000008df1d4a8) 
thrown [open/src/hotspot/share/classfile/systemDictionary.cpp, line 256]
Event: 2,088 Thread 0x00007fb4c4024360 Exception <a 'java/lang/ClassNotFoundException'{0x000000008df1da68}: org/eclipse/jetty/alpn/ALPN> (0x000000008df1da68) 
thrown [open/src/hotspot/share/classfile/systemDictionary.cpp, line 256]
Event: 2,088 Thread 0x00007fb4c4024360 Exception <a 'java/lang/ClassNotFoundException'{0x000000008df1e030}: org/eclipse/jetty/npn/NextProtoNego> (0x000000008df1e030) 
thrown [open/src/hotspot/share/classfile/systemDictionary.cpp, line 256]
Event: 2,490 Thread 0x00007fb4c4024360 Exception <a 'java/lang/NoSuchMethodError'{0x000000008f21ea28}: 'void java.lang.invoke.DirectMethodHandle$Holder.invokeStatic(java.lang.Object, java.lang.Object, java.lang.Object)'> (0x000000008f21ea28) 
thrown [open/src/hotspot/share/interpreter/linkResolver.cpp, line 765]
Event: 2,501 Thread 0x00007fb4c4024360 Exception <a 'java/lang/NoSuchMethodError'{0x000000008f23c4d0}: 'java.lang.Object java.lang.invoke.DirectMethodHandle$Holder.newInvokeSpecial(java.lang.Object, java.lang.Object, java.lang.Object, java.lang.Object, java.lang.Object, java.lang.Object, java.lang.Object, int)'> (0x000000008f23c4d0) 
thrown [open/src/hotspot/share/interpreter/linkResolver.cpp, line 765]
Event: 2,502 Thread 0x00007fb4c4024360 Exception <a 'java/lang/NoSuchMethodError'{0x000000008f241ac8}: 'java.lang.Object java.lang.invoke.DirectMethodHandle$Holder.invokeSpecial(java.lang.Object, java.lang.Object, java.lang.Object, java.lang.Object, java.lang.Object, java.lang.Object, java.lang.Object, java.lang.Object, int)'> (0x000000008f241ac8) 
thrown [open/src/hotspot/share/interpreter/linkResolver.cpp, line 765]
Event: 2,505 Thread 0x00007fb4c4024360 Implicit null exception at 0x00007fb4b511aedb to 0x00007fb4b511b738
Event: 2,972 Thread 0x00007fb4c4024360 Exception <a 'sun/nio/fs/UnixException'{0x000000008ec792c0}> (0x000000008ec792c0) 
thrown [open/src/hotspot/share/prims/jni.cpp, line 516]
Event: 2,973 Thread 0x00007fb4c4024360 Exception <a 'sun/nio/fs/UnixException'{0x000000008ec79b20}> (0x000000008ec79b20) 
thrown [open/src/hotspot/share/prims/jni.cpp, line 516]
Event: 2,975 Thread 0x00007fb4c4024360 Exception <a 'sun/nio/fs/UnixException'{0x000000008ec7cda0}> (0x000000008ec7cda0) 
thrown [open/src/hotspot/share/prims/jni.cpp, line 516]
Event: 2,976 Thread 0x00007fb4c4024360 Exception <a 'sun/nio/fs/UnixException'{0x000000008ec7d500}> (0x000000008ec7d500) 
thrown [open/src/hotspot/share/prims/jni.cpp, line 516]
Event: 2,980 Thread 0x00007fb4c4024360 Exception <a 'sun/nio/fs/UnixException'{0x000000008eb1b6c8}> (0x000000008eb1b6c8) 
thrown [open/src/hotspot/share/prims/jni.cpp, line 516]
Event: 2,980 Thread 0x00007fb4c4024360 Exception <a 'sun/nio/fs/UnixException'{0x000000008eb1be28}> (0x000000008eb1be28) 
thrown [open/src/hotspot/share/prims/jni.cpp, line 516]

VM Operations (20 events):
Event: 2,249 Executing VM operation: ICBufferFull
Event: 2,250 Executing VM operation: ICBufferFull done
Event: 2,251 Executing VM operation: ICBufferFull
Event: 2,251 Executing VM operation: ICBufferFull done
Event: 2,254 Executing VM operation: ICBufferFull
Event: 2,254 Executing VM operation: ICBufferFull done
Event: 2,256 Executing VM operation: ICBufferFull
Event: 2,256 Executing VM operation: ICBufferFull done
Event: 2,259 Executing VM operation: ICBufferFull
Event: 2,259 Executing VM operation: ICBufferFull done
Event: 2,260 Executing VM operation: ICBufferFull
Event: 2,260 Executing VM operation: ICBufferFull done
Event: 2,262 Executing VM operation: ICBufferFull
Event: 2,262 Executing VM operation: ICBufferFull done
Event: 2,263 Executing VM operation: ICBufferFull
Event: 2,263 Executing VM operation: ICBufferFull done
Event: 2,268 Executing VM operation: G1CollectForAllocation
Event: 2,287 Executing VM operation: G1CollectForAllocation done
Event: 2,833 Executing VM operation: HandshakeAllThreads
Event: 2,833 Executing VM operation: HandshakeAllThreads done

Events (20 events):
Event: 3,276 loading class java/lang/reflect/ProxyGenerator$ProxyMethod
Event: 3,276 loading class java/lang/reflect/ProxyGenerator$ProxyMethod done
Event: 3,279 loading class java/lang/reflect/ProxyGenerator$PrimitiveTypeInfo
Event: 3,280 loading class java/lang/reflect/ProxyGenerator$PrimitiveTypeInfo done
Event: 3,280 loading class jdk/internal/org/objectweb/asm/Edge
Event: 3,280 loading class jdk/internal/org/objectweb/asm/Edge done
Event: 3,281 loading class java/nio/channels/CancelledKeyException
Event: 3,282 loading class java/nio/channels/CancelledKeyException done
Event: 3,282 loading class java/lang/reflect/Proxy$ProxyBuilder$1
Event: 3,282 loading class java/lang/reflect/Proxy$ProxyBuilder$1 done
Event: 3,285 loading class java/lang/reflect/UndeclaredThrowableException
Event: 3,285 loading class java/lang/reflect/UndeclaredThrowableException done
Event: 3,293 Thread 0x00007fb4c5054850 Thread added: 0x00007fb4c5054850
Event: 3,293 Protecting memory [0x00007fb498dfe000,0x00007fb498e02000] with protection modes 0
Event: 3,294 Thread 0x00007fb45017c7b0 Thread added: 0x00007fb45017c7b0
Event: 3,295 loading class java/nio/BufferUnderflowException
Event: 3,295 loading class java/nio/BufferUnderflowException done
Event: 3,296 loading class java/io/StringWriter
Event: 3,297 loading class java/io/StringWriter done
Event: 3,297 Protecting memory [0x00007fb49873c000,0x00007fb498740000] with protection modes 0


Dynamic libraries:
87a00000-8f400000 rw-p 00000000 00:00 0 
8f400000-ffe00000 ---p 00000000 00:00 0 
ffe00000-ffe76000 rw-p 00c9c000 08:07 669304                             /usr/lib/jvm/jdk-17/lib/server/classes.jsa
ffe76000-fff00000 rw-p 00000000 00:00 0 
fff00000-fff83000 rw-p 00c19000 08:07 669304                             /usr/lib/jvm/jdk-17/lib/server/classes.jsa
fff83000-100000000 rw-p 00000000 00:00 0 
800000000-800458000 rw-p 00001000 08:07 669304                           /usr/lib/jvm/jdk-17/lib/server/classes.jsa
800458000-800be0000 r--p 00459000 08:07 669304                           /usr/lib/jvm/jdk-17/lib/server/classes.jsa
800be0000-800c00000 ---p 00000000 00:00 0 
800c00000-800c40000 rw-p 00000000 00:00 0 
800c40000-800c80000 rw-p 00000000 00:00 0 
800c80000-800d40000 rw-p 00000000 00:00 0 
800d40000-800de0000 rw-p 00000000 00:00 0 
800de0000-800e00000 ---p 00000000 00:00 0 
800e00000-800ea0000 rw-p 00000000 00:00 0 
800ea0000-840c00000 ---p 00000000 00:00 0 
55bd61b70000-55bd61b71000 r-xp 00000000 08:07 669635                     /usr/lib/jvm/jdk-17/bin/java
55bd61b72000-55bd61b73000 r--p 00001000 08:07 669635                     /usr/lib/jvm/jdk-17/bin/java
55bd61b73000-55bd61b74000 rw-p 00002000 08:07 669635                     /usr/lib/jvm/jdk-17/bin/java
55bd62dbd000-55bd62dde000 rw-p 00000000 00:00 0                          [heap]
7fb434000000-7fb434151000 rw-p 00000000 00:00 0 
7fb434151000-7fb438000000 ---p 00000000 00:00 0 
7fb43c000000-7fb43c021000 rw-p 00000000 00:00 0 
7fb43c021000-7fb440000000 ---p 00000000 00:00 0 
7fb443800000-7fb4439a0000 rw-p 00000000 00:00 0 
7fb4439a0000-7fb444000000 ---p 00000000 00:00 0 
7fb444000000-7fb444021000 rw-p 00000000 00:00 0 
7fb444021000-7fb448000000 ---p 00000000 00:00 0 
7fb448000000-7fb448021000 rw-p 00000000 00:00 0 
7fb448021000-7fb44c000000 ---p 00000000 00:00 0 
7fb44c000000-7fb44c021000 rw-p 00000000 00:00 0 
7fb44c021000-7fb450000000 ---p 00000000 00:00 0 
7fb450000000-7fb450183000 rw-p 00000000 00:00 0 
7fb450183000-7fb454000000 ---p 00000000 00:00 0 
7fb454000000-7fb454021000 rw-p 00000000 00:00 0 
7fb454021000-7fb458000000 ---p 00000000 00:00 0 
7fb458000000-7fb458021000 rw-p 00000000 00:00 0 
7fb458021000-7fb45c000000 ---p 00000000 00:00 0 
7fb45c000000-7fb45c021000 rw-p 00000000 00:00 0 
7fb45c021000-7fb460000000 ---p 00000000 00:00 0 
7fb460000000-7fb460021000 rw-p 00000000 00:00 0 
7fb460021000-7fb464000000 ---p 00000000 00:00 0 
7fb464000000-7fb464021000 rw-p 00000000 00:00 0 
7fb464021000-7fb468000000 ---p 00000000 00:00 0 
7fb468000000-7fb468021000 rw-p 00000000 00:00 0 
7fb468021000-7fb46c000000 ---p 00000000 00:00 0 
7fb46c000000-7fb46c472000 rw-p 00000000 00:00 0 
7fb46c472000-7fb470000000 ---p 00000000 00:00 0 
7fb470000000-7fb470021000 rw-p 00000000 00:00 0 
7fb470021000-7fb474000000 ---p 00000000 00:00 0 
7fb474000000-7fb474021000 rw-p 00000000 00:00 0 
7fb474021000-7fb478000000 ---p 00000000 00:00 0 
7fb478000000-7fb478cec000 rw-p 00000000 00:00 0 
7fb478cec000-7fb47c000000 ---p 00000000 00:00 0 
7fb47c000000-7fb47c021000 rw-p 00000000 00:00 0 
7fb47c021000-7fb480000000 ---p 00000000 00:00 0 
7fb480000000-7fb480021000 rw-p 00000000 00:00 0 
7fb480021000-7fb484000000 ---p 00000000 00:00 0 
7fb484000000-7fb484021000 rw-p 00000000 00:00 0 
7fb484021000-7fb488000000 ---p 00000000 00:00 0 
7fb488000000-7fb488021000 rw-p 00000000 00:00 0 
7fb488021000-7fb48c000000 ---p 00000000 00:00 0 
7fb48c000000-7fb48c021000 rw-p 00000000 00:00 0 
7fb48c021000-7fb490000000 ---p 00000000 00:00 0 
7fb490000000-7fb490021000 rw-p 00000000 00:00 0 
7fb490021000-7fb494000000 ---p 00000000 00:00 0 
7fb494000000-7fb494021000 rw-p 00000000 00:00 0 
7fb494021000-7fb498000000 ---p 00000000 00:00 0 
7fb4983d5000-7fb49873c000 rw-p 00000000 00:00 0 
7fb49873c000-7fb498740000 ---p 00000000 00:00 0 
7fb498740000-7fb49883c000 rw-p 00000000 00:00 0 
7fb49883c000-7fb498840000 ---p 00000000 00:00 0 
7fb498840000-7fb49893c000 rw-p 00000000 00:00 0 
7fb49893c000-7fb498940000 ---p 00000000 00:00 0 
7fb498940000-7fb498a3c000 rw-p 00000000 00:00 0 
7fb498a3c000-7fb498a40000 ---p 00000000 00:00 0 
7fb498a40000-7fb498b3c000 rw-p 00000000 00:00 0 
7fb498c0e000-7fb498c12000 ---p 00000000 00:00 0 
7fb498c12000-7fb498d0e000 rw-p 00000000 00:00 0 
7fb498dfe000-7fb498e02000 ---p 00000000 00:00 0 
7fb498e02000-7fb498efe000 rw-p 00000000 00:00 0 
7fb498efe000-7fb498eff000 ---p 00000000 00:00 0 
7fb498eff000-7fb4991e0000 rw-p 00000000 00:00 0 
7fb4991e0000-7fb499300000 rw-p 00000000 00:00 0 
7fb499300000-7fb499500000 rw-p 00000000 00:00 0 
7fb499500000-7fb4995f0000 rw-p 00000000 00:00 0 
7fb4995f0000-7fb499600000 ---p 00000000 00:00 0 
7fb499600000-7fb499800000 rw-p 00000000 00:00 0 
7fb4998fe000-7fb4998ff000 ---p 00000000 00:00 0 
7fb4998ff000-7fb499a00000 rw-p 00000000 00:00 0 
7fb499a00000-7fb499a10000 r-xp 00000000 08:07 1705782                    /tmp/libnetty_transport_native_epoll14867625673467004013.so (deleted)
7fb499a10000-7fb499c0f000 ---p 00010000 08:07 1705782                    /tmp/libnetty_transport_native_epoll14867625673467004013.so (deleted)
7fb499c0f000-7fb499c11000 r--p 0000f000 08:07 1705782                    /tmp/libnetty_transport_native_epoll14867625673467004013.so (deleted)
7fb499c11000-7fb499e10000 ---p 00211000 08:07 1705782                    /tmp/libnetty_transport_native_epoll14867625673467004013.so (deleted)
7fb499e10000-7fb499e11000 rw-p 00010000 08:07 1705782                    /tmp/libnetty_transport_native_epoll14867625673467004013.so (deleted)
7fb499e11000-7fb499e12000 rw-p 00000000 00:00 0 
7fb499efe000-7fb499eff000 ---p 00000000 00:00 0 
7fb499eff000-7fb49c000000 rw-p 00000000 00:00 0 
7fb49c000000-7fb49c021000 rw-p 00000000 00:00 0 
7fb49c021000-7fb4a0000000 ---p 00000000 00:00 0 
7fb4a0000000-7fb4a0021000 rw-p 00000000 00:00 0 
7fb4a0021000-7fb4a4000000 ---p 00000000 00:00 0 
7fb4a4000000-7fb4a4021000 rw-p 00000000 00:00 0 
7fb4a4021000-7fb4a8000000 ---p 00000000 00:00 0 
7fb4a80fe000-7fb4a8102000 ---p 00000000 00:00 0 
7fb4a8102000-7fb4a81fe000 rw-p 00000000 00:00 0 
7fb4a81fe000-7fb4a81ff000 ---p 00000000 00:00 0 
7fb4a81ff000-7fb4a8300000 rw-p 00000000 00:00 0 
7fb4a8300000-7fb4a8304000 ---p 00000000 00:00 0 
7fb4a8304000-7fb4a8400000 rw-p 00000000 00:00 0 
7fb4a8400000-7fb4a8404000 ---p 00000000 00:00 0 
7fb4a8404000-7fb4a8500000 rw-p 00000000 00:00 0 
7fb4a8500000-7fb4a8504000 ---p 00000000 00:00 0 
7fb4a8504000-7fb4a8600000 rw-p 00000000 00:00 0 
7fb4a8600000-7fb4a8604000 ---p 00000000 00:00 0 
7fb4a8604000-7fb4a8700000 rw-p 00000000 00:00 0 
7fb4a8700000-7fb4a8704000 ---p 00000000 00:00 0 
7fb4a8704000-7fb4a8800000 rw-p 00000000 00:00 0 
7fb4a8800000-7fb4a8804000 ---p 00000000 00:00 0 
7fb4a8804000-7fb4a8900000 rw-p 00000000 00:00 0 
7fb4a8900000-7fb4a8904000 ---p 00000000 00:00 0 
7fb4a8904000-7fb4a8a00000 rw-p 00000000 00:00 0 
7fb4a8a00000-7fb4a8f74000 r--p 00000000 08:07 656479                     /usr/lib/locale/locale-archive
7fb4a9000000-7fb4a9400000 rw-p 00000000 00:00 0 
7fb4a9400000-7fb4a9800000 rw-p 00000000 00:00 0 
7fb4a98d0000-7fb4a98d4000 ---p 00000000 00:00 0 
7fb4a98d4000-7fb4a9bb8000 rw-p 00000000 00:00 0 
7fb4a9bb8000-7fb4ab7e0000 ---p 00000000 00:00 0 
7fb4ab7e0000-7fb4ab9d0000 rw-p 00000000 00:00 0 
7fb4ab9d0000-7fb4ad5f8000 ---p 00000000 00:00 0 
7fb4ad5f8000-7fb4ad600000 rw-p 00000000 00:00 0 
7fb4ad600000-7fb4ad870000 rwxp 00000000 00:00 0 
7fb4ad870000-7fb4adb91000 ---p 00000000 00:00 0 
7fb4adb91000-7fb4ade11000 rwxp 00000000 00:00 0 
7fb4ade11000-7fb4b50c8000 ---p 00000000 00:00 0 
7fb4b50c8000-7fb4b5338000 rwxp 00000000 00:00 0 
7fb4b5338000-7fb4bc600000 ---p 00000000 00:00 0 
7fb4bc600000-7fb4c3f0c000 r--s 00000000 08:07 669332                     /usr/lib/jvm/jdk-17/lib/modules
7fb4c4000000-7fb4c5075000 rw-p 00000000 00:00 0 
7fb4c5075000-7fb4c8000000 ---p 00000000 00:00 0 
7fb4c8021000-7fb4c8025000 ---p 00000000 00:00 0 
7fb4c8025000-7fb4c8121000 rw-p 00000000 00:00 0 
7fb4c8121000-7fb4c8122000 ---p 00000000 00:00 0 
7fb4c8122000-7fb4c8223000 rw-p 00000000 00:00 0 
7fb4c8223000-7fb4c82f1000 r-xp 00000000 08:07 669316                     /usr/lib/jvm/jdk-17/lib/libjsvml.so
7fb4c82f1000-7fb4c82f2000 r--p 000cd000 08:07 669316                     /usr/lib/jvm/jdk-17/lib/libjsvml.so
7fb4c82f2000-7fb4c82f3000 rw-p 000ce000 08:07 669316                     /usr/lib/jvm/jdk-17/lib/libjsvml.so
7fb4c82f3000-7fb4c83cf000 rw-p 00000000 00:00 0 
7fb4c83cf000-7fb4c83d0000 ---p 00000000 00:00 0 
7fb4c83d0000-7fb4c84d1000 rw-p 00000000 00:00 0 
7fb4c84d1000-7fb4c84d2000 ---p 00000000 00:00 0 
7fb4c84d2000-7fb4c89d7000 rw-p 00000000 00:00 0 
7fb4c89d7000-7fb4c89d8000 ---p 00000000 00:00 0 
7fb4c89d8000-7fb4c8ad9000 rw-p 00000000 00:00 0 
7fb4c8ad9000-7fb4c8ada000 ---p 00000000 00:00 0 
7fb4c8ada000-7fb4c8bdb000 rw-p 00000000 00:00 0 
7fb4c8bdb000-7fb4c8bdc000 ---p 00000000 00:00 0 
7fb4c8bdc000-7fb4c8d1a000 rw-p 00000000 00:00 0 
7fb4c8d1a000-7fb4c909f000 ---p 00000000 00:00 0 
7fb4c909f000-7fb4c90dd000 rw-p 00000000 00:00 0 
7fb4c90dd000-7fb4c9462000 ---p 00000000 00:00 0 
7fb4c9462000-7fb4c94a0000 rw-p 00000000 00:00 0 
7fb4c94a0000-7fb4c9825000 ---p 00000000 00:00 0 
7fb4c9825000-7fb4c9c2f000 rw-p 00000000 00:00 0 
7fb4c9c2f000-7fb4c9d15000 ---p 00000000 00:00 0 
7fb4c9d15000-7fb4c9d1a000 rw-p 00000000 00:00 0 
7fb4c9d1a000-7fb4c9e00000 ---p 00000000 00:00 0 
7fb4c9e00000-7fb4caf2c000 r-xp 00000000 08:07 669307                     /usr/lib/jvm/jdk-17/lib/server/libjvm.so
7fb4caf2c000-7fb4caf2d000 ---p 0112c000 08:07 669307                     /usr/lib/jvm/jdk-17/lib/server/libjvm.so
7fb4caf2d000-7fb4cafe2000 r--p 0112c000 08:07 669307                     /usr/lib/jvm/jdk-17/lib/server/libjvm.so
7fb4cafe2000-7fb4cb015000 rw-p 011e1000 08:07 669307                     /usr/lib/jvm/jdk-17/lib/server/libjvm.so
7fb4cb015000-7fb4cb06f000 rw-p 00000000 00:00 0 
7fb4cb07f000-7fb4cb086000 r--s 00000000 08:07 1184151                    /usr/lib/x86_64-linux-gnu/gconv/gconv-modules.cache
7fb4cb086000-7fb4cb08c000 r-xp 00000000 08:07 669286                     /usr/lib/jvm/jdk-17/lib/libmanagement_ext.so
7fb4cb08c000-7fb4cb08d000 r--p 00005000 08:07 669286                     /usr/lib/jvm/jdk-17/lib/libmanagement_ext.so
7fb4cb08d000-7fb4cb08e000 rw-p 00006000 08:07 669286                     /usr/lib/jvm/jdk-17/lib/libmanagement_ext.so
7fb4cb08e000-7fb4cb100000 rw-p 00000000 00:00 0 
7fb4cb100000-7fb4cb104000 ---p 00000000 00:00 0 
7fb4cb104000-7fb4cb200000 rw-p 00000000 00:00 0 
7fb4cb200000-7fb4cb228000 r--p 00000000 08:07 657505                     /usr/lib/x86_64-linux-gnu/libc.so.6
7fb4cb228000-7fb4cb3bd000 r-xp 00028000 08:07 657505                     /usr/lib/x86_64-linux-gnu/libc.so.6
7fb4cb3bd000-7fb4cb415000 r--p 001bd000 08:07 657505                     /usr/lib/x86_64-linux-gnu/libc.so.6
7fb4cb415000-7fb4cb419000 r--p 00214000 08:07 657505                     /usr/lib/x86_64-linux-gnu/libc.so.6
7fb4cb419000-7fb4cb41b000 rw-p 00218000 08:07 657505                     /usr/lib/x86_64-linux-gnu/libc.so.6
7fb4cb41b000-7fb4cb428000 rw-p 00000000 00:00 0 
7fb4cb429000-7fb4cb42d000 r-xp 00000000 08:07 669325                     /usr/lib/jvm/jdk-17/lib/libmanagement.so
7fb4cb42d000-7fb4cb42e000 r--p 00003000 08:07 669325                     /usr/lib/jvm/jdk-17/lib/libmanagement.so
7fb4cb42e000-7fb4cb42f000 rw-p 00004000 08:07 669325                     /usr/lib/jvm/jdk-17/lib/libmanagement.so
7fb4cb42f000-7fb4cb436000 r-xp 00000000 08:07 669323                     /usr/lib/jvm/jdk-17/lib/libzip.so
7fb4cb436000-7fb4cb437000 ---p 00007000 08:07 669323                     /usr/lib/jvm/jdk-17/lib/libzip.so
7fb4cb437000-7fb4cb438000 r--p 00007000 08:07 669323                     /usr/lib/jvm/jdk-17/lib/libzip.so
7fb4cb438000-7fb4cb439000 rw-p 00008000 08:07 669323                     /usr/lib/jvm/jdk-17/lib/libzip.so
7fb4cb439000-7fb4cb44e000 r-xp 00000000 08:07 669283                     /usr/lib/jvm/jdk-17/lib/libnet.so
7fb4cb44e000-7fb4cb44f000 ---p 00015000 08:07 669283                     /usr/lib/jvm/jdk-17/lib/libnet.so
7fb4cb44f000-7fb4cb450000 r--p 00015000 08:07 669283                     /usr/lib/jvm/jdk-17/lib/libnet.so
7fb4cb450000-7fb4cb451000 rw-p 00016000 08:07 669283                     /usr/lib/jvm/jdk-17/lib/libnet.so
7fb4cb451000-7fb4cb464000 r-xp 00000000 08:07 669330                     /usr/lib/jvm/jdk-17/lib/libnio.so
7fb4cb464000-7fb4cb465000 r--p 00012000 08:07 669330                     /usr/lib/jvm/jdk-17/lib/libnio.so
7fb4cb465000-7fb4cb466000 rw-p 00013000 08:07 669330                     /usr/lib/jvm/jdk-17/lib/libnio.so
7fb4cb466000-7fb4cb4a6000 rw-p 00000000 00:00 0 
7fb4cb4a6000-7fb4cb4ca000 r-xp 00000000 08:07 669312                     /usr/lib/jvm/jdk-17/lib/libjava.so
7fb4cb4ca000-7fb4cb4cb000 ---p 00024000 08:07 669312                     /usr/lib/jvm/jdk-17/lib/libjava.so
7fb4cb4cb000-7fb4cb4cc000 r--p 00024000 08:07 669312                     /usr/lib/jvm/jdk-17/lib/libjava.so
7fb4cb4cc000-7fb4cb4cd000 rw-p 00025000 08:07 669312                     /usr/lib/jvm/jdk-17/lib/libjava.so
7fb4cb4cd000-7fb4cb4ce000 rw-p 00000000 00:00 0 
7fb4cb4ce000-7fb4cb4e9000 r-xp 00000000 08:07 669319                     /usr/lib/jvm/jdk-17/lib/libjimage.so
7fb4cb4e9000-7fb4cb4ea000 ---p 0001b000 08:07 669319                     /usr/lib/jvm/jdk-17/lib/libjimage.so
7fb4cb4ea000-7fb4cb4ec000 r--p 0001b000 08:07 669319                     /usr/lib/jvm/jdk-17/lib/libjimage.so
7fb4cb4ec000-7fb4cb4ed000 rw-p 0001d000 08:07 669319                     /usr/lib/jvm/jdk-17/lib/libjimage.so
7fb4cb4ed000-7fb4cb4fb000 r--p 00000000 08:07 657513                     /usr/lib/x86_64-linux-gnu/libm.so.6
7fb4cb4fb000-7fb4cb577000 r-xp 0000e000 08:07 657513                     /usr/lib/x86_64-linux-gnu/libm.so.6
7fb4cb577000-7fb4cb5d2000 r--p 0008a000 08:07 657513                     /usr/lib/x86_64-linux-gnu/libm.so.6
7fb4cb5d2000-7fb4cb5d3000 r--p 000e4000 08:07 657513                     /usr/lib/x86_64-linux-gnu/libm.so.6
7fb4cb5d3000-7fb4cb5d4000 rw-p 000e5000 08:07 657513                     /usr/lib/x86_64-linux-gnu/libm.so.6
7fb4cb5d4000-7fb4cb5d5000 r--p 00000000 08:07 657545                     /usr/lib/x86_64-linux-gnu/librt.so.1
7fb4cb5d5000-7fb4cb5d6000 r-xp 00001000 08:07 657545                     /usr/lib/x86_64-linux-gnu/librt.so.1
7fb4cb5d6000-7fb4cb5d7000 r--p 00002000 08:07 657545                     /usr/lib/x86_64-linux-gnu/librt.so.1
7fb4cb5d7000-7fb4cb5d8000 r--p 00002000 08:07 657545                     /usr/lib/x86_64-linux-gnu/librt.so.1
7fb4cb5d8000-7fb4cb5d9000 rw-p 00003000 08:07 657545                     /usr/lib/x86_64-linux-gnu/librt.so.1
7fb4cb5d9000-7fb4cb5dd000 rw-p 00000000 00:00 0 
7fb4cb5dd000-7fb4cb5de000 r--p 00000000 08:07 657509                     /usr/lib/x86_64-linux-gnu/libdl.so.2
7fb4cb5de000-7fb4cb5df000 r-xp 00001000 08:07 657509                     /usr/lib/x86_64-linux-gnu/libdl.so.2
7fb4cb5df000-7fb4cb5e0000 r--p 00002000 08:07 657509                     /usr/lib/x86_64-linux-gnu/libdl.so.2
7fb4cb5e0000-7fb4cb5e1000 r--p 00002000 08:07 657509                     /usr/lib/x86_64-linux-gnu/libdl.so.2
7fb4cb5e1000-7fb4cb5e2000 rw-p 00003000 08:07 657509                     /usr/lib/x86_64-linux-gnu/libdl.so.2
7fb4cb5e2000-7fb4cb5e3000 r--p 00000000 08:07 657540                     /usr/lib/x86_64-linux-gnu/libpthread.so.0
7fb4cb5e3000-7fb4cb5e4000 r-xp 00001000 08:07 657540                     /usr/lib/x86_64-linux-gnu/libpthread.so.0
7fb4cb5e4000-7fb4cb5e5000 r--p 00002000 08:07 657540                     /usr/lib/x86_64-linux-gnu/libpthread.so.0
7fb4cb5e5000-7fb4cb5e6000 r--p 00002000 08:07 657540                     /usr/lib/x86_64-linux-gnu/libpthread.so.0
7fb4cb5e6000-7fb4cb5e7000 rw-p 00003000 08:07 657540                     /usr/lib/x86_64-linux-gnu/libpthread.so.0
7fb4cb5e7000-7fb4cb5f6000 r-xp 00000000 08:07 669295                     /usr/lib/jvm/jdk-17/lib/libjli.so
7fb4cb5f6000-7fb4cb5f7000 r--p 0000e000 08:07 669295                     /usr/lib/jvm/jdk-17/lib/libjli.so
7fb4cb5f7000-7fb4cb5f8000 rw-p 0000f000 08:07 669295                     /usr/lib/jvm/jdk-17/lib/libjli.so
7fb4cb5f8000-7fb4cb5fa000 r--p 00000000 08:07 656779                     /usr/lib/x86_64-linux-gnu/libz.so.1.2.11
7fb4cb5fa000-7fb4cb60b000 r-xp 00002000 08:07 656779                     /usr/lib/x86_64-linux-gnu/libz.so.1.2.11
7fb4cb60b000-7fb4cb611000 r--p 00013000 08:07 656779                     /usr/lib/x86_64-linux-gnu/libz.so.1.2.11
7fb4cb611000-7fb4cb612000 ---p 00019000 08:07 656779                     /usr/lib/x86_64-linux-gnu/libz.so.1.2.11
7fb4cb612000-7fb4cb613000 r--p 00019000 08:07 656779                     /usr/lib/x86_64-linux-gnu/libz.so.1.2.11
7fb4cb613000-7fb4cb614000 rw-p 0001a000 08:07 656779                     /usr/lib/x86_64-linux-gnu/libz.so.1.2.11
7fb4cb619000-7fb4cb61e000 rw-p 00000000 00:00 0 
7fb4cb61e000-7fb4cb625000 ---p 00000000 00:00 0 
7fb4cb625000-7fb4cb62d000 rw-s 00000000 08:07 1705748                    /tmp/hsperfdata_sheriff/86905
7fb4cb62d000-7fb4cb62e000 ---p 00000000 00:00 0 
7fb4cb62e000-7fb4cb62f000 r--p 00000000 00:00 0 
7fb4cb62f000-7fb4cb631000 rw-p 00000000 00:00 0 
7fb4cb631000-7fb4cb633000 r--p 00000000 08:07 657497                     /usr/lib/x86_64-linux-gnu/ld-linux-x86-64.so.2
7fb4cb633000-7fb4cb65d000 r-xp 00002000 08:07 657497                     /usr/lib/x86_64-linux-gnu/ld-linux-x86-64.so.2
7fb4cb65d000-7fb4cb668000 r--p 0002c000 08:07 657497                     /usr/lib/x86_64-linux-gnu/ld-linux-x86-64.so.2
7fb4cb668000-7fb4cb669000 ---p 00000000 00:00 0 
7fb4cb669000-7fb4cb66b000 r--p 00037000 08:07 657497                     /usr/lib/x86_64-linux-gnu/ld-linux-x86-64.so.2
7fb4cb66b000-7fb4cb66d000 rw-p 00039000 08:07 657497                     /usr/lib/x86_64-linux-gnu/ld-linux-x86-64.so.2
7ffceda00000-7ffceda22000 rw-p 00000000 00:00 0                          [stack]
7ffcedba4000-7ffcedba8000 r--p 00000000 00:00 0                          [vvar]
7ffcedba8000-7ffcedbaa000 r-xp 00000000 00:00 0                          [vdso]
ffffffffff600000-ffffffffff601000 --xp 00000000 00:00 0                  [vsyscall]


VM Arguments:
jvm_args: -Djava.awt.headless=true -Djava.util.logging.config.file=/home/sheriff/.android/utp/logging2760130878435550802properties -Dfile.encoding=UTF-8 -Duser.country=US -Duser.language=en -Duser.variant 
java_command: com.google.testing.platform.launcher.Launcher /home/sheriff/.gradle/caches/modules-2/files-2.1/com.google.testing.platform/core/0.0.8-alpha07/185ff5f0c2380a7a283320bc5ec9130dbcbbb030/core-0.0.8-alpha07.jar --proto_config=/home/sheriff/.android/utp/runnerConfig2803085915766941026.pb --proto_server_config=/home/sheriff/.android/utp/serverConfig6768594260100847655.pb
java_class_path (initial): /home/sheriff/.gradle/caches/modules-2/files-2.1/com.google.testing.platform/launcher/0.0.8-alpha07/47d15094202612b26f5a07fbfbe17ff8900a58c4/launcher-0.0.8-alpha07.jar
Launcher Type: SUN_STANDARD

[Global flags]
     intx CICompilerCount                          = 3                                         {product} {ergonomic}
     uint ConcGCThreads                            = 1                                         {product} {ergonomic}
     uint G1ConcRefinementThreads                  = 4                                         {product} {ergonomic}
   size_t G1HeapRegionSize                         = 1048576                                   {product} {ergonomic}
    uintx GCDrainStackTargetSize                   = 64                                        {product} {ergonomic}
   size_t InitialHeapSize                          = 127926272                                 {product} {ergonomic}
   size_t MarkStackSize                            = 4194304                                   {product} {ergonomic}
   size_t MaxHeapSize                              = 2019557376                                {product} {ergonomic}
   size_t MaxNewSize                               = 1211105280                                {product} {ergonomic}
   size_t MinHeapDeltaBytes                        = 1048576                                   {product} {ergonomic}
   size_t MinHeapSize                              = 8388608                                   {product} {ergonomic}
    uintx NonNMethodCodeHeapSize                   = 5832780                                {pd product} {ergonomic}
    uintx NonProfiledCodeHeapSize                  = 122912730                              {pd product} {ergonomic}
    uintx ProfiledCodeHeapSize                     = 122912730                              {pd product} {ergonomic}
    uintx ReservedCodeCacheSize                    = 251658240                              {pd product} {ergonomic}
     bool SegmentedCodeCache                       = true                                      {product} {ergonomic}
   size_t SoftMaxHeapSize                          = 2019557376                             {manageable} {ergonomic}
     bool UseCompressedClassPointers               = true                           {product lp64_product} {ergonomic}
     bool UseCompressedOops                        = true                           {product lp64_product} {ergonomic}
     bool UseG1GC                                  = true                                      {product} {ergonomic}

Logging:
Log output configuration:
 #0: stdout all=warning uptime,level,tags
 #1: stderr all=off uptime,level,tags

Environment Variables:
JAVA_HOME=/usr/lib/jvm/jdk-17
PATH=/usr/local/sbin:/usr/local/bin:/usr/sbin:/usr/bin:/sbin:/bin:/usr/games:/usr/local/games:/snap/bin:/snap/bin:/home/sheriff/Android/Sdk/emulator:/home/sheriff/Android/Sdk/platform-tools:/home/sheriff/Android/Sdk/tools:/home/sheriff/Android/Sdk/tools/bin:/snap/android-studio/current/android-studio/bin:/usr/lib/jvm/jdk-17/bin:/usr/lib/jvm/jdk-17/db/bin
USERNAME=sheriff
SHELL=/bin/bash
DISPLAY=:0
LANG=en_US.UTF-8

Signal Handlers:
   SIGSEGV: crash_handler in libjvm.so, mask=11100100010111111101111111111110, flags=SA_RESTART|SA_SIGINFO
    SIGBUS: crash_handler in libjvm.so, mask=11100100010111111101111111111110, flags=SA_RESTART|SA_SIGINFO
    SIGFPE: crash_handler in libjvm.so, mask=11100100010111111101111111111110, flags=SA_RESTART|SA_SIGINFO
   SIGPIPE: javaSignalHandler in libjvm.so, mask=11100100010111111101111111111110, flags=SA_RESTART|SA_SIGINFO
   SIGXFSZ: javaSignalHandler in libjvm.so, mask=11100100010111111101111111111110, flags=SA_RESTART|SA_SIGINFO
    SIGILL: crash_handler in libjvm.so, mask=11100100010111111101111111111110, flags=SA_RESTART|SA_SIGINFO
   SIGUSR2: SR_handler in libjvm.so, mask=00100000000000000000000000000000, flags=SA_RESTART|SA_SIGINFO
    SIGHUP: UserHandler in libjvm.so, mask=11100100010111111101111111111110, flags=SA_RESTART|SA_SIGINFO
    SIGINT: UserHandler in libjvm.so, mask=11100100010111111101111111111110, flags=SA_RESTART|SA_SIGINFO
   SIGTERM: UserHandler in libjvm.so, mask=11100100010111111101111111111110, flags=SA_RESTART|SA_SIGINFO
   SIGQUIT: UserHandler in libjvm.so, mask=11100100010111111101111111111110, flags=SA_RESTART|SA_SIGINFO
   SIGTRAP: crash_handler in libjvm.so, mask=11100100010111111101111111111110, flags=SA_RESTART|SA_SIGINFO


---------------  S Y S T E M  ---------------

OS:
DISTRIB_ID=Ubuntu
DISTRIB_RELEASE=22.04
DISTRIB_CODENAME=jammy
DISTRIB_DESCRIPTION="Ubuntu 22.04.1 LTS"
uname: Linux 5.19.0-32-generic #33~22.04.1-Ubuntu SMP PREEMPT_DYNAMIC Mon Jan 30 17:03:34 UTC 2 x86_64
OS uptime: 0 days 6:51 hours
libc: glibc 2.35 NPTL 2.35 
rlimit (soft/hard): STACK 8192k/infinity , CORE 0k/infinity , NPROC 30199/30199 , NOFILE 1048576/1048576 , AS infinity/infinity , CPU infinity/infinity , DATA infinity/infinity , FSIZE infinity/infinity , MEMLOCK 985140k/985140k
load average: 1,98 2,52 3,12

/proc/meminfo:
MemTotal:        7881120 kB
MemFree:          123376 kB
MemAvailable:     709808 kB
Buffers:           82288 kB
Cached:           649904 kB
SwapCached:      1592444 kB
Active:          3110604 kB
Inactive:        3915728 kB
Active(anon):    2753736 kB
Inactive(anon):  3550592 kB
Active(file):     356868 kB
Inactive(file):   365136 kB
Unevictable:           0 kB
Mlocked:               0 kB
SwapTotal:      15728636 kB
SwapFree:       10041084 kB
Zswap:                 0 kB
Zswapped:              0 kB
Dirty:               284 kB
Writeback:             0 kB
AnonPages:       6181340 kB
Mapped:           271004 kB
Shmem:             10164 kB
KReclaimable:     169624 kB
Slab:             373464 kB
SReclaimable:     169624 kB
SUnreclaim:       203840 kB
KernelStack:       27088 kB
PageTables:        67612 kB
NFS_Unstable:          0 kB
Bounce:                0 kB
WritebackTmp:          0 kB
CommitLimit:    19669196 kB
Committed_AS:   16499148 kB
VmallocTotal:   34359738367 kB
VmallocUsed:       82356 kB
VmallocChunk:          0 kB
Percpu:             4608 kB
HardwareCorrupted:     0 kB
AnonHugePages:         0 kB
ShmemHugePages:        0 kB
ShmemPmdMapped:        0 kB
FileHugePages:         0 kB
FilePmdMapped:         0 kB
HugePages_Total:       0
HugePages_Free:        0
HugePages_Rsvd:        0
HugePages_Surp:        0
Hugepagesize:       2048 kB
Hugetlb:               0 kB
DirectMap4k:      393784 kB
DirectMap2M:     5634048 kB
DirectMap1G:     4194304 kB

/sys/kernel/mm/transparent_hugepage/enabled: always [madvise] never
/sys/kernel/mm/transparent_hugepage/defrag (defrag/compaction efforts parameter): always defer defer+madvise [madvise] never

Process Memory:
Virtual Size: 5445324K (peak: 5445324K)
Resident Set Size: 127864K (peak: 127864K) (anon: 100200K, file: 27664K, shmem: 0K)
Swapped out: 0K
C-Heap outstanding allocations: 33530K

/proc/sys/kernel/threads-max (system-wide limit on the number of threads): 60398
/proc/sys/vm/max_map_count (maximum number of memory map areas a process may have): 65530
/proc/sys/kernel/pid_max (system-wide limit on number of process identifiers): 4194304

container (cgroup) information:
container_type: cgroupv2
cpu_cpuset_cpus: not supported
cpu_memory_nodes: not supported
active_processor_count: 4
cpu_quota: not supported
cpu_period: not supported
cpu_shares: not supported
memory_limit_in_bytes: unlimited
memory_and_swap_limit_in_bytes: unlimited
memory_soft_limit_in_bytes: unlimited
memory_usage_in_bytes: 5373730816
memory_max_usage_in_bytes: not supported
maximum number of tasks: 9059
current number of tasks: 298

Steal ticks since vm start: 0
Steal ticks percentage since vm start:  0,000

CPU: total 4 (initial active 4) (4 cores per cpu, 1 threads per core) family 16 model 5 stepping 3 microcode 0x10000c8, cx8, cmov, fxsr, mmx, 3dnowpref, sse, sse2, sse3, sse4a, popcnt, lzcnt, tsc, tscinvbit, clflush
CPU Model and flags from /proc/cpuinfo:
model name	: AMD Phenom(tm) II N970 Quad-Core Processor
flags		: fpu vme de pse tsc msr pae mce cx8 apic sep mtrr pge mca cmov pat pse36 clflush mmx fxsr sse sse2 ht syscall nx mmxext fxsr_opt pdpe1gb rdtscp lm 3dnowext 3dnow constant_tsc rep_good nopl nonstop_tsc cpuid extd_apicid pni monitor cx16 popcnt lahf_lm cmp_legacy svm extapic cr8_legacy abm sse4a misalignsse 3dnowprefetch osvw ibs skinit wdt nodeid_msr hw_pstate vmmcall npt lbrv svm_lock nrip_save

Online cpus: 0-3
Offline cpus: 
BIOS frequency limitation: 2200000
Frequency switch latency (ns): 4000
Available cpu frequencies: 2200000 1900000 1600000 1300000 800000 
Current governor: schedutil
Core performance/turbo boost: <Not Available>

Memory: 4k page, physical 7881120k(123376k free), swap 15728636k(10041084k free)
Page Sizes: 4k

vm_info: Java HotSpot(TM) 64-Bit Server VM (17.0.3.1+2-LTS-6) for linux-amd64 JRE (17.0.3.1+2-LTS-6), built on Apr 25 2022 20:44:52 by "mach5one" with gcc 10.3.0

END.
