#
# A fatal error has been detected by the Java Runtime Environment:
#
#  SIGILL (0x4) at pc=0x00007f2509a0d190, pid=86373, tid=86403
#
# JRE version: Java(TM) SE Runtime Environment (17.0.3.1+2) (build 17.0.3.1+2-LTS-6)
# Java VM: Java HotSpot(TM) 64-Bit Server VM (17.0.3.1+2-LTS-6, mixed mode, sharing, tiered, compressed oops, compressed class ptrs, g1 gc, linux-amd64)
# Problematic frame:
# C  [libnetty_transport_native_epoll7668062799542861214.so+0xd190]
#
# Core dump will be written. Default location: Core dumps may be processed with "/usr/share/apport/apport -p%p -s%s -c%c -d%d -P%P -u%u -g%g -- %E" (or dumping to /home/sheriff/dev/projects.android/home/app/core.86373)
#
# If you would like to submit a bug report, please visit:
#   https://bugreport.java.com/bugreport/crash.jsp
# The crash happened outside the Java Virtual Machine in native code.
# See problematic frame for where to report the bug.
#

---------------  S U M M A R Y ------------

Command Line: -Djava.awt.headless=true -Djava.util.logging.config.file=/home/sheriff/.android/utp/logging6137075032332446627properties -Dfile.encoding=UTF-8 -Duser.country=US -Duser.language=en -Duser.variant com.google.testing.platform.launcher.Launcher /home/sheriff/.gradle/caches/modules-2/files-2.1/com.google.testing.platform/core/0.0.8-alpha07/185ff5f0c2380a7a283320bc5ec9130dbcbbb030/core-0.0.8-alpha07.jar --proto_config=/home/sheriff/.android/utp/runnerConfig1882772975415093123.pb --proto_server_config=/home/sheriff/.android/utp/serverConfig11112509826952535411.pb

Host: AMD Phenom(tm) II N970 Quad-Core Processor, 4 cores, 7G, Ubuntu 22.04.1 LTS
Time: Wed Mar  1 16:51:53 2023 MSK elapsed time: 6.931507 seconds (0d 0h 0m 6s)

---------------  T H R E A D  ---------------

Current thread (0x00007f24b4092610):  JavaThread "grpc-default-worker-ELG-4-2" daemon [_thread_in_native, id=86403, stack(0x00007f2508300000,0x00007f2508400000)]

Stack: [0x00007f2508300000,0x00007f2508400000],  sp=0x00007f25083fde50,  free space=1015k
Native frames: (J=compiled Java code, j=interpreted, Vv=VM code, C=native code)
C  [libnetty_transport_native_epoll7668062799542861214.so+0xd190]
j  io.netty.channel.unix.Socket.connect(IZ[BII)I+0
j  io.netty.channel.unix.Socket.connect(Ljava/net/SocketAddress;)Z+49
j  io.netty.channel.epoll.AbstractEpollChannel.doConnect0(Ljava/net/SocketAddress;)Z+7
j  io.netty.channel.epoll.AbstractEpollChannel.doConnect(Ljava/net/SocketAddress;Ljava/net/SocketAddress;)Z+67
j  io.netty.channel.epoll.AbstractEpollChannel$AbstractEpollUnsafe.connect(Ljava/net/SocketAddress;Ljava/net/SocketAddress;Lio/netty/channel/ChannelPromise;)V+51
j  io.netty.channel.DefaultChannelPipeline$HeadContext.connect(Lio/netty/channel/ChannelHandlerContext;Ljava/net/SocketAddress;Ljava/net/SocketAddress;Lio/netty/channel/ChannelPromise;)V+8
j  io.netty.channel.AbstractChannelHandlerContext.invokeConnect(Ljava/net/SocketAddress;Ljava/net/SocketAddress;Lio/netty/channel/ChannelPromise;)V+18
j  io.netty.channel.AbstractChannelHandlerContext.connect(Ljava/net/SocketAddress;Ljava/net/SocketAddress;Lio/netty/channel/ChannelPromise;)Lio/netty/channel/ChannelFuture;+49
j  io.netty.channel.ChannelDuplexHandler.connect(Lio/netty/channel/ChannelHandlerContext;Ljava/net/SocketAddress;Ljava/net/SocketAddress;Lio/netty/channel/ChannelPromise;)V+5
j  io.grpc.netty.WriteBufferingAndExceptionHandler.connect(Lio/netty/channel/ChannelHandlerContext;Ljava/net/SocketAddress;Ljava/net/SocketAddress;Lio/netty/channel/ChannelPromise;)V+6
j  io.netty.channel.AbstractChannelHandlerContext.invokeConnect(Ljava/net/SocketAddress;Ljava/net/SocketAddress;Lio/netty/channel/ChannelPromise;)V+18
j  io.netty.channel.AbstractChannelHandlerContext.access$1000(Lio/netty/channel/AbstractChannelHandlerContext;Ljava/net/SocketAddress;Ljava/net/SocketAddress;Lio/netty/channel/ChannelPromise;)V+4
j  io.netty.channel.AbstractChannelHandlerContext$9.run()V+16
j  io.netty.util.concurrent.AbstractEventExecutor.safeExecute(Ljava/lang/Runnable;)V+1
j  io.netty.util.concurrent.SingleThreadEventExecutor.runAllTasks(J)Z+41
j  io.netty.channel.epoll.EpollEventLoop.run()V+345
j  io.netty.util.concurrent.SingleThreadEventExecutor$4.run()V+44
j  io.netty.util.internal.ThreadExecutorMap$2.run()V+11
j  io.netty.util.concurrent.FastThreadLocalRunnable.run()V+4
j  java.lang.Thread.run()V+11 java.base@17.0.3.1
v  ~StubRoutines::call_stub
V  [libjvm.so+0x7f4f65]  JavaCalls::call_helper(JavaValue*, methodHandle const&, JavaCallArguments*, JavaThread*)+0x315
V  [libjvm.so+0x7f675b]  JavaCalls::call_virtual(JavaValue*, Handle, Klass*, Symbol*, Symbol*, JavaThread*)+0x1cb
V  [libjvm.so+0x8be843]  thread_entry(JavaThread*, JavaThread*)+0xa3
V  [libjvm.so+0xd93570]  JavaThread::thread_main_inner()+0xd0
V  [libjvm.so+0xd96bfe]  Thread::call_run()+0xde
V  [libjvm.so+0xbebcb1]  thread_native_entry(Thread*)+0xe1

Java frames: (J=compiled Java code, j=interpreted, Vv=VM code)
j  io.netty.channel.unix.Socket.connect(IZ[BII)I+0
j  io.netty.channel.unix.Socket.connect(Ljava/net/SocketAddress;)Z+49
j  io.netty.channel.epoll.AbstractEpollChannel.doConnect0(Ljava/net/SocketAddress;)Z+7
j  io.netty.channel.epoll.AbstractEpollChannel.doConnect(Ljava/net/SocketAddress;Ljava/net/SocketAddress;)Z+67
j  io.netty.channel.epoll.AbstractEpollChannel$AbstractEpollUnsafe.connect(Ljava/net/SocketAddress;Ljava/net/SocketAddress;Lio/netty/channel/ChannelPromise;)V+51
j  io.netty.channel.DefaultChannelPipeline$HeadContext.connect(Lio/netty/channel/ChannelHandlerContext;Ljava/net/SocketAddress;Ljava/net/SocketAddress;Lio/netty/channel/ChannelPromise;)V+8
j  io.netty.channel.AbstractChannelHandlerContext.invokeConnect(Ljava/net/SocketAddress;Ljava/net/SocketAddress;Lio/netty/channel/ChannelPromise;)V+18
j  io.netty.channel.AbstractChannelHandlerContext.connect(Ljava/net/SocketAddress;Ljava/net/SocketAddress;Lio/netty/channel/ChannelPromise;)Lio/netty/channel/ChannelFuture;+49
j  io.netty.channel.ChannelDuplexHandler.connect(Lio/netty/channel/ChannelHandlerContext;Ljava/net/SocketAddress;Ljava/net/SocketAddress;Lio/netty/channel/ChannelPromise;)V+5
j  io.grpc.netty.WriteBufferingAndExceptionHandler.connect(Lio/netty/channel/ChannelHandlerContext;Ljava/net/SocketAddress;Ljava/net/SocketAddress;Lio/netty/channel/ChannelPromise;)V+6
j  io.netty.channel.AbstractChannelHandlerContext.invokeConnect(Ljava/net/SocketAddress;Ljava/net/SocketAddress;Lio/netty/channel/ChannelPromise;)V+18
j  io.netty.channel.AbstractChannelHandlerContext.access$1000(Lio/netty/channel/AbstractChannelHandlerContext;Ljava/net/SocketAddress;Ljava/net/SocketAddress;Lio/netty/channel/ChannelPromise;)V+4
j  io.netty.channel.AbstractChannelHandlerContext$9.run()V+16
j  io.netty.util.concurrent.AbstractEventExecutor.safeExecute(Ljava/lang/Runnable;)V+1
j  io.netty.util.concurrent.SingleThreadEventExecutor.runAllTasks(J)Z+41
j  io.netty.channel.epoll.EpollEventLoop.run()V+345
j  io.netty.util.concurrent.SingleThreadEventExecutor$4.run()V+44
j  io.netty.util.internal.ThreadExecutorMap$2.run()V+11
j  io.netty.util.concurrent.FastThreadLocalRunnable.run()V+4
j  java.lang.Thread.run()V+11 java.base@17.0.3.1
v  ~StubRoutines::call_stub

siginfo: si_signo: 4 (SIGILL), si_code: 2 (ILL_ILLOPN), si_addr: 0x00007f2509a0d190

Register to memory mapping:

RAX=0x0100007fffff0000 is an unknown value
RBX=0x00007f24b40928b8 points into unknown readable memory: 0x00007f253b1e82e0 | e0 82 1e 3b 25 7f 00 00
RCX=0x00007f24b4092610 is a thread
RDX=0x00007f24b4086f48 points into unknown readable memory: 0x0000000000000035 | 35 00 00 00 00 00 00 00
RSP=0x00007f25083fde50 is pointing into the stack for thread: 0x00007f24b4092610
RBP=0x00007f25083fdf10 is pointing into the stack for thread: 0x00007f24b4092610
RSI=0x00007f24b4092610 is a thread
RDI=0x00007f24b4092898 points into unknown readable memory: 0x00007f25083fdf20 | 20 df 3f 08 25 7f 00 00
R8 =0x000000008de9a1b0 is pointing into object: [B 
{0x000000008de9a1a0} - klass: {type array byte}
 - length: 16
R9 =0x00007f24b4092610 is a thread
R10=0x0 is NULL
R11=0x00000000000003d8 is an unknown value
R12=0x0000000000000001 is an unknown value
R13=0x00007f25083fdfc8 is pointing into the stack for thread: 0x00007f24b4092610
R14=0x000000000000005e is an unknown value
R15=0x0000000000009825 is an unknown value


Registers:
RAX=0x0100007fffff0000, RBX=0x00007f24b40928b8, RCX=0x00007f24b4092610, RDX=0x00007f24b4086f48
RSP=0x00007f25083fde50, RBP=0x00007f25083fdf10, RSI=0x00007f24b4092610, RDI=0x00007f24b4092898
R8 =0x000000008de9a1b0, R9 =0x00007f24b4092610, R10=0x0000000000000000, R11=0x00000000000003d8
R12=0x0000000000000001, R13=0x00007f25083fdfc8, R14=0x000000000000005e, R15=0x0000000000009825
RIP=0x00007f2509a0d190, EFLAGS=0x0000000000010206, CSGSFS=0x002b000000000033, ERR=0x0000000000000000
  TRAPNO=0x0000000000000006

Top of Stack: (sp=0x00007f25083fde50)
0x00007f25083fde50:   000000009825000a 00007f25083fdec0
0x00007f25083fde60:   0000000000000000 0000000000000000
0x00007f25083fde70:   00007f24b4092600 0000000000000000
0x00007f25083fde80:   0000000000000000 0000000000000000 

Instructions: (pc=0x00007f2509a0d190)
0x00007f2509a0d090:   16 66 2e 0f 1f 84 00 00 00 00 00 0f 1f 44 00 00
0x00007f2509a0d0a0:   55 48 89 e5 89 d7 89 ce e8 03 2c 00 00 89 c1 31
0x00007f2509a0d0b0:   c0 83 f9 ff 74 02 5d c3 e8 23 28 00 00 48 85 c0
0x00007f2509a0d0c0:   74 09 48 89 c1 31 c0 2b 01 5d c3 67 0f b9 40 16
0x00007f2509a0d0d0:   55 48 89 e5 41 57 41 56 41 55 41 54 53 48 81 ec
0x00007f2509a0d0e0:   98 00 00 00 48 85 ff 0f 84 4b 01 00 00 48 89 fb
0x00007f2509a0d0f0:   48 8b 07 48 85 c0 0f 84 3c 01 00 00 45 89 cf 4d
0x00007f2509a0d100:   89 c5 41 89 cc 41 89 d6 48 89 df 4c 89 c6 ff 90
0x00007f2509a0d110:   58 05 00 00 83 f8 10 7e 07 b0 01 e9 b8 00 00 00
0x00007f2509a0d120:   4c 8b 0b 4d 85 c9 0f 84 0c 01 00 00 44 89 7d d4
0x00007f2509a0d130:   44 0f b7 7d 10 66 41 c1 c7 08 4c 8d 45 c0 48 89
0x00007f2509a0d140:   df 4c 89 ee 31 d2 89 c1 41 ff 91 40 06 00 00 41
0x00007f2509a0d150:   80 fc 01 75 48 66 c7 85 40 ff ff ff 0a 00 66 44
0x00007f2509a0d160:   89 bd 42 ff ff ff c7 85 44 ff ff ff 00 00 00 00
0x00007f2509a0d170:   8b 45 d4 89 85 58 ff ff ff 48 8b 45 c0 48 0b 45
0x00007f2509a0d180:   c8 74 3c 66 0f 6f 45 c0 66 0f ef 05 50 87 ff ff
0x00007f2509a0d190:   66 0f 38 17 c0 74 28 0f 28 45 c0 eb 2c 66 c7 85
0x00007f2509a0d1a0:   40 ff ff ff 02 00 66 44 89 bd 42 ff ff ff 8b 45
0x00007f2509a0d1b0:   cc 89 85 44 ff ff ff 41 bf 10 00 00 00 eb 17 48
0x00007f2509a0d1c0:   8b 05 9a 3a 20 00 0f 10 00 0f 11 85 48 ff ff ff
0x00007f2509a0d1d0:   41 bf 1c 00 00 00 31 c0 bb ff ff ff ff 84 c0 75
0x00007f2509a0d1e0:   43 4c 8d a5 40 ff ff ff 0f 1f 84 00 00 00 00 00
0x00007f2509a0d1f0:   44 89 f7 4c 89 e6 44 89 fa e8 c2 2a 00 00 89 c3
0x00007f2509a0d200:   83 f8 ff 75 13 e8 d6 26 00 00 48 85 c0 74 29 8b
0x00007f2509a0d210:   00 83 f8 04 74 da eb 05 b8 04 00 00 00 f7 d8 c1
0x00007f2509a0d220:   fb 1f 21 c3 89 d8 48 81 c4 98 00 00 00 5b 41 5c
0x00007f2509a0d230:   41 5d 41 5e 41 5f 5d c3 67 0f b9 40 16 0f 1f 00
0x00007f2509a0d240:   55 48 89 e5 41 56 53 48 83 ec 10 49 89 fe c7 45
0x00007f2509a0d250:   e8 04 00 00 00 48 8d 4d ec 4c 8d 45 e8 89 d7 be
0x00007f2509a0d260:   01 00 00 00 ba 04 00 00 00 e8 02 2a 00 00 89 c3
0x00007f2509a0d270:   85 c0 79 2a e8 67 26 00 00 48 85 c0 74 39 8b 10
0x00007f2509a0d280:   83 fa 09 75 0a 4c 89 f7 e8 d3 29 00 00 eb 0f 48 


Stack slot to memory mapping:
stack at sp + 0 slots: 0x000000009825000a is an unallocated location in the heap
stack at sp + 1 slots: 0x00007f25083fdec0 is pointing into the stack for thread: 0x00007f24b4092610
stack at sp + 2 slots: 0x0 is NULL
stack at sp + 3 slots: 0x0 is NULL
stack at sp + 4 slots: 0x00007f24b4092600 points into unknown readable memory: 0x492f676e616c2f61 | 61 2f 6c 61 6e 67 2f 49
stack at sp + 5 slots: 0x0 is NULL
stack at sp + 6 slots: 0x0 is NULL
stack at sp + 7 slots: 0x0 is NULL


---------------  P R O C E S S  ---------------

Threads class SMR info:
_java_thread_list=0x00007f2534e42a60, length=17, elements={
0x00007f2534024360, 0x00007f2534122d30, 0x00007f2534124110, 0x00007f253412a380,
0x00007f253412b730, 0x00007f253412cb40, 0x00007f253412e4f0, 0x00007f253412fa20,
0x00007f2534130e90, 0x00007f2534148620, 0x00007f253414bf30, 0x00007f2534cc0c50,
0x00007f2534cca4e0, 0x00007f24b4004f30, 0x00007f24b8017050, 0x00007f24b4092610,
0x00007f2534e41e40
}

Java Threads: ( => current thread )
  0x00007f2534024360 JavaThread "main" [_thread_in_vm, id=86376, stack(0x00007f253b300000,0x00007f253b400000)]
  0x00007f2534122d30 JavaThread "Reference Handler" daemon [_thread_blocked, id=86383, stack(0x00007f2538221000,0x00007f2538321000)]
  0x00007f2534124110 JavaThread "Finalizer" daemon [_thread_blocked, id=86384, stack(0x00007f2538121000,0x00007f2538221000)]
  0x00007f253412a380 JavaThread "Signal Dispatcher" daemon [_thread_blocked, id=86385, stack(0x00007f2538021000,0x00007f2538121000)]
  0x00007f253412b730 JavaThread "Service Thread" daemon [_thread_blocked, id=86386, stack(0x00007f25198d0000,0x00007f25199d0000)]
  0x00007f253412cb40 JavaThread "Monitor Deflation Thread" daemon [_thread_blocked, id=86387, stack(0x00007f2518900000,0x00007f2518a00000)]
  0x00007f253412e4f0 JavaThread "C2 CompilerThread0" daemon [_thread_in_native, id=86388, stack(0x00007f2518800000,0x00007f2518900000)]
  0x00007f253412fa20 JavaThread "C1 CompilerThread0" daemon [_thread_blocked, id=86389, stack(0x00007f2518700000,0x00007f2518800000)]
  0x00007f2534130e90 JavaThread "Sweeper thread" daemon [_thread_blocked, id=86390, stack(0x00007f2518600000,0x00007f2518700000)]
  0x00007f2534148620 JavaThread "Notification Thread" daemon [_thread_blocked, id=86391, stack(0x00007f2518500000,0x00007f2518600000)]
  0x00007f253414bf30 JavaThread "Common-Cleaner" daemon [_thread_blocked, id=86393, stack(0x00007f25182fe000,0x00007f25183fe000)]
  0x00007f2534cc0c50 JavaThread "grpc-default-worker-ELG-4-1" daemon [_thread_in_native, id=86399, stack(0x00007f2508f00000,0x00007f2509000000)]
  0x00007f2534cca4e0 JavaThread "grpc-default-executor-0" daemon [_thread_blocked, id=86400, stack(0x00007f2508e00000,0x00007f2508f00000)]
  0x00007f24b4004f30 JavaThread "grpc-default-executor-1" daemon [_thread_blocked, id=86401, stack(0x00007f2508d00000,0x00007f2508e00000)]
  0x00007f24b8017050 JavaThread "grpc-default-executor-2" daemon [_thread_blocked, id=86402, stack(0x00007f2508c00000,0x00007f2508d00000)]
=>0x00007f24b4092610 JavaThread "grpc-default-worker-ELG-4-2" daemon [_thread_in_native, id=86403, stack(0x00007f2508300000,0x00007f2508400000)]
  0x00007f2534e41e40 JavaThread "Monitor" [_thread_in_vm, id=86404, stack(0x00007f24abf00000,0x00007f24ac000000)]

Other Threads:
  0x00007f253411ee90 VMThread "VM Thread" [stack: 0x00007f2538323000,0x00007f2538423000] [id=86382]
  0x00007f253414a0a0 WatcherThread [stack: 0x00007f2518400000,0x00007f2518500000] [id=86392]
  0x00007f253407cd90 GCTaskThread "GC Thread#0" [stack: 0x00007f2538ddd000,0x00007f2538edd000] [id=86377]
  0x00007f2500005190 GCTaskThread "GC Thread#1" [stack: 0x00007f25181fe000,0x00007f25182fe000] [id=86395]
  0x00007f250000b010 GCTaskThread "GC Thread#2" [stack: 0x00007f25180fc000,0x00007f25181fc000] [id=86396]
  0x00007f250000a990 GCTaskThread "GC Thread#3" [stack: 0x00007f2509f00000,0x00007f250a000000] [id=86397]
  0x00007f253408d430 ConcurrentGCThread "G1 Main Marker" [stack: 0x00007f2538cdb000,0x00007f2538ddb000] [id=86378]
  0x00007f253408e390 ConcurrentGCThread "G1 Conc#0" [stack: 0x00007f2538bd9000,0x00007f2538cd9000] [id=86379]
  0x00007f25340f1540 ConcurrentGCThread "G1 Refine#0" [stack: 0x00007f25386d3000,0x00007f25387d3000] [id=86380]
  0x00007f2504000eb0 ConcurrentGCThread "G1 Refine#1" [stack: 0x00007f2509900000,0x00007f2509a00000] [id=86398]
  0x00007f25340f2430 ConcurrentGCThread "G1 Service" [stack: 0x00007f25385d1000,0x00007f25386d1000] [id=86381]

Threads with active compile tasks:
C2 CompilerThread0     7023 1444   !   4       jdk.internal.loader.BuiltinClassLoader::loadClassOrNull (143 bytes)

VM state: not at safepoint (normal execution)

VM Mutex/Monitor currently owned by a thread: None

Heap address: 0x0000000087a00000, size: 1926 MB, Compressed Oops mode: 32-bit

CDS archive(s) mapped at: [0x0000000800000000-0x0000000800be0000-0x0000000800be0000), size 12451840, SharedBaseAddress: 0x0000000800000000, ArchiveRelocationMode: 0.
Compressed class space mapped at: 0x0000000800c00000-0x0000000840c00000, reserved size: 1073741824
Narrow klass base: 0x0000000800000000, Narrow klass shift: 0, Narrow klass range: 0x100000000

GC Precious Log:
 CPUs: 4 total, 4 available
 Memory: 7696M
 Large Page Support: Disabled
 NUMA Support: Disabled
 Compressed Oops: Enabled (32-bit)
 Heap Region Size: 1M
 Heap Min Capacity: 8M
 Heap Initial Capacity: 122M
 Heap Max Capacity: 1926M
 Pre-touch: Disabled
 Parallel Workers: 4
 Concurrent Workers: 1
 Concurrent Refinement Workers: 4
 Periodic GC: Disabled

Heap:
 garbage-first heap   total 126976K, used 31815K [0x0000000087a00000, 0x0000000100000000)
  region size 1024K, 26 young (26624K), 3 survivors (3072K)
 Metaspace       used 20105K, committed 20416K, reserved 1073152K
  class space    used 2400K, committed 2560K, reserved 1048576K

Heap Regions: E=young(eden), S=young(survivor), O=old, HS=humongous(starts), HC=humongous(continues), CS=collection set, F=free, OA=open archive, CA=closed archive, TAMS=top-at-mark-start (previous, next)
|   0|0x0000000087a00000, 0x0000000087b00000, 0x0000000087b00000|100%|HS|  |TAMS 0x0000000087a00000, 0x0000000087a00000| Complete 
|   1|0x0000000087b00000, 0x0000000087c00000, 0x0000000087c00000|100%|HS|  |TAMS 0x0000000087b00000, 0x0000000087b00000| Complete 
|   2|0x0000000087c00000, 0x0000000087d00000, 0x0000000087d00000|100%|HC|  |TAMS 0x0000000087c00000, 0x0000000087c00000| Complete 
|   3|0x0000000087d00000, 0x0000000087d00000, 0x0000000087e00000|  0%| F|  |TAMS 0x0000000087d00000, 0x0000000087d00000| Untracked 
|   4|0x0000000087e00000, 0x0000000087f00000, 0x0000000087f00000|100%| O|  |TAMS 0x0000000087e00000, 0x0000000087e00000| Untracked 
|   5|0x0000000087f00000, 0x0000000088000000, 0x0000000088000000|100%| O|  |TAMS 0x0000000087f00000, 0x0000000087f00000| Untracked 
|   6|0x0000000088000000, 0x0000000088018e00, 0x0000000088100000|  9%| O|  |TAMS 0x0000000088000000, 0x0000000088000000| Untracked 
|   7|0x0000000088100000, 0x0000000088100000, 0x0000000088200000|  0%| F|  |TAMS 0x0000000088100000, 0x0000000088100000| Untracked 
|   8|0x0000000088200000, 0x0000000088200000, 0x0000000088300000|  0%| F|  |TAMS 0x0000000088200000, 0x0000000088200000| Untracked 
|   9|0x0000000088300000, 0x0000000088300000, 0x0000000088400000|  0%| F|  |TAMS 0x0000000088300000, 0x0000000088300000| Untracked 
|  10|0x0000000088400000, 0x0000000088400000, 0x0000000088500000|  0%| F|  |TAMS 0x0000000088400000, 0x0000000088400000| Untracked 
|  11|0x0000000088500000, 0x0000000088500000, 0x0000000088600000|  0%| F|  |TAMS 0x0000000088500000, 0x0000000088500000| Untracked 
|  12|0x0000000088600000, 0x0000000088600000, 0x0000000088700000|  0%| F|  |TAMS 0x0000000088600000, 0x0000000088600000| Untracked 
|  13|0x0000000088700000, 0x0000000088700000, 0x0000000088800000|  0%| F|  |TAMS 0x0000000088700000, 0x0000000088700000| Untracked 
|  14|0x0000000088800000, 0x0000000088800000, 0x0000000088900000|  0%| F|  |TAMS 0x0000000088800000, 0x0000000088800000| Untracked 
|  15|0x0000000088900000, 0x0000000088900000, 0x0000000088a00000|  0%| F|  |TAMS 0x0000000088900000, 0x0000000088900000| Untracked 
|  16|0x0000000088a00000, 0x0000000088a00000, 0x0000000088b00000|  0%| F|  |TAMS 0x0000000088a00000, 0x0000000088a00000| Untracked 
|  17|0x0000000088b00000, 0x0000000088b00000, 0x0000000088c00000|  0%| F|  |TAMS 0x0000000088b00000, 0x0000000088b00000| Untracked 
|  18|0x0000000088c00000, 0x0000000088c00000, 0x0000000088d00000|  0%| F|  |TAMS 0x0000000088c00000, 0x0000000088c00000| Untracked 
|  19|0x0000000088d00000, 0x0000000088d00000, 0x0000000088e00000|  0%| F|  |TAMS 0x0000000088d00000, 0x0000000088d00000| Untracked 
|  20|0x0000000088e00000, 0x0000000088e00000, 0x0000000088f00000|  0%| F|  |TAMS 0x0000000088e00000, 0x0000000088e00000| Untracked 
|  21|0x0000000088f00000, 0x0000000088f00000, 0x0000000089000000|  0%| F|  |TAMS 0x0000000088f00000, 0x0000000088f00000| Untracked 
|  22|0x0000000089000000, 0x0000000089000000, 0x0000000089100000|  0%| F|  |TAMS 0x0000000089000000, 0x0000000089000000| Untracked 
|  23|0x0000000089100000, 0x0000000089100000, 0x0000000089200000|  0%| F|  |TAMS 0x0000000089100000, 0x0000000089100000| Untracked 
|  24|0x0000000089200000, 0x0000000089200000, 0x0000000089300000|  0%| F|  |TAMS 0x0000000089200000, 0x0000000089200000| Untracked 
|  25|0x0000000089300000, 0x0000000089300000, 0x0000000089400000|  0%| F|  |TAMS 0x0000000089300000, 0x0000000089300000| Untracked 
|  26|0x0000000089400000, 0x0000000089400000, 0x0000000089500000|  0%| F|  |TAMS 0x0000000089400000, 0x0000000089400000| Untracked 
|  27|0x0000000089500000, 0x0000000089500000, 0x0000000089600000|  0%| F|  |TAMS 0x0000000089500000, 0x0000000089500000| Untracked 
|  28|0x0000000089600000, 0x0000000089600000, 0x0000000089700000|  0%| F|  |TAMS 0x0000000089600000, 0x0000000089600000| Untracked 
|  29|0x0000000089700000, 0x0000000089700000, 0x0000000089800000|  0%| F|  |TAMS 0x0000000089700000, 0x0000000089700000| Untracked 
|  30|0x0000000089800000, 0x0000000089800000, 0x0000000089900000|  0%| F|  |TAMS 0x0000000089800000, 0x0000000089800000| Untracked 
|  31|0x0000000089900000, 0x0000000089900000, 0x0000000089a00000|  0%| F|  |TAMS 0x0000000089900000, 0x0000000089900000| Untracked 
|  32|0x0000000089a00000, 0x0000000089a00000, 0x0000000089b00000|  0%| F|  |TAMS 0x0000000089a00000, 0x0000000089a00000| Untracked 
|  33|0x0000000089b00000, 0x0000000089b00000, 0x0000000089c00000|  0%| F|  |TAMS 0x0000000089b00000, 0x0000000089b00000| Untracked 
|  34|0x0000000089c00000, 0x0000000089c00000, 0x0000000089d00000|  0%| F|  |TAMS 0x0000000089c00000, 0x0000000089c00000| Untracked 
|  35|0x0000000089d00000, 0x0000000089d00000, 0x0000000089e00000|  0%| F|  |TAMS 0x0000000089d00000, 0x0000000089d00000| Untracked 
|  36|0x0000000089e00000, 0x0000000089e00000, 0x0000000089f00000|  0%| F|  |TAMS 0x0000000089e00000, 0x0000000089e00000| Untracked 
|  37|0x0000000089f00000, 0x0000000089f00000, 0x000000008a000000|  0%| F|  |TAMS 0x0000000089f00000, 0x0000000089f00000| Untracked 
|  38|0x000000008a000000, 0x000000008a000000, 0x000000008a100000|  0%| F|  |TAMS 0x000000008a000000, 0x000000008a000000| Untracked 
|  39|0x000000008a100000, 0x000000008a100000, 0x000000008a200000|  0%| F|  |TAMS 0x000000008a100000, 0x000000008a100000| Untracked 
|  40|0x000000008a200000, 0x000000008a200000, 0x000000008a300000|  0%| F|  |TAMS 0x000000008a200000, 0x000000008a200000| Untracked 
|  41|0x000000008a300000, 0x000000008a300000, 0x000000008a400000|  0%| F|  |TAMS 0x000000008a300000, 0x000000008a300000| Untracked 
|  42|0x000000008a400000, 0x000000008a400000, 0x000000008a500000|  0%| F|  |TAMS 0x000000008a400000, 0x000000008a400000| Untracked 
|  43|0x000000008a500000, 0x000000008a500000, 0x000000008a600000|  0%| F|  |TAMS 0x000000008a500000, 0x000000008a500000| Untracked 
|  44|0x000000008a600000, 0x000000008a600000, 0x000000008a700000|  0%| F|  |TAMS 0x000000008a600000, 0x000000008a600000| Untracked 
|  45|0x000000008a700000, 0x000000008a700000, 0x000000008a800000|  0%| F|  |TAMS 0x000000008a700000, 0x000000008a700000| Untracked 
|  46|0x000000008a800000, 0x000000008a800000, 0x000000008a900000|  0%| F|  |TAMS 0x000000008a800000, 0x000000008a800000| Untracked 
|  47|0x000000008a900000, 0x000000008a900000, 0x000000008aa00000|  0%| F|  |TAMS 0x000000008a900000, 0x000000008a900000| Untracked 
|  48|0x000000008aa00000, 0x000000008aa00000, 0x000000008ab00000|  0%| F|  |TAMS 0x000000008aa00000, 0x000000008aa00000| Untracked 
|  49|0x000000008ab00000, 0x000000008ab00000, 0x000000008ac00000|  0%| F|  |TAMS 0x000000008ab00000, 0x000000008ab00000| Untracked 
|  50|0x000000008ac00000, 0x000000008ac00000, 0x000000008ad00000|  0%| F|  |TAMS 0x000000008ac00000, 0x000000008ac00000| Untracked 
|  51|0x000000008ad00000, 0x000000008ad00000, 0x000000008ae00000|  0%| F|  |TAMS 0x000000008ad00000, 0x000000008ad00000| Untracked 
|  52|0x000000008ae00000, 0x000000008ae00000, 0x000000008af00000|  0%| F|  |TAMS 0x000000008ae00000, 0x000000008ae00000| Untracked 
|  53|0x000000008af00000, 0x000000008af00000, 0x000000008b000000|  0%| F|  |TAMS 0x000000008af00000, 0x000000008af00000| Untracked 
|  54|0x000000008b000000, 0x000000008b000000, 0x000000008b100000|  0%| F|  |TAMS 0x000000008b000000, 0x000000008b000000| Untracked 
|  55|0x000000008b100000, 0x000000008b100000, 0x000000008b200000|  0%| F|  |TAMS 0x000000008b100000, 0x000000008b100000| Untracked 
|  56|0x000000008b200000, 0x000000008b200000, 0x000000008b300000|  0%| F|  |TAMS 0x000000008b200000, 0x000000008b200000| Untracked 
|  57|0x000000008b300000, 0x000000008b300000, 0x000000008b400000|  0%| F|  |TAMS 0x000000008b300000, 0x000000008b300000| Untracked 
|  58|0x000000008b400000, 0x000000008b400000, 0x000000008b500000|  0%| F|  |TAMS 0x000000008b400000, 0x000000008b400000| Untracked 
|  59|0x000000008b500000, 0x000000008b500000, 0x000000008b600000|  0%| F|  |TAMS 0x000000008b500000, 0x000000008b500000| Untracked 
|  60|0x000000008b600000, 0x000000008b600000, 0x000000008b700000|  0%| F|  |TAMS 0x000000008b600000, 0x000000008b600000| Untracked 
|  61|0x000000008b700000, 0x000000008b700000, 0x000000008b800000|  0%| F|  |TAMS 0x000000008b700000, 0x000000008b700000| Untracked 
|  62|0x000000008b800000, 0x000000008b800000, 0x000000008b900000|  0%| F|  |TAMS 0x000000008b800000, 0x000000008b800000| Untracked 
|  63|0x000000008b900000, 0x000000008b900000, 0x000000008ba00000|  0%| F|  |TAMS 0x000000008b900000, 0x000000008b900000| Untracked 
|  64|0x000000008ba00000, 0x000000008ba00000, 0x000000008bb00000|  0%| F|  |TAMS 0x000000008ba00000, 0x000000008ba00000| Untracked 
|  65|0x000000008bb00000, 0x000000008bb00000, 0x000000008bc00000|  0%| F|  |TAMS 0x000000008bb00000, 0x000000008bb00000| Untracked 
|  66|0x000000008bc00000, 0x000000008bc00000, 0x000000008bd00000|  0%| F|  |TAMS 0x000000008bc00000, 0x000000008bc00000| Untracked 
|  67|0x000000008bd00000, 0x000000008bd00000, 0x000000008be00000|  0%| F|  |TAMS 0x000000008bd00000, 0x000000008bd00000| Untracked 
|  68|0x000000008be00000, 0x000000008be00000, 0x000000008bf00000|  0%| F|  |TAMS 0x000000008be00000, 0x000000008be00000| Untracked 
|  69|0x000000008bf00000, 0x000000008bf00000, 0x000000008c000000|  0%| F|  |TAMS 0x000000008bf00000, 0x000000008bf00000| Untracked 
|  70|0x000000008c000000, 0x000000008c000000, 0x000000008c100000|  0%| F|  |TAMS 0x000000008c000000, 0x000000008c000000| Untracked 
|  71|0x000000008c100000, 0x000000008c100000, 0x000000008c200000|  0%| F|  |TAMS 0x000000008c100000, 0x000000008c100000| Untracked 
|  72|0x000000008c200000, 0x000000008c200000, 0x000000008c300000|  0%| F|  |TAMS 0x000000008c200000, 0x000000008c200000| Untracked 
|  73|0x000000008c300000, 0x000000008c300000, 0x000000008c400000|  0%| F|  |TAMS 0x000000008c300000, 0x000000008c300000| Untracked 
|  74|0x000000008c400000, 0x000000008c400000, 0x000000008c500000|  0%| F|  |TAMS 0x000000008c400000, 0x000000008c400000| Untracked 
|  75|0x000000008c500000, 0x000000008c500000, 0x000000008c600000|  0%| F|  |TAMS 0x000000008c500000, 0x000000008c500000| Untracked 
|  76|0x000000008c600000, 0x000000008c600000, 0x000000008c700000|  0%| F|  |TAMS 0x000000008c600000, 0x000000008c600000| Untracked 
|  77|0x000000008c700000, 0x000000008c700000, 0x000000008c800000|  0%| F|  |TAMS 0x000000008c700000, 0x000000008c700000| Untracked 
|  78|0x000000008c800000, 0x000000008c800000, 0x000000008c900000|  0%| F|  |TAMS 0x000000008c800000, 0x000000008c800000| Untracked 
|  79|0x000000008c900000, 0x000000008c900000, 0x000000008ca00000|  0%| F|  |TAMS 0x000000008c900000, 0x000000008c900000| Untracked 
|  80|0x000000008ca00000, 0x000000008ca00000, 0x000000008cb00000|  0%| F|  |TAMS 0x000000008ca00000, 0x000000008ca00000| Untracked 
|  81|0x000000008cb00000, 0x000000008cb00000, 0x000000008cc00000|  0%| F|  |TAMS 0x000000008cb00000, 0x000000008cb00000| Untracked 
|  82|0x000000008cc00000, 0x000000008cc00000, 0x000000008cd00000|  0%| F|  |TAMS 0x000000008cc00000, 0x000000008cc00000| Untracked 
|  83|0x000000008cd00000, 0x000000008cd00000, 0x000000008ce00000|  0%| F|  |TAMS 0x000000008cd00000, 0x000000008cd00000| Untracked 
|  84|0x000000008ce00000, 0x000000008ce00000, 0x000000008cf00000|  0%| F|  |TAMS 0x000000008ce00000, 0x000000008ce00000| Untracked 
|  85|0x000000008cf00000, 0x000000008cf00000, 0x000000008d000000|  0%| F|  |TAMS 0x000000008cf00000, 0x000000008cf00000| Untracked 
|  86|0x000000008d000000, 0x000000008d000000, 0x000000008d100000|  0%| F|  |TAMS 0x000000008d000000, 0x000000008d000000| Untracked 
|  87|0x000000008d100000, 0x000000008d100000, 0x000000008d200000|  0%| F|  |TAMS 0x000000008d100000, 0x000000008d100000| Untracked 
|  88|0x000000008d200000, 0x000000008d200000, 0x000000008d300000|  0%| F|  |TAMS 0x000000008d200000, 0x000000008d200000| Untracked 
|  89|0x000000008d300000, 0x000000008d300000, 0x000000008d400000|  0%| F|  |TAMS 0x000000008d300000, 0x000000008d300000| Untracked 
|  90|0x000000008d400000, 0x000000008d400000, 0x000000008d500000|  0%| F|  |TAMS 0x000000008d400000, 0x000000008d400000| Untracked 
|  91|0x000000008d500000, 0x000000008d500000, 0x000000008d600000|  0%| F|  |TAMS 0x000000008d500000, 0x000000008d500000| Untracked 
|  92|0x000000008d600000, 0x000000008d600000, 0x000000008d700000|  0%| F|  |TAMS 0x000000008d600000, 0x000000008d600000| Untracked 
|  93|0x000000008d700000, 0x000000008d700000, 0x000000008d800000|  0%| F|  |TAMS 0x000000008d700000, 0x000000008d700000| Untracked 
|  94|0x000000008d800000, 0x000000008d800000, 0x000000008d900000|  0%| F|  |TAMS 0x000000008d800000, 0x000000008d800000| Untracked 
|  95|0x000000008d900000, 0x000000008d900000, 0x000000008da00000|  0%| F|  |TAMS 0x000000008d900000, 0x000000008d900000| Untracked 
|  96|0x000000008da00000, 0x000000008db00000, 0x000000008db00000|100%| E|  |TAMS 0x000000008da00000, 0x000000008da00000| Complete 
|  97|0x000000008db00000, 0x000000008dc00000, 0x000000008dc00000|100%| S|CS|TAMS 0x000000008db00000, 0x000000008db00000| Complete 
|  98|0x000000008dc00000, 0x000000008dd00000, 0x000000008dd00000|100%| S|CS|TAMS 0x000000008dc00000, 0x000000008dc00000| Complete 
|  99|0x000000008dd00000, 0x000000008de00000, 0x000000008de00000|100%| S|CS|TAMS 0x000000008dd00000, 0x000000008dd00000| Complete 
| 100|0x000000008de00000, 0x000000008df00000, 0x000000008df00000|100%| E|CS|TAMS 0x000000008de00000, 0x000000008de00000| Complete 
| 101|0x000000008df00000, 0x000000008e000000, 0x000000008e000000|100%| E|CS|TAMS 0x000000008df00000, 0x000000008df00000| Complete 
| 102|0x000000008e000000, 0x000000008e100000, 0x000000008e100000|100%| E|CS|TAMS 0x000000008e000000, 0x000000008e000000| Complete 
| 103|0x000000008e100000, 0x000000008e200000, 0x000000008e200000|100%| E|CS|TAMS 0x000000008e100000, 0x000000008e100000| Complete 
| 104|0x000000008e200000, 0x000000008e300000, 0x000000008e300000|100%| E|CS|TAMS 0x000000008e200000, 0x000000008e200000| Complete 
| 105|0x000000008e300000, 0x000000008e400000, 0x000000008e400000|100%| E|CS|TAMS 0x000000008e300000, 0x000000008e300000| Complete 
| 106|0x000000008e400000, 0x000000008e500000, 0x000000008e500000|100%| E|CS|TAMS 0x000000008e400000, 0x000000008e400000| Complete 
| 107|0x000000008e500000, 0x000000008e600000, 0x000000008e600000|100%| E|CS|TAMS 0x000000008e500000, 0x000000008e500000| Complete 
| 108|0x000000008e600000, 0x000000008e700000, 0x000000008e700000|100%| E|CS|TAMS 0x000000008e600000, 0x000000008e600000| Complete 
| 109|0x000000008e700000, 0x000000008e800000, 0x000000008e800000|100%| E|CS|TAMS 0x000000008e700000, 0x000000008e700000| Complete 
| 110|0x000000008e800000, 0x000000008e900000, 0x000000008e900000|100%| E|CS|TAMS 0x000000008e800000, 0x000000008e800000| Complete 
| 111|0x000000008e900000, 0x000000008ea00000, 0x000000008ea00000|100%| E|CS|TAMS 0x000000008e900000, 0x000000008e900000| Complete 
| 112|0x000000008ea00000, 0x000000008eb00000, 0x000000008eb00000|100%| E|CS|TAMS 0x000000008ea00000, 0x000000008ea00000| Complete 
| 113|0x000000008eb00000, 0x000000008ec00000, 0x000000008ec00000|100%| E|CS|TAMS 0x000000008eb00000, 0x000000008eb00000| Complete 
| 114|0x000000008ec00000, 0x000000008ed00000, 0x000000008ed00000|100%| E|CS|TAMS 0x000000008ec00000, 0x000000008ec00000| Complete 
| 115|0x000000008ed00000, 0x000000008ee00000, 0x000000008ee00000|100%| E|CS|TAMS 0x000000008ed00000, 0x000000008ed00000| Complete 
| 116|0x000000008ee00000, 0x000000008ef00000, 0x000000008ef00000|100%| E|CS|TAMS 0x000000008ee00000, 0x000000008ee00000| Complete 
| 117|0x000000008ef00000, 0x000000008f000000, 0x000000008f000000|100%| E|CS|TAMS 0x000000008ef00000, 0x000000008ef00000| Complete 
| 118|0x000000008f000000, 0x000000008f100000, 0x000000008f100000|100%| E|CS|TAMS 0x000000008f000000, 0x000000008f000000| Complete 
| 119|0x000000008f100000, 0x000000008f200000, 0x000000008f200000|100%| E|CS|TAMS 0x000000008f100000, 0x000000008f100000| Complete 
| 120|0x000000008f200000, 0x000000008f300000, 0x000000008f300000|100%| E|CS|TAMS 0x000000008f200000, 0x000000008f200000| Complete 
| 121|0x000000008f300000, 0x000000008f400000, 0x000000008f400000|100%| E|CS|TAMS 0x000000008f300000, 0x000000008f300000| Complete 
|1924|0x00000000ffe00000, 0x00000000ffe76000, 0x00000000fff00000| 46%|OA|  |TAMS 0x00000000ffe00000, 0x00000000ffe00000| Untracked 
|1925|0x00000000fff00000, 0x00000000fff83000, 0x0000000100000000| 51%|CA|  |TAMS 0x00000000fff00000, 0x00000000fff00000| Untracked 

Card table byte_map: [0x00007f25392a0000,0x00007f2539663000] _byte_map_base: 0x00007f2538e63000

Marking Bits (Prev, Next): (CMBitMap*) 0x00007f253407d810, (CMBitMap*) 0x00007f253407d850
 Prev Bits: [0x00007f251b7e8000, 0x00007f251d600000)
 Next Bits: [0x00007f25199d0000, 0x00007f251b7e8000)

Polling page: 0x00007f253b7ca000

Metaspace:

Usage:
  Non-class:     17,31 MB used.
      Class:      2,35 MB used.
       Both:     19,65 MB used.

Virtual space:
  Non-class space:       24,00 MB reserved,      17,44 MB ( 73%) committed,  3 nodes.
      Class space:        1,00 GB reserved,       2,50 MB ( <1%) committed,  1 nodes.
             Both:        1,02 GB reserved,      19,94 MB (  2%) committed. 

Chunk freelists:
   Non-Class:  2,52 MB
       Class:  1,42 MB
        Both:  3,94 MB

MaxMetaspaceSize: unlimited
CompressedClassSpaceSize: 1,00 GB
Initial GC threshold: 21,00 MB
Current GC threshold: 21,00 MB
CDS: on
MetaspaceReclaimPolicy: balanced
 - commit_granule_bytes: 65536.
 - commit_granule_words: 8192.
 - virtual_space_node_default_size: 1048576.
 - enlarge_chunks_in_place: 1.
 - new_chunks_are_fully_committed: 0.
 - uncommit_free_chunks: 1.
 - use_allocation_guard: 0.
 - handle_deallocations: 1.


Internal statistics:

num_allocs_failed_limit: 0.
num_arena_births: 88.
num_arena_deaths: 0.
num_vsnodes_births: 4.
num_vsnodes_deaths: 0.
num_space_committed: 319.
num_space_uncommitted: 0.
num_chunks_returned_to_freelist: 0.
num_chunks_taken_from_freelist: 659.
num_chunk_merges: 0.
num_chunk_splits: 498.
num_chunks_enlarged: 381.
num_purges: 0.
num_inconsistent_stats: 0.

CodeHeap 'non-profiled nmethods': size=120032Kb used=546Kb max_used=546Kb free=119485Kb
 bounds [0x00007f25250c8000, 0x00007f2525338000, 0x00007f252c600000]
CodeHeap 'profiled nmethods': size=120028Kb used=2541Kb max_used=2541Kb free=117486Kb
 bounds [0x00007f251db91000, 0x00007f251de11000, 0x00007f25250c8000]
CodeHeap 'non-nmethods': size=5700Kb used=1239Kb max_used=1257Kb free=4460Kb
 bounds [0x00007f251d600000, 0x00007f251d870000, 0x00007f251db91000]
 total_blobs=1989 nmethods=1433 adapters=471
 compilation: enabled
              stopped_count=0, restarted_count=0
 full_count=0

Compilation events (20 events):
Event: 6,722 Thread 0x00007f253412fa20 nmethod 1435 0x00007f251de08790 code [0x00007f251de08940, 0x00007f251de08b50]
Event: 6,722 Thread 0x00007f253412fa20 1433       3       jdk.internal.org.objectweb.asm.Label::<init> (5 bytes)
Event: 6,723 Thread 0x00007f253412fa20 nmethod 1433 0x00007f251de08c90 code [0x00007f251de08e40, 0x00007f251de08f90]
Event: 6,723 Thread 0x00007f253412fa20 1438       3       sun.reflect.generics.parser.SignatureParser::advance (53 bytes)
Event: 6,724 Thread 0x00007f253412fa20 nmethod 1438 0x00007f251de09090 code [0x00007f251de09240, 0x00007f251de09490]
Event: 6,724 Thread 0x00007f253412fa20 1434       3       jdk.internal.org.objectweb.asm.Frame::pop (44 bytes)
Event: 6,725 Thread 0x00007f253412fa20 nmethod 1434 0x00007f251de09590 code [0x00007f251de09740, 0x00007f251de098d0]
Event: 6,725 Thread 0x00007f253412fa20 1436       1       java.lang.reflect.Method::getRoot (5 bytes)
Event: 6,725 Thread 0x00007f253412fa20 nmethod 1436 0x00007f2525150590 code [0x00007f2525150720, 0x00007f25251507f0]
Event: 6,771 Thread 0x00007f253412fa20 1439       3       java.lang.invoke.Invokers$Holder::linkToTargetMethod (8 bytes)
Event: 6,773 Thread 0x00007f253412fa20 nmethod 1439 0x00007f251de09990 code [0x00007f251de09b40, 0x00007f251de09e30]
Event: 6,773 Thread 0x00007f253412fa20 1440       3       java.lang.invoke.LambdaForm$MH/0x0000000800c00400::invoke (8 bytes)
Event: 6,774 Thread 0x00007f253412fa20 nmethod 1440 0x00007f251de09f10 code [0x00007f251de0a0c0, 0x00007f251de0a310]
Event: 6,774 Thread 0x00007f253412fa20 1441       1       java.lang.reflect.Method::getModifiers (5 bytes)
Event: 6,774 Thread 0x00007f253412fa20 nmethod 1441 0x00007f2525150890 code [0x00007f2525150a20, 0x00007f2525150af0]
Event: 6,775 Thread 0x00007f253412fa20 1442       3       java.lang.CharacterData::of (136 bytes)
Event: 6,776 Thread 0x00007f253412fa20 nmethod 1442 0x00007f251de0a410 code [0x00007f251de0a640, 0x00007f251de0ae90]
Event: 6,777 Thread 0x00007f253412fa20 1443       3       java.lang.Module::isNamed (13 bytes)
Event: 6,778 Thread 0x00007f253412fa20 nmethod 1443 0x00007f251de0b090 code [0x00007f251de0b220, 0x00007f251de0b390]
Event: 6,808 Thread 0x00007f253412e4f0 1444   !   4       jdk.internal.loader.BuiltinClassLoader::loadClassOrNull (143 bytes)

GC Heap History (4 events):
Event: 2,106 GC heap before
{Heap before GC invocations=0 (full 0):
 garbage-first heap   total 126976K, used 16356K [0x0000000087a00000, 0x0000000100000000)
  region size 1024K, 13 young (13312K), 0 survivors (0K)
 Metaspace       used 5967K, committed 6144K, reserved 1056768K
  class space    used 660K, committed 768K, reserved 1048576K
}
Event: 2,131 GC heap after
{Heap after GC invocations=1 (full 0):
 garbage-first heap   total 126976K, used 5604K [0x0000000087a00000, 0x0000000100000000)
  region size 1024K, 2 young (2048K), 2 survivors (2048K)
 Metaspace       used 5967K, committed 6144K, reserved 1056768K
  class space    used 660K, committed 768K, reserved 1048576K
}
Event: 4,158 GC heap before
{Heap before GC invocations=1 (full 0):
 garbage-first heap   total 126976K, used 26084K [0x0000000087a00000, 0x0000000100000000)
  region size 1024K, 22 young (22528K), 2 survivors (2048K)
 Metaspace       used 13240K, committed 13440K, reserved 1064960K
  class space    used 1517K, committed 1600K, reserved 1048576K
}
Event: 4,199 GC heap after
{Heap after GC invocations=2 (full 0):
 garbage-first heap   total 126976K, used 9287K [0x0000000087a00000, 0x0000000100000000)
  region size 1024K, 3 young (3072K), 3 survivors (3072K)
 Metaspace       used 13240K, committed 13440K, reserved 1064960K
  class space    used 1517K, committed 1600K, reserved 1048576K
}

Deoptimization events (20 events):
Event: 5,806 Thread 0x00007f2534cca4e0 Uncommon trap: trap_request=0xffffff45 fr.pc=0x00007f25250f28b4 relative=0x0000000000000f74
Event: 5,806 Thread 0x00007f2534cca4e0 Uncommon trap: reason=unstable_if action=reinterpret pc=0x00007f25250f28b4 method=java.util.concurrent.ConcurrentHashMap.putVal(Ljava/lang/Object;Ljava/lang/Object;Z)Ljava/lang/Object; @ 148 c2
Event: 5,806 Thread 0x00007f2534cca4e0 DEOPT PACKING pc=0x00007f25250f28b4 sp=0x00007f2508efe380
Event: 5,806 Thread 0x00007f2534cca4e0 DEOPT UNPACKING pc=0x00007f251d652093 sp=0x00007f2508efe2f0 mode 2
Event: 6,554 Thread 0x00007f2534cca4e0 Uncommon trap: trap_request=0xffffffde fr.pc=0x00007f252514c328 relative=0x0000000000000108
Event: 6,555 Thread 0x00007f2534024360 Uncommon trap: trap_request=0xffffffde fr.pc=0x00007f252514c328 relative=0x0000000000000108
Event: 6,557 Thread 0x00007f2534024360 Uncommon trap: reason=class_check action=maybe_recompile pc=0x00007f252514c328 method=jdk.internal.misc.Unsafe.allocateUninitializedArray(Ljava/lang/Class;I)Ljava/lang/Object; @ 51 c2
Event: 6,557 Thread 0x00007f2534cca4e0 Uncommon trap: reason=class_check action=maybe_recompile pc=0x00007f252514c328 method=jdk.internal.misc.Unsafe.allocateUninitializedArray(Ljava/lang/Class;I)Ljava/lang/Object; @ 51 c2
Event: 6,557 Thread 0x00007f2534cca4e0 DEOPT PACKING pc=0x00007f252514c328 sp=0x00007f2508efb3d0
Event: 6,557 Thread 0x00007f2534024360 DEOPT PACKING pc=0x00007f252514c328 sp=0x00007f253b3f78f0
Event: 6,558 Thread 0x00007f2534cca4e0 DEOPT UNPACKING pc=0x00007f251d652093 sp=0x00007f2508efb378 mode 2
Event: 6,559 Thread 0x00007f2534024360 DEOPT UNPACKING pc=0x00007f251d652093 sp=0x00007f253b3f7898 mode 2
Event: 6,559 Thread 0x00007f2534024360 Uncommon trap: trap_request=0xffffffde fr.pc=0x00007f252514c328 relative=0x0000000000000108
Event: 6,559 Thread 0x00007f2534024360 Uncommon trap: reason=class_check action=maybe_recompile pc=0x00007f252514c328 method=jdk.internal.misc.Unsafe.allocateUninitializedArray(Ljava/lang/Class;I)Ljava/lang/Object; @ 51 c2
Event: 6,559 Thread 0x00007f2534024360 DEOPT PACKING pc=0x00007f252514c328 sp=0x00007f253b3f74b0
Event: 6,559 Thread 0x00007f2534024360 DEOPT UNPACKING pc=0x00007f251d652093 sp=0x00007f253b3f7458 mode 2
Event: 6,561 Thread 0x00007f2534cca4e0 Uncommon trap: trap_request=0xffffffde fr.pc=0x00007f252514c328 relative=0x0000000000000108
Event: 6,561 Thread 0x00007f2534cca4e0 Uncommon trap: reason=class_check action=maybe_recompile pc=0x00007f252514c328 method=jdk.internal.misc.Unsafe.allocateUninitializedArray(Ljava/lang/Class;I)Ljava/lang/Object; @ 51 c2
Event: 6,561 Thread 0x00007f2534cca4e0 DEOPT PACKING pc=0x00007f252514c328 sp=0x00007f2508efcf20
Event: 6,561 Thread 0x00007f2534cca4e0 DEOPT UNPACKING pc=0x00007f251d652093 sp=0x00007f2508efcec8 mode 2

Classes unloaded (0 events):
No events

Classes redefined (0 events):
No events

Internal exceptions (20 events):
Event: 3,517 Thread 0x00007f2534024360 Exception <a 'java/lang/NoSuchMethodError'{0x000000008e41acc8}: 'int java.lang.invoke.DirectMethodHandle$Holder.invokeStaticInit(java.lang.Object, java.lang.Object, java.lang.Object, java.lang.Object)'> (0x000000008e41acc8) 
thrown [open/src/hotspot/share/interpreter/linkResolver.cpp, line 765]
Event: 3,522 Thread 0x00007f2534024360 Exception <a 'java/lang/NoSuchMethodError'{0x000000008e424818}: 'java.lang.Object java.lang.invoke.DirectMethodHandle$Holder.invokeInterface(java.lang.Object, java.lang.Object)'> (0x000000008e424818) 
thrown [open/src/hotspot/share/interpreter/linkResolver.cpp, line 765]
Event: 3,523 Thread 0x00007f2534024360 Exception <a 'java/lang/IncompatibleClassChangeError'{0x000000008e4282b8}: Found class java.lang.Object, but interface was expected> (0x000000008e4282b8) 
thrown [open/src/hotspot/share/interpreter/linkResolver.cpp, line 833]
Event: 3,524 Thread 0x00007f2534024360 Exception <a 'java/lang/NoSuchMethodError'{0x000000008e42b588}: 'void java.lang.invoke.DirectMethodHandle$Holder.invokeStatic(java.lang.Object, java.lang.Object)'> (0x000000008e42b588) 
thrown [open/src/hotspot/share/interpreter/linkResolver.cpp, line 765]
Event: 3,525 Thread 0x00007f2534024360 Exception <a 'java/lang/NoSuchMethodError'{0x000000008e42f030}: 'void java.lang.invoke.DirectMethodHandle$Holder.invokeStaticInit(java.lang.Object, java.lang.Object)'> (0x000000008e42f030) 
thrown [open/src/hotspot/share/interpreter/linkResolver.cpp, line 765]
Event: 3,530 Thread 0x00007f2534024360 Exception <a 'java/lang/NoSuchMethodError'{0x000000008e4353b8}: 'int java.lang.invoke.DirectMethodHandle$Holder.invokeStaticInit(java.lang.Object, java.lang.Object)'> (0x000000008e4353b8) 
thrown [open/src/hotspot/share/interpreter/linkResolver.cpp, line 765]
Event: 4,028 Thread 0x00007f2534024360 Exception <a 'java/lang/ClassNotFoundException'{0x000000008df12988}: org/eclipse/jetty/alpn/ALPN> (0x000000008df12988) 
thrown [open/src/hotspot/share/classfile/systemDictionary.cpp, line 256]
Event: 4,028 Thread 0x00007f2534024360 Exception <a 'java/lang/ClassNotFoundException'{0x000000008df12f50}: org/eclipse/jetty/npn/NextProtoNego> (0x000000008df12f50) 
thrown [open/src/hotspot/share/classfile/systemDictionary.cpp, line 256]
Event: 4,028 Thread 0x00007f2534024360 Exception <a 'java/lang/ClassNotFoundException'{0x000000008df13510}: org/eclipse/jetty/alpn/ALPN> (0x000000008df13510) 
thrown [open/src/hotspot/share/classfile/systemDictionary.cpp, line 256]
Event: 4,028 Thread 0x00007f2534024360 Exception <a 'java/lang/ClassNotFoundException'{0x000000008df13ad8}: org/eclipse/jetty/npn/NextProtoNego> (0x000000008df13ad8) 
thrown [open/src/hotspot/share/classfile/systemDictionary.cpp, line 256]
Event: 4,557 Thread 0x00007f2534024360 Exception <a 'java/lang/NoSuchMethodError'{0x000000008f29e908}: 'void java.lang.invoke.DirectMethodHandle$Holder.invokeStatic(java.lang.Object, java.lang.Object, java.lang.Object)'> (0x000000008f29e908) 
thrown [open/src/hotspot/share/interpreter/linkResolver.cpp, line 765]
Event: 4,572 Thread 0x00007f2534024360 Exception <a 'java/lang/NoSuchMethodError'{0x000000008f2bc330}: 'java.lang.Object java.lang.invoke.DirectMethodHandle$Holder.newInvokeSpecial(java.lang.Object, java.lang.Object, java.lang.Object, java.lang.Object, java.lang.Object, java.lang.Object, java.lang.Object, int)'> (0x000000008f2bc330) 
thrown [open/src/hotspot/share/interpreter/linkResolver.cpp, line 765]
Event: 4,576 Thread 0x00007f2534024360 Exception <a 'java/lang/NoSuchMethodError'{0x000000008f2c1928}: 'java.lang.Object java.lang.invoke.DirectMethodHandle$Holder.invokeSpecial(java.lang.Object, java.lang.Object, java.lang.Object, java.lang.Object, java.lang.Object, java.lang.Object, java.lang.Object, java.lang.Object, int)'> (0x000000008f2c1928) 
thrown [open/src/hotspot/share/interpreter/linkResolver.cpp, line 765]
Event: 4,581 Thread 0x00007f2534024360 Implicit null exception at 0x00007f252511c2db to 0x00007f252511cb38
Event: 5,827 Thread 0x00007f2534024360 Exception <a 'sun/nio/fs/UnixException'{0x000000008eb74a98}> (0x000000008eb74a98) 
thrown [open/src/hotspot/share/prims/jni.cpp, line 516]
Event: 5,833 Thread 0x00007f2534024360 Exception <a 'sun/nio/fs/UnixException'{0x000000008eb752f8}> (0x000000008eb752f8) 
thrown [open/src/hotspot/share/prims/jni.cpp, line 516]
Event: 5,851 Thread 0x00007f2534024360 Exception <a 'sun/nio/fs/UnixException'{0x000000008eb78578}> (0x000000008eb78578) 
thrown [open/src/hotspot/share/prims/jni.cpp, line 516]
Event: 5,860 Thread 0x00007f2534024360 Exception <a 'sun/nio/fs/UnixException'{0x000000008eb78cd8}> (0x000000008eb78cd8) 
thrown [open/src/hotspot/share/prims/jni.cpp, line 516]
Event: 5,870 Thread 0x00007f2534024360 Exception <a 'sun/nio/fs/UnixException'{0x000000008ea169e0}> (0x000000008ea169e0) 
thrown [open/src/hotspot/share/prims/jni.cpp, line 516]
Event: 5,870 Thread 0x00007f2534024360 Exception <a 'sun/nio/fs/UnixException'{0x000000008ea17140}> (0x000000008ea17140) 
thrown [open/src/hotspot/share/prims/jni.cpp, line 516]

VM Operations (20 events):
Event: 4,279 Executing VM operation: ICBufferFull
Event: 4,279 Executing VM operation: ICBufferFull done
Event: 4,280 Executing VM operation: ICBufferFull
Event: 4,281 Executing VM operation: ICBufferFull done
Event: 4,282 Executing VM operation: ICBufferFull
Event: 4,282 Executing VM operation: ICBufferFull done
Event: 4,284 Executing VM operation: ICBufferFull
Event: 4,284 Executing VM operation: ICBufferFull done
Event: 4,285 Executing VM operation: ICBufferFull
Event: 4,285 Executing VM operation: ICBufferFull done
Event: 4,292 Executing VM operation: ICBufferFull
Event: 4,292 Executing VM operation: ICBufferFull done
Event: 4,293 Executing VM operation: ICBufferFull
Event: 4,293 Executing VM operation: ICBufferFull done
Event: 5,294 Executing VM operation: Cleanup
Event: 5,302 Executing VM operation: Cleanup done
Event: 5,353 Executing VM operation: HandshakeAllThreads
Event: 5,354 Executing VM operation: HandshakeAllThreads done
Event: 6,357 Executing VM operation: Cleanup
Event: 6,361 Executing VM operation: Cleanup done

Events (20 events):
Event: 6,664 loading class java/lang/WeakPairMap$Pair$Weak$1
Event: 6,667 loading class java/lang/WeakPairMap$Pair$Weak$1 done
Event: 6,682 loading class java/lang/reflect/ProxyGenerator
Event: 6,694 loading class java/lang/reflect/ProxyGenerator done
Event: 6,694 loading class java/lang/reflect/ProxyGenerator$ProxyMethod
Event: 6,696 loading class java/lang/CloneNotSupportedException
Event: 6,701 loading class java/lang/reflect/ProxyGenerator$ProxyMethod done
Event: 6,704 loading class java/lang/reflect/ProxyGenerator$PrimitiveTypeInfo
Event: 6,704 loading class java/lang/reflect/ProxyGenerator$PrimitiveTypeInfo done
Event: 6,705 loading class jdk/internal/org/objectweb/asm/Edge
Event: 6,706 loading class java/lang/CloneNotSupportedException done
Event: 6,707 loading class jdk/internal/org/objectweb/asm/Edge done
Event: 6,711 loading class java/lang/reflect/Proxy$ProxyBuilder$1
Event: 6,711 loading class java/lang/reflect/Proxy$ProxyBuilder$1 done
Event: 6,714 loading class java/lang/reflect/UndeclaredThrowableException
Event: 6,715 loading class java/lang/reflect/UndeclaredThrowableException done
Event: 6,757 Thread 0x00007f24b4092610 Thread added: 0x00007f24b4092610
Event: 6,762 Protecting memory [0x00007f2508300000,0x00007f2508304000] with protection modes 0
Event: 6,796 loading class java/util/concurrent/CopyOnWriteArraySet
Event: 6,797 loading class java/util/concurrent/CopyOnWriteArraySet done


Dynamic libraries:
87a00000-8f400000 rw-p 00000000 00:00 0 
8f400000-ffe00000 ---p 00000000 00:00 0 
ffe00000-ffe76000 rw-p 00c9c000 08:07 669304                             /usr/lib/jvm/jdk-17/lib/server/classes.jsa
ffe76000-fff00000 rw-p 00000000 00:00 0 
fff00000-fff83000 rw-p 00c19000 08:07 669304                             /usr/lib/jvm/jdk-17/lib/server/classes.jsa
fff83000-100000000 rw-p 00000000 00:00 0 
800000000-800458000 rw-p 00001000 08:07 669304                           /usr/lib/jvm/jdk-17/lib/server/classes.jsa
800458000-800be0000 r--p 00459000 08:07 669304                           /usr/lib/jvm/jdk-17/lib/server/classes.jsa
800be0000-800c00000 ---p 00000000 00:00 0 
800c00000-800c40000 rw-p 00000000 00:00 0 
800c40000-800c80000 rw-p 00000000 00:00 0 
800c80000-800d40000 rw-p 00000000 00:00 0 
800d40000-800de0000 rw-p 00000000 00:00 0 
800de0000-800e00000 ---p 00000000 00:00 0 
800e00000-800ea0000 rw-p 00000000 00:00 0 
800ea0000-840c00000 ---p 00000000 00:00 0 
55b31f77a000-55b31f77b000 r-xp 00000000 08:07 669635                     /usr/lib/jvm/jdk-17/bin/java
55b31f77c000-55b31f77d000 r--p 00001000 08:07 669635                     /usr/lib/jvm/jdk-17/bin/java
55b31f77d000-55b31f77e000 rw-p 00002000 08:07 669635                     /usr/lib/jvm/jdk-17/bin/java
55b3202e8000-55b320309000 rw-p 00000000 00:00 0                          [heap]
7f24a4000000-7f24a4021000 rw-p 00000000 00:00 0 
7f24a4021000-7f24a8000000 ---p 00000000 00:00 0 
7f24abf00000-7f24abf04000 ---p 00000000 00:00 0 
7f24abf04000-7f24ac000000 rw-p 00000000 00:00 0 
7f24ac000000-7f24ac021000 rw-p 00000000 00:00 0 
7f24ac021000-7f24b0000000 ---p 00000000 00:00 0 
7f24b0000000-7f24b0154000 rw-p 00000000 00:00 0 
7f24b0154000-7f24b4000000 ---p 00000000 00:00 0 
7f24b4000000-7f24b4099000 rw-p 00000000 00:00 0 
7f24b4099000-7f24b8000000 ---p 00000000 00:00 0 
7f24b8000000-7f24b8021000 rw-p 00000000 00:00 0 
7f24b8021000-7f24bc000000 ---p 00000000 00:00 0 
7f24bc000000-7f24bc021000 rw-p 00000000 00:00 0 
7f24bc021000-7f24c0000000 ---p 00000000 00:00 0 
7f24c0000000-7f24c0021000 rw-p 00000000 00:00 0 
7f24c0021000-7f24c4000000 ---p 00000000 00:00 0 
7f24c4000000-7f24c4021000 rw-p 00000000 00:00 0 
7f24c4021000-7f24c8000000 ---p 00000000 00:00 0 
7f24c8000000-7f24c8021000 rw-p 00000000 00:00 0 
7f24c8021000-7f24cc000000 ---p 00000000 00:00 0 
7f24cc000000-7f24cc021000 rw-p 00000000 00:00 0 
7f24cc021000-7f24d0000000 ---p 00000000 00:00 0 
7f24d0000000-7f24d0021000 rw-p 00000000 00:00 0 
7f24d0021000-7f24d4000000 ---p 00000000 00:00 0 
7f24d4000000-7f24d4021000 rw-p 00000000 00:00 0 
7f24d4021000-7f24d8000000 ---p 00000000 00:00 0 
7f24d8000000-7f24d8021000 rw-p 00000000 00:00 0 
7f24d8021000-7f24dc000000 ---p 00000000 00:00 0 
7f24dc000000-7f24dc472000 rw-p 00000000 00:00 0 
7f24dc472000-7f24e0000000 ---p 00000000 00:00 0 
7f24e0000000-7f24e0021000 rw-p 00000000 00:00 0 
7f24e0021000-7f24e4000000 ---p 00000000 00:00 0 
7f24e4000000-7f24e4021000 rw-p 00000000 00:00 0 
7f24e4021000-7f24e8000000 ---p 00000000 00:00 0 
7f24e8000000-7f24e8fbe000 rw-p 00000000 00:00 0 
7f24e8fbe000-7f24ec000000 ---p 00000000 00:00 0 
7f24ec000000-7f24ec021000 rw-p 00000000 00:00 0 
7f24ec021000-7f24f0000000 ---p 00000000 00:00 0 
7f24f0000000-7f24f0021000 rw-p 00000000 00:00 0 
7f24f0021000-7f24f4000000 ---p 00000000 00:00 0 
7f24f4000000-7f24f4021000 rw-p 00000000 00:00 0 
7f24f4021000-7f24f8000000 ---p 00000000 00:00 0 
7f24f8000000-7f24f8021000 rw-p 00000000 00:00 0 
7f24f8021000-7f24fc000000 ---p 00000000 00:00 0 
7f24fc000000-7f24fc021000 rw-p 00000000 00:00 0 
7f24fc021000-7f2500000000 ---p 00000000 00:00 0 
7f2500000000-7f2500021000 rw-p 00000000 00:00 0 
7f2500021000-7f2504000000 ---p 00000000 00:00 0 
7f2504000000-7f2504021000 rw-p 00000000 00:00 0 
7f2504021000-7f2508000000 ---p 00000000 00:00 0 
7f2508099000-7f2508300000 rw-p 00000000 00:00 0 
7f2508300000-7f2508304000 ---p 00000000 00:00 0 
7f2508304000-7f2508580000 rw-p 00000000 00:00 0 
7f2508580000-7f2508c00000 ---p 00000000 00:00 0 
7f2508c00000-7f2508c04000 ---p 00000000 00:00 0 
7f2508c04000-7f2508d00000 rw-p 00000000 00:00 0 
7f2508d00000-7f2508d04000 ---p 00000000 00:00 0 
7f2508d04000-7f2508e00000 rw-p 00000000 00:00 0 
7f2508e00000-7f2508e04000 ---p 00000000 00:00 0 
7f2508e04000-7f2508f00000 rw-p 00000000 00:00 0 
7f2508f00000-7f2508f04000 ---p 00000000 00:00 0 
7f2508f04000-7f25091e0000 rw-p 00000000 00:00 0 
7f25091e0000-7f2509300000 rw-p 00000000 00:00 0 
7f2509300000-7f2509500000 rw-p 00000000 00:00 0 
7f2509500000-7f25095f0000 rw-p 00000000 00:00 0 
7f25095f0000-7f2509600000 ---p 00000000 00:00 0 
7f2509600000-7f2509800000 rw-p 00000000 00:00 0 
7f25098fe000-7f25098ff000 ---p 00000000 00:00 0 
7f25098ff000-7f2509a00000 rw-p 00000000 00:00 0 
7f2509a00000-7f2509a10000 r-xp 00000000 08:07 1705896                    /tmp/libnetty_transport_native_epoll7668062799542861214.so (deleted)
7f2509a10000-7f2509c0f000 ---p 00010000 08:07 1705896                    /tmp/libnetty_transport_native_epoll7668062799542861214.so (deleted)
7f2509c0f000-7f2509c11000 r--p 0000f000 08:07 1705896                    /tmp/libnetty_transport_native_epoll7668062799542861214.so (deleted)
7f2509c11000-7f2509e10000 ---p 00211000 08:07 1705896                    /tmp/libnetty_transport_native_epoll7668062799542861214.so (deleted)
7f2509e10000-7f2509e11000 rw-p 00010000 08:07 1705896                    /tmp/libnetty_transport_native_epoll7668062799542861214.so (deleted)
7f2509e11000-7f2509e12000 rw-p 00000000 00:00 0 
7f2509efe000-7f2509eff000 ---p 00000000 00:00 0 
7f2509eff000-7f250c000000 rw-p 00000000 00:00 0 
7f250c000000-7f250c021000 rw-p 00000000 00:00 0 
7f250c021000-7f2510000000 ---p 00000000 00:00 0 
7f2510000000-7f2510021000 rw-p 00000000 00:00 0 
7f2510021000-7f2514000000 ---p 00000000 00:00 0 
7f2514000000-7f2514021000 rw-p 00000000 00:00 0 
7f2514021000-7f2518000000 ---p 00000000 00:00 0 
7f25180fa000-7f25180fb000 ---p 00000000 00:00 0 
7f25180fb000-7f25181fc000 rw-p 00000000 00:00 0 
7f25181fc000-7f25181fd000 ---p 00000000 00:00 0 
7f25181fd000-7f25182fe000 rw-p 00000000 00:00 0 
7f25182fe000-7f2518302000 ---p 00000000 00:00 0 
7f2518302000-7f25183fe000 rw-p 00000000 00:00 0 
7f25183fe000-7f25183ff000 ---p 00000000 00:00 0 
7f25183ff000-7f2518500000 rw-p 00000000 00:00 0 
7f2518500000-7f2518504000 ---p 00000000 00:00 0 
7f2518504000-7f2518600000 rw-p 00000000 00:00 0 
7f2518600000-7f2518604000 ---p 00000000 00:00 0 
7f2518604000-7f2518700000 rw-p 00000000 00:00 0 
7f2518700000-7f2518704000 ---p 00000000 00:00 0 
7f2518704000-7f2518800000 rw-p 00000000 00:00 0 
7f2518800000-7f2518804000 ---p 00000000 00:00 0 
7f2518804000-7f2518900000 rw-p 00000000 00:00 0 
7f2518900000-7f2518904000 ---p 00000000 00:00 0 
7f2518904000-7f2518a00000 rw-p 00000000 00:00 0 
7f2518a00000-7f2518f74000 r--p 00000000 08:07 656479                     /usr/lib/locale/locale-archive
7f2519000000-7f2519400000 rw-p 00000000 00:00 0 
7f2519400000-7f2519800000 rw-p 00000000 00:00 0 
7f25198d0000-7f25198d4000 ---p 00000000 00:00 0 
7f25198d4000-7f2519bb8000 rw-p 00000000 00:00 0 
7f2519bb8000-7f251b7e0000 ---p 00000000 00:00 0 
7f251b7e0000-7f251b9d0000 rw-p 00000000 00:00 0 
7f251b9d0000-7f251d5f8000 ---p 00000000 00:00 0 
7f251d5f8000-7f251d600000 rw-p 00000000 00:00 0 
7f251d600000-7f251d870000 rwxp 00000000 00:00 0 
7f251d870000-7f251db91000 ---p 00000000 00:00 0 
7f251db91000-7f251de11000 rwxp 00000000 00:00 0 
7f251de11000-7f25250c8000 ---p 00000000 00:00 0 
7f25250c8000-7f2525338000 rwxp 00000000 00:00 0 
7f2525338000-7f252c600000 ---p 00000000 00:00 0 
7f252c600000-7f2533f0c000 r--s 00000000 08:07 669332                     /usr/lib/jvm/jdk-17/lib/modules
7f2533fc8000-7f2533fcf000 r--s 00000000 08:07 1184151                    /usr/lib/x86_64-linux-gnu/gconv/gconv-modules.cache
7f2533fcf000-7f2534000000 rw-p 00000000 00:00 0 
7f2534000000-7f2534e4e000 rw-p 00000000 00:00 0 
7f2534e4e000-7f2538000000 ---p 00000000 00:00 0 
7f2538001000-7f2538007000 r-xp 00000000 08:07 669286                     /usr/lib/jvm/jdk-17/lib/libmanagement_ext.so
7f2538007000-7f2538008000 r--p 00005000 08:07 669286                     /usr/lib/jvm/jdk-17/lib/libmanagement_ext.so
7f2538008000-7f2538009000 rw-p 00006000 08:07 669286                     /usr/lib/jvm/jdk-17/lib/libmanagement_ext.so
7f2538009000-7f253801e000 r-xp 00000000 08:07 669283                     /usr/lib/jvm/jdk-17/lib/libnet.so
7f253801e000-7f253801f000 ---p 00015000 08:07 669283                     /usr/lib/jvm/jdk-17/lib/libnet.so
7f253801f000-7f2538020000 r--p 00015000 08:07 669283                     /usr/lib/jvm/jdk-17/lib/libnet.so
7f2538020000-7f2538021000 rw-p 00016000 08:07 669283                     /usr/lib/jvm/jdk-17/lib/libnet.so
7f2538021000-7f2538025000 ---p 00000000 00:00 0 
7f2538025000-7f2538121000 rw-p 00000000 00:00 0 
7f2538121000-7f2538125000 ---p 00000000 00:00 0 
7f2538125000-7f2538221000 rw-p 00000000 00:00 0 
7f2538221000-7f2538225000 ---p 00000000 00:00 0 
7f2538225000-7f2538321000 rw-p 00000000 00:00 0 
7f2538321000-7f2538322000 ---p 00000000 00:00 0 
7f2538322000-7f2538423000 rw-p 00000000 00:00 0 
7f2538423000-7f25384f1000 r-xp 00000000 08:07 669316                     /usr/lib/jvm/jdk-17/lib/libjsvml.so
7f25384f1000-7f25384f2000 r--p 000cd000 08:07 669316                     /usr/lib/jvm/jdk-17/lib/libjsvml.so
7f25384f2000-7f25384f3000 rw-p 000ce000 08:07 669316                     /usr/lib/jvm/jdk-17/lib/libjsvml.so
7f25384f3000-7f25385cf000 rw-p 00000000 00:00 0 
7f25385cf000-7f25385d0000 ---p 00000000 00:00 0 
7f25385d0000-7f25386d1000 rw-p 00000000 00:00 0 
7f25386d1000-7f25386d2000 ---p 00000000 00:00 0 
7f25386d2000-7f2538bd7000 rw-p 00000000 00:00 0 
7f2538bd7000-7f2538bd8000 ---p 00000000 00:00 0 
7f2538bd8000-7f2538cd9000 rw-p 00000000 00:00 0 
7f2538cd9000-7f2538cda000 ---p 00000000 00:00 0 
7f2538cda000-7f2538ddb000 rw-p 00000000 00:00 0 
7f2538ddb000-7f2538ddc000 ---p 00000000 00:00 0 
7f2538ddc000-7f2538f1a000 rw-p 00000000 00:00 0 
7f2538f1a000-7f253929f000 ---p 00000000 00:00 0 
7f253929f000-7f25392dd000 rw-p 00000000 00:00 0 
7f25392dd000-7f2539662000 ---p 00000000 00:00 0 
7f2539662000-7f25396a0000 rw-p 00000000 00:00 0 
7f25396a0000-7f2539a25000 ---p 00000000 00:00 0 
7f2539a25000-7f2539e2f000 rw-p 00000000 00:00 0 
7f2539e2f000-7f2539f15000 ---p 00000000 00:00 0 
7f2539f15000-7f2539f1a000 rw-p 00000000 00:00 0 
7f2539f1a000-7f253a000000 ---p 00000000 00:00 0 
7f253a000000-7f253b12c000 r-xp 00000000 08:07 669307                     /usr/lib/jvm/jdk-17/lib/server/libjvm.so
7f253b12c000-7f253b12d000 ---p 0112c000 08:07 669307                     /usr/lib/jvm/jdk-17/lib/server/libjvm.so
7f253b12d000-7f253b1e2000 r--p 0112c000 08:07 669307                     /usr/lib/jvm/jdk-17/lib/server/libjvm.so
7f253b1e2000-7f253b215000 rw-p 011e1000 08:07 669307                     /usr/lib/jvm/jdk-17/lib/server/libjvm.so
7f253b215000-7f253b26f000 rw-p 00000000 00:00 0 
7f253b275000-7f253b27c000 r-xp 00000000 08:07 669323                     /usr/lib/jvm/jdk-17/lib/libzip.so
7f253b27c000-7f253b27d000 ---p 00007000 08:07 669323                     /usr/lib/jvm/jdk-17/lib/libzip.so
7f253b27d000-7f253b27e000 r--p 00007000 08:07 669323                     /usr/lib/jvm/jdk-17/lib/libzip.so
7f253b27e000-7f253b27f000 rw-p 00008000 08:07 669323                     /usr/lib/jvm/jdk-17/lib/libzip.so
7f253b27f000-7f253b300000 rw-p 00000000 00:00 0 
7f253b300000-7f253b304000 ---p 00000000 00:00 0 
7f253b304000-7f253b400000 rw-p 00000000 00:00 0 
7f253b400000-7f253b428000 r--p 00000000 08:07 657505                     /usr/lib/x86_64-linux-gnu/libc.so.6
7f253b428000-7f253b5bd000 r-xp 00028000 08:07 657505                     /usr/lib/x86_64-linux-gnu/libc.so.6
7f253b5bd000-7f253b615000 r--p 001bd000 08:07 657505                     /usr/lib/x86_64-linux-gnu/libc.so.6
7f253b615000-7f253b619000 r--p 00214000 08:07 657505                     /usr/lib/x86_64-linux-gnu/libc.so.6
7f253b619000-7f253b61b000 rw-p 00218000 08:07 657505                     /usr/lib/x86_64-linux-gnu/libc.so.6
7f253b61b000-7f253b628000 rw-p 00000000 00:00 0 
7f253b628000-7f253b62c000 r-xp 00000000 08:07 669325                     /usr/lib/jvm/jdk-17/lib/libmanagement.so
7f253b62c000-7f253b62d000 r--p 00003000 08:07 669325                     /usr/lib/jvm/jdk-17/lib/libmanagement.so
7f253b62d000-7f253b62e000 rw-p 00004000 08:07 669325                     /usr/lib/jvm/jdk-17/lib/libmanagement.so
7f253b62e000-7f253b641000 r-xp 00000000 08:07 669330                     /usr/lib/jvm/jdk-17/lib/libnio.so
7f253b641000-7f253b642000 r--p 00012000 08:07 669330                     /usr/lib/jvm/jdk-17/lib/libnio.so
7f253b642000-7f253b643000 rw-p 00013000 08:07 669330                     /usr/lib/jvm/jdk-17/lib/libnio.so
7f253b643000-7f253b667000 r-xp 00000000 08:07 669312                     /usr/lib/jvm/jdk-17/lib/libjava.so
7f253b667000-7f253b668000 ---p 00024000 08:07 669312                     /usr/lib/jvm/jdk-17/lib/libjava.so
7f253b668000-7f253b669000 r--p 00024000 08:07 669312                     /usr/lib/jvm/jdk-17/lib/libjava.so
7f253b669000-7f253b66a000 rw-p 00025000 08:07 669312                     /usr/lib/jvm/jdk-17/lib/libjava.so
7f253b66a000-7f253b66b000 rw-p 00000000 00:00 0 
7f253b66b000-7f253b686000 r-xp 00000000 08:07 669319                     /usr/lib/jvm/jdk-17/lib/libjimage.so
7f253b686000-7f253b687000 ---p 0001b000 08:07 669319                     /usr/lib/jvm/jdk-17/lib/libjimage.so
7f253b687000-7f253b689000 r--p 0001b000 08:07 669319                     /usr/lib/jvm/jdk-17/lib/libjimage.so
7f253b689000-7f253b68a000 rw-p 0001d000 08:07 669319                     /usr/lib/jvm/jdk-17/lib/libjimage.so
7f253b68a000-7f253b698000 r--p 00000000 08:07 657513                     /usr/lib/x86_64-linux-gnu/libm.so.6
7f253b698000-7f253b714000 r-xp 0000e000 08:07 657513                     /usr/lib/x86_64-linux-gnu/libm.so.6
7f253b714000-7f253b76f000 r--p 0008a000 08:07 657513                     /usr/lib/x86_64-linux-gnu/libm.so.6
7f253b76f000-7f253b770000 r--p 000e4000 08:07 657513                     /usr/lib/x86_64-linux-gnu/libm.so.6
7f253b770000-7f253b771000 rw-p 000e5000 08:07 657513                     /usr/lib/x86_64-linux-gnu/libm.so.6
7f253b771000-7f253b772000 r--p 00000000 08:07 657545                     /usr/lib/x86_64-linux-gnu/librt.so.1
7f253b772000-7f253b773000 r-xp 00001000 08:07 657545                     /usr/lib/x86_64-linux-gnu/librt.so.1
7f253b773000-7f253b774000 r--p 00002000 08:07 657545                     /usr/lib/x86_64-linux-gnu/librt.so.1
7f253b774000-7f253b775000 r--p 00002000 08:07 657545                     /usr/lib/x86_64-linux-gnu/librt.so.1
7f253b775000-7f253b776000 rw-p 00003000 08:07 657545                     /usr/lib/x86_64-linux-gnu/librt.so.1
7f253b776000-7f253b77a000 rw-p 00000000 00:00 0 
7f253b77a000-7f253b77b000 r--p 00000000 08:07 657509                     /usr/lib/x86_64-linux-gnu/libdl.so.2
7f253b77b000-7f253b77c000 r-xp 00001000 08:07 657509                     /usr/lib/x86_64-linux-gnu/libdl.so.2
7f253b77c000-7f253b77d000 r--p 00002000 08:07 657509                     /usr/lib/x86_64-linux-gnu/libdl.so.2
7f253b77d000-7f253b77e000 r--p 00002000 08:07 657509                     /usr/lib/x86_64-linux-gnu/libdl.so.2
7f253b77e000-7f253b77f000 rw-p 00003000 08:07 657509                     /usr/lib/x86_64-linux-gnu/libdl.so.2
7f253b77f000-7f253b780000 r--p 00000000 08:07 657540                     /usr/lib/x86_64-linux-gnu/libpthread.so.0
7f253b780000-7f253b781000 r-xp 00001000 08:07 657540                     /usr/lib/x86_64-linux-gnu/libpthread.so.0
7f253b781000-7f253b782000 r--p 00002000 08:07 657540                     /usr/lib/x86_64-linux-gnu/libpthread.so.0
7f253b782000-7f253b783000 r--p 00002000 08:07 657540                     /usr/lib/x86_64-linux-gnu/libpthread.so.0
7f253b783000-7f253b784000 rw-p 00003000 08:07 657540                     /usr/lib/x86_64-linux-gnu/libpthread.so.0
7f253b784000-7f253b793000 r-xp 00000000 08:07 669295                     /usr/lib/jvm/jdk-17/lib/libjli.so
7f253b793000-7f253b794000 r--p 0000e000 08:07 669295                     /usr/lib/jvm/jdk-17/lib/libjli.so
7f253b794000-7f253b795000 rw-p 0000f000 08:07 669295                     /usr/lib/jvm/jdk-17/lib/libjli.so
7f253b795000-7f253b797000 r--p 00000000 08:07 656779                     /usr/lib/x86_64-linux-gnu/libz.so.1.2.11
7f253b797000-7f253b7a8000 r-xp 00002000 08:07 656779                     /usr/lib/x86_64-linux-gnu/libz.so.1.2.11
7f253b7a8000-7f253b7ae000 r--p 00013000 08:07 656779                     /usr/lib/x86_64-linux-gnu/libz.so.1.2.11
7f253b7ae000-7f253b7af000 ---p 00019000 08:07 656779                     /usr/lib/x86_64-linux-gnu/libz.so.1.2.11
7f253b7af000-7f253b7b0000 r--p 00019000 08:07 656779                     /usr/lib/x86_64-linux-gnu/libz.so.1.2.11
7f253b7b0000-7f253b7b1000 rw-p 0001a000 08:07 656779                     /usr/lib/x86_64-linux-gnu/libz.so.1.2.11
7f253b7b6000-7f253b7bb000 rw-p 00000000 00:00 0 
7f253b7bb000-7f253b7c2000 ---p 00000000 00:00 0 
7f253b7c2000-7f253b7ca000 rw-s 00000000 08:07 1705884                    /tmp/hsperfdata_sheriff/86373
7f253b7ca000-7f253b7cb000 ---p 00000000 00:00 0 
7f253b7cb000-7f253b7cc000 r--p 00000000 00:00 0 
7f253b7cc000-7f253b7ce000 rw-p 00000000 00:00 0 
7f253b7ce000-7f253b7d0000 r--p 00000000 08:07 657497                     /usr/lib/x86_64-linux-gnu/ld-linux-x86-64.so.2
7f253b7d0000-7f253b7fa000 r-xp 00002000 08:07 657497                     /usr/lib/x86_64-linux-gnu/ld-linux-x86-64.so.2
7f253b7fa000-7f253b805000 r--p 0002c000 08:07 657497                     /usr/lib/x86_64-linux-gnu/ld-linux-x86-64.so.2
7f253b805000-7f253b806000 ---p 00000000 00:00 0 
7f253b806000-7f253b808000 r--p 00037000 08:07 657497                     /usr/lib/x86_64-linux-gnu/ld-linux-x86-64.so.2
7f253b808000-7f253b80a000 rw-p 00039000 08:07 657497                     /usr/lib/x86_64-linux-gnu/ld-linux-x86-64.so.2
7ffc3f4bb000-7ffc3f4dd000 rw-p 00000000 00:00 0                          [stack]
7ffc3f5d7000-7ffc3f5db000 r--p 00000000 00:00 0                          [vvar]
7ffc3f5db000-7ffc3f5dd000 r-xp 00000000 00:00 0                          [vdso]
ffffffffff600000-ffffffffff601000 --xp 00000000 00:00 0                  [vsyscall]


VM Arguments:
jvm_args: -Djava.awt.headless=true -Djava.util.logging.config.file=/home/sheriff/.android/utp/logging6137075032332446627properties -Dfile.encoding=UTF-8 -Duser.country=US -Duser.language=en -Duser.variant 
java_command: com.google.testing.platform.launcher.Launcher /home/sheriff/.gradle/caches/modules-2/files-2.1/com.google.testing.platform/core/0.0.8-alpha07/185ff5f0c2380a7a283320bc5ec9130dbcbbb030/core-0.0.8-alpha07.jar --proto_config=/home/sheriff/.android/utp/runnerConfig1882772975415093123.pb --proto_server_config=/home/sheriff/.android/utp/serverConfig11112509826952535411.pb
java_class_path (initial): /home/sheriff/.gradle/caches/modules-2/files-2.1/com.google.testing.platform/launcher/0.0.8-alpha07/47d15094202612b26f5a07fbfbe17ff8900a58c4/launcher-0.0.8-alpha07.jar
Launcher Type: SUN_STANDARD

[Global flags]
     intx CICompilerCount                          = 3                                         {product} {ergonomic}
     uint ConcGCThreads                            = 1                                         {product} {ergonomic}
     uint G1ConcRefinementThreads                  = 4                                         {product} {ergonomic}
   size_t G1HeapRegionSize                         = 1048576                                   {product} {ergonomic}
    uintx GCDrainStackTargetSize                   = 64                                        {product} {ergonomic}
   size_t InitialHeapSize                          = 127926272                                 {product} {ergonomic}
   size_t MarkStackSize                            = 4194304                                   {product} {ergonomic}
   size_t MaxHeapSize                              = 2019557376                                {product} {ergonomic}
   size_t MaxNewSize                               = 1211105280                                {product} {ergonomic}
   size_t MinHeapDeltaBytes                        = 1048576                                   {product} {ergonomic}
   size_t MinHeapSize                              = 8388608                                   {product} {ergonomic}
    uintx NonNMethodCodeHeapSize                   = 5832780                                {pd product} {ergonomic}
    uintx NonProfiledCodeHeapSize                  = 122912730                              {pd product} {ergonomic}
    uintx ProfiledCodeHeapSize                     = 122912730                              {pd product} {ergonomic}
    uintx ReservedCodeCacheSize                    = 251658240                              {pd product} {ergonomic}
     bool SegmentedCodeCache                       = true                                      {product} {ergonomic}
   size_t SoftMaxHeapSize                          = 2019557376                             {manageable} {ergonomic}
     bool UseCompressedClassPointers               = true                           {product lp64_product} {ergonomic}
     bool UseCompressedOops                        = true                           {product lp64_product} {ergonomic}
     bool UseG1GC                                  = true                                      {product} {ergonomic}

Logging:
Log output configuration:
 #0: stdout all=warning uptime,level,tags
 #1: stderr all=off uptime,level,tags

Environment Variables:
JAVA_HOME=/usr/lib/jvm/jdk-17
PATH=/usr/local/sbin:/usr/local/bin:/usr/sbin:/usr/bin:/sbin:/bin:/usr/games:/usr/local/games:/snap/bin:/snap/bin:/home/sheriff/Android/Sdk/emulator:/home/sheriff/Android/Sdk/platform-tools:/home/sheriff/Android/Sdk/tools:/home/sheriff/Android/Sdk/tools/bin:/snap/android-studio/current/android-studio/bin:/usr/lib/jvm/jdk-17/bin:/usr/lib/jvm/jdk-17/db/bin
USERNAME=sheriff
SHELL=/bin/bash
DISPLAY=:0
LANG=en_US.UTF-8

Signal Handlers:
   SIGSEGV: crash_handler in libjvm.so, mask=11100100010111111101111111111110, flags=SA_RESTART|SA_SIGINFO
    SIGBUS: crash_handler in libjvm.so, mask=11100100010111111101111111111110, flags=SA_RESTART|SA_SIGINFO
    SIGFPE: crash_handler in libjvm.so, mask=11100100010111111101111111111110, flags=SA_RESTART|SA_SIGINFO
   SIGPIPE: javaSignalHandler in libjvm.so, mask=11100100010111111101111111111110, flags=SA_RESTART|SA_SIGINFO
   SIGXFSZ: javaSignalHandler in libjvm.so, mask=11100100010111111101111111111110, flags=SA_RESTART|SA_SIGINFO
    SIGILL: crash_handler in libjvm.so, mask=11100100010111111101111111111110, flags=SA_RESTART|SA_SIGINFO
   SIGUSR2: SR_handler in libjvm.so, mask=00100000000000000000000000000000, flags=SA_RESTART|SA_SIGINFO
    SIGHUP: UserHandler in libjvm.so, mask=11100100010111111101111111111110, flags=SA_RESTART|SA_SIGINFO
    SIGINT: UserHandler in libjvm.so, mask=11100100010111111101111111111110, flags=SA_RESTART|SA_SIGINFO
   SIGTERM: UserHandler in libjvm.so, mask=11100100010111111101111111111110, flags=SA_RESTART|SA_SIGINFO
   SIGQUIT: UserHandler in libjvm.so, mask=11100100010111111101111111111110, flags=SA_RESTART|SA_SIGINFO
   SIGTRAP: crash_handler in libjvm.so, mask=11100100010111111101111111111110, flags=SA_RESTART|SA_SIGINFO


---------------  S Y S T E M  ---------------

OS:
DISTRIB_ID=Ubuntu
DISTRIB_RELEASE=22.04
DISTRIB_CODENAME=jammy
DISTRIB_DESCRIPTION="Ubuntu 22.04.1 LTS"
uname: Linux 5.19.0-32-generic #33~22.04.1-Ubuntu SMP PREEMPT_DYNAMIC Mon Jan 30 17:03:34 UTC 2 x86_64
OS uptime: 0 days 6:46 hours
libc: glibc 2.35 NPTL 2.35 
rlimit (soft/hard): STACK 8192k/infinity , CORE 0k/infinity , NPROC 30199/30199 , NOFILE 1048576/1048576 , AS infinity/infinity , CPU infinity/infinity , DATA infinity/infinity , FSIZE infinity/infinity , MEMLOCK 985140k/985140k
load average: 3,43 3,43 3,54

/proc/meminfo:
MemTotal:        7881120 kB
MemFree:          112120 kB
MemAvailable:     108440 kB
Buffers:            1780 kB
Cached:           104752 kB
SwapCached:      1295128 kB
Active:          3148928 kB
Inactive:        3913500 kB
Active(anon):    3086412 kB
Inactive(anon):  3876416 kB
Active(file):      62516 kB
Inactive(file):    37084 kB
Unevictable:           0 kB
Mlocked:               0 kB
SwapTotal:      15728636 kB
SwapFree:        8170748 kB
Zswap:                 0 kB
Zswapped:              0 kB
Dirty:               248 kB
Writeback:             8 kB
AnonPages:       6872328 kB
Mapped:            66356 kB
Shmem:              6896 kB
KReclaimable:     165572 kB
Slab:             367676 kB
SReclaimable:     165572 kB
SUnreclaim:       202104 kB
KernelStack:       26304 kB
PageTables:        71644 kB
NFS_Unstable:          0 kB
Bounce:                0 kB
WritebackTmp:          0 kB
CommitLimit:    19669196 kB
Committed_AS:   18558280 kB
VmallocTotal:   34359738367 kB
VmallocUsed:       81460 kB
VmallocChunk:          0 kB
Percpu:             4608 kB
HardwareCorrupted:     0 kB
AnonHugePages:         0 kB
ShmemHugePages:        0 kB
ShmemPmdMapped:        0 kB
FileHugePages:         0 kB
FilePmdMapped:         0 kB
HugePages_Total:       0
HugePages_Free:        0
HugePages_Rsvd:        0
HugePages_Surp:        0
Hugepagesize:       2048 kB
Hugetlb:               0 kB
DirectMap4k:      385592 kB
DirectMap2M:     5642240 kB
DirectMap1G:     4194304 kB

/sys/kernel/mm/transparent_hugepage/enabled: always [madvise] never
/sys/kernel/mm/transparent_hugepage/defrag (defrag/compaction efforts parameter): always defer defer+madvise [madvise] never

Process Memory:
Virtual Size: 5445332K (peak: 5510868K)
Resident Set Size: 113052K (peak: 113300K) (anon: 99764K, file: 13288K, shmem: 0K)
Swapped out: 0K
C-Heap outstanding allocations: 34978K

/proc/sys/kernel/threads-max (system-wide limit on the number of threads): 60398
/proc/sys/vm/max_map_count (maximum number of memory map areas a process may have): 65530
/proc/sys/kernel/pid_max (system-wide limit on number of process identifiers): 4194304

container (cgroup) information:
container_type: cgroupv2
cpu_cpuset_cpus: not supported
cpu_memory_nodes: not supported
active_processor_count: 4
cpu_quota: not supported
cpu_period: not supported
cpu_shares: not supported
memory_limit_in_bytes: unlimited
memory_and_swap_limit_in_bytes: unlimited
memory_soft_limit_in_bytes: unlimited
memory_usage_in_bytes: 6320603136
memory_max_usage_in_bytes: not supported
maximum number of tasks: 9059
current number of tasks: 355

Steal ticks since vm start: 0
Steal ticks percentage since vm start:  0,000

CPU: total 4 (initial active 4) (4 cores per cpu, 1 threads per core) family 16 model 5 stepping 3 microcode 0x10000c8, cx8, cmov, fxsr, mmx, 3dnowpref, sse, sse2, sse3, sse4a, popcnt, lzcnt, tsc, tscinvbit, clflush
CPU Model and flags from /proc/cpuinfo:
model name	: AMD Phenom(tm) II N970 Quad-Core Processor
flags		: fpu vme de pse tsc msr pae mce cx8 apic sep mtrr pge mca cmov pat pse36 clflush mmx fxsr sse sse2 ht syscall nx mmxext fxsr_opt pdpe1gb rdtscp lm 3dnowext 3dnow constant_tsc rep_good nopl nonstop_tsc cpuid extd_apicid pni monitor cx16 popcnt lahf_lm cmp_legacy svm extapic cr8_legacy abm sse4a misalignsse 3dnowprefetch osvw ibs skinit wdt nodeid_msr hw_pstate vmmcall npt lbrv svm_lock nrip_save

Online cpus: 0-3
Offline cpus: 
BIOS frequency limitation: 2200000
Frequency switch latency (ns): 4000
Available cpu frequencies: 2200000 1900000 1600000 1300000 800000 
Current governor: schedutil
Core performance/turbo boost: <Not Available>

Memory: 4k page, physical 7881120k(110860k free), swap 15728636k(8170748k free)
Page Sizes: 4k

vm_info: Java HotSpot(TM) 64-Bit Server VM (17.0.3.1+2-LTS-6) for linux-amd64 JRE (17.0.3.1+2-LTS-6), built on Apr 25 2022 20:44:52 by "mach5one" with gcc 10.3.0

END.
