#
# A fatal error has been detected by the Java Runtime Environment:
#
#  SIGILL (0x4) at pc=0x00007fb7e1a0d190, pid=70469, tid=70500
#
# JRE version: Java(TM) SE Runtime Environment (18.0.1.1+2) (build 18.0.1.1+2-6)
# Java VM: Java HotSpot(TM) 64-Bit Server VM (18.0.1.1+2-6, mixed mode, sharing, tiered, compressed oops, compressed class ptrs, g1 gc, linux-amd64)
# Problematic frame:
# C  [libnetty_transport_native_epoll18118755924593841841.so+0xd190]
#
# Core dump will be written. Default location: Core dumps may be processed with "/usr/share/apport/apport -p%p -s%s -c%c -d%d -P%P -u%u -g%g -- %E" (or dumping to /home/sheriff/dev/projects.android/home/data/core.70469)
#
# If you would like to submit a bug report, please visit:
#   https://bugreport.java.com/bugreport/crash.jsp
# The crash happened outside the Java Virtual Machine in native code.
# See problematic frame for where to report the bug.
#

---------------  S U M M A R Y ------------

Command Line: -Djava.awt.headless=true -Djava.util.logging.config.file=/home/sheriff/.android/utp/logging2359524387380986656properties -Dfile.encoding=UTF-8 -Duser.country=US -Duser.language=en -Duser.variant com.google.testing.platform.launcher.Launcher /home/sheriff/.gradle/caches/modules-2/files-2.1/com.google.testing.platform/core/0.0.8-alpha07/185ff5f0c2380a7a283320bc5ec9130dbcbbb030/core-0.0.8-alpha07.jar --proto_config=/home/sheriff/.android/utp/runnerConfig2157592790926689922.pb --proto_server_config=/home/sheriff/.android/utp/serverConfig15321646061927631455.pb

Host: AMD Phenom(tm) II N970 Quad-Core Processor, 4 cores, 7G, Ubuntu 22.04.1 LTS
Time: Wed Mar  1 11:21:03 2023 MSK elapsed time: 3.766698 seconds (0d 0h 0m 3s)

---------------  T H R E A D  ---------------

Current thread (0x00007fb7880eb9f0):  JavaThread "grpc-default-worker-ELG-4-2" daemon [_thread_in_native, id=70500, stack(0x00007fb7e1411000,0x00007fb7e1511000)]

Stack: [0x00007fb7e1411000,0x00007fb7e1511000],  sp=0x00007fb7e150ee50,  free space=1015k
Native frames: (J=compiled Java code, j=interpreted, Vv=VM code, C=native code)
C  [libnetty_transport_native_epoll18118755924593841841.so+0xd190]
j  io.netty.channel.unix.Socket.connect(IZ[BII)I+0
j  io.netty.channel.unix.Socket.connect(Ljava/net/SocketAddress;)Z+49
j  io.netty.channel.epoll.AbstractEpollChannel.doConnect0(Ljava/net/SocketAddress;)Z+7
j  io.netty.channel.epoll.AbstractEpollChannel.doConnect(Ljava/net/SocketAddress;Ljava/net/SocketAddress;)Z+67
j  io.netty.channel.epoll.AbstractEpollChannel$AbstractEpollUnsafe.connect(Ljava/net/SocketAddress;Ljava/net/SocketAddress;Lio/netty/channel/ChannelPromise;)V+51
j  io.netty.channel.DefaultChannelPipeline$HeadContext.connect(Lio/netty/channel/ChannelHandlerContext;Ljava/net/SocketAddress;Ljava/net/SocketAddress;Lio/netty/channel/ChannelPromise;)V+8
j  io.netty.channel.AbstractChannelHandlerContext.invokeConnect(Ljava/net/SocketAddress;Ljava/net/SocketAddress;Lio/netty/channel/ChannelPromise;)V+18
j  io.netty.channel.AbstractChannelHandlerContext.connect(Ljava/net/SocketAddress;Ljava/net/SocketAddress;Lio/netty/channel/ChannelPromise;)Lio/netty/channel/ChannelFuture;+49
j  io.netty.channel.ChannelDuplexHandler.connect(Lio/netty/channel/ChannelHandlerContext;Ljava/net/SocketAddress;Ljava/net/SocketAddress;Lio/netty/channel/ChannelPromise;)V+5
j  io.grpc.netty.WriteBufferingAndExceptionHandler.connect(Lio/netty/channel/ChannelHandlerContext;Ljava/net/SocketAddress;Ljava/net/SocketAddress;Lio/netty/channel/ChannelPromise;)V+6
j  io.netty.channel.AbstractChannelHandlerContext.invokeConnect(Ljava/net/SocketAddress;Ljava/net/SocketAddress;Lio/netty/channel/ChannelPromise;)V+18
j  io.netty.channel.AbstractChannelHandlerContext.access$1000(Lio/netty/channel/AbstractChannelHandlerContext;Ljava/net/SocketAddress;Ljava/net/SocketAddress;Lio/netty/channel/ChannelPromise;)V+4
j  io.netty.channel.AbstractChannelHandlerContext$9.run()V+16
j  io.netty.util.concurrent.AbstractEventExecutor.safeExecute(Ljava/lang/Runnable;)V+1
j  io.netty.util.concurrent.SingleThreadEventExecutor.runAllTasks(J)Z+41
j  io.netty.channel.epoll.EpollEventLoop.run()V+345
j  io.netty.util.concurrent.SingleThreadEventExecutor$4.run()V+44
j  io.netty.util.internal.ThreadExecutorMap$2.run()V+11
j  io.netty.util.concurrent.FastThreadLocalRunnable.run()V+4
j  java.lang.Thread.run()V+11 java.base@18.0.1.1
v  ~StubRoutines::call_stub
V  [libjvm.so+0x80c645]  JavaCalls::call_helper(JavaValue*, methodHandle const&, JavaCallArguments*, JavaThread*)+0x315
V  [libjvm.so+0x80de3b]  JavaCalls::call_virtual(JavaValue*, Handle, Klass*, Symbol*, Symbol*, JavaThread*)+0x1cb
V  [libjvm.so+0x8d72ba]  thread_entry(JavaThread*, JavaThread*)+0x8a
V  [libjvm.so+0xd93622]  JavaThread::thread_main_inner()+0xc2
V  [libjvm.so+0xd977d0]  Thread::call_run()+0xc0
V  [libjvm.so+0xbfc0b1]  thread_native_entry(Thread*)+0xe1

Java frames: (J=compiled Java code, j=interpreted, Vv=VM code)
j  io.netty.channel.unix.Socket.connect(IZ[BII)I+0
j  io.netty.channel.unix.Socket.connect(Ljava/net/SocketAddress;)Z+49
j  io.netty.channel.epoll.AbstractEpollChannel.doConnect0(Ljava/net/SocketAddress;)Z+7
j  io.netty.channel.epoll.AbstractEpollChannel.doConnect(Ljava/net/SocketAddress;Ljava/net/SocketAddress;)Z+67
j  io.netty.channel.epoll.AbstractEpollChannel$AbstractEpollUnsafe.connect(Ljava/net/SocketAddress;Ljava/net/SocketAddress;Lio/netty/channel/ChannelPromise;)V+51
j  io.netty.channel.DefaultChannelPipeline$HeadContext.connect(Lio/netty/channel/ChannelHandlerContext;Ljava/net/SocketAddress;Ljava/net/SocketAddress;Lio/netty/channel/ChannelPromise;)V+8
j  io.netty.channel.AbstractChannelHandlerContext.invokeConnect(Ljava/net/SocketAddress;Ljava/net/SocketAddress;Lio/netty/channel/ChannelPromise;)V+18
j  io.netty.channel.AbstractChannelHandlerContext.connect(Ljava/net/SocketAddress;Ljava/net/SocketAddress;Lio/netty/channel/ChannelPromise;)Lio/netty/channel/ChannelFuture;+49
j  io.netty.channel.ChannelDuplexHandler.connect(Lio/netty/channel/ChannelHandlerContext;Ljava/net/SocketAddress;Ljava/net/SocketAddress;Lio/netty/channel/ChannelPromise;)V+5
j  io.grpc.netty.WriteBufferingAndExceptionHandler.connect(Lio/netty/channel/ChannelHandlerContext;Ljava/net/SocketAddress;Ljava/net/SocketAddress;Lio/netty/channel/ChannelPromise;)V+6
j  io.netty.channel.AbstractChannelHandlerContext.invokeConnect(Ljava/net/SocketAddress;Ljava/net/SocketAddress;Lio/netty/channel/ChannelPromise;)V+18
j  io.netty.channel.AbstractChannelHandlerContext.access$1000(Lio/netty/channel/AbstractChannelHandlerContext;Ljava/net/SocketAddress;Ljava/net/SocketAddress;Lio/netty/channel/ChannelPromise;)V+4
j  io.netty.channel.AbstractChannelHandlerContext$9.run()V+16
j  io.netty.util.concurrent.AbstractEventExecutor.safeExecute(Ljava/lang/Runnable;)V+1
j  io.netty.util.concurrent.SingleThreadEventExecutor.runAllTasks(J)Z+41
j  io.netty.channel.epoll.EpollEventLoop.run()V+345
j  io.netty.util.concurrent.SingleThreadEventExecutor$4.run()V+44
j  io.netty.util.internal.ThreadExecutorMap$2.run()V+11
j  io.netty.util.concurrent.FastThreadLocalRunnable.run()V+4
j  java.lang.Thread.run()V+11 java.base@18.0.1.1
v  ~StubRoutines::call_stub

siginfo: si_signo: 4 (SIGILL), si_code: 2 (ILL_ILLOPN), si_addr: 0x00007fb7e1a0d190

Register to memory mapping:

RAX=0x0100007fffff0000 is an unknown value
RBX=0x00007fb7880ebc80 points into unknown readable memory: 0x00007fb812c0a920 | 20 a9 c0 12 b8 7f 00 00
RCX=0x00007fb7880eb9f0 is a thread
RDX=0x00007fb7880e0b68 points into unknown readable memory: 0x0000000000000035 | 35 00 00 00 00 00 00 00
RSP=0x00007fb7e150ee50 is pointing into the stack for thread: 0x00007fb7880eb9f0
RBP=0x00007fb7e150ef10 is pointing into the stack for thread: 0x00007fb7880eb9f0
RSI=0x00007fb7880eb9f0 is a thread
RDI=0x00007fb7880ebc60 points into unknown readable memory: 0x00007fb7e150ef20 | 20 ef 50 e1 b7 7f 00 00
R8 =
[error occurred during error reporting (printing register info), id 0xb, SIGSEGV (0xb) at pc=0x00007fb8120d8e96]

Registers:
RAX=0x0100007fffff0000, RBX=0x00007fb7880ebc80, RCX=0x00007fb7880eb9f0, RDX=0x00007fb7880e0b68
RSP=0x00007fb7e150ee50, RBP=0x00007fb7e150ef10, RSI=0x00007fb7880eb9f0, RDI=0x00007fb7880ebc60
R8 =0x000000008ddea848, R9 =0x00007fb7880eb9f0, R10=0x0000000000000000, R11=0x00000000000003d8
R12=0x0000000000000001, R13=0x00007fb7e150efc8, R14=0x000000000000005c, R15=0x0000000000009825
RIP=0x00007fb7e1a0d190, EFLAGS=0x0000000000010206, CSGSFS=0x002b000000000033, ERR=0x0000000000000000
  TRAPNO=0x0000000000000006

Top of Stack: (sp=0x00007fb7e150ee50)
0x00007fb7e150ee50:   000000009825000a 00007fb7e150eec0
0x00007fb7e150ee60:   0000000000000000 0000000000000000
0x00007fb7e150ee70:   00007fb7880eb900 0000000000000000
0x00007fb7e150ee80:   0000000000000000 0000000000000000 

Instructions: (pc=0x00007fb7e1a0d190)
0x00007fb7e1a0d090:   16 66 2e 0f 1f 84 00 00 00 00 00 0f 1f 44 00 00
0x00007fb7e1a0d0a0:   55 48 89 e5 89 d7 89 ce e8 03 2c 00 00 89 c1 31
0x00007fb7e1a0d0b0:   c0 83 f9 ff 74 02 5d c3 e8 23 28 00 00 48 85 c0
0x00007fb7e1a0d0c0:   74 09 48 89 c1 31 c0 2b 01 5d c3 67 0f b9 40 16
0x00007fb7e1a0d0d0:   55 48 89 e5 41 57 41 56 41 55 41 54 53 48 81 ec
0x00007fb7e1a0d0e0:   98 00 00 00 48 85 ff 0f 84 4b 01 00 00 48 89 fb
0x00007fb7e1a0d0f0:   48 8b 07 48 85 c0 0f 84 3c 01 00 00 45 89 cf 4d
0x00007fb7e1a0d100:   89 c5 41 89 cc 41 89 d6 48 89 df 4c 89 c6 ff 90
0x00007fb7e1a0d110:   58 05 00 00 83 f8 10 7e 07 b0 01 e9 b8 00 00 00
0x00007fb7e1a0d120:   4c 8b 0b 4d 85 c9 0f 84 0c 01 00 00 44 89 7d d4
0x00007fb7e1a0d130:   44 0f b7 7d 10 66 41 c1 c7 08 4c 8d 45 c0 48 89
0x00007fb7e1a0d140:   df 4c 89 ee 31 d2 89 c1 41 ff 91 40 06 00 00 41
0x00007fb7e1a0d150:   80 fc 01 75 48 66 c7 85 40 ff ff ff 0a 00 66 44
0x00007fb7e1a0d160:   89 bd 42 ff ff ff c7 85 44 ff ff ff 00 00 00 00
0x00007fb7e1a0d170:   8b 45 d4 89 85 58 ff ff ff 48 8b 45 c0 48 0b 45
0x00007fb7e1a0d180:   c8 74 3c 66 0f 6f 45 c0 66 0f ef 05 50 87 ff ff
0x00007fb7e1a0d190:   66 0f 38 17 c0 74 28 0f 28 45 c0 eb 2c 66 c7 85
0x00007fb7e1a0d1a0:   40 ff ff ff 02 00 66 44 89 bd 42 ff ff ff 8b 45
0x00007fb7e1a0d1b0:   cc 89 85 44 ff ff ff 41 bf 10 00 00 00 eb 17 48
0x00007fb7e1a0d1c0:   8b 05 9a 3a 20 00 0f 10 00 0f 11 85 48 ff ff ff
0x00007fb7e1a0d1d0:   41 bf 1c 00 00 00 31 c0 bb ff ff ff ff 84 c0 75
0x00007fb7e1a0d1e0:   43 4c 8d a5 40 ff ff ff 0f 1f 84 00 00 00 00 00
0x00007fb7e1a0d1f0:   44 89 f7 4c 89 e6 44 89 fa e8 c2 2a 00 00 89 c3
0x00007fb7e1a0d200:   83 f8 ff 75 13 e8 d6 26 00 00 48 85 c0 74 29 8b
0x00007fb7e1a0d210:   00 83 f8 04 74 da eb 05 b8 04 00 00 00 f7 d8 c1
0x00007fb7e1a0d220:   fb 1f 21 c3 89 d8 48 81 c4 98 00 00 00 5b 41 5c
0x00007fb7e1a0d230:   41 5d 41 5e 41 5f 5d c3 67 0f b9 40 16 0f 1f 00
0x00007fb7e1a0d240:   55 48 89 e5 41 56 53 48 83 ec 10 49 89 fe c7 45
0x00007fb7e1a0d250:   e8 04 00 00 00 48 8d 4d ec 4c 8d 45 e8 89 d7 be
0x00007fb7e1a0d260:   01 00 00 00 ba 04 00 00 00 e8 02 2a 00 00 89 c3
0x00007fb7e1a0d270:   85 c0 79 2a e8 67 26 00 00 48 85 c0 74 39 8b 10
0x00007fb7e1a0d280:   83 fa 09 75 0a 4c 89 f7 e8 d3 29 00 00 eb 0f 48 


Stack slot to memory mapping:
stack at sp + 0 slots: 0x000000009825000a is an unallocated location in the heap
stack at sp + 1 slots: 0x00007fb7e150eec0 is pointing into the stack for thread: 0x00007fb7880eb9f0
stack at sp + 2 slots: 0x0 is NULL
stack at sp + 3 slots: 0x0 is NULL
stack at sp + 4 slots: 0x00007fb7880eb900 points into unknown readable memory: 0x2f6c656e6e616863 | 63 68 61 6e 6e 65 6c 2f
stack at sp + 5 slots: 0x0 is NULL
stack at sp + 6 slots: 0x0 is NULL
stack at sp + 7 slots: 0x0 is NULL


---------------  P R O C E S S  ---------------

Threads class SMR info:
_java_thread_list=0x00007fb77c009ab0, length=19, elements={
0x00007fb80c025b50, 0x00007fb80c0fcc10, 0x00007fb80c0fe0b0, 0x00007fb80c104d80,
0x00007fb80c106120, 0x00007fb80c107520, 0x00007fb80c108ec0, 0x00007fb80c10a3e0,
0x00007fb80c113830, 0x00007fb80c11b390, 0x00007fb80c11ec70, 0x00007fb80ccea1b0,
0x00007fb80ccee290, 0x00007fb788063ae0, 0x00007fb78c012800, 0x00007fb80cee8670,
0x00007fb7880eb9f0, 0x00007fb80cef9390, 0x00007fb77c008af0
}

Java Threads: ( => current thread )
  0x00007fb80c025b50 JavaThread "main" [_thread_blocked, id=70472, stack(0x00007fb812d00000,0x00007fb812e00000)]
  0x00007fb80c0fcc10 JavaThread "Reference Handler" daemon [_thread_blocked, id=70479, stack(0x00007fb7f1520000,0x00007fb7f1620000)]
  0x00007fb80c0fe0b0 JavaThread "Finalizer" daemon [_thread_blocked, id=70480, stack(0x00007fb7f1420000,0x00007fb7f1520000)]
  0x00007fb80c104d80 JavaThread "Signal Dispatcher" daemon [_thread_blocked, id=70481, stack(0x00007fb7f0d00000,0x00007fb7f0e00000)]
  0x00007fb80c106120 JavaThread "Service Thread" daemon [_thread_blocked, id=70482, stack(0x00007fb7f0c00000,0x00007fb7f0d00000)]
  0x00007fb80c107520 JavaThread "Monitor Deflation Thread" daemon [_thread_blocked, id=70483, stack(0x00007fb7f0b00000,0x00007fb7f0c00000)]
  0x00007fb80c108ec0 JavaThread "C2 CompilerThread0" daemon [_thread_in_native, id=70484, stack(0x00007fb7f0a00000,0x00007fb7f0b00000)]
  0x00007fb80c10a3e0 JavaThread "C1 CompilerThread0" daemon [_thread_blocked, id=70485, stack(0x00007fb7f0900000,0x00007fb7f0a00000)]
  0x00007fb80c113830 JavaThread "Sweeper thread" daemon [_thread_blocked, id=70486, stack(0x00007fb7f0800000,0x00007fb7f0900000)]
  0x00007fb80c11b390 JavaThread "Notification Thread" daemon [_thread_blocked, id=70487, stack(0x00007fb7f0700000,0x00007fb7f0800000)]
  0x00007fb80c11ec70 JavaThread "Common-Cleaner" daemon [_thread_blocked, id=70489, stack(0x00007fb7f04fe000,0x00007fb7f05fe000)]
  0x00007fb80ccea1b0 JavaThread "grpc-default-worker-ELG-4-1" daemon [_thread_in_native, id=70495, stack(0x00007fb7e1711000,0x00007fb7e1811000)]
  0x00007fb80ccee290 JavaThread "grpc-default-executor-0" daemon [_thread_blocked, id=70496, stack(0x00007fb7e1611000,0x00007fb7e1711000)]
  0x00007fb788063ae0 JavaThread "grpc-default-executor-1" daemon [_thread_blocked, id=70497, stack(0x00007fb7e1511000,0x00007fb7e1611000)]
  0x00007fb78c012800 JavaThread "grpc-default-executor-2" daemon [_thread_blocked, id=70498, stack(0x00007fb7e1f00000,0x00007fb7e2000000)]
  0x00007fb80cee8670 JavaThread "Monitor" [_thread_in_native, id=70499, stack(0x00007fb7e1900000,0x00007fb7e1a00000)]
=>0x00007fb7880eb9f0 JavaThread "grpc-default-worker-ELG-4-2" daemon [_thread_in_native, id=70500, stack(0x00007fb7e1411000,0x00007fb7e1511000)]
  0x00007fb80cef9390 JavaThread "Running adb" [_thread_in_vm, id=70501, stack(0x00007fb7e1311000,0x00007fb7e1411000)]
  0x00007fb77c008af0 JavaThread "process reaper" daemon [_thread_in_native, id=70503, stack(0x00007fb7f13fe000,0x00007fb7f1420000)]

Other Threads:
  0x00007fb80c0f9b80 VMThread "VM Thread" [stack: 0x00007fb7f1622000,0x00007fb7f1722000] [id=70478]
  0x00007fb80c11ce00 WatcherThread "VM Periodic Task Thread" [stack: 0x00007fb7f0600000,0x00007fb7f0700000] [id=70488]
  0x00007fb80c082af0 WorkerThread "GC Thread#0" [stack: 0x00007fb81079d000,0x00007fb81089d000] [id=70473]
  0x00007fb7d00067b0 WorkerThread "GC Thread#1" [stack: 0x00007fb7f03fe000,0x00007fb7f04fe000] [id=70490]
  0x00007fb7d000e7b0 WorkerThread "GC Thread#2" [stack: 0x00007fb7f02fc000,0x00007fb7f03fc000] [id=70491]
  0x00007fb7d000e140 WorkerThread "GC Thread#3" [stack: 0x00007fb7f01fa000,0x00007fb7f02fa000] [id=70493]
  0x00007fb80c0931a0 ConcurrentGCThread "G1 Main Marker" [stack: 0x00007fb81069b000,0x00007fb81079b000] [id=70474]
  0x00007fb80c0940a0 WorkerThread "G1 Conc#0" [stack: 0x00007fb810599000,0x00007fb810699000] [id=70475]
  0x00007fb80c0cd2a0 ConcurrentGCThread "G1 Refine#0" [stack: 0x00007fb810093000,0x00007fb810193000] [id=70476]
  0x00007fb7dc000d70 ConcurrentGCThread "G1 Refine#1" [stack: 0x00007fb7f00f8000,0x00007fb7f01f8000] [id=70494]
  0x00007fb80c0ce170 ConcurrentGCThread "G1 Service" [stack: 0x00007fb7f18d0000,0x00007fb7f19d0000] [id=70477]

Threads with active compile tasks:
C2 CompilerThread0     3807 1539   !   4       jdk.internal.loader.BuiltinClassLoader::loadClassOrNull (143 bytes)

VM state: not at safepoint (normal execution)

VM Mutex/Monitor currently owned by a thread: None

Heap address: 0x0000000087a00000, size: 1926 MB, Compressed Oops mode: 32-bit

CDS archive(s) mapped at: [0x0000000800000000-0x0000000800bb1000-0x0000000800bb1000), size 12259328, SharedBaseAddress: 0x0000000800000000, ArchiveRelocationMode: 0.
Compressed class space mapped at: 0x0000000800c00000-0x0000000840c00000, reserved size: 1073741824
Narrow klass base: 0x0000000800000000, Narrow klass shift: 0, Narrow klass range: 0x100000000

GC Precious Log:
 CardTable entry size: 512
 Card Set container configuration: InlinePtr #cards 5 size 8 Array Of Cards #cards 12 size 40 Howl #buckets 4 coarsen threshold 1843 Howl Bitmap #cards 512 size 80 coarsen threshold 460 Card regions per heap region 1 cards per card region 2048
 CPUs: 4 total, 4 available
 Memory: 7696M
 Large Page Support: Disabled
 NUMA Support: Disabled
 Compressed Oops: Enabled (32-bit)
 Heap Region Size: 1M
 Heap Min Capacity: 8M
 Heap Initial Capacity: 122M
 Heap Max Capacity: 1926M
 Pre-touch: Disabled
 Parallel Workers: 4
 Concurrent Workers: 1
 Concurrent Refinement Workers: 4
 Periodic GC: Disabled

Heap:
 garbage-first heap   total 126976K, used 33363K [0x0000000087a00000, 0x0000000100000000)
  region size 1024K, 27 young (27648K), 3 survivors (3072K)
 Metaspace       used 20470K, committed 20800K, reserved 1114112K
  class space    used 2372K, committed 2560K, reserved 1048576K

Heap Regions: E=young(eden), S=young(survivor), O=old, HS=humongous(starts), HC=humongous(continues), CS=collection set, F=free, OA=open archive, CA=closed archive, TAMS=top-at-mark-start (previous, next)
|   0|0x0000000087a00000, 0x0000000087b00000, 0x0000000087b00000|100%|HS|  |TAMS 0x0000000087a00000, 0x0000000087a00000| Complete 
|   1|0x0000000087b00000, 0x0000000087c00000, 0x0000000087c00000|100%|HS|  |TAMS 0x0000000087b00000, 0x0000000087b00000| Complete 
|   2|0x0000000087c00000, 0x0000000087d00000, 0x0000000087d00000|100%|HC|  |TAMS 0x0000000087c00000, 0x0000000087c00000| Complete 
|   3|0x0000000087d00000, 0x0000000087d00000, 0x0000000087e00000|  0%| F|  |TAMS 0x0000000087d00000, 0x0000000087d00000| Untracked 
|   4|0x0000000087e00000, 0x0000000087f00000, 0x0000000087f00000|100%| O|  |TAMS 0x0000000087e00000, 0x0000000087e00000| Untracked 
|   5|0x0000000087f00000, 0x0000000088000000, 0x0000000088000000|100%| O|  |TAMS 0x0000000087f00000, 0x0000000087f00000| Untracked 
|   6|0x0000000088000000, 0x00000000880a9e00, 0x0000000088100000| 66%| O|  |TAMS 0x0000000088000000, 0x0000000088000000| Untracked 
|   7|0x0000000088100000, 0x0000000088100000, 0x0000000088200000|  0%| F|  |TAMS 0x0000000088100000, 0x0000000088100000| Untracked 
|   8|0x0000000088200000, 0x0000000088200000, 0x0000000088300000|  0%| F|  |TAMS 0x0000000088200000, 0x0000000088200000| Untracked 
|   9|0x0000000088300000, 0x0000000088300000, 0x0000000088400000|  0%| F|  |TAMS 0x0000000088300000, 0x0000000088300000| Untracked 
|  10|0x0000000088400000, 0x0000000088400000, 0x0000000088500000|  0%| F|  |TAMS 0x0000000088400000, 0x0000000088400000| Untracked 
|  11|0x0000000088500000, 0x0000000088500000, 0x0000000088600000|  0%| F|  |TAMS 0x0000000088500000, 0x0000000088500000| Untracked 
|  12|0x0000000088600000, 0x0000000088600000, 0x0000000088700000|  0%| F|  |TAMS 0x0000000088600000, 0x0000000088600000| Untracked 
|  13|0x0000000088700000, 0x0000000088700000, 0x0000000088800000|  0%| F|  |TAMS 0x0000000088700000, 0x0000000088700000| Untracked 
|  14|0x0000000088800000, 0x0000000088800000, 0x0000000088900000|  0%| F|  |TAMS 0x0000000088800000, 0x0000000088800000| Untracked 
|  15|0x0000000088900000, 0x0000000088900000, 0x0000000088a00000|  0%| F|  |TAMS 0x0000000088900000, 0x0000000088900000| Untracked 
|  16|0x0000000088a00000, 0x0000000088a00000, 0x0000000088b00000|  0%| F|  |TAMS 0x0000000088a00000, 0x0000000088a00000| Untracked 
|  17|0x0000000088b00000, 0x0000000088b00000, 0x0000000088c00000|  0%| F|  |TAMS 0x0000000088b00000, 0x0000000088b00000| Untracked 
|  18|0x0000000088c00000, 0x0000000088c00000, 0x0000000088d00000|  0%| F|  |TAMS 0x0000000088c00000, 0x0000000088c00000| Untracked 
|  19|0x0000000088d00000, 0x0000000088d00000, 0x0000000088e00000|  0%| F|  |TAMS 0x0000000088d00000, 0x0000000088d00000| Untracked 
|  20|0x0000000088e00000, 0x0000000088e00000, 0x0000000088f00000|  0%| F|  |TAMS 0x0000000088e00000, 0x0000000088e00000| Untracked 
|  21|0x0000000088f00000, 0x0000000088f00000, 0x0000000089000000|  0%| F|  |TAMS 0x0000000088f00000, 0x0000000088f00000| Untracked 
|  22|0x0000000089000000, 0x0000000089000000, 0x0000000089100000|  0%| F|  |TAMS 0x0000000089000000, 0x0000000089000000| Untracked 
|  23|0x0000000089100000, 0x0000000089100000, 0x0000000089200000|  0%| F|  |TAMS 0x0000000089100000, 0x0000000089100000| Untracked 
|  24|0x0000000089200000, 0x0000000089200000, 0x0000000089300000|  0%| F|  |TAMS 0x0000000089200000, 0x0000000089200000| Untracked 
|  25|0x0000000089300000, 0x0000000089300000, 0x0000000089400000|  0%| F|  |TAMS 0x0000000089300000, 0x0000000089300000| Untracked 
|  26|0x0000000089400000, 0x0000000089400000, 0x0000000089500000|  0%| F|  |TAMS 0x0000000089400000, 0x0000000089400000| Untracked 
|  27|0x0000000089500000, 0x0000000089500000, 0x0000000089600000|  0%| F|  |TAMS 0x0000000089500000, 0x0000000089500000| Untracked 
|  28|0x0000000089600000, 0x0000000089600000, 0x0000000089700000|  0%| F|  |TAMS 0x0000000089600000, 0x0000000089600000| Untracked 
|  29|0x0000000089700000, 0x0000000089700000, 0x0000000089800000|  0%| F|  |TAMS 0x0000000089700000, 0x0000000089700000| Untracked 
|  30|0x0000000089800000, 0x0000000089800000, 0x0000000089900000|  0%| F|  |TAMS 0x0000000089800000, 0x0000000089800000| Untracked 
|  31|0x0000000089900000, 0x0000000089900000, 0x0000000089a00000|  0%| F|  |TAMS 0x0000000089900000, 0x0000000089900000| Untracked 
|  32|0x0000000089a00000, 0x0000000089a00000, 0x0000000089b00000|  0%| F|  |TAMS 0x0000000089a00000, 0x0000000089a00000| Untracked 
|  33|0x0000000089b00000, 0x0000000089b00000, 0x0000000089c00000|  0%| F|  |TAMS 0x0000000089b00000, 0x0000000089b00000| Untracked 
|  34|0x0000000089c00000, 0x0000000089c00000, 0x0000000089d00000|  0%| F|  |TAMS 0x0000000089c00000, 0x0000000089c00000| Untracked 
|  35|0x0000000089d00000, 0x0000000089d00000, 0x0000000089e00000|  0%| F|  |TAMS 0x0000000089d00000, 0x0000000089d00000| Untracked 
|  36|0x0000000089e00000, 0x0000000089e00000, 0x0000000089f00000|  0%| F|  |TAMS 0x0000000089e00000, 0x0000000089e00000| Untracked 
|  37|0x0000000089f00000, 0x0000000089f00000, 0x000000008a000000|  0%| F|  |TAMS 0x0000000089f00000, 0x0000000089f00000| Untracked 
|  38|0x000000008a000000, 0x000000008a000000, 0x000000008a100000|  0%| F|  |TAMS 0x000000008a000000, 0x000000008a000000| Untracked 
|  39|0x000000008a100000, 0x000000008a100000, 0x000000008a200000|  0%| F|  |TAMS 0x000000008a100000, 0x000000008a100000| Untracked 
|  40|0x000000008a200000, 0x000000008a200000, 0x000000008a300000|  0%| F|  |TAMS 0x000000008a200000, 0x000000008a200000| Untracked 
|  41|0x000000008a300000, 0x000000008a300000, 0x000000008a400000|  0%| F|  |TAMS 0x000000008a300000, 0x000000008a300000| Untracked 
|  42|0x000000008a400000, 0x000000008a400000, 0x000000008a500000|  0%| F|  |TAMS 0x000000008a400000, 0x000000008a400000| Untracked 
|  43|0x000000008a500000, 0x000000008a500000, 0x000000008a600000|  0%| F|  |TAMS 0x000000008a500000, 0x000000008a500000| Untracked 
|  44|0x000000008a600000, 0x000000008a600000, 0x000000008a700000|  0%| F|  |TAMS 0x000000008a600000, 0x000000008a600000| Untracked 
|  45|0x000000008a700000, 0x000000008a700000, 0x000000008a800000|  0%| F|  |TAMS 0x000000008a700000, 0x000000008a700000| Untracked 
|  46|0x000000008a800000, 0x000000008a800000, 0x000000008a900000|  0%| F|  |TAMS 0x000000008a800000, 0x000000008a800000| Untracked 
|  47|0x000000008a900000, 0x000000008a900000, 0x000000008aa00000|  0%| F|  |TAMS 0x000000008a900000, 0x000000008a900000| Untracked 
|  48|0x000000008aa00000, 0x000000008aa00000, 0x000000008ab00000|  0%| F|  |TAMS 0x000000008aa00000, 0x000000008aa00000| Untracked 
|  49|0x000000008ab00000, 0x000000008ab00000, 0x000000008ac00000|  0%| F|  |TAMS 0x000000008ab00000, 0x000000008ab00000| Untracked 
|  50|0x000000008ac00000, 0x000000008ac00000, 0x000000008ad00000|  0%| F|  |TAMS 0x000000008ac00000, 0x000000008ac00000| Untracked 
|  51|0x000000008ad00000, 0x000000008ad00000, 0x000000008ae00000|  0%| F|  |TAMS 0x000000008ad00000, 0x000000008ad00000| Untracked 
|  52|0x000000008ae00000, 0x000000008ae00000, 0x000000008af00000|  0%| F|  |TAMS 0x000000008ae00000, 0x000000008ae00000| Untracked 
|  53|0x000000008af00000, 0x000000008af00000, 0x000000008b000000|  0%| F|  |TAMS 0x000000008af00000, 0x000000008af00000| Untracked 
|  54|0x000000008b000000, 0x000000008b000000, 0x000000008b100000|  0%| F|  |TAMS 0x000000008b000000, 0x000000008b000000| Untracked 
|  55|0x000000008b100000, 0x000000008b100000, 0x000000008b200000|  0%| F|  |TAMS 0x000000008b100000, 0x000000008b100000| Untracked 
|  56|0x000000008b200000, 0x000000008b200000, 0x000000008b300000|  0%| F|  |TAMS 0x000000008b200000, 0x000000008b200000| Untracked 
|  57|0x000000008b300000, 0x000000008b300000, 0x000000008b400000|  0%| F|  |TAMS 0x000000008b300000, 0x000000008b300000| Untracked 
|  58|0x000000008b400000, 0x000000008b400000, 0x000000008b500000|  0%| F|  |TAMS 0x000000008b400000, 0x000000008b400000| Untracked 
|  59|0x000000008b500000, 0x000000008b500000, 0x000000008b600000|  0%| F|  |TAMS 0x000000008b500000, 0x000000008b500000| Untracked 
|  60|0x000000008b600000, 0x000000008b600000, 0x000000008b700000|  0%| F|  |TAMS 0x000000008b600000, 0x000000008b600000| Untracked 
|  61|0x000000008b700000, 0x000000008b700000, 0x000000008b800000|  0%| F|  |TAMS 0x000000008b700000, 0x000000008b700000| Untracked 
|  62|0x000000008b800000, 0x000000008b800000, 0x000000008b900000|  0%| F|  |TAMS 0x000000008b800000, 0x000000008b800000| Untracked 
|  63|0x000000008b900000, 0x000000008b900000, 0x000000008ba00000|  0%| F|  |TAMS 0x000000008b900000, 0x000000008b900000| Untracked 
|  64|0x000000008ba00000, 0x000000008ba00000, 0x000000008bb00000|  0%| F|  |TAMS 0x000000008ba00000, 0x000000008ba00000| Untracked 
|  65|0x000000008bb00000, 0x000000008bb00000, 0x000000008bc00000|  0%| F|  |TAMS 0x000000008bb00000, 0x000000008bb00000| Untracked 
|  66|0x000000008bc00000, 0x000000008bc00000, 0x000000008bd00000|  0%| F|  |TAMS 0x000000008bc00000, 0x000000008bc00000| Untracked 
|  67|0x000000008bd00000, 0x000000008bd00000, 0x000000008be00000|  0%| F|  |TAMS 0x000000008bd00000, 0x000000008bd00000| Untracked 
|  68|0x000000008be00000, 0x000000008be00000, 0x000000008bf00000|  0%| F|  |TAMS 0x000000008be00000, 0x000000008be00000| Untracked 
|  69|0x000000008bf00000, 0x000000008bf00000, 0x000000008c000000|  0%| F|  |TAMS 0x000000008bf00000, 0x000000008bf00000| Untracked 
|  70|0x000000008c000000, 0x000000008c000000, 0x000000008c100000|  0%| F|  |TAMS 0x000000008c000000, 0x000000008c000000| Untracked 
|  71|0x000000008c100000, 0x000000008c100000, 0x000000008c200000|  0%| F|  |TAMS 0x000000008c100000, 0x000000008c100000| Untracked 
|  72|0x000000008c200000, 0x000000008c200000, 0x000000008c300000|  0%| F|  |TAMS 0x000000008c200000, 0x000000008c200000| Untracked 
|  73|0x000000008c300000, 0x000000008c300000, 0x000000008c400000|  0%| F|  |TAMS 0x000000008c300000, 0x000000008c300000| Untracked 
|  74|0x000000008c400000, 0x000000008c400000, 0x000000008c500000|  0%| F|  |TAMS 0x000000008c400000, 0x000000008c400000| Untracked 
|  75|0x000000008c500000, 0x000000008c500000, 0x000000008c600000|  0%| F|  |TAMS 0x000000008c500000, 0x000000008c500000| Untracked 
|  76|0x000000008c600000, 0x000000008c600000, 0x000000008c700000|  0%| F|  |TAMS 0x000000008c600000, 0x000000008c600000| Untracked 
|  77|0x000000008c700000, 0x000000008c700000, 0x000000008c800000|  0%| F|  |TAMS 0x000000008c700000, 0x000000008c700000| Untracked 
|  78|0x000000008c800000, 0x000000008c800000, 0x000000008c900000|  0%| F|  |TAMS 0x000000008c800000, 0x000000008c800000| Untracked 
|  79|0x000000008c900000, 0x000000008c900000, 0x000000008ca00000|  0%| F|  |TAMS 0x000000008c900000, 0x000000008c900000| Untracked 
|  80|0x000000008ca00000, 0x000000008ca00000, 0x000000008cb00000|  0%| F|  |TAMS 0x000000008ca00000, 0x000000008ca00000| Untracked 
|  81|0x000000008cb00000, 0x000000008cb00000, 0x000000008cc00000|  0%| F|  |TAMS 0x000000008cb00000, 0x000000008cb00000| Untracked 
|  82|0x000000008cc00000, 0x000000008cc00000, 0x000000008cd00000|  0%| F|  |TAMS 0x000000008cc00000, 0x000000008cc00000| Untracked 
|  83|0x000000008cd00000, 0x000000008cd00000, 0x000000008ce00000|  0%| F|  |TAMS 0x000000008cd00000, 0x000000008cd00000| Untracked 
|  84|0x000000008ce00000, 0x000000008ce00000, 0x000000008cf00000|  0%| F|  |TAMS 0x000000008ce00000, 0x000000008ce00000| Untracked 
|  85|0x000000008cf00000, 0x000000008cf00000, 0x000000008d000000|  0%| F|  |TAMS 0x000000008cf00000, 0x000000008cf00000| Untracked 
|  86|0x000000008d000000, 0x000000008d000000, 0x000000008d100000|  0%| F|  |TAMS 0x000000008d000000, 0x000000008d000000| Untracked 
|  87|0x000000008d100000, 0x000000008d100000, 0x000000008d200000|  0%| F|  |TAMS 0x000000008d100000, 0x000000008d100000| Untracked 
|  88|0x000000008d200000, 0x000000008d200000, 0x000000008d300000|  0%| F|  |TAMS 0x000000008d200000, 0x000000008d200000| Untracked 
|  89|0x000000008d300000, 0x000000008d300000, 0x000000008d400000|  0%| F|  |TAMS 0x000000008d300000, 0x000000008d300000| Untracked 
|  90|0x000000008d400000, 0x000000008d400000, 0x000000008d500000|  0%| F|  |TAMS 0x000000008d400000, 0x000000008d400000| Untracked 
|  91|0x000000008d500000, 0x000000008d500000, 0x000000008d600000|  0%| F|  |TAMS 0x000000008d500000, 0x000000008d500000| Untracked 
|  92|0x000000008d600000, 0x000000008d600000, 0x000000008d700000|  0%| F|  |TAMS 0x000000008d600000, 0x000000008d600000| Untracked 
|  93|0x000000008d700000, 0x000000008d700000, 0x000000008d800000|  0%| F|  |TAMS 0x000000008d700000, 0x000000008d700000| Untracked 
|  94|0x000000008d800000, 0x000000008d800000, 0x000000008d900000|  0%| F|  |TAMS 0x000000008d800000, 0x000000008d800000| Untracked 
|  95|0x000000008d900000, 0x000000008d96c0d0, 0x000000008da00000| 42%| E|  |TAMS 0x000000008d900000, 0x000000008d900000| Complete 
|  96|0x000000008da00000, 0x000000008db00000, 0x000000008db00000|100%| S|CS|TAMS 0x000000008da00000, 0x000000008da00000| Complete 
|  97|0x000000008db00000, 0x000000008dc00000, 0x000000008dc00000|100%| S|CS|TAMS 0x000000008db00000, 0x000000008db00000| Complete 
|  98|0x000000008dc00000, 0x000000008dd00000, 0x000000008dd00000|100%| S|CS|TAMS 0x000000008dc00000, 0x000000008dc00000| Complete 
|  99|0x000000008dd00000, 0x000000008de00000, 0x000000008de00000|100%| E|CS|TAMS 0x000000008dd00000, 0x000000008dd00000| Complete 
| 100|0x000000008de00000, 0x000000008df00000, 0x000000008df00000|100%| E|CS|TAMS 0x000000008de00000, 0x000000008de00000| Complete 
| 101|0x000000008df00000, 0x000000008e000000, 0x000000008e000000|100%| E|CS|TAMS 0x000000008df00000, 0x000000008df00000| Complete 
| 102|0x000000008e000000, 0x000000008e100000, 0x000000008e100000|100%| E|CS|TAMS 0x000000008e000000, 0x000000008e000000| Complete 
| 103|0x000000008e100000, 0x000000008e200000, 0x000000008e200000|100%| E|CS|TAMS 0x000000008e100000, 0x000000008e100000| Complete 
| 104|0x000000008e200000, 0x000000008e300000, 0x000000008e300000|100%| E|CS|TAMS 0x000000008e200000, 0x000000008e200000| Complete 
| 105|0x000000008e300000, 0x000000008e400000, 0x000000008e400000|100%| E|CS|TAMS 0x000000008e300000, 0x000000008e300000| Complete 
| 106|0x000000008e400000, 0x000000008e500000, 0x000000008e500000|100%| E|CS|TAMS 0x000000008e400000, 0x000000008e400000| Complete 
| 107|0x000000008e500000, 0x000000008e600000, 0x000000008e600000|100%| E|CS|TAMS 0x000000008e500000, 0x000000008e500000| Complete 
| 108|0x000000008e600000, 0x000000008e700000, 0x000000008e700000|100%| E|CS|TAMS 0x000000008e600000, 0x000000008e600000| Complete 
| 109|0x000000008e700000, 0x000000008e800000, 0x000000008e800000|100%| E|CS|TAMS 0x000000008e700000, 0x000000008e700000| Complete 
| 110|0x000000008e800000, 0x000000008e900000, 0x000000008e900000|100%| E|CS|TAMS 0x000000008e800000, 0x000000008e800000| Complete 
| 111|0x000000008e900000, 0x000000008ea00000, 0x000000008ea00000|100%| E|CS|TAMS 0x000000008e900000, 0x000000008e900000| Complete 
| 112|0x000000008ea00000, 0x000000008eb00000, 0x000000008eb00000|100%| E|CS|TAMS 0x000000008ea00000, 0x000000008ea00000| Complete 
| 113|0x000000008eb00000, 0x000000008ec00000, 0x000000008ec00000|100%| E|CS|TAMS 0x000000008eb00000, 0x000000008eb00000| Complete 
| 114|0x000000008ec00000, 0x000000008ed00000, 0x000000008ed00000|100%| E|CS|TAMS 0x000000008ec00000, 0x000000008ec00000| Complete 
| 115|0x000000008ed00000, 0x000000008ee00000, 0x000000008ee00000|100%| E|CS|TAMS 0x000000008ed00000, 0x000000008ed00000| Complete 
| 116|0x000000008ee00000, 0x000000008ef00000, 0x000000008ef00000|100%| E|CS|TAMS 0x000000008ee00000, 0x000000008ee00000| Complete 
| 117|0x000000008ef00000, 0x000000008f000000, 0x000000008f000000|100%| E|CS|TAMS 0x000000008ef00000, 0x000000008ef00000| Complete 
| 118|0x000000008f000000, 0x000000008f100000, 0x000000008f100000|100%| E|CS|TAMS 0x000000008f000000, 0x000000008f000000| Complete 
| 119|0x000000008f100000, 0x000000008f200000, 0x000000008f200000|100%| E|CS|TAMS 0x000000008f100000, 0x000000008f100000| Complete 
| 120|0x000000008f200000, 0x000000008f300000, 0x000000008f300000|100%| E|CS|TAMS 0x000000008f200000, 0x000000008f200000| Complete 
| 121|0x000000008f300000, 0x000000008f400000, 0x000000008f400000|100%| E|CS|TAMS 0x000000008f300000, 0x000000008f300000| Complete 
|1924|0x00000000ffe00000, 0x00000000ffe75000, 0x00000000fff00000| 45%|OA|  |TAMS 0x00000000ffe00000, 0x00000000ffe00000| Untracked 
|1925|0x00000000fff00000, 0x00000000fff76000, 0x0000000100000000| 46%|CA|  |TAMS 0x00000000fff00000, 0x00000000fff00000| Untracked 

Card table byte_map: [0x00007fb810ca0000,0x00007fb811063000] _byte_map_base: 0x00007fb810863000

Marking Bits (Prev, Next): (CMBitMap*) 0x00007fb80c083560, (CMBitMap*) 0x00007fb80c0835a0
 Prev Bits: [0x00007fb7f37e8000, 0x00007fb7f5600000)
 Next Bits: [0x00007fb7f19d0000, 0x00007fb7f37e8000)

Polling page: 0x00007fb813186000

Metaspace:

Usage:
  Non-class:     17,68 MB used.
      Class:      2,32 MB used.
       Both:     20,00 MB used.

Virtual space:
  Non-class space:       64,00 MB reserved,      17,81 MB ( 28%) committed,  1 nodes.
      Class space:        1,00 GB reserved,       2,50 MB ( <1%) committed,  1 nodes.
             Both:        1,06 GB reserved,      20,31 MB (  2%) committed. 

Chunk freelists:
   Non-Class:  1,94 MB
       Class:  1,55 MB
        Both:  3,49 MB

MaxMetaspaceSize: unlimited
CompressedClassSpaceSize: 1,00 GB
Initial GC threshold: 21,00 MB
Current GC threshold: 21,00 MB
CDS: on
MetaspaceReclaimPolicy: balanced
 - commit_granule_bytes: 65536.
 - commit_granule_words: 8192.
 - virtual_space_node_default_size: 8388608.
 - enlarge_chunks_in_place: 1.
 - new_chunks_are_fully_committed: 0.
 - uncommit_free_chunks: 1.
 - use_allocation_guard: 0.


Internal statistics:

num_allocs_failed_limit: 0.
num_arena_births: 174.
num_arena_deaths: 0.
num_vsnodes_births: 2.
num_vsnodes_deaths: 0.
num_space_committed: 325.
num_space_uncommitted: 0.
num_chunks_returned_to_freelist: 0.
num_chunks_taken_from_freelist: 782.
num_chunk_merges: 0.
num_chunk_splits: 561.
num_chunks_enlarged: 402.
num_inconsistent_stats: 0.

CodeHeap 'non-profiled nmethods': size=120032Kb used=532Kb max_used=532Kb free=119499Kb
 bounds [0x00007fb7fd0c8000, 0x00007fb7fd338000, 0x00007fb804600000]
CodeHeap 'profiled nmethods': size=120028Kb used=2747Kb max_used=2747Kb free=117280Kb
 bounds [0x00007fb7f5b91000, 0x00007fb7f5e41000, 0x00007fb7fd0c8000]
CodeHeap 'non-nmethods': size=5700Kb used=1265Kb max_used=1279Kb free=4434Kb
 bounds [0x00007fb7f5600000, 0x00007fb7f5870000, 0x00007fb7f5b91000]
 total_blobs=2142 nmethods=1567 adapters=490
 compilation: enabled
              stopped_count=0, restarted_count=0
 full_count=0

Compilation events (20 events):
Event: 3,736 Thread 0x00007fb80c10a3e0 1552       3       jdk.internal.org.objectweb.asm.SymbolTable::addConstantFieldref (10 bytes)
Event: 3,737 Thread 0x00007fb80c10a3e0 nmethod 1552 0x00007fb7f5e32510 code [0x00007fb7f5e326c0, 0x00007fb7f5e32800]
Event: 3,737 Thread 0x00007fb80c10a3e0 1553       3       java.lang.CharacterDataLatin1::isWhitespace (23 bytes)
Event: 3,737 Thread 0x00007fb80c10a3e0 nmethod 1553 0x00007fb7f5e32890 code [0x00007fb7f5e32a40, 0x00007fb7f5e32c50]
Event: 3,737 Thread 0x00007fb80c10a3e0 1554       3       sun.reflect.generics.parser.SignatureParser::current (59 bytes)
Event: 3,738 Thread 0x00007fb80c10a3e0 nmethod 1554 0x00007fb7f5e32d90 code [0x00007fb7f5e32fa0, 0x00007fb7f5e33690]
Event: 3,738 Thread 0x00007fb80c10a3e0 1557       3       java.lang.CharacterData::of (136 bytes)
Event: 3,738 Thread 0x00007fb80c10a3e0 nmethod 1557 0x00007fb7f5e33990 code [0x00007fb7f5e33bc0, 0x00007fb7f5e34410]
Event: 3,738 Thread 0x00007fb80c10a3e0 1556       3       sun.reflect.generics.parser.SignatureParser::advance (53 bytes)
Event: 3,739 Thread 0x00007fb80c10a3e0 nmethod 1556 0x00007fb7f5e34610 code [0x00007fb7f5e347c0, 0x00007fb7f5e34a10]
Event: 3,739 Thread 0x00007fb80c10a3e0 1555       1       java.lang.reflect.Method::getRoot (5 bytes)
Event: 3,739 Thread 0x00007fb80c10a3e0 nmethod 1555 0x00007fb7fd14b210 code [0x00007fb7fd14b3a0, 0x00007fb7fd14b470]
Event: 3,744 Thread 0x00007fb80c10a3e0 1561       3       jdk.internal.org.objectweb.asm.MethodWriter::<init> (232 bytes)
Event: 3,746 Thread 0x00007fb80c10a3e0 nmethod 1561 0x00007fb7f5e34b10 code [0x00007fb7f5e34da0, 0x00007fb7f5e35b10]
Event: 3,746 Thread 0x00007fb80c10a3e0 1560       3       jdk.internal.org.objectweb.asm.ClassWriter::visitMethod (57 bytes)
Event: 3,747 Thread 0x00007fb80c10a3e0 nmethod 1560 0x00007fb7f5e36010 code [0x00007fb7f5e361c0, 0x00007fb7f5e36520]
Event: 3,747 Thread 0x00007fb80c10a3e0 1562       3       jdk.internal.org.objectweb.asm.MethodWriter::visitMaxs (60 bytes)
Event: 3,748 Thread 0x00007fb80c10a3e0 nmethod 1562 0x00007fb7f5e36690 code [0x00007fb7f5e36860, 0x00007fb7f5e36b30]
Event: 3,749 Thread 0x00007fb80c10a3e0 1566       3       java.lang.System::checkKey (34 bytes)
Event: 3,750 Thread 0x00007fb80c10a3e0 nmethod 1566 0x00007fb7f5e36c10 code [0x00007fb7f5e36de0, 0x00007fb7f5e37190]

GC Heap History (4 events):
Event: 1,277 GC heap before
{Heap before GC invocations=0 (full 0):
 garbage-first heap   total 126976K, used 17324K [0x0000000087a00000, 0x0000000100000000)
  region size 1024K, 13 young (13312K), 0 survivors (0K)
 Metaspace       used 5926K, committed 6144K, reserved 1114112K
  class space    used 639K, committed 768K, reserved 1048576K
}
Event: 1,286 GC heap after
{Heap after GC invocations=1 (full 0):
 garbage-first heap   total 126976K, used 5484K [0x0000000087a00000, 0x0000000100000000)
  region size 1024K, 2 young (2048K), 2 survivors (2048K)
 Metaspace       used 5926K, committed 6144K, reserved 1114112K
  class space    used 639K, committed 768K, reserved 1048576K
}
Event: 2,611 GC heap before
{Heap before GC invocations=1 (full 0):
 garbage-first heap   total 126976K, used 26988K [0x0000000087a00000, 0x0000000100000000)
  region size 1024K, 23 young (23552K), 2 survivors (2048K)
 Metaspace       used 12955K, committed 13248K, reserved 1114112K
  class space    used 1422K, committed 1536K, reserved 1048576K
}
Event: 2,637 GC heap after
{Heap after GC invocations=2 (full 0):
 garbage-first heap   total 126976K, used 9811K [0x0000000087a00000, 0x0000000100000000)
  region size 1024K, 3 young (3072K), 3 survivors (3072K)
 Metaspace       used 12955K, committed 13248K, reserved 1114112K
  class space    used 1422K, committed 1536K, reserved 1048576K
}

Deoptimization events (20 events):
Event: 3,667 Thread 0x00007fb80c025b50 Uncommon trap: trap_request=0xffffffde fr.pc=0x00007fb7fd147628 relative=0x0000000000000108
Event: 3,667 Thread 0x00007fb80c025b50 Uncommon trap: reason=class_check action=maybe_recompile pc=0x00007fb7fd147628 method=jdk.internal.misc.Unsafe.allocateUninitializedArray(Ljava/lang/Class;I)Ljava/lang/Object; @ 51 c2
Event: 3,667 Thread 0x00007fb80c025b50 DEOPT PACKING pc=0x00007fb7fd147628 sp=0x00007fb812df94a0
Event: 3,667 Thread 0x00007fb80c025b50 DEOPT UNPACKING pc=0x00007fb7f5652093 sp=0x00007fb812df9448 mode 2
Event: 3,667 Thread 0x00007fb80c025b50 Uncommon trap: trap_request=0xffffffde fr.pc=0x00007fb7fd147628 relative=0x0000000000000108
Event: 3,667 Thread 0x00007fb80c025b50 Uncommon trap: reason=class_check action=maybe_recompile pc=0x00007fb7fd147628 method=jdk.internal.misc.Unsafe.allocateUninitializedArray(Ljava/lang/Class;I)Ljava/lang/Object; @ 51 c2
Event: 3,667 Thread 0x00007fb80c025b50 DEOPT PACKING pc=0x00007fb7fd147628 sp=0x00007fb812df9140
Event: 3,667 Thread 0x00007fb80c025b50 DEOPT UNPACKING pc=0x00007fb7f5652093 sp=0x00007fb812df90e8 mode 2
Event: 3,667 Thread 0x00007fb80ccee290 Uncommon trap: trap_request=0xffffffde fr.pc=0x00007fb7fd147628 relative=0x0000000000000108
Event: 3,667 Thread 0x00007fb80ccee290 Uncommon trap: reason=class_check action=maybe_recompile pc=0x00007fb7fd147628 method=jdk.internal.misc.Unsafe.allocateUninitializedArray(Ljava/lang/Class;I)Ljava/lang/Object; @ 51 c2
Event: 3,667 Thread 0x00007fb80ccee290 DEOPT PACKING pc=0x00007fb7fd147628 sp=0x00007fb7e170e2d0
Event: 3,667 Thread 0x00007fb80ccee290 DEOPT UNPACKING pc=0x00007fb7f5652093 sp=0x00007fb7e170e278 mode 2
Event: 3,724 Thread 0x00007fb80cee8670 Uncommon trap: trap_request=0xffffff45 fr.pc=0x00007fb7fd0fb500 relative=0x0000000000000360
Event: 3,724 Thread 0x00007fb80cee8670 Uncommon trap: reason=unstable_if action=reinterpret pc=0x00007fb7fd0fb500 method=java.lang.StringLatin1.canEncode(I)Z @ 4 c2
Event: 3,724 Thread 0x00007fb80cee8670 DEOPT PACKING pc=0x00007fb7fd0fb500 sp=0x00007fb7e19fdf00
Event: 3,724 Thread 0x00007fb80cee8670 DEOPT UNPACKING pc=0x00007fb7f5652093 sp=0x00007fb7e19fde28 mode 2
Event: 3,724 Thread 0x00007fb80cee8670 Uncommon trap: trap_request=0xffffff45 fr.pc=0x00007fb7fd11207c relative=0x000000000000005c
Event: 3,724 Thread 0x00007fb80cee8670 Uncommon trap: reason=unstable_if action=reinterpret pc=0x00007fb7fd11207c method=java.lang.AbstractStringBuilder.isLatin1()Z @ 10 c2
Event: 3,724 Thread 0x00007fb80cee8670 DEOPT PACKING pc=0x00007fb7fd11207c sp=0x00007fb7e19fdeb0
Event: 3,724 Thread 0x00007fb80cee8670 DEOPT UNPACKING pc=0x00007fb7f5652093 sp=0x00007fb7e19fde60 mode 2

Classes loaded (20 events):
Event: 3,725 Loading class java/lang/reflect/ProxyGenerator done
Event: 3,725 Loading class java/lang/reflect/ProxyGenerator$ProxyMethod
Event: 3,727 Loading class java/nio/channels/spi/AbstractSelector$1
Event: 3,728 Loading class sun/nio/ch/Interruptible
Event: 3,728 Loading class java/lang/reflect/ProxyGenerator$ProxyMethod done
Event: 3,729 Loading class sun/nio/ch/Interruptible done
Event: 3,729 Loading class java/nio/channels/spi/AbstractSelector$1 done
Event: 3,731 Loading class java/lang/reflect/ProxyGenerator$PrimitiveTypeInfo
Event: 3,731 Loading class java/lang/reflect/ProxyGenerator$PrimitiveTypeInfo done
Event: 3,731 Loading class jdk/internal/org/objectweb/asm/Edge
Event: 3,731 Loading class java/lang/Process
Event: 3,732 Loading class jdk/internal/org/objectweb/asm/Edge done
Event: 3,732 Loading class java/lang/Process done
Event: 3,733 Loading class java/lang/reflect/Proxy$ProxyBuilder$1
Event: 3,733 Loading class java/lang/reflect/Proxy$ProxyBuilder$1 done
Event: 3,736 Loading class java/lang/reflect/UndeclaredThrowableException
Event: 3,736 Loading class java/lang/reflect/UndeclaredThrowableException done
Event: 3,751 Loading class java/lang/ProcessBuilder
Event: 3,752 Loading class java/lang/ProcessBuilder done
Event: 3,752 Loading class java/lang/ProcessImpl

Classes unloaded (0 events):
No events

Classes redefined (0 events):
No events

Internal exceptions (20 events):
Event: 2,073 Thread 0x00007fb80c025b50 Exception <a 'java/lang/ClassNotFoundException'{0x000000008e777df8}: org/eclipse/jetty/alpn/ALPN> (0x000000008e777df8) 
thrown [open/src/hotspot/share/classfile/systemDictionary.cpp, line 255]
Event: 2,073 Thread 0x00007fb80c025b50 Exception <a 'java/lang/ClassNotFoundException'{0x000000008e778410}: org/eclipse/jetty/npn/NextProtoNego> (0x000000008e778410) 
thrown [open/src/hotspot/share/classfile/systemDictionary.cpp, line 255]
Event: 2,563 Thread 0x00007fb80c025b50 Exception <a 'java/lang/ClassNotFoundException'{0x000000008de9c2f0}: org/eclipse/jetty/alpn/ALPN> (0x000000008de9c2f0) 
thrown [open/src/hotspot/share/classfile/systemDictionary.cpp, line 255]
Event: 2,563 Thread 0x00007fb80c025b50 Exception <a 'java/lang/ClassNotFoundException'{0x000000008de9c8b8}: org/eclipse/jetty/npn/NextProtoNego> (0x000000008de9c8b8) 
thrown [open/src/hotspot/share/classfile/systemDictionary.cpp, line 255]
Event: 2,563 Thread 0x00007fb80c025b50 Exception <a 'java/lang/ClassNotFoundException'{0x000000008de9ce78}: org/eclipse/jetty/alpn/ALPN> (0x000000008de9ce78) 
thrown [open/src/hotspot/share/classfile/systemDictionary.cpp, line 255]
Event: 2,563 Thread 0x00007fb80c025b50 Exception <a 'java/lang/ClassNotFoundException'{0x000000008de9d440}: org/eclipse/jetty/npn/NextProtoNego> (0x000000008de9d440) 
thrown [open/src/hotspot/share/classfile/systemDictionary.cpp, line 255]
Event: 2,929 Thread 0x00007fb80c025b50 Exception <a 'java/lang/NoSuchMethodError'{0x000000008f13f0a0}: 'void java.lang.invoke.DirectMethodHandle$Holder.invokeStatic(java.lang.Object, java.lang.Object, java.lang.Object)'> (0x000000008f13f0a0) 
thrown [open/src/hotspot/share/interpreter/linkResolver.cpp, line 765]
Event: 2,944 Thread 0x00007fb80c025b50 Exception <a 'java/lang/NoSuchMethodError'{0x000000008f1608b8}: 'java.lang.Object java.lang.invoke.DirectMethodHandle$Holder.newInvokeSpecial(java.lang.Object, java.lang.Object, java.lang.Object, java.lang.Object, java.lang.Object, java.lang.Object, java.lang.Object, int)'> (0x000000008f1608b8) 
thrown [open/src/hotspot/share/interpreter/linkResolver.cpp, line 765]
Event: 2,945 Thread 0x00007fb80c025b50 Exception <a 'java/lang/NoSuchMethodError'{0x000000008f165c10}: 'java.lang.Object java.lang.invoke.DirectMethodHandle$Holder.invokeSpecial(java.lang.Object, java.lang.Object, java.lang.Object, java.lang.Object, java.lang.Object, java.lang.Object, java.lang.Object, java.lang.Object, int)'> (0x000000008f165c10) 
thrown [open/src/hotspot/share/interpreter/linkResolver.cpp, line 765]
Event: 2,947 Thread 0x00007fb80c025b50 Implicit null exception at 0x00007fb7fd1244db to 0x00007fb7fd124d38
Event: 3,415 Thread 0x00007fb80c025b50 Exception <a 'sun/nio/fs/UnixException'{0x000000008ea15198}> (0x000000008ea15198) 
thrown [open/src/hotspot/share/prims/jni.cpp, line 516]
Event: 3,415 Thread 0x00007fb80c025b50 Exception <a 'sun/nio/fs/UnixException'{0x000000008ea159f8}> (0x000000008ea159f8) 
thrown [open/src/hotspot/share/prims/jni.cpp, line 516]
Event: 3,416 Thread 0x00007fb80c025b50 Exception <a 'sun/nio/fs/UnixException'{0x000000008ea18c10}> (0x000000008ea18c10) 
thrown [open/src/hotspot/share/prims/jni.cpp, line 516]
Event: 3,417 Thread 0x00007fb80c025b50 Exception <a 'sun/nio/fs/UnixException'{0x000000008ea19378}> (0x000000008ea19378) 
thrown [open/src/hotspot/share/prims/jni.cpp, line 516]
Event: 3,421 Thread 0x00007fb80c025b50 Exception <a 'sun/nio/fs/UnixException'{0x000000008ea37638}> (0x000000008ea37638) 
thrown [open/src/hotspot/share/prims/jni.cpp, line 516]
Event: 3,421 Thread 0x00007fb80c025b50 Exception <a 'sun/nio/fs/UnixException'{0x000000008ea37da0}> (0x000000008ea37da0) 
thrown [open/src/hotspot/share/prims/jni.cpp, line 516]
Event: 3,451 Thread 0x00007fb788063ae0 Exception <a 'java/lang/NoSuchMethodError'{0x000000008e997ba0}: 'void java.lang.invoke.DirectMethodHandle$Holder.invokeVirtual(java.lang.Object, java.lang.Object, long)'> (0x000000008e997ba0) 
thrown [open/src/hotspot/share/interpreter/linkResolver.cpp, line 765]
Event: 3,452 Thread 0x00007fb788063ae0 Exception <a 'java/lang/NoSuchMethodError'{0x000000008e99b7c8}: 'long java.lang.invoke.DirectMethodHandle$Holder.invokeStatic(java.lang.Object, java.lang.Object, int)'> (0x000000008e99b7c8) 
thrown [open/src/hotspot/share/interpreter/linkResolver.cpp, line 765]
Event: 3,456 Thread 0x00007fb788063ae0 Exception <a 'java/lang/NoSuchMethodError'{0x000000008e9a9d28}: 'void java.lang.invoke.DelegatingMethodHandle$Holder.reinvoke_L(java.lang.Object, java.lang.Object, long)'> (0x000000008e9a9d28) 
thrown [open/src/hotspot/share/interpreter/linkResolver.cpp, line 765]
Event: 3,745 Thread 0x00007fb80c025b50 Exception <a 'java/lang/NoSuchMethodError'{0x000000008dd8e1d0}: 'java.lang.Object java.lang.invoke.DirectMethodHandle$Holder.newInvokeSpecial(java.lang.Object, java.lang.Object, java.lang.Object, java.lang.Object, java.lang.Object)'> (0x000000008dd8e1d0) 
thrown [open/src/hotspot/share/interpreter/linkResolver.cpp, line 765]

VM Operations (20 events):
Event: 1,277 Executing VM operation: G1CollectForAllocation
Event: 1,286 Executing VM operation: G1CollectForAllocation done
Event: 1,972 Executing VM operation: HandshakeAllThreads
Event: 1,973 Executing VM operation: HandshakeAllThreads done
Event: 1,974 Executing VM operation: HandshakeAllThreads
Event: 1,974 Executing VM operation: HandshakeAllThreads done
Event: 2,204 Executing VM operation: HandshakeAllThreads
Event: 2,204 Executing VM operation: HandshakeAllThreads done
Event: 2,472 Executing VM operation: HandshakeAllThreads
Event: 2,472 Executing VM operation: HandshakeAllThreads done
Event: 2,472 Executing VM operation: Cleanup
Event: 2,472 Executing VM operation: Cleanup done
Event: 2,611 Executing VM operation: G1CollectForAllocation
Event: 2,637 Executing VM operation: G1CollectForAllocation done
Event: 3,255 Executing VM operation: HandshakeAllThreads
Event: 3,255 Executing VM operation: HandshakeAllThreads done
Event: 3,718 Executing VM operation: HandshakeAllThreads
Event: 3,719 Executing VM operation: HandshakeAllThreads done
Event: 3,719 Executing VM operation: Cleanup
Event: 3,719 Executing VM operation: Cleanup done

Events (20 events):
Event: 0,212 Loaded shared library /usr/lib/jvm/jdk-18/lib/libzip.so
Event: 0,284 Loaded shared library /usr/lib/jvm/jdk-18/lib/libjimage.so
Event: 0,598 Loaded shared library /usr/lib/jvm/jdk-18/lib/libnet.so
Event: 0,929 Loaded shared library /usr/lib/jvm/jdk-18/lib/libmanagement.so
Event: 0,941 Loaded shared library /usr/lib/jvm/jdk-18/lib/libmanagement_ext.so
Event: 1,206 Loaded shared library /tmp/libnetty_transport_native_epoll18118755924593841841.so
Event: 3,376 Thread 0x00007fb80ccea1b0 Thread added: 0x00007fb80ccea1b0
Event: 3,386 Protecting memory [0x00007fb7e1711000,0x00007fb7e1715000] with protection modes 0
Event: 3,390 Thread 0x00007fb80ccee290 Thread added: 0x00007fb80ccee290
Event: 3,394 Protecting memory [0x00007fb7e1611000,0x00007fb7e1615000] with protection modes 0
Event: 3,423 Thread 0x00007fb788063ae0 Thread added: 0x00007fb788063ae0
Event: 3,423 Protecting memory [0x00007fb7e1511000,0x00007fb7e1515000] with protection modes 0
Event: 3,472 Thread 0x00007fb78c012800 Thread added: 0x00007fb78c012800
Event: 3,472 Protecting memory [0x00007fb7e1f00000,0x00007fb7e1f04000] with protection modes 0
Event: 3,712 Thread 0x00007fb80cee8670 Thread added: 0x00007fb80cee8670
Event: 3,712 Protecting memory [0x00007fb7e1900000,0x00007fb7e1904000] with protection modes 0
Event: 3,742 Thread 0x00007fb7880eb9f0 Thread added: 0x00007fb7880eb9f0
Event: 3,742 Protecting memory [0x00007fb7e1411000,0x00007fb7e1415000] with protection modes 0
Event: 3,751 Thread 0x00007fb80cef9390 Thread added: 0x00007fb80cef9390
Event: 3,751 Protecting memory [0x00007fb7e1311000,0x00007fb7e1315000] with protection modes 0


Dynamic libraries:
87a00000-8f400000 rw-p 00000000 00:00 0 
8f400000-ffe00000 ---p 00000000 00:00 0 
ffe00000-ffe75000 rw-p 00c5f000 08:07 669110                             /usr/lib/jvm/jdk-18/lib/server/classes.jsa
ffe75000-fff00000 rw-p 00000000 00:00 0 
fff00000-fff76000 rw-p 00be9000 08:07 669110                             /usr/lib/jvm/jdk-18/lib/server/classes.jsa
fff76000-100000000 rw-p 00000000 00:00 0 
800000000-800449000 rw-p 00001000 08:07 669110                           /usr/lib/jvm/jdk-18/lib/server/classes.jsa
800449000-800bb1000 r--p 0044a000 08:07 669110                           /usr/lib/jvm/jdk-18/lib/server/classes.jsa
800bb1000-800c00000 ---p 00000000 00:00 0 
800c00000-800c40000 rw-p 00000000 00:00 0 
800c40000-800c80000 rw-p 00000000 00:00 0 
800c80000-800d40000 rw-p 00000000 00:00 0 
800d40000-800e00000 rw-p 00000000 00:00 0 
800e00000-800e80000 rw-p 00000000 00:00 0 
800e80000-840c00000 ---p 00000000 00:00 0 
55ae29f60000-55ae29f61000 r-xp 00000000 08:07 669165                     /usr/lib/jvm/jdk-18/bin/java
55ae29f62000-55ae29f63000 r--p 00001000 08:07 669165                     /usr/lib/jvm/jdk-18/bin/java
55ae29f63000-55ae29f64000 rw-p 00002000 08:07 669165                     /usr/lib/jvm/jdk-18/bin/java
55ae2aeb4000-55ae2aefc000 rw-p 00000000 00:00 0                          [heap]
7fb770000000-7fb770021000 rw-p 00000000 00:00 0 
7fb770021000-7fb774000000 ---p 00000000 00:00 0 
7fb778000000-7fb77815c000 rw-p 00000000 00:00 0 
7fb77815c000-7fb77c000000 ---p 00000000 00:00 0 
7fb77c000000-7fb77c021000 rw-p 00000000 00:00 0 
7fb77c021000-7fb780000000 ---p 00000000 00:00 0 
7fb780000000-7fb780021000 rw-p 00000000 00:00 0 
7fb780021000-7fb784000000 ---p 00000000 00:00 0 
7fb784000000-7fb784021000 rw-p 00000000 00:00 0 
7fb784021000-7fb788000000 ---p 00000000 00:00 0 
7fb788000000-7fb7880f3000 rw-p 00000000 00:00 0 
7fb7880f3000-7fb78c000000 ---p 00000000 00:00 0 
7fb78c000000-7fb78c021000 rw-p 00000000 00:00 0 
7fb78c021000-7fb790000000 ---p 00000000 00:00 0 
7fb790000000-7fb790021000 rw-p 00000000 00:00 0 
7fb790021000-7fb794000000 ---p 00000000 00:00 0 
7fb794000000-7fb794021000 rw-p 00000000 00:00 0 
7fb794021000-7fb798000000 ---p 00000000 00:00 0 
7fb798000000-7fb798021000 rw-p 00000000 00:00 0 
7fb798021000-7fb79c000000 ---p 00000000 00:00 0 
7fb79c000000-7fb79c021000 rw-p 00000000 00:00 0 
7fb79c021000-7fb7a0000000 ---p 00000000 00:00 0 
7fb7a0000000-7fb7a0021000 rw-p 00000000 00:00 0 
7fb7a0021000-7fb7a4000000 ---p 00000000 00:00 0 
7fb7a4000000-7fb7a4021000 rw-p 00000000 00:00 0 
7fb7a4021000-7fb7a8000000 ---p 00000000 00:00 0 
7fb7a8000000-7fb7a8021000 rw-p 00000000 00:00 0 
7fb7a8021000-7fb7ac000000 ---p 00000000 00:00 0 
7fb7ac000000-7fb7ac021000 rw-p 00000000 00:00 0 
7fb7ac021000-7fb7b0000000 ---p 00000000 00:00 0 
7fb7b0000000-7fb7b0456000 rw-p 00000000 00:00 0 
7fb7b0456000-7fb7b4000000 ---p 00000000 00:00 0 
7fb7b4000000-7fb7b4021000 rw-p 00000000 00:00 0 
7fb7b4021000-7fb7b8000000 ---p 00000000 00:00 0 
7fb7b8000000-7fb7b8021000 rw-p 00000000 00:00 0 
7fb7b8021000-7fb7bc000000 ---p 00000000 00:00 0 
7fb7bc000000-7fb7bcd2b000 rw-p 00000000 00:00 0 
7fb7bcd2b000-7fb7c0000000 ---p 00000000 00:00 0 
7fb7c0000000-7fb7c0021000 rw-p 00000000 00:00 0 
7fb7c0021000-7fb7c4000000 ---p 00000000 00:00 0 
7fb7c4000000-7fb7c4021000 rw-p 00000000 00:00 0 
7fb7c4021000-7fb7c8000000 ---p 00000000 00:00 0 
7fb7c8000000-7fb7c8021000 rw-p 00000000 00:00 0 
7fb7c8021000-7fb7cc000000 ---p 00000000 00:00 0 
7fb7cc000000-7fb7cc021000 rw-p 00000000 00:00 0 
7fb7cc021000-7fb7d0000000 ---p 00000000 00:00 0 
7fb7d0000000-7fb7d0021000 rw-p 00000000 00:00 0 
7fb7d0021000-7fb7d4000000 ---p 00000000 00:00 0 
7fb7d4000000-7fb7d4021000 rw-p 00000000 00:00 0 
7fb7d4021000-7fb7d8000000 ---p 00000000 00:00 0 
7fb7d8000000-7fb7d8400000 rw-p 00000000 00:00 0 
7fb7d8400000-7fb7d8b00000 rw-p 00000000 00:00 0 
7fb7d8b00000-7fb7d8d00000 rw-p 00000000 00:00 0 
7fb7d8d00000-7fb7d8e00000 rw-p 00000000 00:00 0 
7fb7d8e00000-7fb7d9180000 rw-p 00000000 00:00 0 
7fb7d9180000-7fb7d91c0000 rw-p 00000000 00:00 0 
7fb7d91c0000-7fb7d9200000 ---p 00000000 00:00 0 
7fb7d9200000-7fb7d9220000 rw-p 00000000 00:00 0 
7fb7d9220000-7fb7dc000000 ---p 00000000 00:00 0 
7fb7dc000000-7fb7dc021000 rw-p 00000000 00:00 0 
7fb7dc021000-7fb7e0000000 ---p 00000000 00:00 0 
7fb7e1093000-7fb7e1311000 rw-p 00000000 00:00 0 
7fb7e1311000-7fb7e1315000 ---p 00000000 00:00 0 
7fb7e1315000-7fb7e1411000 rw-p 00000000 00:00 0 
7fb7e1411000-7fb7e1415000 ---p 00000000 00:00 0 
7fb7e1415000-7fb7e1511000 rw-p 00000000 00:00 0 
7fb7e1511000-7fb7e1515000 ---p 00000000 00:00 0 
7fb7e1515000-7fb7e1611000 rw-p 00000000 00:00 0 
7fb7e1611000-7fb7e1615000 ---p 00000000 00:00 0 
7fb7e1615000-7fb7e1711000 rw-p 00000000 00:00 0 
7fb7e1711000-7fb7e1715000 ---p 00000000 00:00 0 
7fb7e1715000-7fb7e1811000 rw-p 00000000 00:00 0 
7fb7e1900000-7fb7e1904000 ---p 00000000 00:00 0 
7fb7e1904000-7fb7e1a00000 rw-p 00000000 00:00 0 
7fb7e1a00000-7fb7e1a10000 r-xp 00000000 08:07 1705751                    /tmp/libnetty_transport_native_epoll18118755924593841841.so (deleted)
7fb7e1a10000-7fb7e1c0f000 ---p 00010000 08:07 1705751                    /tmp/libnetty_transport_native_epoll18118755924593841841.so (deleted)
7fb7e1c0f000-7fb7e1c11000 r--p 0000f000 08:07 1705751                    /tmp/libnetty_transport_native_epoll18118755924593841841.so (deleted)
7fb7e1c11000-7fb7e1e10000 ---p 00211000 08:07 1705751                    /tmp/libnetty_transport_native_epoll18118755924593841841.so (deleted)
7fb7e1e10000-7fb7e1e11000 rw-p 00010000 08:07 1705751                    /tmp/libnetty_transport_native_epoll18118755924593841841.so (deleted)
7fb7e1e11000-7fb7e1e12000 rw-p 00000000 00:00 0 
7fb7e1f00000-7fb7e1f04000 ---p 00000000 00:00 0 
7fb7e1f04000-7fb7e4000000 rw-p 00000000 00:00 0 
7fb7e4000000-7fb7e4021000 rw-p 00000000 00:00 0 
7fb7e4021000-7fb7e8000000 ---p 00000000 00:00 0 
7fb7e8000000-7fb7e8021000 rw-p 00000000 00:00 0 
7fb7e8021000-7fb7ec000000 ---p 00000000 00:00 0 
7fb7ec000000-7fb7ec021000 rw-p 00000000 00:00 0 
7fb7ec021000-7fb7f0000000 ---p 00000000 00:00 0 
7fb7f00f6000-7fb7f00f7000 ---p 00000000 00:00 0 
7fb7f00f7000-7fb7f01f8000 rw-p 00000000 00:00 0 
7fb7f01f8000-7fb7f01f9000 ---p 00000000 00:00 0 
7fb7f01f9000-7fb7f02fa000 rw-p 00000000 00:00 0 
7fb7f02fa000-7fb7f02fb000 ---p 00000000 00:00 0 
7fb7f02fb000-7fb7f03fc000 rw-p 00000000 00:00 0 
7fb7f03fc000-7fb7f03fd000 ---p 00000000 00:00 0 
7fb7f03fd000-7fb7f04fe000 rw-p 00000000 00:00 0 
7fb7f04fe000-7fb7f0502000 ---p 00000000 00:00 0 
7fb7f0502000-7fb7f05fe000 rw-p 00000000 00:00 0 
7fb7f05fe000-7fb7f05ff000 ---p 00000000 00:00 0 
7fb7f05ff000-7fb7f0700000 rw-p 00000000 00:00 0 
7fb7f0700000-7fb7f0704000 ---p 00000000 00:00 0 
7fb7f0704000-7fb7f0800000 rw-p 00000000 00:00 0 
7fb7f0800000-7fb7f0804000 ---p 00000000 00:00 0 
7fb7f0804000-7fb7f0900000 rw-p 00000000 00:00 0 
7fb7f0900000-7fb7f0904000 ---p 00000000 00:00 0 
7fb7f0904000-7fb7f0a00000 rw-p 00000000 00:00 0 
7fb7f0a00000-7fb7f0a04000 ---p 00000000 00:00 0 
7fb7f0a04000-7fb7f0b00000 rw-p 00000000 00:00 0 
7fb7f0b00000-7fb7f0b04000 ---p 00000000 00:00 0 
7fb7f0b04000-7fb7f0c00000 rw-p 00000000 00:00 0 
7fb7f0c00000-7fb7f0c04000 ---p 00000000 00:00 0 
7fb7f0c04000-7fb7f0d00000 rw-p 00000000 00:00 0 
7fb7f0d00000-7fb7f0d04000 ---p 00000000 00:00 0 
7fb7f0d04000-7fb7f0e00000 rw-p 00000000 00:00 0 
7fb7f0e00000-7fb7f1374000 r--p 00000000 08:07 656479                     /usr/lib/locale/locale-archive
7fb7f13fe000-7fb7f1402000 ---p 00000000 00:00 0 
7fb7f1402000-7fb7f1420000 rw-p 00000000 00:00 0 
7fb7f1420000-7fb7f1424000 ---p 00000000 00:00 0 
7fb7f1424000-7fb7f1520000 rw-p 00000000 00:00 0 
7fb7f1520000-7fb7f1524000 ---p 00000000 00:00 0 
7fb7f1524000-7fb7f1620000 rw-p 00000000 00:00 0 
7fb7f1620000-7fb7f1621000 ---p 00000000 00:00 0 
7fb7f1621000-7fb7f1722000 rw-p 00000000 00:00 0 
7fb7f1722000-7fb7f17f0000 r-xp 00000000 08:07 669104                     /usr/lib/jvm/jdk-18/lib/libjsvml.so
7fb7f17f0000-7fb7f17f1000 r--p 000cd000 08:07 669104                     /usr/lib/jvm/jdk-18/lib/libjsvml.so
7fb7f17f1000-7fb7f17f2000 rw-p 000ce000 08:07 669104                     /usr/lib/jvm/jdk-18/lib/libjsvml.so
7fb7f17f2000-7fb7f18ce000 rw-p 00000000 00:00 0 
7fb7f18ce000-7fb7f18cf000 ---p 00000000 00:00 0 
7fb7f18cf000-7fb7f1bb8000 rw-p 00000000 00:00 0 
7fb7f1bb8000-7fb7f37e0000 ---p 00000000 00:00 0 
7fb7f37e0000-7fb7f39d0000 rw-p 00000000 00:00 0 
7fb7f39d0000-7fb7f55f8000 ---p 00000000 00:00 0 
7fb7f55f8000-7fb7f5600000 rw-p 00000000 00:00 0 
7fb7f5600000-7fb7f5870000 rwxp 00000000 00:00 0 
7fb7f5870000-7fb7f5b91000 ---p 00000000 00:00 0 
7fb7f5b91000-7fb7f5e41000 rwxp 00000000 00:00 0 
7fb7f5e41000-7fb7fd0c8000 ---p 00000000 00:00 0 
7fb7fd0c8000-7fb7fd338000 rwxp 00000000 00:00 0 
7fb7fd338000-7fb804600000 ---p 00000000 00:00 0 
7fb804600000-7fb80bfe7000 r--s 00000000 08:07 669101                     /usr/lib/jvm/jdk-18/lib/modules
7fb80c000000-7fb80cf00000 rw-p 00000000 00:00 0 
7fb80cf00000-7fb810000000 ---p 00000000 00:00 0 
7fb810018000-7fb81001f000 r--s 00000000 08:07 1184151                    /usr/lib/x86_64-linux-gnu/gconv/gconv-modules.cache
7fb81001f000-7fb810091000 rw-p 00000000 00:00 0 
7fb810091000-7fb810092000 ---p 00000000 00:00 0 
7fb810092000-7fb810597000 rw-p 00000000 00:00 0 
7fb810597000-7fb810598000 ---p 00000000 00:00 0 
7fb810598000-7fb810699000 rw-p 00000000 00:00 0 
7fb810699000-7fb81069a000 ---p 00000000 00:00 0 
7fb81069a000-7fb81079b000 rw-p 00000000 00:00 0 
7fb81079b000-7fb81079c000 ---p 00000000 00:00 0 
7fb81079c000-7fb81091a000 rw-p 00000000 00:00 0 
7fb81091a000-7fb810c9f000 ---p 00000000 00:00 0 
7fb810c9f000-7fb810cdd000 rw-p 00000000 00:00 0 
7fb810cdd000-7fb811062000 ---p 00000000 00:00 0 
7fb811062000-7fb8110a0000 rw-p 00000000 00:00 0 
7fb8110a0000-7fb811425000 ---p 00000000 00:00 0 
7fb811425000-7fb81182f000 rw-p 00000000 00:00 0 
7fb81182f000-7fb811915000 ---p 00000000 00:00 0 
7fb811915000-7fb81191b000 rw-p 00000000 00:00 0 
7fb81191b000-7fb811a00000 ---p 00000000 00:00 0 
7fb811a00000-7fb812b45000 r-xp 00000000 08:07 669108                     /usr/lib/jvm/jdk-18/lib/server/libjvm.so
7fb812b45000-7fb812b46000 ---p 01145000 08:07 669108                     /usr/lib/jvm/jdk-18/lib/server/libjvm.so
7fb812b46000-7fb812c04000 r--p 01145000 08:07 669108                     /usr/lib/jvm/jdk-18/lib/server/libjvm.so
7fb812c04000-7fb812c37000 rw-p 01203000 08:07 669108                     /usr/lib/jvm/jdk-18/lib/server/libjvm.so
7fb812c37000-7fb812c92000 rw-p 00000000 00:00 0 
7fb812c97000-7fb812c9d000 r-xp 00000000 08:07 669120                     /usr/lib/jvm/jdk-18/lib/libmanagement_ext.so
7fb812c9d000-7fb812c9e000 r--p 00005000 08:07 669120                     /usr/lib/jvm/jdk-18/lib/libmanagement_ext.so
7fb812c9e000-7fb812c9f000 rw-p 00006000 08:07 669120                     /usr/lib/jvm/jdk-18/lib/libmanagement_ext.so
7fb812c9f000-7fb812ca6000 r-xp 00000000 08:07 669136                     /usr/lib/jvm/jdk-18/lib/libzip.so
7fb812ca6000-7fb812ca7000 ---p 00007000 08:07 669136                     /usr/lib/jvm/jdk-18/lib/libzip.so
7fb812ca7000-7fb812ca8000 r--p 00007000 08:07 669136                     /usr/lib/jvm/jdk-18/lib/libzip.so
7fb812ca8000-7fb812ca9000 rw-p 00008000 08:07 669136                     /usr/lib/jvm/jdk-18/lib/libzip.so
7fb812ca9000-7fb812cb7000 r-xp 00000000 08:07 669093                     /usr/lib/jvm/jdk-18/lib/libnet.so
7fb812cb7000-7fb812cb8000 r--p 0000d000 08:07 669093                     /usr/lib/jvm/jdk-18/lib/libnet.so
7fb812cb8000-7fb812cb9000 rw-p 0000e000 08:07 669093                     /usr/lib/jvm/jdk-18/lib/libnet.so
7fb812cb9000-7fb812cdd000 r-xp 00000000 08:07 669137                     /usr/lib/jvm/jdk-18/lib/libjava.so
7fb812cdd000-7fb812cde000 ---p 00024000 08:07 669137                     /usr/lib/jvm/jdk-18/lib/libjava.so
7fb812cde000-7fb812cdf000 r--p 00024000 08:07 669137                     /usr/lib/jvm/jdk-18/lib/libjava.so
7fb812cdf000-7fb812ce0000 rw-p 00025000 08:07 669137                     /usr/lib/jvm/jdk-18/lib/libjava.so
7fb812ce0000-7fb812ce1000 rw-p 00000000 00:00 0 
7fb812ce1000-7fb812cfc000 r-xp 00000000 08:07 669100                     /usr/lib/jvm/jdk-18/lib/libjimage.so
7fb812cfc000-7fb812cfd000 ---p 0001b000 08:07 669100                     /usr/lib/jvm/jdk-18/lib/libjimage.so
7fb812cfd000-7fb812cff000 r--p 0001b000 08:07 669100                     /usr/lib/jvm/jdk-18/lib/libjimage.so
7fb812cff000-7fb812d00000 rw-p 0001d000 08:07 669100                     /usr/lib/jvm/jdk-18/lib/libjimage.so
7fb812d00000-7fb812d04000 ---p 00000000 00:00 0 
7fb812d04000-7fb812e00000 rw-p 00000000 00:00 0 
7fb812e00000-7fb812e28000 r--p 00000000 08:07 657505                     /usr/lib/x86_64-linux-gnu/libc.so.6
7fb812e28000-7fb812fbd000 r-xp 00028000 08:07 657505                     /usr/lib/x86_64-linux-gnu/libc.so.6
7fb812fbd000-7fb813015000 r--p 001bd000 08:07 657505                     /usr/lib/x86_64-linux-gnu/libc.so.6
7fb813015000-7fb813019000 r--p 00214000 08:07 657505                     /usr/lib/x86_64-linux-gnu/libc.so.6
7fb813019000-7fb81301b000 rw-p 00218000 08:07 657505                     /usr/lib/x86_64-linux-gnu/libc.so.6
7fb81301b000-7fb813028000 rw-p 00000000 00:00 0 
7fb81302b000-7fb81302f000 r-xp 00000000 08:07 669102                     /usr/lib/jvm/jdk-18/lib/libmanagement.so
7fb81302f000-7fb813030000 r--p 00003000 08:07 669102                     /usr/lib/jvm/jdk-18/lib/libmanagement.so
7fb813030000-7fb813031000 rw-p 00004000 08:07 669102                     /usr/lib/jvm/jdk-18/lib/libmanagement.so
7fb813031000-7fb813044000 r-xp 00000000 08:07 669130                     /usr/lib/jvm/jdk-18/lib/libnio.so
7fb813044000-7fb813045000 r--p 00012000 08:07 669130                     /usr/lib/jvm/jdk-18/lib/libnio.so
7fb813045000-7fb813046000 rw-p 00013000 08:07 669130                     /usr/lib/jvm/jdk-18/lib/libnio.so
7fb813046000-7fb813054000 r--p 00000000 08:07 657513                     /usr/lib/x86_64-linux-gnu/libm.so.6
7fb813054000-7fb8130d0000 r-xp 0000e000 08:07 657513                     /usr/lib/x86_64-linux-gnu/libm.so.6
7fb8130d0000-7fb81312b000 r--p 0008a000 08:07 657513                     /usr/lib/x86_64-linux-gnu/libm.so.6
7fb81312b000-7fb81312c000 r--p 000e4000 08:07 657513                     /usr/lib/x86_64-linux-gnu/libm.so.6
7fb81312c000-7fb81312d000 rw-p 000e5000 08:07 657513                     /usr/lib/x86_64-linux-gnu/libm.so.6
7fb81312d000-7fb81312e000 r--p 00000000 08:07 657545                     /usr/lib/x86_64-linux-gnu/librt.so.1
7fb81312e000-7fb81312f000 r-xp 00001000 08:07 657545                     /usr/lib/x86_64-linux-gnu/librt.so.1
7fb81312f000-7fb813130000 r--p 00002000 08:07 657545                     /usr/lib/x86_64-linux-gnu/librt.so.1
7fb813130000-7fb813131000 r--p 00002000 08:07 657545                     /usr/lib/x86_64-linux-gnu/librt.so.1
7fb813131000-7fb813132000 rw-p 00003000 08:07 657545                     /usr/lib/x86_64-linux-gnu/librt.so.1
7fb813132000-7fb813136000 rw-p 00000000 00:00 0 
7fb813136000-7fb813137000 r--p 00000000 08:07 657509                     /usr/lib/x86_64-linux-gnu/libdl.so.2
7fb813137000-7fb813138000 r-xp 00001000 08:07 657509                     /usr/lib/x86_64-linux-gnu/libdl.so.2
7fb813138000-7fb813139000 r--p 00002000 08:07 657509                     /usr/lib/x86_64-linux-gnu/libdl.so.2
7fb813139000-7fb81313a000 r--p 00002000 08:07 657509                     /usr/lib/x86_64-linux-gnu/libdl.so.2
7fb81313a000-7fb81313b000 rw-p 00003000 08:07 657509                     /usr/lib/x86_64-linux-gnu/libdl.so.2
7fb81313b000-7fb81313c000 r--p 00000000 08:07 657540                     /usr/lib/x86_64-linux-gnu/libpthread.so.0
7fb81313c000-7fb81313d000 r-xp 00001000 08:07 657540                     /usr/lib/x86_64-linux-gnu/libpthread.so.0
7fb81313d000-7fb81313e000 r--p 00002000 08:07 657540                     /usr/lib/x86_64-linux-gnu/libpthread.so.0
7fb81313e000-7fb81313f000 r--p 00002000 08:07 657540                     /usr/lib/x86_64-linux-gnu/libpthread.so.0
7fb81313f000-7fb813140000 rw-p 00003000 08:07 657540                     /usr/lib/x86_64-linux-gnu/libpthread.so.0
7fb813140000-7fb81314e000 r-xp 00000000 08:07 669096                     /usr/lib/jvm/jdk-18/lib/libjli.so
7fb81314e000-7fb81314f000 ---p 0000e000 08:07 669096                     /usr/lib/jvm/jdk-18/lib/libjli.so
7fb81314f000-7fb813150000 r--p 0000e000 08:07 669096                     /usr/lib/jvm/jdk-18/lib/libjli.so
7fb813150000-7fb813151000 rw-p 0000f000 08:07 669096                     /usr/lib/jvm/jdk-18/lib/libjli.so
7fb813151000-7fb813153000 r--p 00000000 08:07 656779                     /usr/lib/x86_64-linux-gnu/libz.so.1.2.11
7fb813153000-7fb813164000 r-xp 00002000 08:07 656779                     /usr/lib/x86_64-linux-gnu/libz.so.1.2.11
7fb813164000-7fb81316a000 r--p 00013000 08:07 656779                     /usr/lib/x86_64-linux-gnu/libz.so.1.2.11
7fb81316a000-7fb81316b000 ---p 00019000 08:07 656779                     /usr/lib/x86_64-linux-gnu/libz.so.1.2.11
7fb81316b000-7fb81316c000 r--p 00019000 08:07 656779                     /usr/lib/x86_64-linux-gnu/libz.so.1.2.11
7fb81316c000-7fb81316d000 rw-p 0001a000 08:07 656779                     /usr/lib/x86_64-linux-gnu/libz.so.1.2.11
7fb813172000-7fb813177000 rw-p 00000000 00:00 0 
7fb813177000-7fb81317e000 ---p 00000000 00:00 0 
7fb81317e000-7fb813186000 rw-s 00000000 08:07 1705750                    /tmp/hsperfdata_sheriff/70469
7fb813186000-7fb813187000 ---p 00000000 00:00 0 
7fb813187000-7fb813188000 r--p 00000000 00:00 0 
7fb813188000-7fb81318a000 rw-p 00000000 00:00 0 
7fb81318a000-7fb81318c000 r--p 00000000 08:07 657497                     /usr/lib/x86_64-linux-gnu/ld-linux-x86-64.so.2
7fb81318c000-7fb8131b6000 r-xp 00002000 08:07 657497                     /usr/lib/x86_64-linux-gnu/ld-linux-x86-64.so.2
7fb8131b6000-7fb8131c1000 r--p 0002c000 08:07 657497                     /usr/lib/x86_64-linux-gnu/ld-linux-x86-64.so.2
7fb8131c1000-7fb8131c2000 ---p 00000000 00:00 0 
7fb8131c2000-7fb8131c4000 r--p 00037000 08:07 657497                     /usr/lib/x86_64-linux-gnu/ld-linux-x86-64.so.2
7fb8131c4000-7fb8131c6000 rw-p 00039000 08:07 657497                     /usr/lib/x86_64-linux-gnu/ld-linux-x86-64.so.2
7ffdfd9c9000-7ffdfd9ea000 rw-p 00000000 00:00 0                          [stack]
7ffdfd9f6000-7ffdfd9fa000 r--p 00000000 00:00 0                          [vvar]
7ffdfd9fa000-7ffdfd9fc000 r-xp 00000000 00:00 0                          [vdso]
ffffffffff600000-ffffffffff601000 --xp 00000000 00:00 0                  [vsyscall]


VM Arguments:
jvm_args: -Djava.awt.headless=true -Djava.util.logging.config.file=/home/sheriff/.android/utp/logging2359524387380986656properties -Dfile.encoding=UTF-8 -Duser.country=US -Duser.language=en -Duser.variant 
java_command: com.google.testing.platform.launcher.Launcher /home/sheriff/.gradle/caches/modules-2/files-2.1/com.google.testing.platform/core/0.0.8-alpha07/185ff5f0c2380a7a283320bc5ec9130dbcbbb030/core-0.0.8-alpha07.jar --proto_config=/home/sheriff/.android/utp/runnerConfig2157592790926689922.pb --proto_server_config=/home/sheriff/.android/utp/serverConfig15321646061927631455.pb
java_class_path (initial): /home/sheriff/.gradle/caches/modules-2/files-2.1/com.google.testing.platform/launcher/0.0.8-alpha07/47d15094202612b26f5a07fbfbe17ff8900a58c4/launcher-0.0.8-alpha07.jar
Launcher Type: SUN_STANDARD

[Global flags]
     intx CICompilerCount                          = 3                                         {product} {ergonomic}
     uint ConcGCThreads                            = 1                                         {product} {ergonomic}
     uint G1ConcRefinementThreads                  = 4                                         {product} {ergonomic}
   size_t G1HeapRegionSize                         = 1048576                                   {product} {ergonomic}
    uintx GCDrainStackTargetSize                   = 64                                        {product} {ergonomic}
   size_t InitialHeapSize                          = 127926272                                 {product} {ergonomic}
   size_t MarkStackSize                            = 4194304                                   {product} {ergonomic}
   size_t MaxHeapSize                              = 2019557376                                {product} {ergonomic}
   size_t MaxNewSize                               = 1211105280                                {product} {ergonomic}
   size_t MinHeapDeltaBytes                        = 1048576                                   {product} {ergonomic}
   size_t MinHeapSize                              = 8388608                                   {product} {ergonomic}
    uintx NonNMethodCodeHeapSize                   = 5832780                                {pd product} {ergonomic}
    uintx NonProfiledCodeHeapSize                  = 122912730                              {pd product} {ergonomic}
    uintx ProfiledCodeHeapSize                     = 122912730                              {pd product} {ergonomic}
    uintx ReservedCodeCacheSize                    = 251658240                              {pd product} {ergonomic}
     bool SegmentedCodeCache                       = true                                      {product} {ergonomic}
   size_t SoftMaxHeapSize                          = 2019557376                             {manageable} {ergonomic}
     bool UseCompressedClassPointers               = true                           {product lp64_product} {ergonomic}
     bool UseCompressedOops                        = true                           {product lp64_product} {ergonomic}
     bool UseG1GC                                  = true                                      {product} {ergonomic}

Logging:
Log output configuration:
 #0: stdout all=warning uptime,level,tags foldmultilines=false
 #1: stderr all=off uptime,level,tags foldmultilines=false

Environment Variables:
JAVA_HOME=/usr/lib/jvm/jdk-17
PATH=/usr/local/sbin:/usr/local/bin:/usr/sbin:/usr/bin:/sbin:/bin:/usr/games:/usr/local/games:/snap/bin:/snap/bin:/home/sheriff/Android/Sdk/emulator:/home/sheriff/Android/Sdk/platform-tools:/home/sheriff/Android/Sdk/tools:/home/sheriff/Android/Sdk/tools/bin:/snap/android-studio/current/android-studio/bin:/usr/lib/jvm/jdk-17/bin:/usr/lib/jvm/jdk-17/db/bin
USERNAME=sheriff
SHELL=/bin/bash
DISPLAY=:0
LANG=en_US.UTF-8

Signal Handlers:
   SIGSEGV: crash_handler in libjvm.so, mask=11100100010111111101111111111110, flags=SA_RESTART|SA_SIGINFO
    SIGBUS: crash_handler in libjvm.so, mask=11100100010111111101111111111110, flags=SA_RESTART|SA_SIGINFO
    SIGFPE: crash_handler in libjvm.so, mask=11100100010111111101111111111110, flags=SA_RESTART|SA_SIGINFO
   SIGPIPE: javaSignalHandler in libjvm.so, mask=11100100010111111101111111111110, flags=SA_RESTART|SA_SIGINFO
   SIGXFSZ: javaSignalHandler in libjvm.so, mask=11100100010111111101111111111110, flags=SA_RESTART|SA_SIGINFO
    SIGILL: crash_handler in libjvm.so, mask=11100100010111111101111111111110, flags=SA_RESTART|SA_SIGINFO
   SIGUSR2: SR_handler in libjvm.so, mask=00100000000000000000000000000000, flags=SA_RESTART|SA_SIGINFO
    SIGHUP: UserHandler in libjvm.so, mask=11100100010111111101111111111110, flags=SA_RESTART|SA_SIGINFO
    SIGINT: UserHandler in libjvm.so, mask=11100100010111111101111111111110, flags=SA_RESTART|SA_SIGINFO
   SIGTERM: UserHandler in libjvm.so, mask=11100100010111111101111111111110, flags=SA_RESTART|SA_SIGINFO
   SIGQUIT: UserHandler in libjvm.so, mask=11100100010111111101111111111110, flags=SA_RESTART|SA_SIGINFO
   SIGTRAP: crash_handler in libjvm.so, mask=11100100010111111101111111111110, flags=SA_RESTART|SA_SIGINFO


---------------  S Y S T E M  ---------------

OS:
DISTRIB_ID=Ubuntu
DISTRIB_RELEASE=22.04
DISTRIB_CODENAME=jammy
DISTRIB_DESCRIPTION="Ubuntu 22.04.1 LTS"
uname: Linux 5.19.0-32-generic #33~22.04.1-Ubuntu SMP PREEMPT_DYNAMIC Mon Jan 30 17:03:34 UTC 2 x86_64
OS uptime: 0 days 1:15 hours
libc: glibc 2.35 NPTL 2.35 
rlimit (soft/hard): STACK 8192k/infinity , CORE 0k/infinity , NPROC 30199/30199 , NOFILE 1048576/1048576 , AS infinity/infinity , CPU infinity/infinity , DATA infinity/infinity , FSIZE infinity/infinity , MEMLOCK 985140k/985140k
load average: 2,85 2,70 2,15

/proc/meminfo:
MemTotal:        7881120 kB
MemFree:          144344 kB
MemAvailable:     353712 kB
Buffers:           26700 kB
Cached:           388852 kB
SwapCached:           44 kB
Active:           188172 kB
Inactive:        6921832 kB
Active(anon):       6656 kB
Inactive(anon):  6748920 kB
Active(file):     181516 kB
Inactive(file):   172912 kB
Unevictable:           0 kB
Mlocked:               0 kB
SwapTotal:      15728636 kB
SwapFree:       15726844 kB
Zswap:                 0 kB
Zswapped:              0 kB
Dirty:               416 kB
Writeback:             0 kB
AnonPages:       6694836 kB
Mapped:           199936 kB
Shmem:             61192 kB
KReclaimable:     171824 kB
Slab:             358888 kB
SReclaimable:     171824 kB
SUnreclaim:       187064 kB
KernelStack:       19248 kB
PageTables:        43924 kB
NFS_Unstable:          0 kB
Bounce:                0 kB
WritebackTmp:          0 kB
CommitLimit:    19669196 kB
Committed_AS:   11964412 kB
VmallocTotal:   34359738367 kB
VmallocUsed:       74132 kB
VmallocChunk:          0 kB
Percpu:             4608 kB
HardwareCorrupted:     0 kB
AnonHugePages:         0 kB
ShmemHugePages:        0 kB
ShmemPmdMapped:        0 kB
FileHugePages:         0 kB
FilePmdMapped:         0 kB
HugePages_Total:       0
HugePages_Free:        0
HugePages_Rsvd:        0
HugePages_Surp:        0
Hugepagesize:       2048 kB
Hugetlb:               0 kB
DirectMap4k:      324152 kB
DirectMap2M:     5703680 kB
DirectMap1G:     4194304 kB

/sys/kernel/mm/transparent_hugepage/enabled: always [madvise] never
/sys/kernel/mm/transparent_hugepage/defrag (defrag/compaction efforts parameter): always defer defer+madvise [madvise] never

Process Memory:
Virtual Size: 5619752K (peak: 5685288K)
Resident Set Size: 127176K (peak: 127176K) (anon: 100248K, file: 26928K, shmem: 0K)
Swapped out: 0K
C-Heap outstanding allocations: 33873K

/proc/sys/kernel/threads-max (system-wide limit on the number of threads): 60398
/proc/sys/vm/max_map_count (maximum number of memory map areas a process may have): 65530
/proc/sys/kernel/pid_max (system-wide limit on number of process identifiers): 4194304

container (cgroup) information:
container_type: cgroupv2
cpu_cpuset_cpus: not supported
cpu_memory_nodes: not supported
active_processor_count: 4
cpu_quota: not supported
cpu_period: not supported
cpu_shares: not supported
memory_limit_in_bytes: unlimited
memory_and_swap_limit_in_bytes: unlimited
memory_soft_limit_in_bytes: unlimited
memory_usage_in_bytes: 3901734912
memory_max_usage_in_bytes: not supported
maximum number of tasks: 9059
current number of tasks: 295

Steal ticks since vm start: 0
Steal ticks percentage since vm start:  0,000

CPU: total 4 (initial active 4) (4 cores per cpu, 1 threads per core) family 16 model 5 stepping 3 microcode 0x10000c8, cx8, cmov, fxsr, mmx, 3dnowpref, sse, sse2, sse3, sse4a, popcnt, lzcnt, tsc, tscinvbit, clflush
CPU Model and flags from /proc/cpuinfo:
model name	: AMD Phenom(tm) II N970 Quad-Core Processor
flags		: fpu vme de pse tsc msr pae mce cx8 apic sep mtrr pge mca cmov pat pse36 clflush mmx fxsr sse sse2 ht syscall nx mmxext fxsr_opt pdpe1gb rdtscp lm 3dnowext 3dnow constant_tsc rep_good nopl nonstop_tsc cpuid extd_apicid pni monitor cx16 popcnt lahf_lm cmp_legacy svm extapic cr8_legacy abm sse4a misalignsse 3dnowprefetch osvw ibs skinit wdt nodeid_msr hw_pstate vmmcall npt lbrv svm_lock nrip_save

Online cpus: 0-3
Offline cpus: 
BIOS frequency limitation: 2200000
Frequency switch latency (ns): 4000
Available cpu frequencies: 2200000 1900000 1600000 1300000 800000 
Current governor: schedutil
Core performance/turbo boost: <Not Available>

Memory: 4k page, physical 7881120k(144344k free), swap 15728636k(15726844k free)
Page Sizes: 4k

vm_info: Java HotSpot(TM) 64-Bit Server VM (18.0.1.1+2-6) for linux-amd64 JRE (18.0.1.1+2-6), built on Apr 25 2022 20:45:15 by "mach5one" with gcc 10.3.0

END.
