#
# A fatal error has been detected by the Java Runtime Environment:
#
#  SIGILL (0x4) at pc=0x00007fd29540d190, pid=27555, tid=27586
#
# JRE version: Java(TM) SE Runtime Environment (18.0.1.1+2) (build 18.0.1.1+2-6)
# Java VM: Java HotSpot(TM) 64-Bit Server VM (18.0.1.1+2-6, mixed mode, sharing, tiered, compressed oops, compressed class ptrs, g1 gc, linux-amd64)
# Problematic frame:
# C  [libnetty_transport_native_epoll13878968051510764699.so+0xd190]
#
# Core dump will be written. Default location: Core dumps may be processed with "/usr/share/apport/apport -p%p -s%s -c%c -d%d -P%P -u%u -g%g -- %E" (or dumping to /home/sheriff/dev/projects.android/home/data/core.27555)
#
# If you would like to submit a bug report, please visit:
#   https://bugreport.java.com/bugreport/crash.jsp
# The crash happened outside the Java Virtual Machine in native code.
# See problematic frame for where to report the bug.
#

---------------  S U M M A R Y ------------

Command Line: -Djava.awt.headless=true -Djava.util.logging.config.file=/home/sheriff/.android/utp/logging16444450004505611980properties -Dfile.encoding=UTF-8 -Duser.country=US -Duser.language=en -Duser.variant com.google.testing.platform.launcher.Launcher /home/sheriff/.gradle/caches/modules-2/files-2.1/com.google.testing.platform/core/0.0.8-alpha07/185ff5f0c2380a7a283320bc5ec9130dbcbbb030/core-0.0.8-alpha07.jar --proto_config=/home/sheriff/.android/utp/runnerConfig5676055222467371736.pb --proto_server_config=/home/sheriff/.android/utp/serverConfig9598690603288101244.pb

Host: AMD Phenom(tm) II N970 Quad-Core Processor, 4 cores, 7G, Ubuntu 22.04.1 LTS
Time: Tue Jan  3 13:04:48 2023 MSK elapsed time: 5.023058 seconds (0d 0h 0m 5s)

---------------  T H R E A D  ---------------

Current thread (0x00007fd240092ab0):  JavaThread "grpc-default-worker-ELG-4-2" daemon [_thread_in_native, id=27586, stack(0x00007fd2949f8000,0x00007fd294af8000)]

Stack: [0x00007fd2949f8000,0x00007fd294af8000],  sp=0x00007fd294af5e50,  free space=1015k
Native frames: (J=compiled Java code, j=interpreted, Vv=VM code, C=native code)
C  [libnetty_transport_native_epoll13878968051510764699.so+0xd190]
j  io.netty.channel.unix.Socket.connect(IZ[BII)I+0
j  io.netty.channel.unix.Socket.connect(Ljava/net/SocketAddress;)Z+49
j  io.netty.channel.epoll.AbstractEpollChannel.doConnect0(Ljava/net/SocketAddress;)Z+7
j  io.netty.channel.epoll.AbstractEpollChannel.doConnect(Ljava/net/SocketAddress;Ljava/net/SocketAddress;)Z+67
j  io.netty.channel.epoll.AbstractEpollChannel$AbstractEpollUnsafe.connect(Ljava/net/SocketAddress;Ljava/net/SocketAddress;Lio/netty/channel/ChannelPromise;)V+51
j  io.netty.channel.DefaultChannelPipeline$HeadContext.connect(Lio/netty/channel/ChannelHandlerContext;Ljava/net/SocketAddress;Ljava/net/SocketAddress;Lio/netty/channel/ChannelPromise;)V+8
j  io.netty.channel.AbstractChannelHandlerContext.invokeConnect(Ljava/net/SocketAddress;Ljava/net/SocketAddress;Lio/netty/channel/ChannelPromise;)V+18
j  io.netty.channel.AbstractChannelHandlerContext.connect(Ljava/net/SocketAddress;Ljava/net/SocketAddress;Lio/netty/channel/ChannelPromise;)Lio/netty/channel/ChannelFuture;+49
j  io.netty.channel.ChannelDuplexHandler.connect(Lio/netty/channel/ChannelHandlerContext;Ljava/net/SocketAddress;Ljava/net/SocketAddress;Lio/netty/channel/ChannelPromise;)V+5
j  io.grpc.netty.WriteBufferingAndExceptionHandler.connect(Lio/netty/channel/ChannelHandlerContext;Ljava/net/SocketAddress;Ljava/net/SocketAddress;Lio/netty/channel/ChannelPromise;)V+6
j  io.netty.channel.AbstractChannelHandlerContext.invokeConnect(Ljava/net/SocketAddress;Ljava/net/SocketAddress;Lio/netty/channel/ChannelPromise;)V+18
j  io.netty.channel.AbstractChannelHandlerContext.access$1000(Lio/netty/channel/AbstractChannelHandlerContext;Ljava/net/SocketAddress;Ljava/net/SocketAddress;Lio/netty/channel/ChannelPromise;)V+4
j  io.netty.channel.AbstractChannelHandlerContext$9.run()V+16
j  io.netty.util.concurrent.AbstractEventExecutor.safeExecute(Ljava/lang/Runnable;)V+1
j  io.netty.util.concurrent.SingleThreadEventExecutor.runAllTasks(J)Z+41
j  io.netty.channel.epoll.EpollEventLoop.run()V+345
j  io.netty.util.concurrent.SingleThreadEventExecutor$4.run()V+44
j  io.netty.util.internal.ThreadExecutorMap$2.run()V+11
j  io.netty.util.concurrent.FastThreadLocalRunnable.run()V+4
j  java.lang.Thread.run()V+11 java.base@18.0.1.1
v  ~StubRoutines::call_stub
V  [libjvm.so+0x80c645]  JavaCalls::call_helper(JavaValue*, methodHandle const&, JavaCallArguments*, JavaThread*)+0x315
V  [libjvm.so+0x80de3b]  JavaCalls::call_virtual(JavaValue*, Handle, Klass*, Symbol*, Symbol*, JavaThread*)+0x1cb
V  [libjvm.so+0x8d72ba]  thread_entry(JavaThread*, JavaThread*)+0x8a
V  [libjvm.so+0xd93622]  JavaThread::thread_main_inner()+0xc2
V  [libjvm.so+0xd977d0]  Thread::call_run()+0xc0
V  [libjvm.so+0xbfc0b1]  thread_native_entry(Thread*)+0xe1

Java frames: (J=compiled Java code, j=interpreted, Vv=VM code)
j  io.netty.channel.unix.Socket.connect(IZ[BII)I+0
j  io.netty.channel.unix.Socket.connect(Ljava/net/SocketAddress;)Z+49
j  io.netty.channel.epoll.AbstractEpollChannel.doConnect0(Ljava/net/SocketAddress;)Z+7
j  io.netty.channel.epoll.AbstractEpollChannel.doConnect(Ljava/net/SocketAddress;Ljava/net/SocketAddress;)Z+67
j  io.netty.channel.epoll.AbstractEpollChannel$AbstractEpollUnsafe.connect(Ljava/net/SocketAddress;Ljava/net/SocketAddress;Lio/netty/channel/ChannelPromise;)V+51
j  io.netty.channel.DefaultChannelPipeline$HeadContext.connect(Lio/netty/channel/ChannelHandlerContext;Ljava/net/SocketAddress;Ljava/net/SocketAddress;Lio/netty/channel/ChannelPromise;)V+8
j  io.netty.channel.AbstractChannelHandlerContext.invokeConnect(Ljava/net/SocketAddress;Ljava/net/SocketAddress;Lio/netty/channel/ChannelPromise;)V+18
j  io.netty.channel.AbstractChannelHandlerContext.connect(Ljava/net/SocketAddress;Ljava/net/SocketAddress;Lio/netty/channel/ChannelPromise;)Lio/netty/channel/ChannelFuture;+49
j  io.netty.channel.ChannelDuplexHandler.connect(Lio/netty/channel/ChannelHandlerContext;Ljava/net/SocketAddress;Ljava/net/SocketAddress;Lio/netty/channel/ChannelPromise;)V+5
j  io.grpc.netty.WriteBufferingAndExceptionHandler.connect(Lio/netty/channel/ChannelHandlerContext;Ljava/net/SocketAddress;Ljava/net/SocketAddress;Lio/netty/channel/ChannelPromise;)V+6
j  io.netty.channel.AbstractChannelHandlerContext.invokeConnect(Ljava/net/SocketAddress;Ljava/net/SocketAddress;Lio/netty/channel/ChannelPromise;)V+18
j  io.netty.channel.AbstractChannelHandlerContext.access$1000(Lio/netty/channel/AbstractChannelHandlerContext;Ljava/net/SocketAddress;Ljava/net/SocketAddress;Lio/netty/channel/ChannelPromise;)V+4
j  io.netty.channel.AbstractChannelHandlerContext$9.run()V+16
j  io.netty.util.concurrent.AbstractEventExecutor.safeExecute(Ljava/lang/Runnable;)V+1
j  io.netty.util.concurrent.SingleThreadEventExecutor.runAllTasks(J)Z+41
j  io.netty.channel.epoll.EpollEventLoop.run()V+345
j  io.netty.util.concurrent.SingleThreadEventExecutor$4.run()V+44
j  io.netty.util.internal.ThreadExecutorMap$2.run()V+11
j  io.netty.util.concurrent.FastThreadLocalRunnable.run()V+4
j  java.lang.Thread.run()V+11 java.base@18.0.1.1
v  ~StubRoutines::call_stub

siginfo: si_signo: 4 (SIGILL), si_code: 2 (ILL_ILLOPN), si_addr: 0x00007fd29540d190

Register to memory mapping:

RAX=0x0100007fffff0000 is an unknown value
RBX=0x00007fd240092d40 points into unknown readable memory: 0x00007fd2c6280920 | 20 09 28 c6 d2 7f 00 00
RCX=0x00007fd240092ab0 is a thread
RDX=0x00007fd240087778 points into unknown readable memory: 0x0000000000000035 | 35 00 00 00 00 00 00 00
RSP=0x00007fd294af5e50 is pointing into the stack for thread: 0x00007fd240092ab0
RBP=0x00007fd294af5f10 is pointing into the stack for thread: 0x00007fd240092ab0
RSI=0x00007fd240092ab0 is a thread
RDI=0x00007fd240092d20 points into unknown readable memory: 0x00007fd294af5f20 | 20 5f af 94 d2 7f 00 00
R8 =
[error occurred during error reporting (printing register info), id 0xb, SIGSEGV (0xb) at pc=0x00007fd2c574ed8f]

Registers:
RAX=0x0100007fffff0000, RBX=0x00007fd240092d40, RCX=0x00007fd240092ab0, RDX=0x00007fd240087778
RSP=0x00007fd294af5e50, RBP=0x00007fd294af5f10, RSI=0x00007fd240092ab0, RDI=0x00007fd240092d20
R8 =0x000000008ddf1298, R9 =0x00007fd240092ab0, R10=0x0000000000000000, R11=0x00000000000003d8
R12=0x0000000000000001, R13=0x00007fd294af5fc8, R14=0x000000000000005c, R15=0x0000000000009825
RIP=0x00007fd29540d190, EFLAGS=0x0000000000010206, CSGSFS=0x002b000000000033, ERR=0x0000000000000000
  TRAPNO=0x0000000000000006

Top of Stack: (sp=0x00007fd294af5e50)
0x00007fd294af5e50:   000000009825000a 00007fd294af5ec0
0x00007fd294af5e60:   0000000000000000 0000000000000000
0x00007fd294af5e70:   00007fd240092a00 0000000000000000
0x00007fd294af5e80:   0000000000000000 0000000000000000 

Instructions: (pc=0x00007fd29540d190)
0x00007fd29540d090:   16 66 2e 0f 1f 84 00 00 00 00 00 0f 1f 44 00 00
0x00007fd29540d0a0:   55 48 89 e5 89 d7 89 ce e8 03 2c 00 00 89 c1 31
0x00007fd29540d0b0:   c0 83 f9 ff 74 02 5d c3 e8 23 28 00 00 48 85 c0
0x00007fd29540d0c0:   74 09 48 89 c1 31 c0 2b 01 5d c3 67 0f b9 40 16
0x00007fd29540d0d0:   55 48 89 e5 41 57 41 56 41 55 41 54 53 48 81 ec
0x00007fd29540d0e0:   98 00 00 00 48 85 ff 0f 84 4b 01 00 00 48 89 fb
0x00007fd29540d0f0:   48 8b 07 48 85 c0 0f 84 3c 01 00 00 45 89 cf 4d
0x00007fd29540d100:   89 c5 41 89 cc 41 89 d6 48 89 df 4c 89 c6 ff 90
0x00007fd29540d110:   58 05 00 00 83 f8 10 7e 07 b0 01 e9 b8 00 00 00
0x00007fd29540d120:   4c 8b 0b 4d 85 c9 0f 84 0c 01 00 00 44 89 7d d4
0x00007fd29540d130:   44 0f b7 7d 10 66 41 c1 c7 08 4c 8d 45 c0 48 89
0x00007fd29540d140:   df 4c 89 ee 31 d2 89 c1 41 ff 91 40 06 00 00 41
0x00007fd29540d150:   80 fc 01 75 48 66 c7 85 40 ff ff ff 0a 00 66 44
0x00007fd29540d160:   89 bd 42 ff ff ff c7 85 44 ff ff ff 00 00 00 00
0x00007fd29540d170:   8b 45 d4 89 85 58 ff ff ff 48 8b 45 c0 48 0b 45
0x00007fd29540d180:   c8 74 3c 66 0f 6f 45 c0 66 0f ef 05 50 87 ff ff
0x00007fd29540d190:   66 0f 38 17 c0 74 28 0f 28 45 c0 eb 2c 66 c7 85
0x00007fd29540d1a0:   40 ff ff ff 02 00 66 44 89 bd 42 ff ff ff 8b 45
0x00007fd29540d1b0:   cc 89 85 44 ff ff ff 41 bf 10 00 00 00 eb 17 48
0x00007fd29540d1c0:   8b 05 9a 3a 20 00 0f 10 00 0f 11 85 48 ff ff ff
0x00007fd29540d1d0:   41 bf 1c 00 00 00 31 c0 bb ff ff ff ff 84 c0 75
0x00007fd29540d1e0:   43 4c 8d a5 40 ff ff ff 0f 1f 84 00 00 00 00 00
0x00007fd29540d1f0:   44 89 f7 4c 89 e6 44 89 fa e8 c2 2a 00 00 89 c3
0x00007fd29540d200:   83 f8 ff 75 13 e8 d6 26 00 00 48 85 c0 74 29 8b
0x00007fd29540d210:   00 83 f8 04 74 da eb 05 b8 04 00 00 00 f7 d8 c1
0x00007fd29540d220:   fb 1f 21 c3 89 d8 48 81 c4 98 00 00 00 5b 41 5c
0x00007fd29540d230:   41 5d 41 5e 41 5f 5d c3 67 0f b9 40 16 0f 1f 00
0x00007fd29540d240:   55 48 89 e5 41 56 53 48 83 ec 10 49 89 fe c7 45
0x00007fd29540d250:   e8 04 00 00 00 48 8d 4d ec 4c 8d 45 e8 89 d7 be
0x00007fd29540d260:   01 00 00 00 ba 04 00 00 00 e8 02 2a 00 00 89 c3
0x00007fd29540d270:   85 c0 79 2a e8 67 26 00 00 48 85 c0 74 39 8b 10
0x00007fd29540d280:   83 fa 09 75 0a 4c 89 f7 e8 d3 29 00 00 eb 0f 48 


Stack slot to memory mapping:
stack at sp + 0 slots: 0x000000009825000a is an unallocated location in the heap
stack at sp + 1 slots: 0x00007fd294af5ec0 is pointing into the stack for thread: 0x00007fd240092ab0
stack at sp + 2 slots: 0x0 is NULL
stack at sp + 3 slots: 0x0 is NULL
stack at sp + 4 slots: 0x00007fd240092a00 points into unknown readable memory: 0x2f6f694c3500013b | 3b 01 00 35 4c 69 6f 2f
stack at sp + 5 slots: 0x0 is NULL
stack at sp + 6 slots: 0x0 is NULL
stack at sp + 7 slots: 0x0 is NULL


---------------  P R O C E S S  ---------------

Threads class SMR info:
_java_thread_list=0x00007fd2c0e21120, length=18, elements={
0x00007fd2c0025b50, 0x00007fd2c00fcc10, 0x00007fd2c00fe0b0, 0x00007fd2c0104d80,
0x00007fd2c0106120, 0x00007fd2c0107520, 0x00007fd2c0108ec0, 0x00007fd2c010a3e0,
0x00007fd2c0113830, 0x00007fd2c011b390, 0x00007fd2c011ec70, 0x00007fd2c0c91eb0,
0x00007fd2c0c95c30, 0x00007fd24000b800, 0x00007fd234012bb0, 0x00007fd2c0e0ef80,
0x00007fd240092ab0, 0x00007fd2c0e203b0
}

Java Threads: ( => current thread )
  0x00007fd2c0025b50 JavaThread "main" [_thread_blocked, id=27558, stack(0x00007fd2c4e8a000,0x00007fd2c4f8a000)]
  0x00007fd2c00fcc10 JavaThread "Reference Handler" daemon [_thread_blocked, id=27565, stack(0x00007fd2a49c5000,0x00007fd2a4ac5000)]
  0x00007fd2c00fe0b0 JavaThread "Finalizer" daemon [_thread_blocked, id=27566, stack(0x00007fd2a48c5000,0x00007fd2a49c5000)]
  0x00007fd2c0104d80 JavaThread "Signal Dispatcher" daemon [_thread_blocked, id=27567, stack(0x00007fd2a4251000,0x00007fd2a4351000)]
  0x00007fd2c0106120 JavaThread "Service Thread" daemon [_thread_blocked, id=27568, stack(0x00007fd2a4151000,0x00007fd2a4251000)]
  0x00007fd2c0107520 JavaThread "Monitor Deflation Thread" daemon [_thread_blocked, id=27569, stack(0x00007fd2a4051000,0x00007fd2a4151000)]
  0x00007fd2c0108ec0 JavaThread "C2 CompilerThread0" daemon [_thread_in_native, id=27570, stack(0x00007fd295f00000,0x00007fd296000000)]
  0x00007fd2c010a3e0 JavaThread "C1 CompilerThread0" daemon [_thread_blocked, id=27571, stack(0x00007fd295e00000,0x00007fd295f00000)]
  0x00007fd2c0113830 JavaThread "Sweeper thread" daemon [_thread_blocked, id=27572, stack(0x00007fd295d00000,0x00007fd295e00000)]
  0x00007fd2c011b390 JavaThread "Notification Thread" daemon [_thread_blocked, id=27573, stack(0x00007fd295c00000,0x00007fd295d00000)]
  0x00007fd2c011ec70 JavaThread "Common-Cleaner" daemon [_thread_blocked, id=27575, stack(0x00007fd2959fe000,0x00007fd295afe000)]
  0x00007fd2c0c91eb0 JavaThread "grpc-default-worker-ELG-4-1" daemon [_thread_in_native, id=27581, stack(0x00007fd294ef8000,0x00007fd294ff8000)]
  0x00007fd2c0c95c30 JavaThread "grpc-default-executor-0" daemon [_thread_blocked, id=27582, stack(0x00007fd294df8000,0x00007fd294ef8000)]
  0x00007fd24000b800 JavaThread "grpc-default-executor-1" daemon [_thread_blocked, id=27583, stack(0x00007fd294cf8000,0x00007fd294df8000)]
  0x00007fd234012bb0 JavaThread "grpc-default-executor-2" daemon [_thread_blocked, id=27584, stack(0x00007fd294bf8000,0x00007fd294cf8000)]
  0x00007fd2c0e0ef80 JavaThread "Monitor" [_thread_in_native, id=27585, stack(0x00007fd294af8000,0x00007fd294bf8000)]
=>0x00007fd240092ab0 JavaThread "grpc-default-worker-ELG-4-2" daemon [_thread_in_native, id=27586, stack(0x00007fd2949f8000,0x00007fd294af8000)]
  0x00007fd2c0e203b0 JavaThread "Running adb" [_thread_in_vm, id=27587, stack(0x00007fd2948f8000,0x00007fd2949f8000)]

Other Threads:
  0x00007fd2c00f9b80 VMThread "VM Thread" [stack: 0x00007fd2a4ac7000,0x00007fd2a4bc7000] [id=27564]
  0x00007fd2c011ce00 WatcherThread "VM Periodic Task Thread" [stack: 0x00007fd295b00000,0x00007fd295c00000] [id=27574]
  0x00007fd2c0082af0 WorkerThread "GC Thread#0" [stack: 0x00007fd2a5526000,0x00007fd2a5626000] [id=27559]
  0x00007fd2840067b0 WorkerThread "GC Thread#1" [stack: 0x00007fd2958cd000,0x00007fd2959cd000] [id=27576]
  0x00007fd28400e7b0 WorkerThread "GC Thread#2" [stack: 0x00007fd295300000,0x00007fd295400000] [id=27577]
  0x00007fd28400e140 WorkerThread "GC Thread#3" [stack: 0x00007fd2951fe000,0x00007fd2952fe000] [id=27578]
  0x00007fd2c00931a0 ConcurrentGCThread "G1 Main Marker" [stack: 0x00007fd2a5424000,0x00007fd2a5524000] [id=27560]
  0x00007fd2c00940a0 WorkerThread "G1 Conc#0" [stack: 0x00007fd2a5322000,0x00007fd2a5422000] [id=27561]
  0x00007fd2c00cd2a0 ConcurrentGCThread "G1 Refine#0" [stack: 0x00007fd2a4e1c000,0x00007fd2a4f1c000] [id=27562]
  0x00007fd290000d70 ConcurrentGCThread "G1 Refine#1" [stack: 0x00007fd2950fc000,0x00007fd2951fc000] [id=27579]
  0x00007fd244000d70 ConcurrentGCThread "G1 Refine#2" [stack: 0x00007fd294ffa000,0x00007fd2950fa000] [id=27580]
  0x00007fd2c00ce170 ConcurrentGCThread "G1 Service" [stack: 0x00007fd2a4d1a000,0x00007fd2a4e1a000] [id=27563]

Threads with active compile tasks:
C2 CompilerThread0     5077 1514   !   4       jdk.internal.loader.BuiltinClassLoader::loadClassOrNull (143 bytes)

VM state: not at safepoint (normal execution)

VM Mutex/Monitor currently owned by a thread: None

Heap address: 0x0000000087a00000, size: 1926 MB, Compressed Oops mode: 32-bit

CDS archive(s) mapped at: [0x0000000800000000-0x0000000800bb1000-0x0000000800bb1000), size 12259328, SharedBaseAddress: 0x0000000800000000, ArchiveRelocationMode: 0.
Compressed class space mapped at: 0x0000000800c00000-0x0000000840c00000, reserved size: 1073741824
Narrow klass base: 0x0000000800000000, Narrow klass shift: 0, Narrow klass range: 0x100000000

GC Precious Log:
 CardTable entry size: 512
 Card Set container configuration: InlinePtr #cards 5 size 8 Array Of Cards #cards 12 size 40 Howl #buckets 4 coarsen threshold 1843 Howl Bitmap #cards 512 size 80 coarsen threshold 460 Card regions per heap region 1 cards per card region 2048
 CPUs: 4 total, 4 available
 Memory: 7696M
 Large Page Support: Disabled
 NUMA Support: Disabled
 Compressed Oops: Enabled (32-bit)
 Heap Region Size: 1M
 Heap Min Capacity: 8M
 Heap Initial Capacity: 122M
 Heap Max Capacity: 1926M
 Pre-touch: Disabled
 Parallel Workers: 4
 Concurrent Workers: 1
 Concurrent Refinement Workers: 4
 Periodic GC: Disabled

Heap:
 garbage-first heap   total 126976K, used 32360K [0x0000000087a00000, 0x0000000100000000)
  region size 1024K, 27 young (27648K), 3 survivors (3072K)
 Metaspace       used 20423K, committed 20800K, reserved 1114112K
  class space    used 2368K, committed 2560K, reserved 1048576K

Heap Regions: E=young(eden), S=young(survivor), O=old, HS=humongous(starts), HC=humongous(continues), CS=collection set, F=free, OA=open archive, CA=closed archive, TAMS=top-at-mark-start (previous, next)
|   0|0x0000000087a00000, 0x0000000087b00000, 0x0000000087b00000|100%|HS|  |TAMS 0x0000000087a00000, 0x0000000087a00000| Complete 
|   1|0x0000000087b00000, 0x0000000087c00000, 0x0000000087c00000|100%|HS|  |TAMS 0x0000000087b00000, 0x0000000087b00000| Complete 
|   2|0x0000000087c00000, 0x0000000087d00000, 0x0000000087d00000|100%|HC|  |TAMS 0x0000000087c00000, 0x0000000087c00000| Complete 
|   3|0x0000000087d00000, 0x0000000087d00000, 0x0000000087e00000|  0%| F|  |TAMS 0x0000000087d00000, 0x0000000087d00000| Untracked 
|   4|0x0000000087e00000, 0x0000000087f00000, 0x0000000087f00000|100%| O|  |TAMS 0x0000000087e00000, 0x0000000087e00000| Untracked 
|   5|0x0000000087f00000, 0x0000000088000000, 0x0000000088000000|100%| O|  |TAMS 0x0000000087f00000, 0x0000000087f00000| Untracked 
|   6|0x0000000088000000, 0x00000000880af200, 0x0000000088100000| 68%| O|  |TAMS 0x0000000088000000, 0x0000000088000000| Untracked 
|   7|0x0000000088100000, 0x0000000088100000, 0x0000000088200000|  0%| F|  |TAMS 0x0000000088100000, 0x0000000088100000| Untracked 
|   8|0x0000000088200000, 0x0000000088200000, 0x0000000088300000|  0%| F|  |TAMS 0x0000000088200000, 0x0000000088200000| Untracked 
|   9|0x0000000088300000, 0x0000000088300000, 0x0000000088400000|  0%| F|  |TAMS 0x0000000088300000, 0x0000000088300000| Untracked 
|  10|0x0000000088400000, 0x0000000088400000, 0x0000000088500000|  0%| F|  |TAMS 0x0000000088400000, 0x0000000088400000| Untracked 
|  11|0x0000000088500000, 0x0000000088500000, 0x0000000088600000|  0%| F|  |TAMS 0x0000000088500000, 0x0000000088500000| Untracked 
|  12|0x0000000088600000, 0x0000000088600000, 0x0000000088700000|  0%| F|  |TAMS 0x0000000088600000, 0x0000000088600000| Untracked 
|  13|0x0000000088700000, 0x0000000088700000, 0x0000000088800000|  0%| F|  |TAMS 0x0000000088700000, 0x0000000088700000| Untracked 
|  14|0x0000000088800000, 0x0000000088800000, 0x0000000088900000|  0%| F|  |TAMS 0x0000000088800000, 0x0000000088800000| Untracked 
|  15|0x0000000088900000, 0x0000000088900000, 0x0000000088a00000|  0%| F|  |TAMS 0x0000000088900000, 0x0000000088900000| Untracked 
|  16|0x0000000088a00000, 0x0000000088a00000, 0x0000000088b00000|  0%| F|  |TAMS 0x0000000088a00000, 0x0000000088a00000| Untracked 
|  17|0x0000000088b00000, 0x0000000088b00000, 0x0000000088c00000|  0%| F|  |TAMS 0x0000000088b00000, 0x0000000088b00000| Untracked 
|  18|0x0000000088c00000, 0x0000000088c00000, 0x0000000088d00000|  0%| F|  |TAMS 0x0000000088c00000, 0x0000000088c00000| Untracked 
|  19|0x0000000088d00000, 0x0000000088d00000, 0x0000000088e00000|  0%| F|  |TAMS 0x0000000088d00000, 0x0000000088d00000| Untracked 
|  20|0x0000000088e00000, 0x0000000088e00000, 0x0000000088f00000|  0%| F|  |TAMS 0x0000000088e00000, 0x0000000088e00000| Untracked 
|  21|0x0000000088f00000, 0x0000000088f00000, 0x0000000089000000|  0%| F|  |TAMS 0x0000000088f00000, 0x0000000088f00000| Untracked 
|  22|0x0000000089000000, 0x0000000089000000, 0x0000000089100000|  0%| F|  |TAMS 0x0000000089000000, 0x0000000089000000| Untracked 
|  23|0x0000000089100000, 0x0000000089100000, 0x0000000089200000|  0%| F|  |TAMS 0x0000000089100000, 0x0000000089100000| Untracked 
|  24|0x0000000089200000, 0x0000000089200000, 0x0000000089300000|  0%| F|  |TAMS 0x0000000089200000, 0x0000000089200000| Untracked 
|  25|0x0000000089300000, 0x0000000089300000, 0x0000000089400000|  0%| F|  |TAMS 0x0000000089300000, 0x0000000089300000| Untracked 
|  26|0x0000000089400000, 0x0000000089400000, 0x0000000089500000|  0%| F|  |TAMS 0x0000000089400000, 0x0000000089400000| Untracked 
|  27|0x0000000089500000, 0x0000000089500000, 0x0000000089600000|  0%| F|  |TAMS 0x0000000089500000, 0x0000000089500000| Untracked 
|  28|0x0000000089600000, 0x0000000089600000, 0x0000000089700000|  0%| F|  |TAMS 0x0000000089600000, 0x0000000089600000| Untracked 
|  29|0x0000000089700000, 0x0000000089700000, 0x0000000089800000|  0%| F|  |TAMS 0x0000000089700000, 0x0000000089700000| Untracked 
|  30|0x0000000089800000, 0x0000000089800000, 0x0000000089900000|  0%| F|  |TAMS 0x0000000089800000, 0x0000000089800000| Untracked 
|  31|0x0000000089900000, 0x0000000089900000, 0x0000000089a00000|  0%| F|  |TAMS 0x0000000089900000, 0x0000000089900000| Untracked 
|  32|0x0000000089a00000, 0x0000000089a00000, 0x0000000089b00000|  0%| F|  |TAMS 0x0000000089a00000, 0x0000000089a00000| Untracked 
|  33|0x0000000089b00000, 0x0000000089b00000, 0x0000000089c00000|  0%| F|  |TAMS 0x0000000089b00000, 0x0000000089b00000| Untracked 
|  34|0x0000000089c00000, 0x0000000089c00000, 0x0000000089d00000|  0%| F|  |TAMS 0x0000000089c00000, 0x0000000089c00000| Untracked 
|  35|0x0000000089d00000, 0x0000000089d00000, 0x0000000089e00000|  0%| F|  |TAMS 0x0000000089d00000, 0x0000000089d00000| Untracked 
|  36|0x0000000089e00000, 0x0000000089e00000, 0x0000000089f00000|  0%| F|  |TAMS 0x0000000089e00000, 0x0000000089e00000| Untracked 
|  37|0x0000000089f00000, 0x0000000089f00000, 0x000000008a000000|  0%| F|  |TAMS 0x0000000089f00000, 0x0000000089f00000| Untracked 
|  38|0x000000008a000000, 0x000000008a000000, 0x000000008a100000|  0%| F|  |TAMS 0x000000008a000000, 0x000000008a000000| Untracked 
|  39|0x000000008a100000, 0x000000008a100000, 0x000000008a200000|  0%| F|  |TAMS 0x000000008a100000, 0x000000008a100000| Untracked 
|  40|0x000000008a200000, 0x000000008a200000, 0x000000008a300000|  0%| F|  |TAMS 0x000000008a200000, 0x000000008a200000| Untracked 
|  41|0x000000008a300000, 0x000000008a300000, 0x000000008a400000|  0%| F|  |TAMS 0x000000008a300000, 0x000000008a300000| Untracked 
|  42|0x000000008a400000, 0x000000008a400000, 0x000000008a500000|  0%| F|  |TAMS 0x000000008a400000, 0x000000008a400000| Untracked 
|  43|0x000000008a500000, 0x000000008a500000, 0x000000008a600000|  0%| F|  |TAMS 0x000000008a500000, 0x000000008a500000| Untracked 
|  44|0x000000008a600000, 0x000000008a600000, 0x000000008a700000|  0%| F|  |TAMS 0x000000008a600000, 0x000000008a600000| Untracked 
|  45|0x000000008a700000, 0x000000008a700000, 0x000000008a800000|  0%| F|  |TAMS 0x000000008a700000, 0x000000008a700000| Untracked 
|  46|0x000000008a800000, 0x000000008a800000, 0x000000008a900000|  0%| F|  |TAMS 0x000000008a800000, 0x000000008a800000| Untracked 
|  47|0x000000008a900000, 0x000000008a900000, 0x000000008aa00000|  0%| F|  |TAMS 0x000000008a900000, 0x000000008a900000| Untracked 
|  48|0x000000008aa00000, 0x000000008aa00000, 0x000000008ab00000|  0%| F|  |TAMS 0x000000008aa00000, 0x000000008aa00000| Untracked 
|  49|0x000000008ab00000, 0x000000008ab00000, 0x000000008ac00000|  0%| F|  |TAMS 0x000000008ab00000, 0x000000008ab00000| Untracked 
|  50|0x000000008ac00000, 0x000000008ac00000, 0x000000008ad00000|  0%| F|  |TAMS 0x000000008ac00000, 0x000000008ac00000| Untracked 
|  51|0x000000008ad00000, 0x000000008ad00000, 0x000000008ae00000|  0%| F|  |TAMS 0x000000008ad00000, 0x000000008ad00000| Untracked 
|  52|0x000000008ae00000, 0x000000008ae00000, 0x000000008af00000|  0%| F|  |TAMS 0x000000008ae00000, 0x000000008ae00000| Untracked 
|  53|0x000000008af00000, 0x000000008af00000, 0x000000008b000000|  0%| F|  |TAMS 0x000000008af00000, 0x000000008af00000| Untracked 
|  54|0x000000008b000000, 0x000000008b000000, 0x000000008b100000|  0%| F|  |TAMS 0x000000008b000000, 0x000000008b000000| Untracked 
|  55|0x000000008b100000, 0x000000008b100000, 0x000000008b200000|  0%| F|  |TAMS 0x000000008b100000, 0x000000008b100000| Untracked 
|  56|0x000000008b200000, 0x000000008b200000, 0x000000008b300000|  0%| F|  |TAMS 0x000000008b200000, 0x000000008b200000| Untracked 
|  57|0x000000008b300000, 0x000000008b300000, 0x000000008b400000|  0%| F|  |TAMS 0x000000008b300000, 0x000000008b300000| Untracked 
|  58|0x000000008b400000, 0x000000008b400000, 0x000000008b500000|  0%| F|  |TAMS 0x000000008b400000, 0x000000008b400000| Untracked 
|  59|0x000000008b500000, 0x000000008b500000, 0x000000008b600000|  0%| F|  |TAMS 0x000000008b500000, 0x000000008b500000| Untracked 
|  60|0x000000008b600000, 0x000000008b600000, 0x000000008b700000|  0%| F|  |TAMS 0x000000008b600000, 0x000000008b600000| Untracked 
|  61|0x000000008b700000, 0x000000008b700000, 0x000000008b800000|  0%| F|  |TAMS 0x000000008b700000, 0x000000008b700000| Untracked 
|  62|0x000000008b800000, 0x000000008b800000, 0x000000008b900000|  0%| F|  |TAMS 0x000000008b800000, 0x000000008b800000| Untracked 
|  63|0x000000008b900000, 0x000000008b900000, 0x000000008ba00000|  0%| F|  |TAMS 0x000000008b900000, 0x000000008b900000| Untracked 
|  64|0x000000008ba00000, 0x000000008ba00000, 0x000000008bb00000|  0%| F|  |TAMS 0x000000008ba00000, 0x000000008ba00000| Untracked 
|  65|0x000000008bb00000, 0x000000008bb00000, 0x000000008bc00000|  0%| F|  |TAMS 0x000000008bb00000, 0x000000008bb00000| Untracked 
|  66|0x000000008bc00000, 0x000000008bc00000, 0x000000008bd00000|  0%| F|  |TAMS 0x000000008bc00000, 0x000000008bc00000| Untracked 
|  67|0x000000008bd00000, 0x000000008bd00000, 0x000000008be00000|  0%| F|  |TAMS 0x000000008bd00000, 0x000000008bd00000| Untracked 
|  68|0x000000008be00000, 0x000000008be00000, 0x000000008bf00000|  0%| F|  |TAMS 0x000000008be00000, 0x000000008be00000| Untracked 
|  69|0x000000008bf00000, 0x000000008bf00000, 0x000000008c000000|  0%| F|  |TAMS 0x000000008bf00000, 0x000000008bf00000| Untracked 
|  70|0x000000008c000000, 0x000000008c000000, 0x000000008c100000|  0%| F|  |TAMS 0x000000008c000000, 0x000000008c000000| Untracked 
|  71|0x000000008c100000, 0x000000008c100000, 0x000000008c200000|  0%| F|  |TAMS 0x000000008c100000, 0x000000008c100000| Untracked 
|  72|0x000000008c200000, 0x000000008c200000, 0x000000008c300000|  0%| F|  |TAMS 0x000000008c200000, 0x000000008c200000| Untracked 
|  73|0x000000008c300000, 0x000000008c300000, 0x000000008c400000|  0%| F|  |TAMS 0x000000008c300000, 0x000000008c300000| Untracked 
|  74|0x000000008c400000, 0x000000008c400000, 0x000000008c500000|  0%| F|  |TAMS 0x000000008c400000, 0x000000008c400000| Untracked 
|  75|0x000000008c500000, 0x000000008c500000, 0x000000008c600000|  0%| F|  |TAMS 0x000000008c500000, 0x000000008c500000| Untracked 
|  76|0x000000008c600000, 0x000000008c600000, 0x000000008c700000|  0%| F|  |TAMS 0x000000008c600000, 0x000000008c600000| Untracked 
|  77|0x000000008c700000, 0x000000008c700000, 0x000000008c800000|  0%| F|  |TAMS 0x000000008c700000, 0x000000008c700000| Untracked 
|  78|0x000000008c800000, 0x000000008c800000, 0x000000008c900000|  0%| F|  |TAMS 0x000000008c800000, 0x000000008c800000| Untracked 
|  79|0x000000008c900000, 0x000000008c900000, 0x000000008ca00000|  0%| F|  |TAMS 0x000000008c900000, 0x000000008c900000| Untracked 
|  80|0x000000008ca00000, 0x000000008ca00000, 0x000000008cb00000|  0%| F|  |TAMS 0x000000008ca00000, 0x000000008ca00000| Untracked 
|  81|0x000000008cb00000, 0x000000008cb00000, 0x000000008cc00000|  0%| F|  |TAMS 0x000000008cb00000, 0x000000008cb00000| Untracked 
|  82|0x000000008cc00000, 0x000000008cc00000, 0x000000008cd00000|  0%| F|  |TAMS 0x000000008cc00000, 0x000000008cc00000| Untracked 
|  83|0x000000008cd00000, 0x000000008cd00000, 0x000000008ce00000|  0%| F|  |TAMS 0x000000008cd00000, 0x000000008cd00000| Untracked 
|  84|0x000000008ce00000, 0x000000008ce00000, 0x000000008cf00000|  0%| F|  |TAMS 0x000000008ce00000, 0x000000008ce00000| Untracked 
|  85|0x000000008cf00000, 0x000000008cf00000, 0x000000008d000000|  0%| F|  |TAMS 0x000000008cf00000, 0x000000008cf00000| Untracked 
|  86|0x000000008d000000, 0x000000008d000000, 0x000000008d100000|  0%| F|  |TAMS 0x000000008d000000, 0x000000008d000000| Untracked 
|  87|0x000000008d100000, 0x000000008d100000, 0x000000008d200000|  0%| F|  |TAMS 0x000000008d100000, 0x000000008d100000| Untracked 
|  88|0x000000008d200000, 0x000000008d200000, 0x000000008d300000|  0%| F|  |TAMS 0x000000008d200000, 0x000000008d200000| Untracked 
|  89|0x000000008d300000, 0x000000008d300000, 0x000000008d400000|  0%| F|  |TAMS 0x000000008d300000, 0x000000008d300000| Untracked 
|  90|0x000000008d400000, 0x000000008d400000, 0x000000008d500000|  0%| F|  |TAMS 0x000000008d400000, 0x000000008d400000| Untracked 
|  91|0x000000008d500000, 0x000000008d500000, 0x000000008d600000|  0%| F|  |TAMS 0x000000008d500000, 0x000000008d500000| Untracked 
|  92|0x000000008d600000, 0x000000008d600000, 0x000000008d700000|  0%| F|  |TAMS 0x000000008d600000, 0x000000008d600000| Untracked 
|  93|0x000000008d700000, 0x000000008d700000, 0x000000008d800000|  0%| F|  |TAMS 0x000000008d700000, 0x000000008d700000| Untracked 
|  94|0x000000008d800000, 0x000000008d800000, 0x000000008d900000|  0%| F|  |TAMS 0x000000008d800000, 0x000000008d800000| Untracked 
|  95|0x000000008d900000, 0x000000008d9da860, 0x000000008da00000| 85%| E|  |TAMS 0x000000008d900000, 0x000000008d900000| Complete 
|  96|0x000000008da00000, 0x000000008db00000, 0x000000008db00000|100%| S|CS|TAMS 0x000000008da00000, 0x000000008da00000| Complete 
|  97|0x000000008db00000, 0x000000008dc00000, 0x000000008dc00000|100%| S|CS|TAMS 0x000000008db00000, 0x000000008db00000| Complete 
|  98|0x000000008dc00000, 0x000000008dd00000, 0x000000008dd00000|100%| S|CS|TAMS 0x000000008dc00000, 0x000000008dc00000| Complete 
|  99|0x000000008dd00000, 0x000000008de00000, 0x000000008de00000|100%| E|CS|TAMS 0x000000008dd00000, 0x000000008dd00000| Complete 
| 100|0x000000008de00000, 0x000000008df00000, 0x000000008df00000|100%| E|CS|TAMS 0x000000008de00000, 0x000000008de00000| Complete 
| 101|0x000000008df00000, 0x000000008e000000, 0x000000008e000000|100%| E|CS|TAMS 0x000000008df00000, 0x000000008df00000| Complete 
| 102|0x000000008e000000, 0x000000008e100000, 0x000000008e100000|100%| E|CS|TAMS 0x000000008e000000, 0x000000008e000000| Complete 
| 103|0x000000008e100000, 0x000000008e200000, 0x000000008e200000|100%| E|CS|TAMS 0x000000008e100000, 0x000000008e100000| Complete 
| 104|0x000000008e200000, 0x000000008e300000, 0x000000008e300000|100%| E|CS|TAMS 0x000000008e200000, 0x000000008e200000| Complete 
| 105|0x000000008e300000, 0x000000008e400000, 0x000000008e400000|100%| E|CS|TAMS 0x000000008e300000, 0x000000008e300000| Complete 
| 106|0x000000008e400000, 0x000000008e500000, 0x000000008e500000|100%| E|CS|TAMS 0x000000008e400000, 0x000000008e400000| Complete 
| 107|0x000000008e500000, 0x000000008e600000, 0x000000008e600000|100%| E|CS|TAMS 0x000000008e500000, 0x000000008e500000| Complete 
| 108|0x000000008e600000, 0x000000008e700000, 0x000000008e700000|100%| E|  |TAMS 0x000000008e600000, 0x000000008e600000| Complete 
| 109|0x000000008e700000, 0x000000008e800000, 0x000000008e800000|100%| E|CS|TAMS 0x000000008e700000, 0x000000008e700000| Complete 
| 110|0x000000008e800000, 0x000000008e900000, 0x000000008e900000|100%| E|CS|TAMS 0x000000008e800000, 0x000000008e800000| Complete 
| 111|0x000000008e900000, 0x000000008ea00000, 0x000000008ea00000|100%| E|CS|TAMS 0x000000008e900000, 0x000000008e900000| Complete 
| 112|0x000000008ea00000, 0x000000008eb00000, 0x000000008eb00000|100%| E|CS|TAMS 0x000000008ea00000, 0x000000008ea00000| Complete 
| 113|0x000000008eb00000, 0x000000008ec00000, 0x000000008ec00000|100%| E|CS|TAMS 0x000000008eb00000, 0x000000008eb00000| Complete 
| 114|0x000000008ec00000, 0x000000008ed00000, 0x000000008ed00000|100%| E|CS|TAMS 0x000000008ec00000, 0x000000008ec00000| Complete 
| 115|0x000000008ed00000, 0x000000008ee00000, 0x000000008ee00000|100%| E|CS|TAMS 0x000000008ed00000, 0x000000008ed00000| Complete 
| 116|0x000000008ee00000, 0x000000008ef00000, 0x000000008ef00000|100%| E|CS|TAMS 0x000000008ee00000, 0x000000008ee00000| Complete 
| 117|0x000000008ef00000, 0x000000008f000000, 0x000000008f000000|100%| E|CS|TAMS 0x000000008ef00000, 0x000000008ef00000| Complete 
| 118|0x000000008f000000, 0x000000008f100000, 0x000000008f100000|100%| E|CS|TAMS 0x000000008f000000, 0x000000008f000000| Complete 
| 119|0x000000008f100000, 0x000000008f200000, 0x000000008f200000|100%| E|CS|TAMS 0x000000008f100000, 0x000000008f100000| Complete 
| 120|0x000000008f200000, 0x000000008f300000, 0x000000008f300000|100%| E|CS|TAMS 0x000000008f200000, 0x000000008f200000| Complete 
| 121|0x000000008f300000, 0x000000008f400000, 0x000000008f400000|100%| E|CS|TAMS 0x000000008f300000, 0x000000008f300000| Complete 
|1924|0x00000000ffe00000, 0x00000000ffe75000, 0x00000000fff00000| 45%|OA|  |TAMS 0x00000000ffe00000, 0x00000000ffe00000| Untracked 
|1925|0x00000000fff00000, 0x00000000fff76000, 0x0000000100000000| 46%|CA|  |TAMS 0x00000000fff00000, 0x00000000fff00000| Untracked 

Card table byte_map: [0x00007fd2c40e3000,0x00007fd2c44a6000] _byte_map_base: 0x00007fd2c3ca6000

Marking Bits (Prev, Next): (CMBitMap*) 0x00007fd2c0083560, (CMBitMap*) 0x00007fd2c00835a0
 Prev Bits: [0x00007fd2a743e000, 0x00007fd2a9256000)
 Next Bits: [0x00007fd2a5626000, 0x00007fd2a743e000)

Polling page: 0x00007fd2c6584000

Metaspace:

Usage:
  Non-class:     17,64 MB used.
      Class:      2,32 MB used.
       Both:     19,96 MB used.

Virtual space:
  Non-class space:       64,00 MB reserved,      17,81 MB ( 28%) committed,  1 nodes.
      Class space:        1,00 GB reserved,       2,50 MB ( <1%) committed,  1 nodes.
             Both:        1,06 GB reserved,      20,31 MB (  2%) committed. 

Chunk freelists:
   Non-Class:  1,92 MB
       Class:  1,54 MB
        Both:  3,46 MB

MaxMetaspaceSize: unlimited
CompressedClassSpaceSize: 1,00 GB
Initial GC threshold: 21,00 MB
Current GC threshold: 21,00 MB
CDS: on
MetaspaceReclaimPolicy: balanced
 - commit_granule_bytes: 65536.
 - commit_granule_words: 8192.
 - virtual_space_node_default_size: 8388608.
 - enlarge_chunks_in_place: 1.
 - new_chunks_are_fully_committed: 0.
 - uncommit_free_chunks: 1.
 - use_allocation_guard: 0.


Internal statistics:

num_allocs_failed_limit: 0.
num_arena_births: 174.
num_arena_deaths: 0.
num_vsnodes_births: 2.
num_vsnodes_deaths: 0.
num_space_committed: 325.
num_space_uncommitted: 0.
num_chunks_returned_to_freelist: 0.
num_chunks_taken_from_freelist: 776.
num_chunk_merges: 0.
num_chunk_splits: 558.
num_chunks_enlarged: 406.
num_inconsistent_stats: 0.

CodeHeap 'non-profiled nmethods': size=120032Kb used=562Kb max_used=562Kb free=119469Kb
 bounds [0x00007fd2b10e1000, 0x00007fd2b1351000, 0x00007fd2b8619000]
CodeHeap 'profiled nmethods': size=120028Kb used=2668Kb max_used=2668Kb free=117359Kb
 bounds [0x00007fd2a9baa000, 0x00007fd2a9e4a000, 0x00007fd2b10e1000]
CodeHeap 'non-nmethods': size=5700Kb used=1264Kb max_used=1278Kb free=4435Kb
 bounds [0x00007fd2a9619000, 0x00007fd2a9889000, 0x00007fd2a9baa000]
 total_blobs=2120 nmethods=1545 adapters=490
 compilation: enabled
              stopped_count=0, restarted_count=0
 full_count=0

Compilation events (20 events):
Event: 4,950 Thread 0x00007fd2c010a3e0 1527       1       java.lang.reflect.Method::getRoot (5 bytes)
Event: 4,950 Thread 0x00007fd2c010a3e0 nmethod 1527 0x00007fd2b116b690 code [0x00007fd2b116b820, 0x00007fd2b116b8f0]
Event: 4,950 Thread 0x00007fd2c010a3e0 1525       3       jdk.internal.org.objectweb.asm.SymbolTable::addConstantFieldref (10 bytes)
Event: 4,952 Thread 0x00007fd2c010a3e0 nmethod 1525 0x00007fd2a9e36310 code [0x00007fd2a9e364c0, 0x00007fd2a9e36600]
Event: 4,958 Thread 0x00007fd2c010a3e0 1532       3       java.lang.AbstractStringBuilder::append (77 bytes)
Event: 4,960 Thread 0x00007fd2c010a3e0 nmethod 1532 0x00007fd2a9e36690 code [0x00007fd2a9e368a0, 0x00007fd2a9e36f90]
Event: 4,960 Thread 0x00007fd2c010a3e0 1533       3       java.lang.StringBuilder::append (8 bytes)
Event: 4,960 Thread 0x00007fd2c010a3e0 nmethod 1533 0x00007fd2a9e37210 code [0x00007fd2a9e373c0, 0x00007fd2a9e37500]
Event: 4,978 Thread 0x00007fd2c010a3e0 1537       3       jdk.internal.org.objectweb.asm.ClassWriter::visitMethod (57 bytes)
Event: 4,978 Thread 0x00007fd2c010a3e0 nmethod 1537 0x00007fd2a9e37590 code [0x00007fd2a9e37740, 0x00007fd2a9e37aa0]
Event: 4,979 Thread 0x00007fd2c010a3e0 1538       3       jdk.internal.org.objectweb.asm.MethodVisitor::<init> (7 bytes)
Event: 4,979 Thread 0x00007fd2c010a3e0 nmethod 1538 0x00007fd2a9e37c10 code [0x00007fd2a9e37dc0, 0x00007fd2a9e37f00]
Event: 4,979 Thread 0x00007fd2c010a3e0 1539       3       java.lang.System::checkKey (34 bytes)
Event: 4,980 Thread 0x00007fd2c010a3e0 nmethod 1539 0x00007fd2a9e37f90 code [0x00007fd2a9e38160, 0x00007fd2a9e38510]
Event: 4,981 Thread 0x00007fd2c010a3e0 1540       3       jdk.internal.org.objectweb.asm.MethodWriter::visitMaxs (60 bytes)
Event: 4,981 Thread 0x00007fd2c010a3e0 nmethod 1540 0x00007fd2a9e38690 code [0x00007fd2a9e38860, 0x00007fd2a9e38b30]
Event: 4,981 Thread 0x00007fd2c010a3e0 1541       3       jdk.internal.org.objectweb.asm.MethodWriter::visitEnd (1 bytes)
Event: 4,981 Thread 0x00007fd2c010a3e0 nmethod 1541 0x00007fd2a9e38c10 code [0x00007fd2a9e38da0, 0x00007fd2a9e38eb0]
Event: 4,981 Thread 0x00007fd2c010a3e0 1542       3       jdk.internal.org.objectweb.asm.MethodWriter::computeMethodInfoSize (571 bytes)
Event: 4,984 Thread 0x00007fd2c010a3e0 nmethod 1542 0x00007fd2a9e38f10 code [0x00007fd2a9e39240, 0x00007fd2a9e3a120]

GC Heap History (4 events):
Event: 1,739 GC heap before
{Heap before GC invocations=0 (full 0):
 garbage-first heap   total 126976K, used 17324K [0x0000000087a00000, 0x0000000100000000)
  region size 1024K, 13 young (13312K), 0 survivors (0K)
 Metaspace       used 5918K, committed 6144K, reserved 1114112K
  class space    used 639K, committed 768K, reserved 1048576K
}
Event: 1,747 GC heap after
{Heap after GC invocations=1 (full 0):
 garbage-first heap   total 126976K, used 5420K [0x0000000087a00000, 0x0000000100000000)
  region size 1024K, 2 young (2048K), 2 survivors (2048K)
 Metaspace       used 5918K, committed 6144K, reserved 1114112K
  class space    used 639K, committed 768K, reserved 1048576K
}
Event: 3,509 GC heap before
{Heap before GC invocations=1 (full 0):
 garbage-first heap   total 126976K, used 26924K [0x0000000087a00000, 0x0000000100000000)
  region size 1024K, 23 young (23552K), 2 survivors (2048K)
 Metaspace       used 12902K, committed 13184K, reserved 1114112K
  class space    used 1422K, committed 1536K, reserved 1048576K
}
Event: 3,527 GC heap after
{Heap after GC invocations=2 (full 0):
 garbage-first heap   total 126976K, used 9832K [0x0000000087a00000, 0x0000000100000000)
  region size 1024K, 3 young (3072K), 3 survivors (3072K)
 Metaspace       used 12902K, committed 13184K, reserved 1114112K
  class space    used 1422K, committed 1536K, reserved 1048576K
}

Deoptimization events (20 events):
Event: 4,819 Thread 0x00007fd2c0025b50 Uncommon trap: trap_request=0xffffffde fr.pc=0x00007fd2b1168b28 relative=0x0000000000000108
Event: 4,819 Thread 0x00007fd2c0025b50 Uncommon trap: reason=class_check action=maybe_recompile pc=0x00007fd2b1168b28 method=jdk.internal.misc.Unsafe.allocateUninitializedArray(Ljava/lang/Class;I)Ljava/lang/Object; @ 51 c2
Event: 4,820 Thread 0x00007fd2c0025b50 DEOPT PACKING pc=0x00007fd2b1168b28 sp=0x00007fd2c4f86530
Event: 4,820 Thread 0x00007fd2c0025b50 DEOPT UNPACKING pc=0x00007fd2a966b093 sp=0x00007fd2c4f864d8 mode 2
Event: 4,820 Thread 0x00007fd2c0025b50 Uncommon trap: trap_request=0xffffffde fr.pc=0x00007fd2b1168b28 relative=0x0000000000000108
Event: 4,820 Thread 0x00007fd2c0025b50 Uncommon trap: reason=class_check action=maybe_recompile pc=0x00007fd2b1168b28 method=jdk.internal.misc.Unsafe.allocateUninitializedArray(Ljava/lang/Class;I)Ljava/lang/Object; @ 51 c2
Event: 4,820 Thread 0x00007fd2c0025b50 DEOPT PACKING pc=0x00007fd2b1168b28 sp=0x00007fd2c4f86550
Event: 4,820 Thread 0x00007fd2c0025b50 DEOPT UNPACKING pc=0x00007fd2a966b093 sp=0x00007fd2c4f864f8 mode 2
Event: 4,957 Thread 0x00007fd2c0e0ef80 Uncommon trap: trap_request=0xffffff45 fr.pc=0x00007fd2b1115500 relative=0x0000000000000360
Event: 4,957 Thread 0x00007fd2c0e0ef80 Uncommon trap: reason=unstable_if action=reinterpret pc=0x00007fd2b1115500 method=java.lang.StringLatin1.canEncode(I)Z @ 4 c2
Event: 4,957 Thread 0x00007fd2c0e0ef80 DEOPT PACKING pc=0x00007fd2b1115500 sp=0x00007fd294bf5f00
Event: 4,957 Thread 0x00007fd2c0e0ef80 DEOPT UNPACKING pc=0x00007fd2a966b093 sp=0x00007fd294bf5e28 mode 2
Event: 4,957 Thread 0x00007fd2c0e0ef80 Uncommon trap: trap_request=0xffffff45 fr.pc=0x00007fd2b115b2f0 relative=0x0000000000000350
Event: 4,957 Thread 0x00007fd2c0e0ef80 Uncommon trap: reason=unstable_if action=reinterpret pc=0x00007fd2b115b2f0 method=java.lang.AbstractStringBuilder.isLatin1()Z @ 10 c2
Event: 4,957 Thread 0x00007fd2c0e0ef80 DEOPT PACKING pc=0x00007fd2b115b2f0 sp=0x00007fd294bf5f10
Event: 4,957 Thread 0x00007fd2c0e0ef80 DEOPT UNPACKING pc=0x00007fd2a966b093 sp=0x00007fd294bf5ea0 mode 2
Event: 4,957 Thread 0x00007fd2c0e0ef80 Uncommon trap: trap_request=0xffffff45 fr.pc=0x00007fd2b112cd7c relative=0x000000000000005c
Event: 4,957 Thread 0x00007fd2c0e0ef80 Uncommon trap: reason=unstable_if action=reinterpret pc=0x00007fd2b112cd7c method=java.lang.AbstractStringBuilder.isLatin1()Z @ 10 c2
Event: 4,957 Thread 0x00007fd2c0e0ef80 DEOPT PACKING pc=0x00007fd2b112cd7c sp=0x00007fd294bf5ee0
Event: 4,957 Thread 0x00007fd2c0e0ef80 DEOPT UNPACKING pc=0x00007fd2a966b093 sp=0x00007fd294bf5e90 mode 2

Classes loaded (20 events):
Event: 4,935 Loading class jdk/internal/org/objectweb/asm/Edge
Event: 4,937 Loading class sun/util/calendar/ZoneInfoFile$Checksum
Event: 4,937 Loading class jdk/internal/org/objectweb/asm/Edge done
Event: 4,937 Loading class sun/util/calendar/ZoneInfoFile$Checksum done
Event: 4,941 Loading class java/lang/reflect/Proxy$ProxyBuilder$1
Event: 4,941 Loading class java/lang/reflect/Proxy$ProxyBuilder$1 done
Event: 4,944 Loading class java/lang/reflect/UndeclaredThrowableException
Event: 4,944 Loading class java/lang/reflect/UndeclaredThrowableException done
Event: 4,953 Loading class sun/text/resources/cldr/FormatData_en
Event: 4,956 Loading class sun/text/resources/cldr/FormatData_en done
Event: 4,956 Loading class sun/text/resources/cldr/FormatData_en_US
Event: 4,956 Loading class sun/text/resources/cldr/FormatData_en_US done
Event: 4,956 Loading class java/lang/Process
Event: 4,957 Loading class java/lang/Process done
Event: 4,964 Loading class java/nio/channels/spi/AbstractSelector$1
Event: 4,967 Loading class sun/nio/ch/Interruptible
Event: 4,969 Loading class sun/nio/ch/Interruptible done
Event: 4,969 Loading class java/nio/channels/spi/AbstractSelector$1 done
Event: 4,991 Loading class java/lang/ProcessBuilder
Event: 4,993 Loading class java/lang/ProcessBuilder done

Classes unloaded (0 events):
No events

Classes redefined (0 events):
No events

Internal exceptions (20 events):
Event: 2,845 Thread 0x00007fd2c0025b50 Exception <a 'java/lang/ClassNotFoundException'{0x000000008e777df8}: org/eclipse/jetty/alpn/ALPN> (0x000000008e777df8) 
thrown [open/src/hotspot/share/classfile/systemDictionary.cpp, line 255]
Event: 2,845 Thread 0x00007fd2c0025b50 Exception <a 'java/lang/ClassNotFoundException'{0x000000008e778410}: org/eclipse/jetty/npn/NextProtoNego> (0x000000008e778410) 
thrown [open/src/hotspot/share/classfile/systemDictionary.cpp, line 255]
Event: 3,456 Thread 0x00007fd2c0025b50 Exception <a 'java/lang/ClassNotFoundException'{0x000000008de9c2f0}: org/eclipse/jetty/alpn/ALPN> (0x000000008de9c2f0) 
thrown [open/src/hotspot/share/classfile/systemDictionary.cpp, line 255]
Event: 3,456 Thread 0x00007fd2c0025b50 Exception <a 'java/lang/ClassNotFoundException'{0x000000008de9c8b8}: org/eclipse/jetty/npn/NextProtoNego> (0x000000008de9c8b8) 
thrown [open/src/hotspot/share/classfile/systemDictionary.cpp, line 255]
Event: 3,456 Thread 0x00007fd2c0025b50 Exception <a 'java/lang/ClassNotFoundException'{0x000000008de9ce78}: org/eclipse/jetty/alpn/ALPN> (0x000000008de9ce78) 
thrown [open/src/hotspot/share/classfile/systemDictionary.cpp, line 255]
Event: 3,457 Thread 0x00007fd2c0025b50 Exception <a 'java/lang/ClassNotFoundException'{0x000000008de9d440}: org/eclipse/jetty/npn/NextProtoNego> (0x000000008de9d440) 
thrown [open/src/hotspot/share/classfile/systemDictionary.cpp, line 255]
Event: 3,802 Thread 0x00007fd2c0025b50 Exception <a 'java/lang/NoSuchMethodError'{0x000000008f13ee90}: 'void java.lang.invoke.DirectMethodHandle$Holder.invokeStatic(java.lang.Object, java.lang.Object, java.lang.Object)'> (0x000000008f13ee90) 
thrown [open/src/hotspot/share/interpreter/linkResolver.cpp, line 765]
Event: 3,822 Thread 0x00007fd2c0025b50 Exception <a 'java/lang/NoSuchMethodError'{0x000000008f1606a8}: 'java.lang.Object java.lang.invoke.DirectMethodHandle$Holder.newInvokeSpecial(java.lang.Object, java.lang.Object, java.lang.Object, java.lang.Object, java.lang.Object, java.lang.Object, java.lang.Object, int)'> (0x000000008f1606a8) 
thrown [open/src/hotspot/share/interpreter/linkResolver.cpp, line 765]
Event: 3,825 Thread 0x00007fd2c0025b50 Exception <a 'java/lang/NoSuchMethodError'{0x000000008f165a00}: 'java.lang.Object java.lang.invoke.DirectMethodHandle$Holder.invokeSpecial(java.lang.Object, java.lang.Object, java.lang.Object, java.lang.Object, java.lang.Object, java.lang.Object, java.lang.Object, java.lang.Object, int)'> (0x000000008f165a00) 
thrown [open/src/hotspot/share/interpreter/linkResolver.cpp, line 765]
Event: 3,827 Thread 0x00007fd2c0025b50 Implicit null exception at 0x00007fd2b113dcdb to 0x00007fd2b113e538
Event: 4,373 Thread 0x00007fd2c0025b50 Exception <a 'sun/nio/fs/UnixException'{0x000000008ebf39d0}> (0x000000008ebf39d0) 
thrown [open/src/hotspot/share/prims/jni.cpp, line 516]
Event: 4,375 Thread 0x00007fd2c0025b50 Exception <a 'sun/nio/fs/UnixException'{0x000000008ebf4230}> (0x000000008ebf4230) 
thrown [open/src/hotspot/share/prims/jni.cpp, line 516]
Event: 4,377 Thread 0x00007fd2c0025b50 Exception <a 'sun/nio/fs/UnixException'{0x000000008ebf7448}> (0x000000008ebf7448) 
thrown [open/src/hotspot/share/prims/jni.cpp, line 516]
Event: 4,377 Thread 0x00007fd2c0025b50 Exception <a 'sun/nio/fs/UnixException'{0x000000008ebf7bb8}> (0x000000008ebf7bb8) 
thrown [open/src/hotspot/share/prims/jni.cpp, line 516]
Event: 4,385 Thread 0x00007fd2c0025b50 Exception <a 'sun/nio/fs/UnixException'{0x000000008ea16960}> (0x000000008ea16960) 
thrown [open/src/hotspot/share/prims/jni.cpp, line 516]
Event: 4,385 Thread 0x00007fd2c0025b50 Exception <a 'sun/nio/fs/UnixException'{0x000000008ea170d0}> (0x000000008ea170d0) 
thrown [open/src/hotspot/share/prims/jni.cpp, line 516]
Event: 4,482 Thread 0x00007fd24000b800 Exception <a 'java/lang/NoSuchMethodError'{0x000000008e9575f0}: 'void java.lang.invoke.DirectMethodHandle$Holder.invokeVirtual(java.lang.Object, java.lang.Object, long)'> (0x000000008e9575f0) 
thrown [open/src/hotspot/share/interpreter/linkResolver.cpp, line 765]
Event: 4,483 Thread 0x00007fd24000b800 Exception <a 'java/lang/NoSuchMethodError'{0x000000008e95b218}: 'long java.lang.invoke.DirectMethodHandle$Holder.invokeStatic(java.lang.Object, java.lang.Object, int)'> (0x000000008e95b218) 
thrown [open/src/hotspot/share/interpreter/linkResolver.cpp, line 765]
Event: 4,488 Thread 0x00007fd24000b800 Exception <a 'java/lang/NoSuchMethodError'{0x000000008e969778}: 'void java.lang.invoke.DelegatingMethodHandle$Holder.reinvoke_L(java.lang.Object, java.lang.Object, long)'> (0x000000008e969778) 
thrown [open/src/hotspot/share/interpreter/linkResolver.cpp, line 765]
Event: 4,981 Thread 0x00007fd2c0025b50 Exception <a 'java/lang/NoSuchMethodError'{0x000000008d905f80}: 'java.lang.Object java.lang.invoke.DirectMethodHandle$Holder.newInvokeSpecial(java.lang.Object, java.lang.Object, java.lang.Object, java.lang.Object, java.lang.Object)'> (0x000000008d905f80) 
thrown [open/src/hotspot/share/interpreter/linkResolver.cpp, line 765]

VM Operations (20 events):
Event: 1,739 Executing VM operation: G1CollectForAllocation
Event: 1,747 Executing VM operation: G1CollectForAllocation done
Event: 2,719 Executing VM operation: HandshakeAllThreads
Event: 2,719 Executing VM operation: HandshakeAllThreads done
Event: 2,722 Executing VM operation: HandshakeAllThreads
Event: 2,722 Executing VM operation: HandshakeAllThreads done
Event: 3,030 Executing VM operation: HandshakeAllThreads
Event: 3,030 Executing VM operation: HandshakeAllThreads done
Event: 3,030 Executing VM operation: Cleanup
Event: 3,030 Executing VM operation: Cleanup done
Event: 3,338 Executing VM operation: HandshakeAllThreads
Event: 3,338 Executing VM operation: HandshakeAllThreads done
Event: 3,508 Executing VM operation: G1CollectForAllocation
Event: 3,527 Executing VM operation: G1CollectForAllocation done
Event: 4,187 Executing VM operation: HandshakeAllThreads
Event: 4,187 Executing VM operation: HandshakeAllThreads done
Event: 4,938 Executing VM operation: HandshakeAllThreads
Event: 4,938 Executing VM operation: HandshakeAllThreads done
Event: 4,938 Executing VM operation: Cleanup
Event: 4,939 Executing VM operation: Cleanup done

Events (20 events):
Event: 0,276 Loaded shared library /usr/lib/jvm/jdk-18/lib/libzip.so
Event: 0,353 Loaded shared library /usr/lib/jvm/jdk-18/lib/libjimage.so
Event: 0,819 Loaded shared library /usr/lib/jvm/jdk-18/lib/libnet.so
Event: 1,242 Loaded shared library /usr/lib/jvm/jdk-18/lib/libmanagement.so
Event: 1,260 Loaded shared library /usr/lib/jvm/jdk-18/lib/libmanagement_ext.so
Event: 1,650 Loaded shared library /tmp/libnetty_transport_native_epoll13878968051510764699.so
Event: 4,334 Thread 0x00007fd2c0c91eb0 Thread added: 0x00007fd2c0c91eb0
Event: 4,336 Protecting memory [0x00007fd294ef8000,0x00007fd294efc000] with protection modes 0
Event: 4,348 Thread 0x00007fd2c0c95c30 Thread added: 0x00007fd2c0c95c30
Event: 4,349 Protecting memory [0x00007fd294df8000,0x00007fd294dfc000] with protection modes 0
Event: 4,436 Thread 0x00007fd24000b800 Thread added: 0x00007fd24000b800
Event: 4,436 Protecting memory [0x00007fd294cf8000,0x00007fd294cfc000] with protection modes 0
Event: 4,504 Thread 0x00007fd234012bb0 Thread added: 0x00007fd234012bb0
Event: 4,504 Protecting memory [0x00007fd294bf8000,0x00007fd294bfc000] with protection modes 0
Event: 4,923 Thread 0x00007fd2c0e0ef80 Thread added: 0x00007fd2c0e0ef80
Event: 4,923 Protecting memory [0x00007fd294af8000,0x00007fd294afc000] with protection modes 0
Event: 4,959 Thread 0x00007fd240092ab0 Thread added: 0x00007fd240092ab0
Event: 4,959 Protecting memory [0x00007fd2949f8000,0x00007fd2949fc000] with protection modes 0
Event: 4,988 Thread 0x00007fd2c0e203b0 Thread added: 0x00007fd2c0e203b0
Event: 4,991 Protecting memory [0x00007fd2948f8000,0x00007fd2948fc000] with protection modes 0


Dynamic libraries:
87a00000-8f400000 rw-p 00000000 00:00 0 
8f400000-ffe00000 ---p 00000000 00:00 0 
ffe00000-ffe75000 rw-p 00c5f000 08:07 669110                             /usr/lib/jvm/jdk-18/lib/server/classes.jsa
ffe75000-fff00000 rw-p 00000000 00:00 0 
fff00000-fff76000 rw-p 00be9000 08:07 669110                             /usr/lib/jvm/jdk-18/lib/server/classes.jsa
fff76000-100000000 rw-p 00000000 00:00 0 
800000000-800449000 rw-p 00001000 08:07 669110                           /usr/lib/jvm/jdk-18/lib/server/classes.jsa
800449000-800bb1000 r--p 0044a000 08:07 669110                           /usr/lib/jvm/jdk-18/lib/server/classes.jsa
800bb1000-800c00000 ---p 00000000 00:00 0 
800c00000-800c40000 rw-p 00000000 00:00 0 
800c40000-800c80000 rw-p 00000000 00:00 0 
800c80000-800d40000 rw-p 00000000 00:00 0 
800d40000-800e00000 rw-p 00000000 00:00 0 
800e00000-800e80000 rw-p 00000000 00:00 0 
800e80000-840c00000 ---p 00000000 00:00 0 
5621d3706000-5621d3707000 r-xp 00000000 08:07 669165                     /usr/lib/jvm/jdk-18/bin/java
5621d3708000-5621d3709000 r--p 00001000 08:07 669165                     /usr/lib/jvm/jdk-18/bin/java
5621d3709000-5621d370a000 rw-p 00002000 08:07 669165                     /usr/lib/jvm/jdk-18/bin/java
5621d5346000-5621d538e000 rw-p 00000000 00:00 0                          [heap]
7fd224000000-7fd224021000 rw-p 00000000 00:00 0 
7fd224021000-7fd228000000 ---p 00000000 00:00 0 
7fd228000000-7fd228021000 rw-p 00000000 00:00 0 
7fd228021000-7fd22c000000 ---p 00000000 00:00 0 
7fd22c000000-7fd22c021000 rw-p 00000000 00:00 0 
7fd22c021000-7fd230000000 ---p 00000000 00:00 0 
7fd230000000-7fd23015c000 rw-p 00000000 00:00 0 
7fd23015c000-7fd234000000 ---p 00000000 00:00 0 
7fd234000000-7fd234021000 rw-p 00000000 00:00 0 
7fd234021000-7fd238000000 ---p 00000000 00:00 0 
7fd238000000-7fd238021000 rw-p 00000000 00:00 0 
7fd238021000-7fd23c000000 ---p 00000000 00:00 0 
7fd23c000000-7fd23c021000 rw-p 00000000 00:00 0 
7fd23c021000-7fd240000000 ---p 00000000 00:00 0 
7fd240000000-7fd24009a000 rw-p 00000000 00:00 0 
7fd24009a000-7fd244000000 ---p 00000000 00:00 0 
7fd244000000-7fd244021000 rw-p 00000000 00:00 0 
7fd244021000-7fd248000000 ---p 00000000 00:00 0 
7fd248000000-7fd248021000 rw-p 00000000 00:00 0 
7fd248021000-7fd24c000000 ---p 00000000 00:00 0 
7fd24c000000-7fd24c021000 rw-p 00000000 00:00 0 
7fd24c021000-7fd250000000 ---p 00000000 00:00 0 
7fd250000000-7fd250021000 rw-p 00000000 00:00 0 
7fd250021000-7fd254000000 ---p 00000000 00:00 0 
7fd254000000-7fd254021000 rw-p 00000000 00:00 0 
7fd254021000-7fd258000000 ---p 00000000 00:00 0 
7fd258000000-7fd258021000 rw-p 00000000 00:00 0 
7fd258021000-7fd25c000000 ---p 00000000 00:00 0 
7fd25c000000-7fd25c021000 rw-p 00000000 00:00 0 
7fd25c021000-7fd260000000 ---p 00000000 00:00 0 
7fd260000000-7fd260021000 rw-p 00000000 00:00 0 
7fd260021000-7fd264000000 ---p 00000000 00:00 0 
7fd264000000-7fd264354000 rw-p 00000000 00:00 0 
7fd264354000-7fd268000000 ---p 00000000 00:00 0 
7fd268000000-7fd268021000 rw-p 00000000 00:00 0 
7fd268021000-7fd26c000000 ---p 00000000 00:00 0 
7fd26c000000-7fd26c021000 rw-p 00000000 00:00 0 
7fd26c021000-7fd270000000 ---p 00000000 00:00 0 
7fd270000000-7fd270eae000 rw-p 00000000 00:00 0 
7fd270eae000-7fd274000000 ---p 00000000 00:00 0 
7fd274000000-7fd274021000 rw-p 00000000 00:00 0 
7fd274021000-7fd278000000 ---p 00000000 00:00 0 
7fd278000000-7fd278021000 rw-p 00000000 00:00 0 
7fd278021000-7fd27c000000 ---p 00000000 00:00 0 
7fd27c000000-7fd27c021000 rw-p 00000000 00:00 0 
7fd27c021000-7fd280000000 ---p 00000000 00:00 0 
7fd280000000-7fd280021000 rw-p 00000000 00:00 0 
7fd280021000-7fd284000000 ---p 00000000 00:00 0 
7fd284000000-7fd284021000 rw-p 00000000 00:00 0 
7fd284021000-7fd288000000 ---p 00000000 00:00 0 
7fd288000000-7fd288021000 rw-p 00000000 00:00 0 
7fd288021000-7fd28c000000 ---p 00000000 00:00 0 
7fd28c000000-7fd28c400000 rw-p 00000000 00:00 0 
7fd28c400000-7fd28cb00000 rw-p 00000000 00:00 0 
7fd28cb00000-7fd28cd00000 rw-p 00000000 00:00 0 
7fd28cd00000-7fd28ce00000 rw-p 00000000 00:00 0 
7fd28ce00000-7fd28d1b0000 rw-p 00000000 00:00 0 
7fd28d1b0000-7fd28d200000 ---p 00000000 00:00 0 
7fd28d200000-7fd28d220000 rw-p 00000000 00:00 0 
7fd28d220000-7fd290000000 ---p 00000000 00:00 0 
7fd290000000-7fd290021000 rw-p 00000000 00:00 0 
7fd290021000-7fd294000000 ---p 00000000 00:00 0 
7fd29467a000-7fd2948f8000 rw-p 00000000 00:00 0 
7fd2948f8000-7fd2948fc000 ---p 00000000 00:00 0 
7fd2948fc000-7fd2949f8000 rw-p 00000000 00:00 0 
7fd2949f8000-7fd2949fc000 ---p 00000000 00:00 0 
7fd2949fc000-7fd294af8000 rw-p 00000000 00:00 0 
7fd294af8000-7fd294afc000 ---p 00000000 00:00 0 
7fd294afc000-7fd294bf8000 rw-p 00000000 00:00 0 
7fd294bf8000-7fd294bfc000 ---p 00000000 00:00 0 
7fd294bfc000-7fd294cf8000 rw-p 00000000 00:00 0 
7fd294cf8000-7fd294cfc000 ---p 00000000 00:00 0 
7fd294cfc000-7fd294df8000 rw-p 00000000 00:00 0 
7fd294df8000-7fd294dfc000 ---p 00000000 00:00 0 
7fd294dfc000-7fd294ef8000 rw-p 00000000 00:00 0 
7fd294ef8000-7fd294efc000 ---p 00000000 00:00 0 
7fd294efc000-7fd294ff8000 rw-p 00000000 00:00 0 
7fd294ff8000-7fd294ff9000 ---p 00000000 00:00 0 
7fd294ff9000-7fd2950fa000 rw-p 00000000 00:00 0 
7fd2950fa000-7fd2950fb000 ---p 00000000 00:00 0 
7fd2950fb000-7fd2951fc000 rw-p 00000000 00:00 0 
7fd2951fc000-7fd2951fd000 ---p 00000000 00:00 0 
7fd2951fd000-7fd2952fe000 rw-p 00000000 00:00 0 
7fd2952fe000-7fd2952ff000 ---p 00000000 00:00 0 
7fd2952ff000-7fd295400000 rw-p 00000000 00:00 0 
7fd295400000-7fd295410000 r-xp 00000000 08:07 1704609                    /tmp/libnetty_transport_native_epoll13878968051510764699.so (deleted)
7fd295410000-7fd29560f000 ---p 00010000 08:07 1704609                    /tmp/libnetty_transport_native_epoll13878968051510764699.so (deleted)
7fd29560f000-7fd295611000 r--p 0000f000 08:07 1704609                    /tmp/libnetty_transport_native_epoll13878968051510764699.so (deleted)
7fd295611000-7fd295810000 ---p 00211000 08:07 1704609                    /tmp/libnetty_transport_native_epoll13878968051510764699.so (deleted)
7fd295810000-7fd295811000 rw-p 00010000 08:07 1704609                    /tmp/libnetty_transport_native_epoll13878968051510764699.so (deleted)
7fd295811000-7fd295812000 rw-p 00000000 00:00 0 
7fd2958a9000-7fd2958ad000 ---p 00000000 00:00 0 
7fd2958ad000-7fd2958cb000 rw-p 00000000 00:00 0 
7fd2958cb000-7fd2958cc000 ---p 00000000 00:00 0 
7fd2958cc000-7fd2959fe000 rw-p 00000000 00:00 0 
7fd2959fe000-7fd295a02000 ---p 00000000 00:00 0 
7fd295a02000-7fd295afe000 rw-p 00000000 00:00 0 
7fd295afe000-7fd295aff000 ---p 00000000 00:00 0 
7fd295aff000-7fd295c00000 rw-p 00000000 00:00 0 
7fd295c00000-7fd295c04000 ---p 00000000 00:00 0 
7fd295c04000-7fd295d00000 rw-p 00000000 00:00 0 
7fd295d00000-7fd295d04000 ---p 00000000 00:00 0 
7fd295d04000-7fd295e00000 rw-p 00000000 00:00 0 
7fd295e00000-7fd295e04000 ---p 00000000 00:00 0 
7fd295e04000-7fd295f00000 rw-p 00000000 00:00 0 
7fd295f00000-7fd295f04000 ---p 00000000 00:00 0 
7fd295f04000-7fd298000000 rw-p 00000000 00:00 0 
7fd298000000-7fd298021000 rw-p 00000000 00:00 0 
7fd298021000-7fd29c000000 ---p 00000000 00:00 0 
7fd29c000000-7fd29c021000 rw-p 00000000 00:00 0 
7fd29c021000-7fd2a0000000 ---p 00000000 00:00 0 
7fd2a0000000-7fd2a0021000 rw-p 00000000 00:00 0 
7fd2a0021000-7fd2a4000000 ---p 00000000 00:00 0 
7fd2a4013000-7fd2a401a000 r--s 00000000 08:07 1184151                    /usr/lib/x86_64-linux-gnu/gconv/gconv-modules.cache
7fd2a401a000-7fd2a4020000 r-xp 00000000 08:07 669120                     /usr/lib/jvm/jdk-18/lib/libmanagement_ext.so
7fd2a4020000-7fd2a4021000 r--p 00005000 08:07 669120                     /usr/lib/jvm/jdk-18/lib/libmanagement_ext.so
7fd2a4021000-7fd2a4022000 rw-p 00006000 08:07 669120                     /usr/lib/jvm/jdk-18/lib/libmanagement_ext.so
7fd2a4022000-7fd2a4029000 r-xp 00000000 08:07 669136                     /usr/lib/jvm/jdk-18/lib/libzip.so
7fd2a4029000-7fd2a402a000 ---p 00007000 08:07 669136                     /usr/lib/jvm/jdk-18/lib/libzip.so
7fd2a402a000-7fd2a402b000 r--p 00007000 08:07 669136                     /usr/lib/jvm/jdk-18/lib/libzip.so
7fd2a402b000-7fd2a402c000 rw-p 00008000 08:07 669136                     /usr/lib/jvm/jdk-18/lib/libzip.so
7fd2a402c000-7fd2a403a000 r-xp 00000000 08:07 669093                     /usr/lib/jvm/jdk-18/lib/libnet.so
7fd2a403a000-7fd2a403b000 r--p 0000d000 08:07 669093                     /usr/lib/jvm/jdk-18/lib/libnet.so
7fd2a403b000-7fd2a403c000 rw-p 0000e000 08:07 669093                     /usr/lib/jvm/jdk-18/lib/libnet.so
7fd2a403c000-7fd2a404f000 r-xp 00000000 08:07 669130                     /usr/lib/jvm/jdk-18/lib/libnio.so
7fd2a404f000-7fd2a4050000 r--p 00012000 08:07 669130                     /usr/lib/jvm/jdk-18/lib/libnio.so
7fd2a4050000-7fd2a4051000 rw-p 00013000 08:07 669130                     /usr/lib/jvm/jdk-18/lib/libnio.so
7fd2a4051000-7fd2a4055000 ---p 00000000 00:00 0 
7fd2a4055000-7fd2a4151000 rw-p 00000000 00:00 0 
7fd2a4151000-7fd2a4155000 ---p 00000000 00:00 0 
7fd2a4155000-7fd2a4251000 rw-p 00000000 00:00 0 
7fd2a4251000-7fd2a4255000 ---p 00000000 00:00 0 
7fd2a4255000-7fd2a4351000 rw-p 00000000 00:00 0 
7fd2a4351000-7fd2a48c5000 r--p 00000000 08:07 656479                     /usr/lib/locale/locale-archive
7fd2a48c5000-7fd2a48c9000 ---p 00000000 00:00 0 
7fd2a48c9000-7fd2a49c5000 rw-p 00000000 00:00 0 
7fd2a49c5000-7fd2a49c9000 ---p 00000000 00:00 0 
7fd2a49c9000-7fd2a4ac5000 rw-p 00000000 00:00 0 
7fd2a4ac5000-7fd2a4ac6000 ---p 00000000 00:00 0 
7fd2a4ac6000-7fd2a4bc7000 rw-p 00000000 00:00 0 
7fd2a4bc7000-7fd2a4c95000 r-xp 00000000 08:07 669104                     /usr/lib/jvm/jdk-18/lib/libjsvml.so
7fd2a4c95000-7fd2a4c96000 r--p 000cd000 08:07 669104                     /usr/lib/jvm/jdk-18/lib/libjsvml.so
7fd2a4c96000-7fd2a4c97000 rw-p 000ce000 08:07 669104                     /usr/lib/jvm/jdk-18/lib/libjsvml.so
7fd2a4c97000-7fd2a4d18000 rw-p 00000000 00:00 0 
7fd2a4d18000-7fd2a4d19000 ---p 00000000 00:00 0 
7fd2a4d19000-7fd2a4e1a000 rw-p 00000000 00:00 0 
7fd2a4e1a000-7fd2a4e1b000 ---p 00000000 00:00 0 
7fd2a4e1b000-7fd2a5320000 rw-p 00000000 00:00 0 
7fd2a5320000-7fd2a5321000 ---p 00000000 00:00 0 
7fd2a5321000-7fd2a5422000 rw-p 00000000 00:00 0 
7fd2a5422000-7fd2a5423000 ---p 00000000 00:00 0 
7fd2a5423000-7fd2a5524000 rw-p 00000000 00:00 0 
7fd2a5524000-7fd2a5525000 ---p 00000000 00:00 0 
7fd2a5525000-7fd2a580e000 rw-p 00000000 00:00 0 
7fd2a580e000-7fd2a7436000 ---p 00000000 00:00 0 
7fd2a7436000-7fd2a7626000 rw-p 00000000 00:00 0 
7fd2a7626000-7fd2a924e000 ---p 00000000 00:00 0 
7fd2a924e000-7fd2a9293000 rw-p 00000000 00:00 0 
7fd2a9293000-7fd2a9618000 ---p 00000000 00:00 0 
7fd2a9618000-7fd2a9619000 rw-p 00000000 00:00 0 
7fd2a9619000-7fd2a9889000 rwxp 00000000 00:00 0 
7fd2a9889000-7fd2a9baa000 ---p 00000000 00:00 0 
7fd2a9baa000-7fd2a9e4a000 rwxp 00000000 00:00 0 
7fd2a9e4a000-7fd2b10e1000 ---p 00000000 00:00 0 
7fd2b10e1000-7fd2b1351000 rwxp 00000000 00:00 0 
7fd2b1351000-7fd2b8619000 ---p 00000000 00:00 0 
7fd2b8619000-7fd2c0000000 r--s 00000000 08:07 669101                     /usr/lib/jvm/jdk-18/lib/modules
7fd2c0000000-7fd2c0e28000 rw-p 00000000 00:00 0 
7fd2c0e28000-7fd2c4000000 ---p 00000000 00:00 0 
7fd2c4001000-7fd2c4005000 r-xp 00000000 08:07 669102                     /usr/lib/jvm/jdk-18/lib/libmanagement.so
7fd2c4005000-7fd2c4006000 r--p 00003000 08:07 669102                     /usr/lib/jvm/jdk-18/lib/libmanagement.so
7fd2c4006000-7fd2c4007000 rw-p 00004000 08:07 669102                     /usr/lib/jvm/jdk-18/lib/libmanagement.so
7fd2c4007000-7fd2c4120000 rw-p 00000000 00:00 0 
7fd2c4120000-7fd2c44a5000 ---p 00000000 00:00 0 
7fd2c44a5000-7fd2c44e3000 rw-p 00000000 00:00 0 
7fd2c44e3000-7fd2c4868000 ---p 00000000 00:00 0 
7fd2c4868000-7fd2c4c72000 rw-p 00000000 00:00 0 
7fd2c4c72000-7fd2c4d58000 ---p 00000000 00:00 0 
7fd2c4d58000-7fd2c4d5e000 rw-p 00000000 00:00 0 
7fd2c4d5e000-7fd2c4e43000 ---p 00000000 00:00 0 
7fd2c4e43000-7fd2c4e67000 r-xp 00000000 08:07 669137                     /usr/lib/jvm/jdk-18/lib/libjava.so
7fd2c4e67000-7fd2c4e68000 ---p 00024000 08:07 669137                     /usr/lib/jvm/jdk-18/lib/libjava.so
7fd2c4e68000-7fd2c4e69000 r--p 00024000 08:07 669137                     /usr/lib/jvm/jdk-18/lib/libjava.so
7fd2c4e69000-7fd2c4e6a000 rw-p 00025000 08:07 669137                     /usr/lib/jvm/jdk-18/lib/libjava.so
7fd2c4e6a000-7fd2c4e6b000 rw-p 00000000 00:00 0 
7fd2c4e6b000-7fd2c4e86000 r-xp 00000000 08:07 669100                     /usr/lib/jvm/jdk-18/lib/libjimage.so
7fd2c4e86000-7fd2c4e87000 ---p 0001b000 08:07 669100                     /usr/lib/jvm/jdk-18/lib/libjimage.so
7fd2c4e87000-7fd2c4e89000 r--p 0001b000 08:07 669100                     /usr/lib/jvm/jdk-18/lib/libjimage.so
7fd2c4e89000-7fd2c4e8a000 rw-p 0001d000 08:07 669100                     /usr/lib/jvm/jdk-18/lib/libjimage.so
7fd2c4e8a000-7fd2c4e8e000 ---p 00000000 00:00 0 
7fd2c4e8e000-7fd2c4f8a000 rw-p 00000000 00:00 0 
7fd2c4f8a000-7fd2c4f98000 r--p 00000000 08:07 657513                     /usr/lib/x86_64-linux-gnu/libm.so.6
7fd2c4f98000-7fd2c5014000 r-xp 0000e000 08:07 657513                     /usr/lib/x86_64-linux-gnu/libm.so.6
7fd2c5014000-7fd2c506f000 r--p 0008a000 08:07 657513                     /usr/lib/x86_64-linux-gnu/libm.so.6
7fd2c506f000-7fd2c5070000 r--p 000e4000 08:07 657513                     /usr/lib/x86_64-linux-gnu/libm.so.6
7fd2c5070000-7fd2c5071000 rw-p 000e5000 08:07 657513                     /usr/lib/x86_64-linux-gnu/libm.so.6
7fd2c5071000-7fd2c5072000 r--p 00000000 08:07 657545                     /usr/lib/x86_64-linux-gnu/librt.so.1
7fd2c5072000-7fd2c5073000 r-xp 00001000 08:07 657545                     /usr/lib/x86_64-linux-gnu/librt.so.1
7fd2c5073000-7fd2c5074000 r--p 00002000 08:07 657545                     /usr/lib/x86_64-linux-gnu/librt.so.1
7fd2c5074000-7fd2c5075000 r--p 00002000 08:07 657545                     /usr/lib/x86_64-linux-gnu/librt.so.1
7fd2c5075000-7fd2c5076000 rw-p 00003000 08:07 657545                     /usr/lib/x86_64-linux-gnu/librt.so.1
7fd2c5076000-7fd2c61bb000 r-xp 00000000 08:07 669108                     /usr/lib/jvm/jdk-18/lib/server/libjvm.so
7fd2c61bb000-7fd2c61bc000 ---p 01145000 08:07 669108                     /usr/lib/jvm/jdk-18/lib/server/libjvm.so
7fd2c61bc000-7fd2c627a000 r--p 01145000 08:07 669108                     /usr/lib/jvm/jdk-18/lib/server/libjvm.so
7fd2c627a000-7fd2c62ad000 rw-p 01203000 08:07 669108                     /usr/lib/jvm/jdk-18/lib/server/libjvm.so
7fd2c62ad000-7fd2c630c000 rw-p 00000000 00:00 0 
7fd2c630c000-7fd2c6334000 r--p 00000000 08:07 657505                     /usr/lib/x86_64-linux-gnu/libc.so.6
7fd2c6334000-7fd2c64c9000 r-xp 00028000 08:07 657505                     /usr/lib/x86_64-linux-gnu/libc.so.6
7fd2c64c9000-7fd2c6521000 r--p 001bd000 08:07 657505                     /usr/lib/x86_64-linux-gnu/libc.so.6
7fd2c6521000-7fd2c6525000 r--p 00214000 08:07 657505                     /usr/lib/x86_64-linux-gnu/libc.so.6
7fd2c6525000-7fd2c6527000 rw-p 00218000 08:07 657505                     /usr/lib/x86_64-linux-gnu/libc.so.6
7fd2c6527000-7fd2c6534000 rw-p 00000000 00:00 0 
7fd2c6534000-7fd2c6535000 r--p 00000000 08:07 657509                     /usr/lib/x86_64-linux-gnu/libdl.so.2
7fd2c6535000-7fd2c6536000 r-xp 00001000 08:07 657509                     /usr/lib/x86_64-linux-gnu/libdl.so.2
7fd2c6536000-7fd2c6537000 r--p 00002000 08:07 657509                     /usr/lib/x86_64-linux-gnu/libdl.so.2
7fd2c6537000-7fd2c6538000 r--p 00002000 08:07 657509                     /usr/lib/x86_64-linux-gnu/libdl.so.2
7fd2c6538000-7fd2c6539000 rw-p 00003000 08:07 657509                     /usr/lib/x86_64-linux-gnu/libdl.so.2
7fd2c6539000-7fd2c653a000 r--p 00000000 08:07 657540                     /usr/lib/x86_64-linux-gnu/libpthread.so.0
7fd2c653a000-7fd2c653b000 r-xp 00001000 08:07 657540                     /usr/lib/x86_64-linux-gnu/libpthread.so.0
7fd2c653b000-7fd2c653c000 r--p 00002000 08:07 657540                     /usr/lib/x86_64-linux-gnu/libpthread.so.0
7fd2c653c000-7fd2c653d000 r--p 00002000 08:07 657540                     /usr/lib/x86_64-linux-gnu/libpthread.so.0
7fd2c653d000-7fd2c653e000 rw-p 00003000 08:07 657540                     /usr/lib/x86_64-linux-gnu/libpthread.so.0
7fd2c653e000-7fd2c654c000 r-xp 00000000 08:07 669096                     /usr/lib/jvm/jdk-18/lib/libjli.so
7fd2c654c000-7fd2c654d000 ---p 0000e000 08:07 669096                     /usr/lib/jvm/jdk-18/lib/libjli.so
7fd2c654d000-7fd2c654e000 r--p 0000e000 08:07 669096                     /usr/lib/jvm/jdk-18/lib/libjli.so
7fd2c654e000-7fd2c654f000 rw-p 0000f000 08:07 669096                     /usr/lib/jvm/jdk-18/lib/libjli.so
7fd2c654f000-7fd2c6551000 r--p 00000000 08:07 656779                     /usr/lib/x86_64-linux-gnu/libz.so.1.2.11
7fd2c6551000-7fd2c6562000 r-xp 00002000 08:07 656779                     /usr/lib/x86_64-linux-gnu/libz.so.1.2.11
7fd2c6562000-7fd2c6568000 r--p 00013000 08:07 656779                     /usr/lib/x86_64-linux-gnu/libz.so.1.2.11
7fd2c6568000-7fd2c6569000 ---p 00019000 08:07 656779                     /usr/lib/x86_64-linux-gnu/libz.so.1.2.11
7fd2c6569000-7fd2c656a000 r--p 00019000 08:07 656779                     /usr/lib/x86_64-linux-gnu/libz.so.1.2.11
7fd2c656a000-7fd2c656b000 rw-p 0001a000 08:07 656779                     /usr/lib/x86_64-linux-gnu/libz.so.1.2.11
7fd2c6570000-7fd2c6575000 rw-p 00000000 00:00 0 
7fd2c6575000-7fd2c657c000 ---p 00000000 00:00 0 
7fd2c657c000-7fd2c6584000 rw-s 00000000 08:07 1704605                    /tmp/hsperfdata_sheriff/27555
7fd2c6584000-7fd2c6585000 ---p 00000000 00:00 0 
7fd2c6585000-7fd2c6586000 r--p 00000000 00:00 0 
7fd2c6586000-7fd2c6588000 rw-p 00000000 00:00 0 
7fd2c6588000-7fd2c658a000 r--p 00000000 08:07 657497                     /usr/lib/x86_64-linux-gnu/ld-linux-x86-64.so.2
7fd2c658a000-7fd2c65b4000 r-xp 00002000 08:07 657497                     /usr/lib/x86_64-linux-gnu/ld-linux-x86-64.so.2
7fd2c65b4000-7fd2c65bf000 r--p 0002c000 08:07 657497                     /usr/lib/x86_64-linux-gnu/ld-linux-x86-64.so.2
7fd2c65bf000-7fd2c65c0000 ---p 00000000 00:00 0 
7fd2c65c0000-7fd2c65c2000 r--p 00037000 08:07 657497                     /usr/lib/x86_64-linux-gnu/ld-linux-x86-64.so.2
7fd2c65c2000-7fd2c65c4000 rw-p 00039000 08:07 657497                     /usr/lib/x86_64-linux-gnu/ld-linux-x86-64.so.2
7fff8b40b000-7fff8b42c000 rw-p 00000000 00:00 0                          [stack]
7fff8b4cd000-7fff8b4d1000 r--p 00000000 00:00 0                          [vvar]
7fff8b4d1000-7fff8b4d3000 r-xp 00000000 00:00 0                          [vdso]
ffffffffff600000-ffffffffff601000 --xp 00000000 00:00 0                  [vsyscall]


VM Arguments:
jvm_args: -Djava.awt.headless=true -Djava.util.logging.config.file=/home/sheriff/.android/utp/logging16444450004505611980properties -Dfile.encoding=UTF-8 -Duser.country=US -Duser.language=en -Duser.variant 
java_command: com.google.testing.platform.launcher.Launcher /home/sheriff/.gradle/caches/modules-2/files-2.1/com.google.testing.platform/core/0.0.8-alpha07/185ff5f0c2380a7a283320bc5ec9130dbcbbb030/core-0.0.8-alpha07.jar --proto_config=/home/sheriff/.android/utp/runnerConfig5676055222467371736.pb --proto_server_config=/home/sheriff/.android/utp/serverConfig9598690603288101244.pb
java_class_path (initial): /home/sheriff/.gradle/caches/modules-2/files-2.1/com.google.testing.platform/launcher/0.0.8-alpha07/47d15094202612b26f5a07fbfbe17ff8900a58c4/launcher-0.0.8-alpha07.jar
Launcher Type: SUN_STANDARD

[Global flags]
     intx CICompilerCount                          = 3                                         {product} {ergonomic}
     uint ConcGCThreads                            = 1                                         {product} {ergonomic}
     uint G1ConcRefinementThreads                  = 4                                         {product} {ergonomic}
   size_t G1HeapRegionSize                         = 1048576                                   {product} {ergonomic}
    uintx GCDrainStackTargetSize                   = 64                                        {product} {ergonomic}
   size_t InitialHeapSize                          = 127926272                                 {product} {ergonomic}
   size_t MarkStackSize                            = 4194304                                   {product} {ergonomic}
   size_t MaxHeapSize                              = 2019557376                                {product} {ergonomic}
   size_t MaxNewSize                               = 1211105280                                {product} {ergonomic}
   size_t MinHeapDeltaBytes                        = 1048576                                   {product} {ergonomic}
   size_t MinHeapSize                              = 8388608                                   {product} {ergonomic}
    uintx NonNMethodCodeHeapSize                   = 5832780                                {pd product} {ergonomic}
    uintx NonProfiledCodeHeapSize                  = 122912730                              {pd product} {ergonomic}
    uintx ProfiledCodeHeapSize                     = 122912730                              {pd product} {ergonomic}
    uintx ReservedCodeCacheSize                    = 251658240                              {pd product} {ergonomic}
     bool SegmentedCodeCache                       = true                                      {product} {ergonomic}
   size_t SoftMaxHeapSize                          = 2019557376                             {manageable} {ergonomic}
     bool UseCompressedClassPointers               = true                           {product lp64_product} {ergonomic}
     bool UseCompressedOops                        = true                           {product lp64_product} {ergonomic}
     bool UseG1GC                                  = true                                      {product} {ergonomic}

Logging:
Log output configuration:
 #0: stdout all=warning uptime,level,tags foldmultilines=false
 #1: stderr all=off uptime,level,tags foldmultilines=false

Environment Variables:
JAVA_HOME=/usr/lib/jvm/jdk-17
PATH=/usr/local/sbin:/usr/local/bin:/usr/sbin:/usr/bin:/sbin:/bin:/usr/games:/usr/local/games:/snap/bin:/snap/bin:/home/sheriff/Android/Sdk/emulator:/home/sheriff/Android/Sdk/platform-tools:/home/sheriff/Android/Sdk/tools:/home/sheriff/Android/Sdk/tools/bin:/snap/android-studio/current/android-studio/bin:/usr/lib/jvm/jdk-17/bin:/usr/lib/jvm/jdk-17/db/bin
USERNAME=sheriff
SHELL=/bin/bash
DISPLAY=:0
LANG=en_US.UTF-8

Signal Handlers:
   SIGSEGV: crash_handler in libjvm.so, mask=11100100010111111101111111111110, flags=SA_RESTART|SA_SIGINFO
    SIGBUS: crash_handler in libjvm.so, mask=11100100010111111101111111111110, flags=SA_RESTART|SA_SIGINFO
    SIGFPE: crash_handler in libjvm.so, mask=11100100010111111101111111111110, flags=SA_RESTART|SA_SIGINFO
   SIGPIPE: javaSignalHandler in libjvm.so, mask=11100100010111111101111111111110, flags=SA_RESTART|SA_SIGINFO
   SIGXFSZ: javaSignalHandler in libjvm.so, mask=11100100010111111101111111111110, flags=SA_RESTART|SA_SIGINFO
    SIGILL: crash_handler in libjvm.so, mask=11100100010111111101111111111110, flags=SA_RESTART|SA_SIGINFO
   SIGUSR2: SR_handler in libjvm.so, mask=00100000000000000000000000000000, flags=SA_RESTART|SA_SIGINFO
    SIGHUP: UserHandler in libjvm.so, mask=11100100010111111101111111111110, flags=SA_RESTART|SA_SIGINFO
    SIGINT: UserHandler in libjvm.so, mask=11100100010111111101111111111110, flags=SA_RESTART|SA_SIGINFO
   SIGTERM: UserHandler in libjvm.so, mask=11100100010111111101111111111110, flags=SA_RESTART|SA_SIGINFO
   SIGQUIT: UserHandler in libjvm.so, mask=11100100010111111101111111111110, flags=SA_RESTART|SA_SIGINFO
   SIGTRAP: crash_handler in libjvm.so, mask=11100100010111111101111111111110, flags=SA_RESTART|SA_SIGINFO


---------------  S Y S T E M  ---------------

OS:
DISTRIB_ID=Ubuntu
DISTRIB_RELEASE=22.04
DISTRIB_CODENAME=jammy
DISTRIB_DESCRIPTION="Ubuntu 22.04.1 LTS"
uname: Linux 5.15.0-56-generic #62-Ubuntu SMP Tue Nov 22 19:54:14 UTC 2022 x86_64
OS uptime: 0 days 1:38 hours
libc: glibc 2.35 NPTL 2.35 
rlimit (soft/hard): STACK 8192k/infinity , CORE 0k/infinity , NPROC 30235/30235 , NOFILE 1048576/1048576 , AS infinity/infinity , CPU infinity/infinity , DATA infinity/infinity , FSIZE infinity/infinity , MEMLOCK 985208k/985208k
load average: 2,73 1,74 2,01

/proc/meminfo:
MemTotal:        7881668 kB
MemFree:          125356 kB
MemAvailable:     286452 kB
Buffers:            3588 kB
Cached:           337000 kB
SwapCached:       629052 kB
Active:          3998116 kB
Inactive:        2922168 kB
Active(anon):    3840092 kB
Inactive(anon):  2762044 kB
Active(file):     158024 kB
Inactive(file):   160124 kB
Unevictable:           0 kB
Mlocked:               0 kB
SwapTotal:      15728636 kB
SwapFree:        9752572 kB
Dirty:              2648 kB
Writeback:            80 kB
AnonPages:       6346236 kB
Mapped:           160692 kB
Shmem:             21932 kB
KReclaimable:     127748 kB
Slab:             267908 kB
SReclaimable:     127748 kB
SUnreclaim:       140160 kB
KernelStack:       22832 kB
PageTables:        61716 kB
NFS_Unstable:          0 kB
Bounce:                0 kB
WritebackTmp:          0 kB
CommitLimit:    19669468 kB
Committed_AS:   16783076 kB
VmallocTotal:   34359738367 kB
VmallocUsed:       56284 kB
VmallocChunk:          0 kB
Percpu:             4352 kB
HardwareCorrupted:     0 kB
AnonHugePages:         0 kB
ShmemHugePages:        0 kB
ShmemPmdMapped:        0 kB
FileHugePages:         0 kB
FilePmdMapped:         0 kB
HugePages_Total:       0
HugePages_Free:        0
HugePages_Rsvd:        0
HugePages_Surp:        0
Hugepagesize:       2048 kB
Hugetlb:               0 kB
DirectMap4k:      356920 kB
DirectMap2M:     6719488 kB
DirectMap1G:     3145728 kB

/sys/kernel/mm/transparent_hugepage/enabled: always [madvise] never
/sys/kernel/mm/transparent_hugepage/defrag (defrag/compaction efforts parameter): always defer defer+madvise [madvise] never

Process Memory:
Virtual Size: 5686320K (peak: 5686320K)
Resident Set Size: 118888K (peak: 118888K) (anon: 99764K, file: 19124K, shmem: 0K)
Swapped out: 0K
C-Heap outstanding allocations: 33478K

/proc/sys/kernel/threads-max (system-wide limit on the number of threads): 60470
/proc/sys/vm/max_map_count (maximum number of memory map areas a process may have): 65530
/proc/sys/kernel/pid_max (system-wide limit on number of process identifiers): 4194304

container (cgroup) information:
container_type: cgroupv2
cpu_cpuset_cpus: not supported
cpu_memory_nodes: not supported
active_processor_count: 4
cpu_quota: not supported
cpu_period: not supported
cpu_shares: not supported
memory_limit_in_bytes: unlimited
memory_and_swap_limit_in_bytes: unlimited
memory_soft_limit_in_bytes: unlimited
memory_usage_in_bytes: 5821579264
memory_max_usage_in_bytes: not supported
maximum number of tasks: 9070
current number of tasks: 383

Steal ticks since vm start: 0
Steal ticks percentage since vm start:  0,000

CPU: total 4 (initial active 4) (4 cores per cpu, 1 threads per core) family 16 model 5 stepping 3 microcode 0x10000c8, cx8, cmov, fxsr, mmx, 3dnowpref, sse, sse2, sse3, sse4a, popcnt, lzcnt, tsc, tscinvbit, clflush
CPU Model and flags from /proc/cpuinfo:
model name	: AMD Phenom(tm) II N970 Quad-Core Processor
flags		: fpu vme de pse tsc msr pae mce cx8 apic sep mtrr pge mca cmov pat pse36 clflush mmx fxsr sse sse2 ht syscall nx mmxext fxsr_opt pdpe1gb rdtscp lm 3dnowext 3dnow constant_tsc rep_good nopl nonstop_tsc cpuid extd_apicid pni monitor cx16 popcnt lahf_lm cmp_legacy svm extapic cr8_legacy abm sse4a misalignsse 3dnowprefetch osvw ibs skinit wdt nodeid_msr hw_pstate vmmcall npt lbrv svm_lock nrip_save

Online cpus: 0-3
Offline cpus: 
BIOS frequency limitation: 2200000
Frequency switch latency (ns): 4000
Available cpu frequencies: 2200000 1900000 1600000 1300000 800000 
Current governor: schedutil
Core performance/turbo boost: <Not Available>

Memory: 4k page, physical 7881668k(124852k free), swap 15728636k(9752572k free)
Page Sizes: 4k

vm_info: Java HotSpot(TM) 64-Bit Server VM (18.0.1.1+2-6) for linux-amd64 JRE (18.0.1.1+2-6), built on Apr 25 2022 20:45:15 by "mach5one" with gcc 10.3.0

END.
