#
# A fatal error has been detected by the Java Runtime Environment:
#
#  SIGILL (0x4) at pc=0x00007fe42860d190, pid=73317, tid=73347
#
# JRE version: Java(TM) SE Runtime Environment (18.0.1.1+2) (build 18.0.1.1+2-6)
# Java VM: Java HotSpot(TM) 64-Bit Server VM (18.0.1.1+2-6, mixed mode, sharing, tiered, compressed oops, compressed class ptrs, g1 gc, linux-amd64)
# Problematic frame:
# C  [libnetty_transport_native_epoll419944260870753081.so+0xd190]
#
# Core dump will be written. Default location: Core dumps may be processed with "/usr/share/apport/apport -p%p -s%s -c%c -d%d -P%P -u%u -g%g -- %E" (or dumping to /home/sheriff/dev/projects.android/home/data/core.73317)
#
# If you would like to submit a bug report, please visit:
#   https://bugreport.java.com/bugreport/crash.jsp
# The crash happened outside the Java Virtual Machine in native code.
# See problematic frame for where to report the bug.
#

---------------  S U M M A R Y ------------

Command Line: -Djava.awt.headless=true -Djava.util.logging.config.file=/home/sheriff/.android/utp/logging14845502790308342142properties -Dfile.encoding=UTF-8 -Duser.country=US -Duser.language=en -Duser.variant com.google.testing.platform.launcher.Launcher /home/sheriff/.gradle/caches/modules-2/files-2.1/com.google.testing.platform/core/0.0.8-alpha07/185ff5f0c2380a7a283320bc5ec9130dbcbbb030/core-0.0.8-alpha07.jar --proto_config=/home/sheriff/.android/utp/runnerConfig9320812144934538457.pb --proto_server_config=/home/sheriff/.android/utp/serverConfig15289330036226353155.pb

Host: AMD Phenom(tm) II N970 Quad-Core Processor, 4 cores, 7G, Ubuntu 22.04.1 LTS
Time: Wed Mar  1 12:48:13 2023 MSK elapsed time: 3.447368 seconds (0d 0h 0m 3s)

---------------  T H R E A D  ---------------

Current thread (0x00007fe3c00eac80):  JavaThread "grpc-default-worker-ELG-4-2" daemon [_thread_in_native, id=73347, stack(0x00007fe419a11000,0x00007fe419b11000)]

Stack: [0x00007fe419a11000,0x00007fe419b11000],  sp=0x00007fe419b0ee50,  free space=1015k
Native frames: (J=compiled Java code, j=interpreted, Vv=VM code, C=native code)
C  [libnetty_transport_native_epoll419944260870753081.so+0xd190]
j  io.netty.channel.unix.Socket.connect(IZ[BII)I+0
j  io.netty.channel.unix.Socket.connect(Ljava/net/SocketAddress;)Z+49
j  io.netty.channel.epoll.AbstractEpollChannel.doConnect0(Ljava/net/SocketAddress;)Z+7
j  io.netty.channel.epoll.AbstractEpollChannel.doConnect(Ljava/net/SocketAddress;Ljava/net/SocketAddress;)Z+67
j  io.netty.channel.epoll.AbstractEpollChannel$AbstractEpollUnsafe.connect(Ljava/net/SocketAddress;Ljava/net/SocketAddress;Lio/netty/channel/ChannelPromise;)V+51
j  io.netty.channel.DefaultChannelPipeline$HeadContext.connect(Lio/netty/channel/ChannelHandlerContext;Ljava/net/SocketAddress;Ljava/net/SocketAddress;Lio/netty/channel/ChannelPromise;)V+8
j  io.netty.channel.AbstractChannelHandlerContext.invokeConnect(Ljava/net/SocketAddress;Ljava/net/SocketAddress;Lio/netty/channel/ChannelPromise;)V+18
j  io.netty.channel.AbstractChannelHandlerContext.connect(Ljava/net/SocketAddress;Ljava/net/SocketAddress;Lio/netty/channel/ChannelPromise;)Lio/netty/channel/ChannelFuture;+49
j  io.netty.channel.ChannelDuplexHandler.connect(Lio/netty/channel/ChannelHandlerContext;Ljava/net/SocketAddress;Ljava/net/SocketAddress;Lio/netty/channel/ChannelPromise;)V+5
j  io.grpc.netty.WriteBufferingAndExceptionHandler.connect(Lio/netty/channel/ChannelHandlerContext;Ljava/net/SocketAddress;Ljava/net/SocketAddress;Lio/netty/channel/ChannelPromise;)V+6
j  io.netty.channel.AbstractChannelHandlerContext.invokeConnect(Ljava/net/SocketAddress;Ljava/net/SocketAddress;Lio/netty/channel/ChannelPromise;)V+18
j  io.netty.channel.AbstractChannelHandlerContext.access$1000(Lio/netty/channel/AbstractChannelHandlerContext;Ljava/net/SocketAddress;Ljava/net/SocketAddress;Lio/netty/channel/ChannelPromise;)V+4
j  io.netty.channel.AbstractChannelHandlerContext$9.run()V+16
j  io.netty.util.concurrent.AbstractEventExecutor.safeExecute(Ljava/lang/Runnable;)V+1
j  io.netty.util.concurrent.SingleThreadEventExecutor.runAllTasks(J)Z+41
j  io.netty.channel.epoll.EpollEventLoop.run()V+345
j  io.netty.util.concurrent.SingleThreadEventExecutor$4.run()V+44
j  io.netty.util.internal.ThreadExecutorMap$2.run()V+11
j  io.netty.util.concurrent.FastThreadLocalRunnable.run()V+4
j  java.lang.Thread.run()V+11 java.base@18.0.1.1
v  ~StubRoutines::call_stub
V  [libjvm.so+0x80c645]  JavaCalls::call_helper(JavaValue*, methodHandle const&, JavaCallArguments*, JavaThread*)+0x315
V  [libjvm.so+0x80de3b]  JavaCalls::call_virtual(JavaValue*, Handle, Klass*, Symbol*, Symbol*, JavaThread*)+0x1cb
V  [libjvm.so+0x8d72ba]  thread_entry(JavaThread*, JavaThread*)+0x8a
V  [libjvm.so+0xd93622]  JavaThread::thread_main_inner()+0xc2
V  [libjvm.so+0xd977d0]  Thread::call_run()+0xc0
V  [libjvm.so+0xbfc0b1]  thread_native_entry(Thread*)+0xe1

Java frames: (J=compiled Java code, j=interpreted, Vv=VM code)
j  io.netty.channel.unix.Socket.connect(IZ[BII)I+0
j  io.netty.channel.unix.Socket.connect(Ljava/net/SocketAddress;)Z+49
j  io.netty.channel.epoll.AbstractEpollChannel.doConnect0(Ljava/net/SocketAddress;)Z+7
j  io.netty.channel.epoll.AbstractEpollChannel.doConnect(Ljava/net/SocketAddress;Ljava/net/SocketAddress;)Z+67
j  io.netty.channel.epoll.AbstractEpollChannel$AbstractEpollUnsafe.connect(Ljava/net/SocketAddress;Ljava/net/SocketAddress;Lio/netty/channel/ChannelPromise;)V+51
j  io.netty.channel.DefaultChannelPipeline$HeadContext.connect(Lio/netty/channel/ChannelHandlerContext;Ljava/net/SocketAddress;Ljava/net/SocketAddress;Lio/netty/channel/ChannelPromise;)V+8
j  io.netty.channel.AbstractChannelHandlerContext.invokeConnect(Ljava/net/SocketAddress;Ljava/net/SocketAddress;Lio/netty/channel/ChannelPromise;)V+18
j  io.netty.channel.AbstractChannelHandlerContext.connect(Ljava/net/SocketAddress;Ljava/net/SocketAddress;Lio/netty/channel/ChannelPromise;)Lio/netty/channel/ChannelFuture;+49
j  io.netty.channel.ChannelDuplexHandler.connect(Lio/netty/channel/ChannelHandlerContext;Ljava/net/SocketAddress;Ljava/net/SocketAddress;Lio/netty/channel/ChannelPromise;)V+5
j  io.grpc.netty.WriteBufferingAndExceptionHandler.connect(Lio/netty/channel/ChannelHandlerContext;Ljava/net/SocketAddress;Ljava/net/SocketAddress;Lio/netty/channel/ChannelPromise;)V+6
j  io.netty.channel.AbstractChannelHandlerContext.invokeConnect(Ljava/net/SocketAddress;Ljava/net/SocketAddress;Lio/netty/channel/ChannelPromise;)V+18
j  io.netty.channel.AbstractChannelHandlerContext.access$1000(Lio/netty/channel/AbstractChannelHandlerContext;Ljava/net/SocketAddress;Ljava/net/SocketAddress;Lio/netty/channel/ChannelPromise;)V+4
j  io.netty.channel.AbstractChannelHandlerContext$9.run()V+16
j  io.netty.util.concurrent.AbstractEventExecutor.safeExecute(Ljava/lang/Runnable;)V+1
j  io.netty.util.concurrent.SingleThreadEventExecutor.runAllTasks(J)Z+41
j  io.netty.channel.epoll.EpollEventLoop.run()V+345
j  io.netty.util.concurrent.SingleThreadEventExecutor$4.run()V+44
j  io.netty.util.internal.ThreadExecutorMap$2.run()V+11
j  io.netty.util.concurrent.FastThreadLocalRunnable.run()V+4
j  java.lang.Thread.run()V+11 java.base@18.0.1.1
v  ~StubRoutines::call_stub

siginfo: si_signo: 4 (SIGILL), si_code: 2 (ILL_ILLOPN), si_addr: 0x00007fe42860d190

Register to memory mapping:

RAX=0x0100007fffff0000 is an unknown value
RBX=0x00007fe3c00eaf10 points into unknown readable memory: 0x00007fe44b20a920 | 20 a9 20 4b e4 7f 00 00
RCX=0x00007fe3c00eac80 is a thread
RDX=0x00007fe3c00dfcc8 points into unknown readable memory: 0x0000000000000035 | 35 00 00 00 00 00 00 00
RSP=0x00007fe419b0ee50 is pointing into the stack for thread: 0x00007fe3c00eac80
RBP=0x00007fe419b0ef10 is pointing into the stack for thread: 0x00007fe3c00eac80
RSI=0x00007fe3c00eac80 is a thread
RDI=0x00007fe3c00eaef0 points into unknown readable memory: 0x00007fe419b0ef20 | 20 ef b0 19 e4 7f 00 00
R8 =0x000000008d9172f0 is pointing into object: [B 
{0x000000008d9172e0} - klass: {type array byte}
 - length: 16
R9 =0x00007fe3c00eac80 is a thread
R10=0x0 is NULL
R11=0x00000000000003d8 is an unknown value
R12=0x0000000000000001 is an unknown value
R13=0x00007fe419b0efc8 is pointing into the stack for thread: 0x00007fe3c00eac80
R14=0x000000000000005c is an unknown value
R15=0x0000000000009825 is an unknown value


Registers:
RAX=0x0100007fffff0000, RBX=0x00007fe3c00eaf10, RCX=0x00007fe3c00eac80, RDX=0x00007fe3c00dfcc8
RSP=0x00007fe419b0ee50, RBP=0x00007fe419b0ef10, RSI=0x00007fe3c00eac80, RDI=0x00007fe3c00eaef0
R8 =0x000000008d9172f0, R9 =0x00007fe3c00eac80, R10=0x0000000000000000, R11=0x00000000000003d8
R12=0x0000000000000001, R13=0x00007fe419b0efc8, R14=0x000000000000005c, R15=0x0000000000009825
RIP=0x00007fe42860d190, EFLAGS=0x0000000000010206, CSGSFS=0x002b000000000033, ERR=0x0000000000000000
  TRAPNO=0x0000000000000006

Top of Stack: (sp=0x00007fe419b0ee50)
0x00007fe419b0ee50:   000000009825000a 00007fe419b0eec0
0x00007fe419b0ee60:   0000000000000000 0000000000000000
0x00007fe419b0ee70:   00007fe3c00eac00 0000000000000000
0x00007fe419b0ee80:   0000000000000000 0000000000000000 

Instructions: (pc=0x00007fe42860d190)
0x00007fe42860d090:   16 66 2e 0f 1f 84 00 00 00 00 00 0f 1f 44 00 00
0x00007fe42860d0a0:   55 48 89 e5 89 d7 89 ce e8 03 2c 00 00 89 c1 31
0x00007fe42860d0b0:   c0 83 f9 ff 74 02 5d c3 e8 23 28 00 00 48 85 c0
0x00007fe42860d0c0:   74 09 48 89 c1 31 c0 2b 01 5d c3 67 0f b9 40 16
0x00007fe42860d0d0:   55 48 89 e5 41 57 41 56 41 55 41 54 53 48 81 ec
0x00007fe42860d0e0:   98 00 00 00 48 85 ff 0f 84 4b 01 00 00 48 89 fb
0x00007fe42860d0f0:   48 8b 07 48 85 c0 0f 84 3c 01 00 00 45 89 cf 4d
0x00007fe42860d100:   89 c5 41 89 cc 41 89 d6 48 89 df 4c 89 c6 ff 90
0x00007fe42860d110:   58 05 00 00 83 f8 10 7e 07 b0 01 e9 b8 00 00 00
0x00007fe42860d120:   4c 8b 0b 4d 85 c9 0f 84 0c 01 00 00 44 89 7d d4
0x00007fe42860d130:   44 0f b7 7d 10 66 41 c1 c7 08 4c 8d 45 c0 48 89
0x00007fe42860d140:   df 4c 89 ee 31 d2 89 c1 41 ff 91 40 06 00 00 41
0x00007fe42860d150:   80 fc 01 75 48 66 c7 85 40 ff ff ff 0a 00 66 44
0x00007fe42860d160:   89 bd 42 ff ff ff c7 85 44 ff ff ff 00 00 00 00
0x00007fe42860d170:   8b 45 d4 89 85 58 ff ff ff 48 8b 45 c0 48 0b 45
0x00007fe42860d180:   c8 74 3c 66 0f 6f 45 c0 66 0f ef 05 50 87 ff ff
0x00007fe42860d190:   66 0f 38 17 c0 74 28 0f 28 45 c0 eb 2c 66 c7 85
0x00007fe42860d1a0:   40 ff ff ff 02 00 66 44 89 bd 42 ff ff ff 8b 45
0x00007fe42860d1b0:   cc 89 85 44 ff ff ff 41 bf 10 00 00 00 eb 17 48
0x00007fe42860d1c0:   8b 05 9a 3a 20 00 0f 10 00 0f 11 85 48 ff ff ff
0x00007fe42860d1d0:   41 bf 1c 00 00 00 31 c0 bb ff ff ff ff 84 c0 75
0x00007fe42860d1e0:   43 4c 8d a5 40 ff ff ff 0f 1f 84 00 00 00 00 00
0x00007fe42860d1f0:   44 89 f7 4c 89 e6 44 89 fa e8 c2 2a 00 00 89 c3
0x00007fe42860d200:   83 f8 ff 75 13 e8 d6 26 00 00 48 85 c0 74 29 8b
0x00007fe42860d210:   00 83 f8 04 74 da eb 05 b8 04 00 00 00 f7 d8 c1
0x00007fe42860d220:   fb 1f 21 c3 89 d8 48 81 c4 98 00 00 00 5b 41 5c
0x00007fe42860d230:   41 5d 41 5e 41 5f 5d c3 67 0f b9 40 16 0f 1f 00
0x00007fe42860d240:   55 48 89 e5 41 56 53 48 83 ec 10 49 89 fe c7 45
0x00007fe42860d250:   e8 04 00 00 00 48 8d 4d ec 4c 8d 45 e8 89 d7 be
0x00007fe42860d260:   01 00 00 00 ba 04 00 00 00 e8 02 2a 00 00 89 c3
0x00007fe42860d270:   85 c0 79 2a e8 67 26 00 00 48 85 c0 74 39 8b 10
0x00007fe42860d280:   83 fa 09 75 0a 4c 89 f7 e8 d3 29 00 00 eb 0f 48 


Stack slot to memory mapping:
stack at sp + 0 slots: 0x000000009825000a is an unallocated location in the heap
stack at sp + 1 slots: 0x00007fe419b0eec0 is pointing into the stack for thread: 0x00007fe3c00eac80
stack at sp + 2 slots: 0x0 is NULL
stack at sp + 3 slots: 0x0 is NULL
stack at sp + 4 slots: 0x00007fe3c00eac00 points into unknown readable memory: 0x13000a3c9f432ac9 | c9 2a 43 9f 3c 0a 00 13
stack at sp + 5 slots: 0x0 is NULL
stack at sp + 6 slots: 0x0 is NULL
stack at sp + 7 slots: 0x0 is NULL


---------------  P R O C E S S  ---------------

Threads class SMR info:
_java_thread_list=0x00007fe444e88460, length=18, elements={
0x00007fe444025b50, 0x00007fe4440fc9e0, 0x00007fe4440fde80, 0x00007fe444104b50,
0x00007fe444105ef0, 0x00007fe4441072f0, 0x00007fe444108c90, 0x00007fe44410a1b0,
0x00007fe444113600, 0x00007fe44411b160, 0x00007fe44411ea40, 0x00007fe444c69910,
0x00007fe444c8d9b0, 0x00007fe3c0063ae0, 0x00007fe3c401ce10, 0x00007fe444e76580,
0x00007fe3c00eac80, 0x00007fe444e87780
}

Java Threads: ( => current thread )
  0x00007fe444025b50 JavaThread "main" [_thread_blocked, id=73320, stack(0x00007fe44b300000,0x00007fe44b400000)]
  0x00007fe4440fc9e0 JavaThread "Reference Handler" daemon [_thread_blocked, id=73327, stack(0x00007fe4481a0000,0x00007fe4482a0000)]
  0x00007fe4440fde80 JavaThread "Finalizer" daemon [_thread_blocked, id=73328, stack(0x00007fe4480a0000,0x00007fe4481a0000)]
  0x00007fe444104b50 JavaThread "Signal Dispatcher" daemon [_thread_blocked, id=73329, stack(0x00007fe429300000,0x00007fe429400000)]
  0x00007fe444105ef0 JavaThread "Service Thread" daemon [_thread_blocked, id=73330, stack(0x00007fe429200000,0x00007fe429300000)]
  0x00007fe4441072f0 JavaThread "Monitor Deflation Thread" daemon [_thread_blocked, id=73331, stack(0x00007fe429100000,0x00007fe429200000)]
  0x00007fe444108c90 JavaThread "C2 CompilerThread0" daemon [_thread_in_native, id=73332, stack(0x00007fe429000000,0x00007fe429100000)]
  0x00007fe44410a1b0 JavaThread "C1 CompilerThread0" daemon [_thread_in_native, id=73333, stack(0x00007fe428f00000,0x00007fe429000000)]
  0x00007fe444113600 JavaThread "Sweeper thread" daemon [_thread_blocked, id=73334, stack(0x00007fe428e00000,0x00007fe428f00000)]
  0x00007fe44411b160 JavaThread "Notification Thread" daemon [_thread_blocked, id=73335, stack(0x00007fe428d00000,0x00007fe428e00000)]
  0x00007fe44411ea40 JavaThread "Common-Cleaner" daemon [_thread_blocked, id=73337, stack(0x00007fe428afe000,0x00007fe428bfe000)]
  0x00007fe444c69910 JavaThread "grpc-default-worker-ELG-4-1" daemon [_thread_in_native, id=73342, stack(0x00007fe419d11000,0x00007fe419e11000)]
  0x00007fe444c8d9b0 JavaThread "grpc-default-executor-0" daemon [_thread_blocked, id=73343, stack(0x00007fe419c11000,0x00007fe419d11000)]
  0x00007fe3c0063ae0 JavaThread "grpc-default-executor-1" daemon [_thread_blocked, id=73344, stack(0x00007fe4280f8000,0x00007fe4281f8000)]
  0x00007fe3c401ce10 JavaThread "grpc-default-executor-2" daemon [_thread_blocked, id=73345, stack(0x00007fe419f00000,0x00007fe41a000000)]
  0x00007fe444e76580 JavaThread "Monitor" [_thread_in_native, id=73346, stack(0x00007fe419b11000,0x00007fe419c11000)]
=>0x00007fe3c00eac80 JavaThread "grpc-default-worker-ELG-4-2" daemon [_thread_in_native, id=73347, stack(0x00007fe419a11000,0x00007fe419b11000)]
  0x00007fe444e87780 JavaThread "Running adb" [_thread_in_vm, id=73348, stack(0x00007fe419911000,0x00007fe419a11000)]

Other Threads:
  0x00007fe4440f9950 VMThread "VM Thread" [stack: 0x00007fe4482a2000,0x00007fe4483a2000] [id=73326]
  0x00007fe44411cbd0 WatcherThread "VM Periodic Task Thread" [stack: 0x00007fe428c00000,0x00007fe428d00000] [id=73336]
  0x00007fe444082af0 WorkerThread "GC Thread#0" [stack: 0x00007fe448d9d000,0x00007fe448e9d000] [id=73321]
  0x00007fe4080067d0 WorkerThread "GC Thread#1" [stack: 0x00007fe428500000,0x00007fe428600000] [id=73338]
  0x00007fe40800e7d0 WorkerThread "GC Thread#2" [stack: 0x00007fe4283fe000,0x00007fe4284fe000] [id=73339]
  0x00007fe40800e160 WorkerThread "GC Thread#3" [stack: 0x00007fe4282fc000,0x00007fe4283fc000] [id=73340]
  0x00007fe4440931a0 ConcurrentGCThread "G1 Main Marker" [stack: 0x00007fe448c9b000,0x00007fe448d9b000] [id=73322]
  0x00007fe4440940a0 WorkerThread "G1 Conc#0" [stack: 0x00007fe448b99000,0x00007fe448c99000] [id=73323]
  0x00007fe4440cd2a0 ConcurrentGCThread "G1 Refine#0" [stack: 0x00007fe448693000,0x00007fe448793000] [id=73324]
  0x00007fe414000d70 ConcurrentGCThread "G1 Refine#1" [stack: 0x00007fe4281fa000,0x00007fe4282fa000] [id=73341]
  0x00007fe4440ce170 ConcurrentGCThread "G1 Service" [stack: 0x00007fe448591000,0x00007fe448691000] [id=73325]

Threads with active compile tasks:
C2 CompilerThread0     3476 1529   !   4       jdk.internal.loader.BuiltinClassLoader::loadClassOrNull (143 bytes)
C1 CompilerThread0     3476 1563       3       jdk.internal.org.objectweb.asm.Type::getReturnTypeOffset (64 bytes)

VM state: not at safepoint (normal execution)

VM Mutex/Monitor currently owned by a thread: None

Heap address: 0x0000000087a00000, size: 1926 MB, Compressed Oops mode: 32-bit

CDS archive(s) mapped at: [0x0000000800000000-0x0000000800bb1000-0x0000000800bb1000), size 12259328, SharedBaseAddress: 0x0000000800000000, ArchiveRelocationMode: 0.
Compressed class space mapped at: 0x0000000800c00000-0x0000000840c00000, reserved size: 1073741824
Narrow klass base: 0x0000000800000000, Narrow klass shift: 0, Narrow klass range: 0x100000000

GC Precious Log:
 CardTable entry size: 512
 Card Set container configuration: InlinePtr #cards 5 size 8 Array Of Cards #cards 12 size 40 Howl #buckets 4 coarsen threshold 1843 Howl Bitmap #cards 512 size 80 coarsen threshold 460 Card regions per heap region 1 cards per card region 2048
 CPUs: 4 total, 4 available
 Memory: 7696M
 Large Page Support: Disabled
 NUMA Support: Disabled
 Compressed Oops: Enabled (32-bit)
 Heap Region Size: 1M
 Heap Min Capacity: 8M
 Heap Initial Capacity: 122M
 Heap Max Capacity: 1926M
 Pre-touch: Disabled
 Parallel Workers: 4
 Concurrent Workers: 1
 Concurrent Refinement Workers: 4
 Periodic GC: Disabled

Heap:
 garbage-first heap   total 126976K, used 34329K [0x0000000087a00000, 0x0000000100000000)
  region size 1024K, 28 young (28672K), 3 survivors (3072K)
 Metaspace       used 20384K, committed 20736K, reserved 1114112K
  class space    used 2361K, committed 2496K, reserved 1048576K

Heap Regions: E=young(eden), S=young(survivor), O=old, HS=humongous(starts), HC=humongous(continues), CS=collection set, F=free, OA=open archive, CA=closed archive, TAMS=top-at-mark-start (previous, next)
|   0|0x0000000087a00000, 0x0000000087b00000, 0x0000000087b00000|100%|HS|  |TAMS 0x0000000087a00000, 0x0000000087a00000| Complete 
|   1|0x0000000087b00000, 0x0000000087c00000, 0x0000000087c00000|100%|HS|  |TAMS 0x0000000087b00000, 0x0000000087b00000| Complete 
|   2|0x0000000087c00000, 0x0000000087d00000, 0x0000000087d00000|100%|HC|  |TAMS 0x0000000087c00000, 0x0000000087c00000| Complete 
|   3|0x0000000087d00000, 0x0000000087d00000, 0x0000000087e00000|  0%| F|  |TAMS 0x0000000087d00000, 0x0000000087d00000| Untracked 
|   4|0x0000000087e00000, 0x0000000087f00000, 0x0000000087f00000|100%| O|  |TAMS 0x0000000087e00000, 0x0000000087e00000| Untracked 
|   5|0x0000000087f00000, 0x0000000088000000, 0x0000000088000000|100%| O|  |TAMS 0x0000000087f00000, 0x0000000087f00000| Untracked 
|   6|0x0000000088000000, 0x000000008809b600, 0x0000000088100000| 60%| O|  |TAMS 0x0000000088000000, 0x0000000088000000| Untracked 
|   7|0x0000000088100000, 0x0000000088100000, 0x0000000088200000|  0%| F|  |TAMS 0x0000000088100000, 0x0000000088100000| Untracked 
|   8|0x0000000088200000, 0x0000000088200000, 0x0000000088300000|  0%| F|  |TAMS 0x0000000088200000, 0x0000000088200000| Untracked 
|   9|0x0000000088300000, 0x0000000088300000, 0x0000000088400000|  0%| F|  |TAMS 0x0000000088300000, 0x0000000088300000| Untracked 
|  10|0x0000000088400000, 0x0000000088400000, 0x0000000088500000|  0%| F|  |TAMS 0x0000000088400000, 0x0000000088400000| Untracked 
|  11|0x0000000088500000, 0x0000000088500000, 0x0000000088600000|  0%| F|  |TAMS 0x0000000088500000, 0x0000000088500000| Untracked 
|  12|0x0000000088600000, 0x0000000088600000, 0x0000000088700000|  0%| F|  |TAMS 0x0000000088600000, 0x0000000088600000| Untracked 
|  13|0x0000000088700000, 0x0000000088700000, 0x0000000088800000|  0%| F|  |TAMS 0x0000000088700000, 0x0000000088700000| Untracked 
|  14|0x0000000088800000, 0x0000000088800000, 0x0000000088900000|  0%| F|  |TAMS 0x0000000088800000, 0x0000000088800000| Untracked 
|  15|0x0000000088900000, 0x0000000088900000, 0x0000000088a00000|  0%| F|  |TAMS 0x0000000088900000, 0x0000000088900000| Untracked 
|  16|0x0000000088a00000, 0x0000000088a00000, 0x0000000088b00000|  0%| F|  |TAMS 0x0000000088a00000, 0x0000000088a00000| Untracked 
|  17|0x0000000088b00000, 0x0000000088b00000, 0x0000000088c00000|  0%| F|  |TAMS 0x0000000088b00000, 0x0000000088b00000| Untracked 
|  18|0x0000000088c00000, 0x0000000088c00000, 0x0000000088d00000|  0%| F|  |TAMS 0x0000000088c00000, 0x0000000088c00000| Untracked 
|  19|0x0000000088d00000, 0x0000000088d00000, 0x0000000088e00000|  0%| F|  |TAMS 0x0000000088d00000, 0x0000000088d00000| Untracked 
|  20|0x0000000088e00000, 0x0000000088e00000, 0x0000000088f00000|  0%| F|  |TAMS 0x0000000088e00000, 0x0000000088e00000| Untracked 
|  21|0x0000000088f00000, 0x0000000088f00000, 0x0000000089000000|  0%| F|  |TAMS 0x0000000088f00000, 0x0000000088f00000| Untracked 
|  22|0x0000000089000000, 0x0000000089000000, 0x0000000089100000|  0%| F|  |TAMS 0x0000000089000000, 0x0000000089000000| Untracked 
|  23|0x0000000089100000, 0x0000000089100000, 0x0000000089200000|  0%| F|  |TAMS 0x0000000089100000, 0x0000000089100000| Untracked 
|  24|0x0000000089200000, 0x0000000089200000, 0x0000000089300000|  0%| F|  |TAMS 0x0000000089200000, 0x0000000089200000| Untracked 
|  25|0x0000000089300000, 0x0000000089300000, 0x0000000089400000|  0%| F|  |TAMS 0x0000000089300000, 0x0000000089300000| Untracked 
|  26|0x0000000089400000, 0x0000000089400000, 0x0000000089500000|  0%| F|  |TAMS 0x0000000089400000, 0x0000000089400000| Untracked 
|  27|0x0000000089500000, 0x0000000089500000, 0x0000000089600000|  0%| F|  |TAMS 0x0000000089500000, 0x0000000089500000| Untracked 
|  28|0x0000000089600000, 0x0000000089600000, 0x0000000089700000|  0%| F|  |TAMS 0x0000000089600000, 0x0000000089600000| Untracked 
|  29|0x0000000089700000, 0x0000000089700000, 0x0000000089800000|  0%| F|  |TAMS 0x0000000089700000, 0x0000000089700000| Untracked 
|  30|0x0000000089800000, 0x0000000089800000, 0x0000000089900000|  0%| F|  |TAMS 0x0000000089800000, 0x0000000089800000| Untracked 
|  31|0x0000000089900000, 0x0000000089900000, 0x0000000089a00000|  0%| F|  |TAMS 0x0000000089900000, 0x0000000089900000| Untracked 
|  32|0x0000000089a00000, 0x0000000089a00000, 0x0000000089b00000|  0%| F|  |TAMS 0x0000000089a00000, 0x0000000089a00000| Untracked 
|  33|0x0000000089b00000, 0x0000000089b00000, 0x0000000089c00000|  0%| F|  |TAMS 0x0000000089b00000, 0x0000000089b00000| Untracked 
|  34|0x0000000089c00000, 0x0000000089c00000, 0x0000000089d00000|  0%| F|  |TAMS 0x0000000089c00000, 0x0000000089c00000| Untracked 
|  35|0x0000000089d00000, 0x0000000089d00000, 0x0000000089e00000|  0%| F|  |TAMS 0x0000000089d00000, 0x0000000089d00000| Untracked 
|  36|0x0000000089e00000, 0x0000000089e00000, 0x0000000089f00000|  0%| F|  |TAMS 0x0000000089e00000, 0x0000000089e00000| Untracked 
|  37|0x0000000089f00000, 0x0000000089f00000, 0x000000008a000000|  0%| F|  |TAMS 0x0000000089f00000, 0x0000000089f00000| Untracked 
|  38|0x000000008a000000, 0x000000008a000000, 0x000000008a100000|  0%| F|  |TAMS 0x000000008a000000, 0x000000008a000000| Untracked 
|  39|0x000000008a100000, 0x000000008a100000, 0x000000008a200000|  0%| F|  |TAMS 0x000000008a100000, 0x000000008a100000| Untracked 
|  40|0x000000008a200000, 0x000000008a200000, 0x000000008a300000|  0%| F|  |TAMS 0x000000008a200000, 0x000000008a200000| Untracked 
|  41|0x000000008a300000, 0x000000008a300000, 0x000000008a400000|  0%| F|  |TAMS 0x000000008a300000, 0x000000008a300000| Untracked 
|  42|0x000000008a400000, 0x000000008a400000, 0x000000008a500000|  0%| F|  |TAMS 0x000000008a400000, 0x000000008a400000| Untracked 
|  43|0x000000008a500000, 0x000000008a500000, 0x000000008a600000|  0%| F|  |TAMS 0x000000008a500000, 0x000000008a500000| Untracked 
|  44|0x000000008a600000, 0x000000008a600000, 0x000000008a700000|  0%| F|  |TAMS 0x000000008a600000, 0x000000008a600000| Untracked 
|  45|0x000000008a700000, 0x000000008a700000, 0x000000008a800000|  0%| F|  |TAMS 0x000000008a700000, 0x000000008a700000| Untracked 
|  46|0x000000008a800000, 0x000000008a800000, 0x000000008a900000|  0%| F|  |TAMS 0x000000008a800000, 0x000000008a800000| Untracked 
|  47|0x000000008a900000, 0x000000008a900000, 0x000000008aa00000|  0%| F|  |TAMS 0x000000008a900000, 0x000000008a900000| Untracked 
|  48|0x000000008aa00000, 0x000000008aa00000, 0x000000008ab00000|  0%| F|  |TAMS 0x000000008aa00000, 0x000000008aa00000| Untracked 
|  49|0x000000008ab00000, 0x000000008ab00000, 0x000000008ac00000|  0%| F|  |TAMS 0x000000008ab00000, 0x000000008ab00000| Untracked 
|  50|0x000000008ac00000, 0x000000008ac00000, 0x000000008ad00000|  0%| F|  |TAMS 0x000000008ac00000, 0x000000008ac00000| Untracked 
|  51|0x000000008ad00000, 0x000000008ad00000, 0x000000008ae00000|  0%| F|  |TAMS 0x000000008ad00000, 0x000000008ad00000| Untracked 
|  52|0x000000008ae00000, 0x000000008ae00000, 0x000000008af00000|  0%| F|  |TAMS 0x000000008ae00000, 0x000000008ae00000| Untracked 
|  53|0x000000008af00000, 0x000000008af00000, 0x000000008b000000|  0%| F|  |TAMS 0x000000008af00000, 0x000000008af00000| Untracked 
|  54|0x000000008b000000, 0x000000008b000000, 0x000000008b100000|  0%| F|  |TAMS 0x000000008b000000, 0x000000008b000000| Untracked 
|  55|0x000000008b100000, 0x000000008b100000, 0x000000008b200000|  0%| F|  |TAMS 0x000000008b100000, 0x000000008b100000| Untracked 
|  56|0x000000008b200000, 0x000000008b200000, 0x000000008b300000|  0%| F|  |TAMS 0x000000008b200000, 0x000000008b200000| Untracked 
|  57|0x000000008b300000, 0x000000008b300000, 0x000000008b400000|  0%| F|  |TAMS 0x000000008b300000, 0x000000008b300000| Untracked 
|  58|0x000000008b400000, 0x000000008b400000, 0x000000008b500000|  0%| F|  |TAMS 0x000000008b400000, 0x000000008b400000| Untracked 
|  59|0x000000008b500000, 0x000000008b500000, 0x000000008b600000|  0%| F|  |TAMS 0x000000008b500000, 0x000000008b500000| Untracked 
|  60|0x000000008b600000, 0x000000008b600000, 0x000000008b700000|  0%| F|  |TAMS 0x000000008b600000, 0x000000008b600000| Untracked 
|  61|0x000000008b700000, 0x000000008b700000, 0x000000008b800000|  0%| F|  |TAMS 0x000000008b700000, 0x000000008b700000| Untracked 
|  62|0x000000008b800000, 0x000000008b800000, 0x000000008b900000|  0%| F|  |TAMS 0x000000008b800000, 0x000000008b800000| Untracked 
|  63|0x000000008b900000, 0x000000008b900000, 0x000000008ba00000|  0%| F|  |TAMS 0x000000008b900000, 0x000000008b900000| Untracked 
|  64|0x000000008ba00000, 0x000000008ba00000, 0x000000008bb00000|  0%| F|  |TAMS 0x000000008ba00000, 0x000000008ba00000| Untracked 
|  65|0x000000008bb00000, 0x000000008bb00000, 0x000000008bc00000|  0%| F|  |TAMS 0x000000008bb00000, 0x000000008bb00000| Untracked 
|  66|0x000000008bc00000, 0x000000008bc00000, 0x000000008bd00000|  0%| F|  |TAMS 0x000000008bc00000, 0x000000008bc00000| Untracked 
|  67|0x000000008bd00000, 0x000000008bd00000, 0x000000008be00000|  0%| F|  |TAMS 0x000000008bd00000, 0x000000008bd00000| Untracked 
|  68|0x000000008be00000, 0x000000008be00000, 0x000000008bf00000|  0%| F|  |TAMS 0x000000008be00000, 0x000000008be00000| Untracked 
|  69|0x000000008bf00000, 0x000000008bf00000, 0x000000008c000000|  0%| F|  |TAMS 0x000000008bf00000, 0x000000008bf00000| Untracked 
|  70|0x000000008c000000, 0x000000008c000000, 0x000000008c100000|  0%| F|  |TAMS 0x000000008c000000, 0x000000008c000000| Untracked 
|  71|0x000000008c100000, 0x000000008c100000, 0x000000008c200000|  0%| F|  |TAMS 0x000000008c100000, 0x000000008c100000| Untracked 
|  72|0x000000008c200000, 0x000000008c200000, 0x000000008c300000|  0%| F|  |TAMS 0x000000008c200000, 0x000000008c200000| Untracked 
|  73|0x000000008c300000, 0x000000008c300000, 0x000000008c400000|  0%| F|  |TAMS 0x000000008c300000, 0x000000008c300000| Untracked 
|  74|0x000000008c400000, 0x000000008c400000, 0x000000008c500000|  0%| F|  |TAMS 0x000000008c400000, 0x000000008c400000| Untracked 
|  75|0x000000008c500000, 0x000000008c500000, 0x000000008c600000|  0%| F|  |TAMS 0x000000008c500000, 0x000000008c500000| Untracked 
|  76|0x000000008c600000, 0x000000008c600000, 0x000000008c700000|  0%| F|  |TAMS 0x000000008c600000, 0x000000008c600000| Untracked 
|  77|0x000000008c700000, 0x000000008c700000, 0x000000008c800000|  0%| F|  |TAMS 0x000000008c700000, 0x000000008c700000| Untracked 
|  78|0x000000008c800000, 0x000000008c800000, 0x000000008c900000|  0%| F|  |TAMS 0x000000008c800000, 0x000000008c800000| Untracked 
|  79|0x000000008c900000, 0x000000008c900000, 0x000000008ca00000|  0%| F|  |TAMS 0x000000008c900000, 0x000000008c900000| Untracked 
|  80|0x000000008ca00000, 0x000000008ca00000, 0x000000008cb00000|  0%| F|  |TAMS 0x000000008ca00000, 0x000000008ca00000| Untracked 
|  81|0x000000008cb00000, 0x000000008cb00000, 0x000000008cc00000|  0%| F|  |TAMS 0x000000008cb00000, 0x000000008cb00000| Untracked 
|  82|0x000000008cc00000, 0x000000008cc00000, 0x000000008cd00000|  0%| F|  |TAMS 0x000000008cc00000, 0x000000008cc00000| Untracked 
|  83|0x000000008cd00000, 0x000000008cd00000, 0x000000008ce00000|  0%| F|  |TAMS 0x000000008cd00000, 0x000000008cd00000| Untracked 
|  84|0x000000008ce00000, 0x000000008ce00000, 0x000000008cf00000|  0%| F|  |TAMS 0x000000008ce00000, 0x000000008ce00000| Untracked 
|  85|0x000000008cf00000, 0x000000008cf00000, 0x000000008d000000|  0%| F|  |TAMS 0x000000008cf00000, 0x000000008cf00000| Untracked 
|  86|0x000000008d000000, 0x000000008d000000, 0x000000008d100000|  0%| F|  |TAMS 0x000000008d000000, 0x000000008d000000| Untracked 
|  87|0x000000008d100000, 0x000000008d100000, 0x000000008d200000|  0%| F|  |TAMS 0x000000008d100000, 0x000000008d100000| Untracked 
|  88|0x000000008d200000, 0x000000008d200000, 0x000000008d300000|  0%| F|  |TAMS 0x000000008d200000, 0x000000008d200000| Untracked 
|  89|0x000000008d300000, 0x000000008d300000, 0x000000008d400000|  0%| F|  |TAMS 0x000000008d300000, 0x000000008d300000| Untracked 
|  90|0x000000008d400000, 0x000000008d400000, 0x000000008d500000|  0%| F|  |TAMS 0x000000008d400000, 0x000000008d400000| Untracked 
|  91|0x000000008d500000, 0x000000008d500000, 0x000000008d600000|  0%| F|  |TAMS 0x000000008d500000, 0x000000008d500000| Untracked 
|  92|0x000000008d600000, 0x000000008d600000, 0x000000008d700000|  0%| F|  |TAMS 0x000000008d600000, 0x000000008d600000| Untracked 
|  93|0x000000008d700000, 0x000000008d700000, 0x000000008d800000|  0%| F|  |TAMS 0x000000008d700000, 0x000000008d700000| Untracked 
|  94|0x000000008d800000, 0x000000008d8d3228, 0x000000008d900000| 82%| E|  |TAMS 0x000000008d800000, 0x000000008d800000| Complete 
|  95|0x000000008d900000, 0x000000008da00000, 0x000000008da00000|100%| E|CS|TAMS 0x000000008d900000, 0x000000008d900000| Complete 
|  96|0x000000008da00000, 0x000000008db00000, 0x000000008db00000|100%| E|CS|TAMS 0x000000008da00000, 0x000000008da00000| Complete 
|  97|0x000000008db00000, 0x000000008dc00000, 0x000000008dc00000|100%| S|CS|TAMS 0x000000008db00000, 0x000000008db00000| Complete 
|  98|0x000000008dc00000, 0x000000008dd00000, 0x000000008dd00000|100%| S|CS|TAMS 0x000000008dc00000, 0x000000008dc00000| Complete 
|  99|0x000000008dd00000, 0x000000008de00000, 0x000000008de00000|100%| S|CS|TAMS 0x000000008dd00000, 0x000000008dd00000| Complete 
| 100|0x000000008de00000, 0x000000008df00000, 0x000000008df00000|100%| E|CS|TAMS 0x000000008de00000, 0x000000008de00000| Complete 
| 101|0x000000008df00000, 0x000000008e000000, 0x000000008e000000|100%| E|CS|TAMS 0x000000008df00000, 0x000000008df00000| Complete 
| 102|0x000000008e000000, 0x000000008e100000, 0x000000008e100000|100%| E|CS|TAMS 0x000000008e000000, 0x000000008e000000| Complete 
| 103|0x000000008e100000, 0x000000008e200000, 0x000000008e200000|100%| E|CS|TAMS 0x000000008e100000, 0x000000008e100000| Complete 
| 104|0x000000008e200000, 0x000000008e300000, 0x000000008e300000|100%| E|CS|TAMS 0x000000008e200000, 0x000000008e200000| Complete 
| 105|0x000000008e300000, 0x000000008e400000, 0x000000008e400000|100%| E|CS|TAMS 0x000000008e300000, 0x000000008e300000| Complete 
| 106|0x000000008e400000, 0x000000008e500000, 0x000000008e500000|100%| E|CS|TAMS 0x000000008e400000, 0x000000008e400000| Complete 
| 107|0x000000008e500000, 0x000000008e600000, 0x000000008e600000|100%| E|CS|TAMS 0x000000008e500000, 0x000000008e500000| Complete 
| 108|0x000000008e600000, 0x000000008e700000, 0x000000008e700000|100%| E|CS|TAMS 0x000000008e600000, 0x000000008e600000| Complete 
| 109|0x000000008e700000, 0x000000008e800000, 0x000000008e800000|100%| E|CS|TAMS 0x000000008e700000, 0x000000008e700000| Complete 
| 110|0x000000008e800000, 0x000000008e900000, 0x000000008e900000|100%| E|CS|TAMS 0x000000008e800000, 0x000000008e800000| Complete 
| 111|0x000000008e900000, 0x000000008ea00000, 0x000000008ea00000|100%| E|CS|TAMS 0x000000008e900000, 0x000000008e900000| Complete 
| 112|0x000000008ea00000, 0x000000008eb00000, 0x000000008eb00000|100%| E|CS|TAMS 0x000000008ea00000, 0x000000008ea00000| Complete 
| 113|0x000000008eb00000, 0x000000008ec00000, 0x000000008ec00000|100%| E|CS|TAMS 0x000000008eb00000, 0x000000008eb00000| Complete 
| 114|0x000000008ec00000, 0x000000008ed00000, 0x000000008ed00000|100%| E|CS|TAMS 0x000000008ec00000, 0x000000008ec00000| Complete 
| 115|0x000000008ed00000, 0x000000008ee00000, 0x000000008ee00000|100%| E|CS|TAMS 0x000000008ed00000, 0x000000008ed00000| Complete 
| 116|0x000000008ee00000, 0x000000008ef00000, 0x000000008ef00000|100%| E|CS|TAMS 0x000000008ee00000, 0x000000008ee00000| Complete 
| 117|0x000000008ef00000, 0x000000008f000000, 0x000000008f000000|100%| E|CS|TAMS 0x000000008ef00000, 0x000000008ef00000| Complete 
| 118|0x000000008f000000, 0x000000008f100000, 0x000000008f100000|100%| E|CS|TAMS 0x000000008f000000, 0x000000008f000000| Complete 
| 119|0x000000008f100000, 0x000000008f200000, 0x000000008f200000|100%| E|CS|TAMS 0x000000008f100000, 0x000000008f100000| Complete 
| 120|0x000000008f200000, 0x000000008f300000, 0x000000008f300000|100%| E|CS|TAMS 0x000000008f200000, 0x000000008f200000| Complete 
| 121|0x000000008f300000, 0x000000008f400000, 0x000000008f400000|100%| E|CS|TAMS 0x000000008f300000, 0x000000008f300000| Complete 
|1924|0x00000000ffe00000, 0x00000000ffe75000, 0x00000000fff00000| 45%|OA|  |TAMS 0x00000000ffe00000, 0x00000000ffe00000| Untracked 
|1925|0x00000000fff00000, 0x00000000fff76000, 0x0000000100000000| 46%|CA|  |TAMS 0x00000000fff00000, 0x00000000fff00000| Untracked 

Card table byte_map: [0x00007fe4492a0000,0x00007fe449663000] _byte_map_base: 0x00007fe448e63000

Marking Bits (Prev, Next): (CMBitMap*) 0x00007fe444083560, (CMBitMap*) 0x00007fe4440835a0
 Prev Bits: [0x00007fe42b7e8000, 0x00007fe42d600000)
 Next Bits: [0x00007fe4299d0000, 0x00007fe42b7e8000)

Polling page: 0x00007fe44b784000

Metaspace:

Usage:
  Non-class:     17,61 MB used.
      Class:      2,31 MB used.
       Both:     19,92 MB used.

Virtual space:
  Non-class space:       64,00 MB reserved,      17,81 MB ( 28%) committed,  1 nodes.
      Class space:        1,00 GB reserved,       2,44 MB ( <1%) committed,  1 nodes.
             Both:        1,06 GB reserved,      20,25 MB (  2%) committed. 

Chunk freelists:
   Non-Class:  1,92 MB
       Class:  1,54 MB
        Both:  3,46 MB

MaxMetaspaceSize: unlimited
CompressedClassSpaceSize: 1,00 GB
Initial GC threshold: 21,00 MB
Current GC threshold: 21,00 MB
CDS: on
MetaspaceReclaimPolicy: balanced
 - commit_granule_bytes: 65536.
 - commit_granule_words: 8192.
 - virtual_space_node_default_size: 8388608.
 - enlarge_chunks_in_place: 1.
 - new_chunks_are_fully_committed: 0.
 - uncommit_free_chunks: 1.
 - use_allocation_guard: 0.


Internal statistics:

num_allocs_failed_limit: 0.
num_arena_births: 174.
num_arena_deaths: 0.
num_vsnodes_births: 2.
num_vsnodes_deaths: 0.
num_space_committed: 324.
num_space_uncommitted: 0.
num_chunks_returned_to_freelist: 0.
num_chunks_taken_from_freelist: 769.
num_chunk_merges: 0.
num_chunk_splits: 556.
num_chunks_enlarged: 408.
num_inconsistent_stats: 0.

CodeHeap 'non-profiled nmethods': size=120032Kb used=529Kb max_used=529Kb free=119503Kb
 bounds [0x00007fe4350c8000, 0x00007fe435338000, 0x00007fe43c600000]
CodeHeap 'profiled nmethods': size=120028Kb used=2761Kb max_used=2761Kb free=117267Kb
 bounds [0x00007fe42db91000, 0x00007fe42de51000, 0x00007fe4350c8000]
CodeHeap 'non-nmethods': size=5700Kb used=1264Kb max_used=1279Kb free=4435Kb
 bounds [0x00007fe42d600000, 0x00007fe42d870000, 0x00007fe42db91000]
 total_blobs=2127 nmethods=1554 adapters=488
 compilation: enabled
              stopped_count=0, restarted_count=0
 full_count=0

Compilation events (20 events):
Event: 3,427 Thread 0x00007fe44410a1b0 1542       3       java.lang.CharacterData::of (136 bytes)
Event: 3,428 Thread 0x00007fe44410a1b0 nmethod 1542 0x00007fe42de33f10 code [0x00007fe42de34140, 0x00007fe42de34990]
Event: 3,428 Thread 0x00007fe44410a1b0 1538       3       java.lang.CharacterDataLatin1::isWhitespace (23 bytes)
Event: 3,428 Thread 0x00007fe44410a1b0 nmethod 1538 0x00007fe42de34b90 code [0x00007fe42de34d40, 0x00007fe42de34f50]
Event: 3,428 Thread 0x00007fe44410a1b0 1540       3       sun.reflect.generics.parser.SignatureParser::current (59 bytes)
Event: 3,429 Thread 0x00007fe44410a1b0 nmethod 1540 0x00007fe42de35090 code [0x00007fe42de352a0, 0x00007fe42de35990]
Event: 3,429 Thread 0x00007fe44410a1b0 1541       3       sun.reflect.generics.parser.SignatureParser::advance (53 bytes)
Event: 3,430 Thread 0x00007fe44410a1b0 nmethod 1541 0x00007fe42de35c90 code [0x00007fe42de35e40, 0x00007fe42de36090]
Event: 3,430 Thread 0x00007fe44410a1b0 1539       1       java.lang.reflect.Method::getRoot (5 bytes)
Event: 3,430 Thread 0x00007fe44410a1b0 nmethod 1539 0x00007fe43514a790 code [0x00007fe43514a920, 0x00007fe43514a9f0]
Event: 3,430 Thread 0x00007fe44410a1b0 1537       3       jdk.internal.org.objectweb.asm.SymbolTable::addConstantFieldref (10 bytes)
Event: 3,430 Thread 0x00007fe44410a1b0 nmethod 1537 0x00007fe42de36190 code [0x00007fe42de36340, 0x00007fe42de36480]
Event: 3,431 Thread 0x00007fe44410a1b0 1544       3       jdk.internal.loader.URLClassPath$JarLoader$2::getBytes (48 bytes)
Event: 3,432 Thread 0x00007fe44410a1b0 nmethod 1544 0x00007fe42de36510 code [0x00007fe42de36700, 0x00007fe42de36e20]
Event: 3,438 Thread 0x00007fe44410a1b0 1546       3       java.lang.System::checkKey (34 bytes)
Event: 3,439 Thread 0x00007fe44410a1b0 nmethod 1546 0x00007fe42de37090 code [0x00007fe42de37260, 0x00007fe42de37610]
Event: 3,444 Thread 0x00007fe44410a1b0 1549       3       java.lang.AbstractStringBuilder::isLatin1 (19 bytes)
Event: 3,445 Thread 0x00007fe44410a1b0 nmethod 1549 0x00007fe42de37790 code [0x00007fe42de37920, 0x00007fe42de37a90]
Event: 3,446 Thread 0x00007fe44410a1b0 1551       3       java.lang.StringBuilder::append (8 bytes)
Event: 3,446 Thread 0x00007fe44410a1b0 nmethod 1551 0x00007fe42de37b10 code [0x00007fe42de37cc0, 0x00007fe42de37e00]

GC Heap History (4 events):
Event: 1,126 GC heap before
{Heap before GC invocations=0 (full 0):
 garbage-first heap   total 126976K, used 17324K [0x0000000087a00000, 0x0000000100000000)
  region size 1024K, 13 young (13312K), 0 survivors (0K)
 Metaspace       used 5895K, committed 6144K, reserved 1114112K
  class space    used 639K, committed 768K, reserved 1048576K
}
Event: 1,138 GC heap after
{Heap after GC invocations=1 (full 0):
 garbage-first heap   total 126976K, used 5484K [0x0000000087a00000, 0x0000000100000000)
  region size 1024K, 2 young (2048K), 2 survivors (2048K)
 Metaspace       used 5895K, committed 6144K, reserved 1114112K
  class space    used 639K, committed 768K, reserved 1048576K
}
Event: 2,347 GC heap before
{Heap before GC invocations=1 (full 0):
 garbage-first heap   total 126976K, used 25964K [0x0000000087a00000, 0x0000000100000000)
  region size 1024K, 22 young (22528K), 2 survivors (2048K)
 Metaspace       used 12513K, committed 12736K, reserved 1114112K
  class space    used 1377K, committed 1472K, reserved 1048576K
}
Event: 2,367 GC heap after
{Heap after GC invocations=2 (full 0):
 garbage-first heap   total 126976K, used 9753K [0x0000000087a00000, 0x0000000100000000)
  region size 1024K, 3 young (3072K), 3 survivors (3072K)
 Metaspace       used 12513K, committed 12736K, reserved 1114112K
  class space    used 1377K, committed 1472K, reserved 1048576K
}

Deoptimization events (20 events):
Event: 3,101 Thread 0x00007fe444c8d9b0 Uncommon trap: trap_request=0xffffff45 fr.pc=0x00007fe435101340 relative=0x00000000000000a0
Event: 3,101 Thread 0x00007fe444c8d9b0 Uncommon trap: reason=unstable_if action=reinterpret pc=0x00007fe435101340 method=java.lang.CharacterDataLatin1.digit(II)I @ 12 c2
Event: 3,101 Thread 0x00007fe444c8d9b0 DEOPT PACKING pc=0x00007fe435101340 sp=0x00007fe419d0f520
Event: 3,101 Thread 0x00007fe444c8d9b0 DEOPT UNPACKING pc=0x00007fe42d652093 sp=0x00007fe419d0f4b8 mode 2
Event: 3,105 Thread 0x00007fe444c8d9b0 Uncommon trap: trap_request=0xffffff45 fr.pc=0x00007fe4350f93e4 relative=0x0000000000000e24
Event: 3,105 Thread 0x00007fe444c8d9b0 Uncommon trap: reason=unstable_if action=reinterpret pc=0x00007fe4350f93e4 method=java.util.concurrent.ConcurrentHashMap.putVal(Ljava/lang/Object;Ljava/lang/Object;Z)Ljava/lang/Object; @ 148 c2
Event: 3,105 Thread 0x00007fe444c8d9b0 DEOPT PACKING pc=0x00007fe4350f93e4 sp=0x00007fe419d0f410
Event: 3,105 Thread 0x00007fe444c8d9b0 DEOPT UNPACKING pc=0x00007fe42d652093 sp=0x00007fe419d0f380 mode 2
Event: 3,423 Thread 0x00007fe444e76580 Uncommon trap: trap_request=0xffffff45 fr.pc=0x00007fe4350fbc00 relative=0x0000000000000360
Event: 3,423 Thread 0x00007fe444e76580 Uncommon trap: reason=unstable_if action=reinterpret pc=0x00007fe4350fbc00 method=java.lang.StringLatin1.canEncode(I)Z @ 4 c2
Event: 3,423 Thread 0x00007fe444e76580 DEOPT PACKING pc=0x00007fe4350fbc00 sp=0x00007fe419c0ef00
Event: 3,423 Thread 0x00007fe444e76580 DEOPT UNPACKING pc=0x00007fe42d652093 sp=0x00007fe419c0ee28 mode 2
Event: 3,423 Thread 0x00007fe444e76580 Uncommon trap: trap_request=0xffffff45 fr.pc=0x00007fe4351383f0 relative=0x0000000000000350
Event: 3,423 Thread 0x00007fe444e76580 Uncommon trap: reason=unstable_if action=reinterpret pc=0x00007fe4351383f0 method=java.lang.AbstractStringBuilder.isLatin1()Z @ 10 c2
Event: 3,423 Thread 0x00007fe444e76580 DEOPT PACKING pc=0x00007fe4351383f0 sp=0x00007fe419c0ef10
Event: 3,423 Thread 0x00007fe444e76580 DEOPT UNPACKING pc=0x00007fe42d652093 sp=0x00007fe419c0eea0 mode 2
Event: 3,423 Thread 0x00007fe444e76580 Uncommon trap: trap_request=0xffffff45 fr.pc=0x00007fe4351130fc relative=0x000000000000005c
Event: 3,423 Thread 0x00007fe444e76580 Uncommon trap: reason=unstable_if action=reinterpret pc=0x00007fe4351130fc method=java.lang.AbstractStringBuilder.isLatin1()Z @ 10 c2
Event: 3,423 Thread 0x00007fe444e76580 DEOPT PACKING pc=0x00007fe4351130fc sp=0x00007fe419c0eee0
Event: 3,424 Thread 0x00007fe444e76580 DEOPT UNPACKING pc=0x00007fe42d652093 sp=0x00007fe419c0ee90 mode 2

Classes loaded (20 events):
Event: 3,416 Loading class java/lang/reflect/ProxyGenerator$PrimitiveTypeInfo
Event: 3,417 Loading class sun/util/calendar/ZoneInfoFile$Checksum
Event: 3,417 Loading class java/lang/reflect/ProxyGenerator$PrimitiveTypeInfo done
Event: 3,417 Loading class jdk/internal/org/objectweb/asm/Edge
Event: 3,417 Loading class sun/util/calendar/ZoneInfoFile$Checksum done
Event: 3,417 Loading class jdk/internal/org/objectweb/asm/Edge done
Event: 3,421 Loading class sun/text/resources/cldr/FormatData_en
Event: 3,421 Loading class java/lang/reflect/Proxy$ProxyBuilder$1
Event: 3,421 Loading class java/lang/reflect/Proxy$ProxyBuilder$1 done
Event: 3,422 Loading class sun/text/resources/cldr/FormatData_en done
Event: 3,422 Loading class sun/text/resources/cldr/FormatData_en_US
Event: 3,422 Loading class sun/text/resources/cldr/FormatData_en_US done
Event: 3,424 Loading class java/lang/reflect/UndeclaredThrowableException
Event: 3,424 Loading class java/lang/reflect/UndeclaredThrowableException done
Event: 3,430 Loading class java/nio/channels/spi/AbstractSelector$1
Event: 3,430 Loading class sun/nio/ch/Interruptible
Event: 3,431 Loading class sun/nio/ch/Interruptible done
Event: 3,433 Loading class java/lang/Process
Event: 3,433 Loading class java/lang/Process done
Event: 3,435 Loading class java/nio/channels/spi/AbstractSelector$1 done

Classes unloaded (0 events):
No events

Classes redefined (0 events):
No events

Internal exceptions (20 events):
Event: 1,320 Thread 0x00007fe444025b50 Exception <a 'java/lang/NoSuchMethodError'{0x000000008f1e7f28}: 'java.lang.Object java.lang.invoke.DelegatingMethodHandle$Holder.reinvoke_L(java.lang.Object, int, java.lang.Object)'> (0x000000008f1e7f28) 
thrown [open/src/hotspot/share/interpreter/linkResolver.cpp, line 765]
Event: 1,869 Thread 0x00007fe444025b50 Exception <a 'java/lang/ClassNotFoundException'{0x000000008e777df8}: org/eclipse/jetty/alpn/ALPN> (0x000000008e777df8) 
thrown [open/src/hotspot/share/classfile/systemDictionary.cpp, line 255]
Event: 1,869 Thread 0x00007fe444025b50 Exception <a 'java/lang/ClassNotFoundException'{0x000000008e778410}: org/eclipse/jetty/npn/NextProtoNego> (0x000000008e778410) 
thrown [open/src/hotspot/share/classfile/systemDictionary.cpp, line 255]
Event: 2,336 Thread 0x00007fe444025b50 Exception <a 'java/lang/ClassNotFoundException'{0x000000008de9c8f0}: org/eclipse/jetty/alpn/ALPN> (0x000000008de9c8f0) 
thrown [open/src/hotspot/share/classfile/systemDictionary.cpp, line 255]
Event: 2,336 Thread 0x00007fe444025b50 Exception <a 'java/lang/ClassNotFoundException'{0x000000008de9ceb8}: org/eclipse/jetty/npn/NextProtoNego> (0x000000008de9ceb8) 
thrown [open/src/hotspot/share/classfile/systemDictionary.cpp, line 255]
Event: 2,336 Thread 0x00007fe444025b50 Exception <a 'java/lang/ClassNotFoundException'{0x000000008de9d478}: org/eclipse/jetty/alpn/ALPN> (0x000000008de9d478) 
thrown [open/src/hotspot/share/classfile/systemDictionary.cpp, line 255]
Event: 2,336 Thread 0x00007fe444025b50 Exception <a 'java/lang/ClassNotFoundException'{0x000000008de9da40}: org/eclipse/jetty/npn/NextProtoNego> (0x000000008de9da40) 
thrown [open/src/hotspot/share/classfile/systemDictionary.cpp, line 255]
Event: 2,651 Thread 0x00007fe444025b50 Exception <a 'java/lang/NoSuchMethodError'{0x000000008f03bd40}: 'void java.lang.invoke.DirectMethodHandle$Holder.invokeStatic(java.lang.Object, java.lang.Object, java.lang.Object)'> (0x000000008f03bd40) 
thrown [open/src/hotspot/share/interpreter/linkResolver.cpp, line 765]
Event: 2,664 Thread 0x00007fe444025b50 Exception <a 'java/lang/NoSuchMethodError'{0x000000008f05d558}: 'java.lang.Object java.lang.invoke.DirectMethodHandle$Holder.newInvokeSpecial(java.lang.Object, java.lang.Object, java.lang.Object, java.lang.Object, java.lang.Object, java.lang.Object, java.lang.Object, int)'> (0x000000008f05d558) 
thrown [open/src/hotspot/share/interpreter/linkResolver.cpp, line 765]
Event: 2,665 Thread 0x00007fe444025b50 Exception <a 'java/lang/NoSuchMethodError'{0x000000008f062ea0}: 'java.lang.Object java.lang.invoke.DirectMethodHandle$Holder.invokeSpecial(java.lang.Object, java.lang.Object, java.lang.Object, java.lang.Object, java.lang.Object, java.lang.Object, java.lang.Object, java.lang.Object, int)'> (0x000000008f062ea0) 
thrown [open/src/hotspot/share/interpreter/linkResolver.cpp, line 765]
Event: 2,667 Thread 0x00007fe444025b50 Implicit null exception at 0x00007fe435123ddb to 0x00007fe435124638
Event: 3,100 Thread 0x00007fe444025b50 Exception <a 'sun/nio/fs/UnixException'{0x000000008eaef680}> (0x000000008eaef680) 
thrown [open/src/hotspot/share/prims/jni.cpp, line 516]
Event: 3,100 Thread 0x00007fe444025b50 Exception <a 'sun/nio/fs/UnixException'{0x000000008eaefee0}> (0x000000008eaefee0) 
thrown [open/src/hotspot/share/prims/jni.cpp, line 516]
Event: 3,101 Thread 0x00007fe444025b50 Exception <a 'sun/nio/fs/UnixException'{0x000000008eaf30f8}> (0x000000008eaf30f8) 
thrown [open/src/hotspot/share/prims/jni.cpp, line 516]
Event: 3,101 Thread 0x00007fe444025b50 Exception <a 'sun/nio/fs/UnixException'{0x000000008eaf3860}> (0x000000008eaf3860) 
thrown [open/src/hotspot/share/prims/jni.cpp, line 516]
Event: 3,105 Thread 0x00007fe444025b50 Exception <a 'sun/nio/fs/UnixException'{0x000000008e912cf8}> (0x000000008e912cf8) 
thrown [open/src/hotspot/share/prims/jni.cpp, line 516]
Event: 3,106 Thread 0x00007fe444025b50 Exception <a 'sun/nio/fs/UnixException'{0x000000008e913460}> (0x000000008e913460) 
thrown [open/src/hotspot/share/prims/jni.cpp, line 516]
Event: 3,163 Thread 0x00007fe3c0063ae0 Exception <a 'java/lang/NoSuchMethodError'{0x000000008e857678}: 'void java.lang.invoke.DirectMethodHandle$Holder.invokeVirtual(java.lang.Object, java.lang.Object, long)'> (0x000000008e857678) 
thrown [open/src/hotspot/share/interpreter/linkResolver.cpp, line 765]
Event: 3,164 Thread 0x00007fe3c0063ae0 Exception <a 'java/lang/NoSuchMethodError'{0x000000008e85b2a0}: 'long java.lang.invoke.DirectMethodHandle$Holder.invokeStatic(java.lang.Object, java.lang.Object, int)'> (0x000000008e85b2a0) 
thrown [open/src/hotspot/share/interpreter/linkResolver.cpp, line 765]
Event: 3,173 Thread 0x00007fe3c0063ae0 Exception <a 'java/lang/NoSuchMethodError'{0x000000008e869800}: 'void java.lang.invoke.DelegatingMethodHandle$Holder.reinvoke_L(java.lang.Object, java.lang.Object, long)'> (0x000000008e869800) 
thrown [open/src/hotspot/share/interpreter/linkResolver.cpp, line 765]

VM Operations (20 events):
Event: 1,126 Executing VM operation: G1CollectForAllocation
Event: 1,138 Executing VM operation: G1CollectForAllocation done
Event: 1,785 Executing VM operation: HandshakeAllThreads
Event: 1,785 Executing VM operation: HandshakeAllThreads done
Event: 1,787 Executing VM operation: HandshakeAllThreads
Event: 1,787 Executing VM operation: HandshakeAllThreads done
Event: 2,001 Executing VM operation: HandshakeAllThreads
Event: 2,001 Executing VM operation: HandshakeAllThreads done
Event: 2,255 Executing VM operation: HandshakeAllThreads
Event: 2,255 Executing VM operation: HandshakeAllThreads done
Event: 2,255 Executing VM operation: Cleanup
Event: 2,255 Executing VM operation: Cleanup done
Event: 2,347 Executing VM operation: G1CollectForAllocation
Event: 2,367 Executing VM operation: G1CollectForAllocation done
Event: 2,964 Executing VM operation: HandshakeAllThreads
Event: 2,964 Executing VM operation: HandshakeAllThreads done
Event: 3,418 Executing VM operation: HandshakeAllThreads
Event: 3,418 Executing VM operation: HandshakeAllThreads done
Event: 3,418 Executing VM operation: Cleanup
Event: 3,418 Executing VM operation: Cleanup done

Events (20 events):
Event: 0,089 Protecting memory [0x00007fe428afe000,0x00007fe428b02000] with protection modes 0
Event: 0,093 Loaded shared library /usr/lib/jvm/jdk-18/lib/libnio.so
Event: 0,116 Loaded shared library /usr/lib/jvm/jdk-18/lib/libzip.so
Event: 0,169 Loaded shared library /usr/lib/jvm/jdk-18/lib/libjimage.so
Event: 0,480 Loaded shared library /usr/lib/jvm/jdk-18/lib/libnet.so
Event: 0,807 Loaded shared library /usr/lib/jvm/jdk-18/lib/libmanagement.so
Event: 0,819 Loaded shared library /usr/lib/jvm/jdk-18/lib/libmanagement_ext.so
Event: 1,061 Loaded shared library /tmp/libnetty_transport_native_epoll419944260870753081.so
Event: 3,072 Thread 0x00007fe444c69910 Thread added: 0x00007fe444c69910
Event: 3,072 Protecting memory [0x00007fe419d11000,0x00007fe419d15000] with protection modes 0
Event: 3,084 Thread 0x00007fe444c8d9b0 Thread added: 0x00007fe444c8d9b0
Event: 3,085 Protecting memory [0x00007fe419c11000,0x00007fe419c15000] with protection modes 0
Event: 3,133 Thread 0x00007fe3c0063ae0 Thread added: 0x00007fe3c0063ae0
Event: 3,133 Protecting memory [0x00007fe4280f8000,0x00007fe4280fc000] with protection modes 0
Event: 3,193 Thread 0x00007fe3c401ce10 Thread added: 0x00007fe3c401ce10
Event: 3,195 Protecting memory [0x00007fe419f00000,0x00007fe419f04000] with protection modes 0
Event: 3,409 Thread 0x00007fe444e76580 Thread added: 0x00007fe444e76580
Event: 3,409 Protecting memory [0x00007fe419b11000,0x00007fe419b15000] with protection modes 0
Event: 3,430 Thread 0x00007fe3c00eac80 Thread added: 0x00007fe3c00eac80
Event: 3,430 Protecting memory [0x00007fe419a11000,0x00007fe419a15000] with protection modes 0


Dynamic libraries:
87a00000-8f400000 rw-p 00000000 00:00 0 
8f400000-ffe00000 ---p 00000000 00:00 0 
ffe00000-ffe75000 rw-p 00c5f000 08:07 669110                             /usr/lib/jvm/jdk-18/lib/server/classes.jsa
ffe75000-fff00000 rw-p 00000000 00:00 0 
fff00000-fff76000 rw-p 00be9000 08:07 669110                             /usr/lib/jvm/jdk-18/lib/server/classes.jsa
fff76000-100000000 rw-p 00000000 00:00 0 
800000000-800449000 rw-p 00001000 08:07 669110                           /usr/lib/jvm/jdk-18/lib/server/classes.jsa
800449000-800bb1000 r--p 0044a000 08:07 669110                           /usr/lib/jvm/jdk-18/lib/server/classes.jsa
800bb1000-800c00000 ---p 00000000 00:00 0 
800c00000-800c40000 rw-p 00000000 00:00 0 
800c40000-800c80000 rw-p 00000000 00:00 0 
800c80000-800d40000 rw-p 00000000 00:00 0 
800d40000-800df0000 rw-p 00000000 00:00 0 
800df0000-800e00000 ---p 00000000 00:00 0 
800e00000-800e80000 rw-p 00000000 00:00 0 
800e80000-840c00000 ---p 00000000 00:00 0 
56401fe8e000-56401fe8f000 r-xp 00000000 08:07 669165                     /usr/lib/jvm/jdk-18/bin/java
56401fe90000-56401fe91000 r--p 00001000 08:07 669165                     /usr/lib/jvm/jdk-18/bin/java
56401fe91000-56401fe92000 rw-p 00002000 08:07 669165                     /usr/lib/jvm/jdk-18/bin/java
564021935000-56402197d000 rw-p 00000000 00:00 0                          [heap]
7fe3b0000000-7fe3b015c000 rw-p 00000000 00:00 0 
7fe3b015c000-7fe3b4000000 ---p 00000000 00:00 0 
7fe3b4000000-7fe3b4021000 rw-p 00000000 00:00 0 
7fe3b4021000-7fe3b8000000 ---p 00000000 00:00 0 
7fe3b8000000-7fe3b8021000 rw-p 00000000 00:00 0 
7fe3b8021000-7fe3bc000000 ---p 00000000 00:00 0 
7fe3bc000000-7fe3bc021000 rw-p 00000000 00:00 0 
7fe3bc021000-7fe3c0000000 ---p 00000000 00:00 0 
7fe3c0000000-7fe3c00f2000 rw-p 00000000 00:00 0 
7fe3c00f2000-7fe3c4000000 ---p 00000000 00:00 0 
7fe3c4000000-7fe3c4021000 rw-p 00000000 00:00 0 
7fe3c4021000-7fe3c8000000 ---p 00000000 00:00 0 
7fe3c8000000-7fe3c8021000 rw-p 00000000 00:00 0 
7fe3c8021000-7fe3cc000000 ---p 00000000 00:00 0 
7fe3cc000000-7fe3cc021000 rw-p 00000000 00:00 0 
7fe3cc021000-7fe3d0000000 ---p 00000000 00:00 0 
7fe3d0000000-7fe3d0021000 rw-p 00000000 00:00 0 
7fe3d0021000-7fe3d4000000 ---p 00000000 00:00 0 
7fe3d4000000-7fe3d4021000 rw-p 00000000 00:00 0 
7fe3d4021000-7fe3d8000000 ---p 00000000 00:00 0 
7fe3d8000000-7fe3d8021000 rw-p 00000000 00:00 0 
7fe3d8021000-7fe3dc000000 ---p 00000000 00:00 0 
7fe3dc000000-7fe3dc021000 rw-p 00000000 00:00 0 
7fe3dc021000-7fe3e0000000 ---p 00000000 00:00 0 
7fe3e0000000-7fe3e0021000 rw-p 00000000 00:00 0 
7fe3e0021000-7fe3e4000000 ---p 00000000 00:00 0 
7fe3e4000000-7fe3e4021000 rw-p 00000000 00:00 0 
7fe3e4021000-7fe3e8000000 ---p 00000000 00:00 0 
7fe3e8000000-7fe3e833d000 rw-p 00000000 00:00 0 
7fe3e833d000-7fe3ec000000 ---p 00000000 00:00 0 
7fe3ec000000-7fe3ec021000 rw-p 00000000 00:00 0 
7fe3ec021000-7fe3f0000000 ---p 00000000 00:00 0 
7fe3f0000000-7fe3f0021000 rw-p 00000000 00:00 0 
7fe3f0021000-7fe3f4000000 ---p 00000000 00:00 0 
7fe3f4000000-7fe3f4e83000 rw-p 00000000 00:00 0 
7fe3f4e83000-7fe3f8000000 ---p 00000000 00:00 0 
7fe3f8000000-7fe3f8021000 rw-p 00000000 00:00 0 
7fe3f8021000-7fe3fc000000 ---p 00000000 00:00 0 
7fe3fc000000-7fe3fc021000 rw-p 00000000 00:00 0 
7fe3fc021000-7fe400000000 ---p 00000000 00:00 0 
7fe400000000-7fe400021000 rw-p 00000000 00:00 0 
7fe400021000-7fe404000000 ---p 00000000 00:00 0 
7fe404000000-7fe404021000 rw-p 00000000 00:00 0 
7fe404021000-7fe408000000 ---p 00000000 00:00 0 
7fe408000000-7fe408021000 rw-p 00000000 00:00 0 
7fe408021000-7fe40c000000 ---p 00000000 00:00 0 
7fe40c000000-7fe40c021000 rw-p 00000000 00:00 0 
7fe40c021000-7fe410000000 ---p 00000000 00:00 0 
7fe410000000-7fe410400000 rw-p 00000000 00:00 0 
7fe410400000-7fe410b00000 rw-p 00000000 00:00 0 
7fe410b00000-7fe410d00000 rw-p 00000000 00:00 0 
7fe410d00000-7fe410e00000 rw-p 00000000 00:00 0 
7fe410e00000-7fe411180000 rw-p 00000000 00:00 0 
7fe411180000-7fe4111c0000 rw-p 00000000 00:00 0 
7fe4111c0000-7fe411200000 ---p 00000000 00:00 0 
7fe411200000-7fe411220000 rw-p 00000000 00:00 0 
7fe411220000-7fe414000000 ---p 00000000 00:00 0 
7fe414000000-7fe414021000 rw-p 00000000 00:00 0 
7fe414021000-7fe418000000 ---p 00000000 00:00 0 
7fe419693000-7fe419911000 rw-p 00000000 00:00 0 
7fe419911000-7fe419915000 ---p 00000000 00:00 0 
7fe419915000-7fe419a11000 rw-p 00000000 00:00 0 
7fe419a11000-7fe419a15000 ---p 00000000 00:00 0 
7fe419a15000-7fe419b11000 rw-p 00000000 00:00 0 
7fe419b11000-7fe419b15000 ---p 00000000 00:00 0 
7fe419b15000-7fe419c11000 rw-p 00000000 00:00 0 
7fe419c11000-7fe419c15000 ---p 00000000 00:00 0 
7fe419c15000-7fe419d11000 rw-p 00000000 00:00 0 
7fe419d11000-7fe419d15000 ---p 00000000 00:00 0 
7fe419d15000-7fe419e11000 rw-p 00000000 00:00 0 
7fe419f00000-7fe419f04000 ---p 00000000 00:00 0 
7fe419f04000-7fe41c000000 rw-p 00000000 00:00 0 
7fe41c000000-7fe41c021000 rw-p 00000000 00:00 0 
7fe41c021000-7fe420000000 ---p 00000000 00:00 0 
7fe420000000-7fe420021000 rw-p 00000000 00:00 0 
7fe420021000-7fe424000000 ---p 00000000 00:00 0 
7fe424000000-7fe424021000 rw-p 00000000 00:00 0 
7fe424021000-7fe428000000 ---p 00000000 00:00 0 
7fe4280f8000-7fe4280fc000 ---p 00000000 00:00 0 
7fe4280fc000-7fe4281f8000 rw-p 00000000 00:00 0 
7fe4281f8000-7fe4281f9000 ---p 00000000 00:00 0 
7fe4281f9000-7fe4282fa000 rw-p 00000000 00:00 0 
7fe4282fa000-7fe4282fb000 ---p 00000000 00:00 0 
7fe4282fb000-7fe4283fc000 rw-p 00000000 00:00 0 
7fe4283fc000-7fe4283fd000 ---p 00000000 00:00 0 
7fe4283fd000-7fe4284fe000 rw-p 00000000 00:00 0 
7fe4284fe000-7fe4284ff000 ---p 00000000 00:00 0 
7fe4284ff000-7fe428600000 rw-p 00000000 00:00 0 
7fe428600000-7fe428610000 r-xp 00000000 08:07 1705780                    /tmp/libnetty_transport_native_epoll419944260870753081.so (deleted)
7fe428610000-7fe42880f000 ---p 00010000 08:07 1705780                    /tmp/libnetty_transport_native_epoll419944260870753081.so (deleted)
7fe42880f000-7fe428811000 r--p 0000f000 08:07 1705780                    /tmp/libnetty_transport_native_epoll419944260870753081.so (deleted)
7fe428811000-7fe428a10000 ---p 00211000 08:07 1705780                    /tmp/libnetty_transport_native_epoll419944260870753081.so (deleted)
7fe428a10000-7fe428a11000 rw-p 00010000 08:07 1705780                    /tmp/libnetty_transport_native_epoll419944260870753081.so (deleted)
7fe428a11000-7fe428a12000 rw-p 00000000 00:00 0 
7fe428afe000-7fe428b02000 ---p 00000000 00:00 0 
7fe428b02000-7fe428bfe000 rw-p 00000000 00:00 0 
7fe428bfe000-7fe428bff000 ---p 00000000 00:00 0 
7fe428bff000-7fe428d00000 rw-p 00000000 00:00 0 
7fe428d00000-7fe428d04000 ---p 00000000 00:00 0 
7fe428d04000-7fe428e00000 rw-p 00000000 00:00 0 
7fe428e00000-7fe428e04000 ---p 00000000 00:00 0 
7fe428e04000-7fe428f00000 rw-p 00000000 00:00 0 
7fe428f00000-7fe428f04000 ---p 00000000 00:00 0 
7fe428f04000-7fe429000000 rw-p 00000000 00:00 0 
7fe429000000-7fe429004000 ---p 00000000 00:00 0 
7fe429004000-7fe429100000 rw-p 00000000 00:00 0 
7fe429100000-7fe429104000 ---p 00000000 00:00 0 
7fe429104000-7fe429200000 rw-p 00000000 00:00 0 
7fe429200000-7fe429204000 ---p 00000000 00:00 0 
7fe429204000-7fe429300000 rw-p 00000000 00:00 0 
7fe429300000-7fe429304000 ---p 00000000 00:00 0 
7fe429304000-7fe429400000 rw-p 00000000 00:00 0 
7fe429400000-7fe429974000 r--p 00000000 08:07 656479                     /usr/lib/locale/locale-archive
7fe4299d0000-7fe429bb8000 rw-p 00000000 00:00 0 
7fe429bb8000-7fe42b7e0000 ---p 00000000 00:00 0 
7fe42b7e0000-7fe42b9d0000 rw-p 00000000 00:00 0 
7fe42b9d0000-7fe42d5f8000 ---p 00000000 00:00 0 
7fe42d5f8000-7fe42d600000 rw-p 00000000 00:00 0 
7fe42d600000-7fe42d870000 rwxp 00000000 00:00 0 
7fe42d870000-7fe42db91000 ---p 00000000 00:00 0 
7fe42db91000-7fe42de51000 rwxp 00000000 00:00 0 
7fe42de51000-7fe4350c8000 ---p 00000000 00:00 0 
7fe4350c8000-7fe435338000 rwxp 00000000 00:00 0 
7fe435338000-7fe43c600000 ---p 00000000 00:00 0 
7fe43c600000-7fe443fe7000 r--s 00000000 08:07 669101                     /usr/lib/jvm/jdk-18/lib/modules
7fe444000000-7fe444e8f000 rw-p 00000000 00:00 0 
7fe444e8f000-7fe448000000 ---p 00000000 00:00 0 
7fe448068000-7fe44806f000 r--s 00000000 08:07 1184151                    /usr/lib/x86_64-linux-gnu/gconv/gconv-modules.cache
7fe44806f000-7fe4480a0000 rw-p 00000000 00:00 0 
7fe4480a0000-7fe4480a4000 ---p 00000000 00:00 0 
7fe4480a4000-7fe4481a0000 rw-p 00000000 00:00 0 
7fe4481a0000-7fe4481a4000 ---p 00000000 00:00 0 
7fe4481a4000-7fe4482a0000 rw-p 00000000 00:00 0 
7fe4482a0000-7fe4482a1000 ---p 00000000 00:00 0 
7fe4482a1000-7fe4483a2000 rw-p 00000000 00:00 0 
7fe4483a2000-7fe448470000 r-xp 00000000 08:07 669104                     /usr/lib/jvm/jdk-18/lib/libjsvml.so
7fe448470000-7fe448471000 r--p 000cd000 08:07 669104                     /usr/lib/jvm/jdk-18/lib/libjsvml.so
7fe448471000-7fe448472000 rw-p 000ce000 08:07 669104                     /usr/lib/jvm/jdk-18/lib/libjsvml.so
7fe448472000-7fe44858f000 rw-p 00000000 00:00 0 
7fe44858f000-7fe448590000 ---p 00000000 00:00 0 
7fe448590000-7fe448691000 rw-p 00000000 00:00 0 
7fe448691000-7fe448692000 ---p 00000000 00:00 0 
7fe448692000-7fe448b97000 rw-p 00000000 00:00 0 
7fe448b97000-7fe448b98000 ---p 00000000 00:00 0 
7fe448b98000-7fe448c99000 rw-p 00000000 00:00 0 
7fe448c99000-7fe448c9a000 ---p 00000000 00:00 0 
7fe448c9a000-7fe448d9b000 rw-p 00000000 00:00 0 
7fe448d9b000-7fe448d9c000 ---p 00000000 00:00 0 
7fe448d9c000-7fe448f1a000 rw-p 00000000 00:00 0 
7fe448f1a000-7fe44929f000 ---p 00000000 00:00 0 
7fe44929f000-7fe4492dd000 rw-p 00000000 00:00 0 
7fe4492dd000-7fe449662000 ---p 00000000 00:00 0 
7fe449662000-7fe4496a0000 rw-p 00000000 00:00 0 
7fe4496a0000-7fe449a25000 ---p 00000000 00:00 0 
7fe449a25000-7fe449e2f000 rw-p 00000000 00:00 0 
7fe449e2f000-7fe449f15000 ---p 00000000 00:00 0 
7fe449f15000-7fe449f1b000 rw-p 00000000 00:00 0 
7fe449f1b000-7fe44a000000 ---p 00000000 00:00 0 
7fe44a000000-7fe44b145000 r-xp 00000000 08:07 669108                     /usr/lib/jvm/jdk-18/lib/server/libjvm.so
7fe44b145000-7fe44b146000 ---p 01145000 08:07 669108                     /usr/lib/jvm/jdk-18/lib/server/libjvm.so
7fe44b146000-7fe44b204000 r--p 01145000 08:07 669108                     /usr/lib/jvm/jdk-18/lib/server/libjvm.so
7fe44b204000-7fe44b237000 rw-p 01203000 08:07 669108                     /usr/lib/jvm/jdk-18/lib/server/libjvm.so
7fe44b237000-7fe44b292000 rw-p 00000000 00:00 0 
7fe44b297000-7fe44b29d000 r-xp 00000000 08:07 669120                     /usr/lib/jvm/jdk-18/lib/libmanagement_ext.so
7fe44b29d000-7fe44b29e000 r--p 00005000 08:07 669120                     /usr/lib/jvm/jdk-18/lib/libmanagement_ext.so
7fe44b29e000-7fe44b29f000 rw-p 00006000 08:07 669120                     /usr/lib/jvm/jdk-18/lib/libmanagement_ext.so
7fe44b29f000-7fe44b2a6000 r-xp 00000000 08:07 669136                     /usr/lib/jvm/jdk-18/lib/libzip.so
7fe44b2a6000-7fe44b2a7000 ---p 00007000 08:07 669136                     /usr/lib/jvm/jdk-18/lib/libzip.so
7fe44b2a7000-7fe44b2a8000 r--p 00007000 08:07 669136                     /usr/lib/jvm/jdk-18/lib/libzip.so
7fe44b2a8000-7fe44b2a9000 rw-p 00008000 08:07 669136                     /usr/lib/jvm/jdk-18/lib/libzip.so
7fe44b2a9000-7fe44b2b7000 r-xp 00000000 08:07 669093                     /usr/lib/jvm/jdk-18/lib/libnet.so
7fe44b2b7000-7fe44b2b8000 r--p 0000d000 08:07 669093                     /usr/lib/jvm/jdk-18/lib/libnet.so
7fe44b2b8000-7fe44b2b9000 rw-p 0000e000 08:07 669093                     /usr/lib/jvm/jdk-18/lib/libnet.so
7fe44b2b9000-7fe44b2dd000 r-xp 00000000 08:07 669137                     /usr/lib/jvm/jdk-18/lib/libjava.so
7fe44b2dd000-7fe44b2de000 ---p 00024000 08:07 669137                     /usr/lib/jvm/jdk-18/lib/libjava.so
7fe44b2de000-7fe44b2df000 r--p 00024000 08:07 669137                     /usr/lib/jvm/jdk-18/lib/libjava.so
7fe44b2df000-7fe44b2e0000 rw-p 00025000 08:07 669137                     /usr/lib/jvm/jdk-18/lib/libjava.so
7fe44b2e0000-7fe44b2e1000 rw-p 00000000 00:00 0 
7fe44b2e1000-7fe44b2fc000 r-xp 00000000 08:07 669100                     /usr/lib/jvm/jdk-18/lib/libjimage.so
7fe44b2fc000-7fe44b2fd000 ---p 0001b000 08:07 669100                     /usr/lib/jvm/jdk-18/lib/libjimage.so
7fe44b2fd000-7fe44b2ff000 r--p 0001b000 08:07 669100                     /usr/lib/jvm/jdk-18/lib/libjimage.so
7fe44b2ff000-7fe44b300000 rw-p 0001d000 08:07 669100                     /usr/lib/jvm/jdk-18/lib/libjimage.so
7fe44b300000-7fe44b304000 ---p 00000000 00:00 0 
7fe44b304000-7fe44b400000 rw-p 00000000 00:00 0 
7fe44b400000-7fe44b428000 r--p 00000000 08:07 657505                     /usr/lib/x86_64-linux-gnu/libc.so.6
7fe44b428000-7fe44b5bd000 r-xp 00028000 08:07 657505                     /usr/lib/x86_64-linux-gnu/libc.so.6
7fe44b5bd000-7fe44b615000 r--p 001bd000 08:07 657505                     /usr/lib/x86_64-linux-gnu/libc.so.6
7fe44b615000-7fe44b619000 r--p 00214000 08:07 657505                     /usr/lib/x86_64-linux-gnu/libc.so.6
7fe44b619000-7fe44b61b000 rw-p 00218000 08:07 657505                     /usr/lib/x86_64-linux-gnu/libc.so.6
7fe44b61b000-7fe44b628000 rw-p 00000000 00:00 0 
7fe44b629000-7fe44b62d000 r-xp 00000000 08:07 669102                     /usr/lib/jvm/jdk-18/lib/libmanagement.so
7fe44b62d000-7fe44b62e000 r--p 00003000 08:07 669102                     /usr/lib/jvm/jdk-18/lib/libmanagement.so
7fe44b62e000-7fe44b62f000 rw-p 00004000 08:07 669102                     /usr/lib/jvm/jdk-18/lib/libmanagement.so
7fe44b62f000-7fe44b642000 r-xp 00000000 08:07 669130                     /usr/lib/jvm/jdk-18/lib/libnio.so
7fe44b642000-7fe44b643000 r--p 00012000 08:07 669130                     /usr/lib/jvm/jdk-18/lib/libnio.so
7fe44b643000-7fe44b644000 rw-p 00013000 08:07 669130                     /usr/lib/jvm/jdk-18/lib/libnio.so
7fe44b644000-7fe44b652000 r--p 00000000 08:07 657513                     /usr/lib/x86_64-linux-gnu/libm.so.6
7fe44b652000-7fe44b6ce000 r-xp 0000e000 08:07 657513                     /usr/lib/x86_64-linux-gnu/libm.so.6
7fe44b6ce000-7fe44b729000 r--p 0008a000 08:07 657513                     /usr/lib/x86_64-linux-gnu/libm.so.6
7fe44b729000-7fe44b72a000 r--p 000e4000 08:07 657513                     /usr/lib/x86_64-linux-gnu/libm.so.6
7fe44b72a000-7fe44b72b000 rw-p 000e5000 08:07 657513                     /usr/lib/x86_64-linux-gnu/libm.so.6
7fe44b72b000-7fe44b72c000 r--p 00000000 08:07 657545                     /usr/lib/x86_64-linux-gnu/librt.so.1
7fe44b72c000-7fe44b72d000 r-xp 00001000 08:07 657545                     /usr/lib/x86_64-linux-gnu/librt.so.1
7fe44b72d000-7fe44b72e000 r--p 00002000 08:07 657545                     /usr/lib/x86_64-linux-gnu/librt.so.1
7fe44b72e000-7fe44b72f000 r--p 00002000 08:07 657545                     /usr/lib/x86_64-linux-gnu/librt.so.1
7fe44b72f000-7fe44b730000 rw-p 00003000 08:07 657545                     /usr/lib/x86_64-linux-gnu/librt.so.1
7fe44b730000-7fe44b734000 rw-p 00000000 00:00 0 
7fe44b734000-7fe44b735000 r--p 00000000 08:07 657509                     /usr/lib/x86_64-linux-gnu/libdl.so.2
7fe44b735000-7fe44b736000 r-xp 00001000 08:07 657509                     /usr/lib/x86_64-linux-gnu/libdl.so.2
7fe44b736000-7fe44b737000 r--p 00002000 08:07 657509                     /usr/lib/x86_64-linux-gnu/libdl.so.2
7fe44b737000-7fe44b738000 r--p 00002000 08:07 657509                     /usr/lib/x86_64-linux-gnu/libdl.so.2
7fe44b738000-7fe44b739000 rw-p 00003000 08:07 657509                     /usr/lib/x86_64-linux-gnu/libdl.so.2
7fe44b739000-7fe44b73a000 r--p 00000000 08:07 657540                     /usr/lib/x86_64-linux-gnu/libpthread.so.0
7fe44b73a000-7fe44b73b000 r-xp 00001000 08:07 657540                     /usr/lib/x86_64-linux-gnu/libpthread.so.0
7fe44b73b000-7fe44b73c000 r--p 00002000 08:07 657540                     /usr/lib/x86_64-linux-gnu/libpthread.so.0
7fe44b73c000-7fe44b73d000 r--p 00002000 08:07 657540                     /usr/lib/x86_64-linux-gnu/libpthread.so.0
7fe44b73d000-7fe44b73e000 rw-p 00003000 08:07 657540                     /usr/lib/x86_64-linux-gnu/libpthread.so.0
7fe44b73e000-7fe44b74c000 r-xp 00000000 08:07 669096                     /usr/lib/jvm/jdk-18/lib/libjli.so
7fe44b74c000-7fe44b74d000 ---p 0000e000 08:07 669096                     /usr/lib/jvm/jdk-18/lib/libjli.so
7fe44b74d000-7fe44b74e000 r--p 0000e000 08:07 669096                     /usr/lib/jvm/jdk-18/lib/libjli.so
7fe44b74e000-7fe44b74f000 rw-p 0000f000 08:07 669096                     /usr/lib/jvm/jdk-18/lib/libjli.so
7fe44b74f000-7fe44b751000 r--p 00000000 08:07 656779                     /usr/lib/x86_64-linux-gnu/libz.so.1.2.11
7fe44b751000-7fe44b762000 r-xp 00002000 08:07 656779                     /usr/lib/x86_64-linux-gnu/libz.so.1.2.11
7fe44b762000-7fe44b768000 r--p 00013000 08:07 656779                     /usr/lib/x86_64-linux-gnu/libz.so.1.2.11
7fe44b768000-7fe44b769000 ---p 00019000 08:07 656779                     /usr/lib/x86_64-linux-gnu/libz.so.1.2.11
7fe44b769000-7fe44b76a000 r--p 00019000 08:07 656779                     /usr/lib/x86_64-linux-gnu/libz.so.1.2.11
7fe44b76a000-7fe44b76b000 rw-p 0001a000 08:07 656779                     /usr/lib/x86_64-linux-gnu/libz.so.1.2.11
7fe44b770000-7fe44b775000 rw-p 00000000 00:00 0 
7fe44b775000-7fe44b77c000 ---p 00000000 00:00 0 
7fe44b77c000-7fe44b784000 rw-s 00000000 08:07 1705750                    /tmp/hsperfdata_sheriff/73317
7fe44b784000-7fe44b785000 ---p 00000000 00:00 0 
7fe44b785000-7fe44b786000 r--p 00000000 00:00 0 
7fe44b786000-7fe44b788000 rw-p 00000000 00:00 0 
7fe44b788000-7fe44b78a000 r--p 00000000 08:07 657497                     /usr/lib/x86_64-linux-gnu/ld-linux-x86-64.so.2
7fe44b78a000-7fe44b7b4000 r-xp 00002000 08:07 657497                     /usr/lib/x86_64-linux-gnu/ld-linux-x86-64.so.2
7fe44b7b4000-7fe44b7bf000 r--p 0002c000 08:07 657497                     /usr/lib/x86_64-linux-gnu/ld-linux-x86-64.so.2
7fe44b7bf000-7fe44b7c0000 ---p 00000000 00:00 0 
7fe44b7c0000-7fe44b7c2000 r--p 00037000 08:07 657497                     /usr/lib/x86_64-linux-gnu/ld-linux-x86-64.so.2
7fe44b7c2000-7fe44b7c4000 rw-p 00039000 08:07 657497                     /usr/lib/x86_64-linux-gnu/ld-linux-x86-64.so.2
7ffde8fc7000-7ffde8fe8000 rw-p 00000000 00:00 0                          [stack]
7ffde8ff2000-7ffde8ff6000 r--p 00000000 00:00 0                          [vvar]
7ffde8ff6000-7ffde8ff8000 r-xp 00000000 00:00 0                          [vdso]
ffffffffff600000-ffffffffff601000 --xp 00000000 00:00 0                  [vsyscall]


VM Arguments:
jvm_args: -Djava.awt.headless=true -Djava.util.logging.config.file=/home/sheriff/.android/utp/logging14845502790308342142properties -Dfile.encoding=UTF-8 -Duser.country=US -Duser.language=en -Duser.variant 
java_command: com.google.testing.platform.launcher.Launcher /home/sheriff/.gradle/caches/modules-2/files-2.1/com.google.testing.platform/core/0.0.8-alpha07/185ff5f0c2380a7a283320bc5ec9130dbcbbb030/core-0.0.8-alpha07.jar --proto_config=/home/sheriff/.android/utp/runnerConfig9320812144934538457.pb --proto_server_config=/home/sheriff/.android/utp/serverConfig15289330036226353155.pb
java_class_path (initial): /home/sheriff/.gradle/caches/modules-2/files-2.1/com.google.testing.platform/launcher/0.0.8-alpha07/47d15094202612b26f5a07fbfbe17ff8900a58c4/launcher-0.0.8-alpha07.jar
Launcher Type: SUN_STANDARD

[Global flags]
     intx CICompilerCount                          = 3                                         {product} {ergonomic}
     uint ConcGCThreads                            = 1                                         {product} {ergonomic}
     uint G1ConcRefinementThreads                  = 4                                         {product} {ergonomic}
   size_t G1HeapRegionSize                         = 1048576                                   {product} {ergonomic}
    uintx GCDrainStackTargetSize                   = 64                                        {product} {ergonomic}
   size_t InitialHeapSize                          = 127926272                                 {product} {ergonomic}
   size_t MarkStackSize                            = 4194304                                   {product} {ergonomic}
   size_t MaxHeapSize                              = 2019557376                                {product} {ergonomic}
   size_t MaxNewSize                               = 1211105280                                {product} {ergonomic}
   size_t MinHeapDeltaBytes                        = 1048576                                   {product} {ergonomic}
   size_t MinHeapSize                              = 8388608                                   {product} {ergonomic}
    uintx NonNMethodCodeHeapSize                   = 5832780                                {pd product} {ergonomic}
    uintx NonProfiledCodeHeapSize                  = 122912730                              {pd product} {ergonomic}
    uintx ProfiledCodeHeapSize                     = 122912730                              {pd product} {ergonomic}
    uintx ReservedCodeCacheSize                    = 251658240                              {pd product} {ergonomic}
     bool SegmentedCodeCache                       = true                                      {product} {ergonomic}
   size_t SoftMaxHeapSize                          = 2019557376                             {manageable} {ergonomic}
     bool UseCompressedClassPointers               = true                           {product lp64_product} {ergonomic}
     bool UseCompressedOops                        = true                           {product lp64_product} {ergonomic}
     bool UseG1GC                                  = true                                      {product} {ergonomic}

Logging:
Log output configuration:
 #0: stdout all=warning uptime,level,tags foldmultilines=false
 #1: stderr all=off uptime,level,tags foldmultilines=false

Environment Variables:
JAVA_HOME=/usr/lib/jvm/jdk-17
PATH=/usr/local/sbin:/usr/local/bin:/usr/sbin:/usr/bin:/sbin:/bin:/usr/games:/usr/local/games:/snap/bin:/snap/bin:/home/sheriff/Android/Sdk/emulator:/home/sheriff/Android/Sdk/platform-tools:/home/sheriff/Android/Sdk/tools:/home/sheriff/Android/Sdk/tools/bin:/snap/android-studio/current/android-studio/bin:/usr/lib/jvm/jdk-17/bin:/usr/lib/jvm/jdk-17/db/bin
USERNAME=sheriff
SHELL=/bin/bash
DISPLAY=:0
LANG=en_US.UTF-8

Signal Handlers:
   SIGSEGV: crash_handler in libjvm.so, mask=11100100010111111101111111111110, flags=SA_RESTART|SA_SIGINFO
    SIGBUS: crash_handler in libjvm.so, mask=11100100010111111101111111111110, flags=SA_RESTART|SA_SIGINFO
    SIGFPE: crash_handler in libjvm.so, mask=11100100010111111101111111111110, flags=SA_RESTART|SA_SIGINFO
   SIGPIPE: javaSignalHandler in libjvm.so, mask=11100100010111111101111111111110, flags=SA_RESTART|SA_SIGINFO
   SIGXFSZ: javaSignalHandler in libjvm.so, mask=11100100010111111101111111111110, flags=SA_RESTART|SA_SIGINFO
    SIGILL: crash_handler in libjvm.so, mask=11100100010111111101111111111110, flags=SA_RESTART|SA_SIGINFO
   SIGUSR2: SR_handler in libjvm.so, mask=00100000000000000000000000000000, flags=SA_RESTART|SA_SIGINFO
    SIGHUP: UserHandler in libjvm.so, mask=11100100010111111101111111111110, flags=SA_RESTART|SA_SIGINFO
    SIGINT: UserHandler in libjvm.so, mask=11100100010111111101111111111110, flags=SA_RESTART|SA_SIGINFO
   SIGTERM: UserHandler in libjvm.so, mask=11100100010111111101111111111110, flags=SA_RESTART|SA_SIGINFO
   SIGQUIT: UserHandler in libjvm.so, mask=11100100010111111101111111111110, flags=SA_RESTART|SA_SIGINFO
   SIGTRAP: crash_handler in libjvm.so, mask=11100100010111111101111111111110, flags=SA_RESTART|SA_SIGINFO


---------------  S Y S T E M  ---------------

OS:
DISTRIB_ID=Ubuntu
DISTRIB_RELEASE=22.04
DISTRIB_CODENAME=jammy
DISTRIB_DESCRIPTION="Ubuntu 22.04.1 LTS"
uname: Linux 5.19.0-32-generic #33~22.04.1-Ubuntu SMP PREEMPT_DYNAMIC Mon Jan 30 17:03:34 UTC 2 x86_64
OS uptime: 0 days 2:42 hours
libc: glibc 2.35 NPTL 2.35 
rlimit (soft/hard): STACK 8192k/infinity , CORE 0k/infinity , NPROC 30199/30199 , NOFILE 1048576/1048576 , AS infinity/infinity , CPU infinity/infinity , DATA infinity/infinity , FSIZE infinity/infinity , MEMLOCK 985140k/985140k
load average: 1,74 0,75 0,61

/proc/meminfo:
MemTotal:        7881120 kB
MemFree:          206988 kB
MemAvailable:     919040 kB
Buffers:           93868 kB
Cached:           814088 kB
SwapCached:       310140 kB
Active:          1653612 kB
Inactive:        5328868 kB
Active(anon):    1223744 kB
Inactive(anon):  4897188 kB
Active(file):     429868 kB
Inactive(file):   431680 kB
Unevictable:           0 kB
Mlocked:               0 kB
SwapTotal:      15728636 kB
SwapFree:       14555388 kB
Zswap:                 0 kB
Zswapped:              0 kB
Dirty:              1500 kB
Writeback:             0 kB
AnonPages:       5964364 kB
Mapped:           394000 kB
Shmem:             46212 kB
KReclaimable:     142472 kB
Slab:             335484 kB
SReclaimable:     142472 kB
SUnreclaim:       193012 kB
KernelStack:       22032 kB
PageTables:        50276 kB
NFS_Unstable:          0 kB
Bounce:                0 kB
WritebackTmp:          0 kB
CommitLimit:    19669196 kB
Committed_AS:   12448636 kB
VmallocTotal:   34359738367 kB
VmallocUsed:       77100 kB
VmallocChunk:          0 kB
Percpu:             4608 kB
HardwareCorrupted:     0 kB
AnonHugePages:         0 kB
ShmemHugePages:        0 kB
ShmemPmdMapped:        0 kB
FileHugePages:         0 kB
FilePmdMapped:         0 kB
HugePages_Total:       0
HugePages_Free:        0
HugePages_Rsvd:        0
HugePages_Surp:        0
Hugepagesize:       2048 kB
Hugetlb:               0 kB
DirectMap4k:      348728 kB
DirectMap2M:     5679104 kB
DirectMap1G:     4194304 kB

/sys/kernel/mm/transparent_hugepage/enabled: always [madvise] never
/sys/kernel/mm/transparent_hugepage/defrag (defrag/compaction efforts parameter): always defer defer+madvise [madvise] never

Process Memory:
Virtual Size: 5619752K (peak: 5685288K)
Resident Set Size: 127436K (peak: 127436K) (anon: 99920K, file: 27516K, shmem: 0K)
Swapped out: 0K
C-Heap outstanding allocations: 33345K

/proc/sys/kernel/threads-max (system-wide limit on the number of threads): 60398
/proc/sys/vm/max_map_count (maximum number of memory map areas a process may have): 65530
/proc/sys/kernel/pid_max (system-wide limit on number of process identifiers): 4194304

container (cgroup) information:
container_type: cgroupv2
cpu_cpuset_cpus: not supported
cpu_memory_nodes: not supported
active_processor_count: 4
cpu_quota: not supported
cpu_period: not supported
cpu_shares: not supported
memory_limit_in_bytes: unlimited
memory_and_swap_limit_in_bytes: unlimited
memory_soft_limit_in_bytes: unlimited
memory_usage_in_bytes: 2943221760
memory_max_usage_in_bytes: not supported
maximum number of tasks: 9059
current number of tasks: 293

Steal ticks since vm start: 0
Steal ticks percentage since vm start:  0,000

CPU: total 4 (initial active 4) (4 cores per cpu, 1 threads per core) family 16 model 5 stepping 3 microcode 0x10000c8, cx8, cmov, fxsr, mmx, 3dnowpref, sse, sse2, sse3, sse4a, popcnt, lzcnt, tsc, tscinvbit, clflush
CPU Model and flags from /proc/cpuinfo:
model name	: AMD Phenom(tm) II N970 Quad-Core Processor
flags		: fpu vme de pse tsc msr pae mce cx8 apic sep mtrr pge mca cmov pat pse36 clflush mmx fxsr sse sse2 ht syscall nx mmxext fxsr_opt pdpe1gb rdtscp lm 3dnowext 3dnow constant_tsc rep_good nopl nonstop_tsc cpuid extd_apicid pni monitor cx16 popcnt lahf_lm cmp_legacy svm extapic cr8_legacy abm sse4a misalignsse 3dnowprefetch osvw ibs skinit wdt nodeid_msr hw_pstate vmmcall npt lbrv svm_lock nrip_save

Online cpus: 0-3
Offline cpus: 
BIOS frequency limitation: 2200000
Frequency switch latency (ns): 4000
Available cpu frequencies: 2200000 1900000 1600000 1300000 800000 
Current governor: schedutil
Core performance/turbo boost: <Not Available>

Memory: 4k page, physical 7881120k(206988k free), swap 15728636k(14555388k free)
Page Sizes: 4k

vm_info: Java HotSpot(TM) 64-Bit Server VM (18.0.1.1+2-6) for linux-amd64 JRE (18.0.1.1+2-6), built on Apr 25 2022 20:45:15 by "mach5one" with gcc 10.3.0

END.
